#
# A fatal error has been detected by the Java Runtime Environment:
#
#  SIGSEGV (0xb) at pc=0x00000001101199c0, pid=33287, tid=259
#
# JRE version: Java(TM) SE Runtime Environment (17.0.2+8) (build 17.0.2+8-LTS-86)
# Java VM: Java HotSpot(TM) 64-Bit Server VM (17.0.2+8-LTS-86, mixed mode, sharing, tiered, compressed oops, compressed class ptrs, g1 gc, bsd-amd64)
# Problematic frame:
# V  [libjvm.dylib+0x9ae9c0]  _ZN16SystemDictionary30resolve_instance_class_or_nullEP6Symbol6HandleS2_P10JavaThread+0x170
#
# No core dump will be written. Core dumps have been disabled. To enable core dumping, try "ulimit -c unlimited" before starting Java again
#
# If you would like to submit a bug report, please visit:
#   https://bugreport.java.com/bugreport/crash.jsp
# The crash happened outside the Java Virtual Machine in native code.
# See problematic frame for where to report the bug.
#

---------------  S U M M A R Y ------------

Command Line: -XX:+ShowCodeDetailsInExceptionMessages --module-path=/Users/felix/Hauptordner/Universität/A1S2/1PP/Project/course-project-by-lucas-felix/target/classes:/Users/felix/.m2/repository/org/openjfx/javafx-controls/17.0.1/javafx-controls-17.0.1-mac.jar:/Users/felix/.m2/repository/org/openjfx/javafx-graphics/17.0.1/javafx-graphics-17.0.1-mac.jar:/Users/felix/.m2/repository/org/openjfx/javafx-base/17.0.1/javafx-base-17.0.1-mac.jar:/Users/felix/.m2/repository/org/openjfx/javafx-fxml/17.0.1/javafx-fxml-17.0.1-mac.jar -Djdk.module.main=projectgrouplf.projectlf projectgrouplf.projectlf/projectgrouplf.projectlf.Launcher

Host: "MacBookPro12,1" x86_64 2700 MHz, 4 cores, 8G, Darwin 21.4.0, macOS 12.3.1 (21E258)
Time: Tue May 24 15:35:24 2022 CEST elapsed time: 4.972851 seconds (0d 0h 0m 4s)

---------------  T H R E A D  ---------------

Current thread (0x00007f8a7f40c600):  JavaThread "JavaFX Application Thread" [_thread_in_native, id=259, stack(0x00007ff7b10e7000,0x00007ff7b18e7000)]

Stack: [0x00007ff7b10e7000,0x00007ff7b18e7000],  sp=0x00007ff7b18e20b0,  free space=8172k
Native frames: (J=compiled Java code, j=interpreted, Vv=VM code, C=native code)
V  [libjvm.dylib+0x9ae9c0]  _ZN16SystemDictionary30resolve_instance_class_or_nullEP6Symbol6HandleS2_P10JavaThread+0x170
V  [libjvm.dylib+0x9ae324]  _ZN16SystemDictionary15resolve_or_failEP6Symbol6HandleS2_bP10JavaThread+0x64
V  [libjvm.dylib+0x33f7b7]  _ZN12ConstantPool13klass_at_implERK18constantPoolHandleiP10JavaThread+0x1a7
V  [libjvm.dylib+0x4fbd32]  _ZN18InterpreterRuntime13quicken_io_ccEP10JavaThread+0x122
j  com.sun.javafx.scene.control.behavior.ButtonBehavior$$Lambda$219+0x0000000800d5a248.handle(Ljavafx/event/Event;)V+5 javafx.controls
j  com.sun.javafx.scene.control.inputmap.InputMap.handle(Ljavafx/event/Event;)V+61 javafx.controls
j  com.sun.javafx.scene.control.inputmap.InputMap$$Lambda$212+0x0000000800d590f8.handle(Ljavafx/event/Event;)V+5 javafx.controls
j  com.sun.javafx.event.CompositeEventHandler$NormalEventHandlerRecord.handleBubblingEvent(Ljavafx/event/Event;)V+5 javafx.base
j  com.sun.javafx.event.CompositeEventHandler.dispatchBubblingEvent(Ljavafx/event/Event;)V+28 javafx.base
J 1343 c1 com.sun.javafx.event.EventHandlerManager.dispatchBubblingEvent(Ljavafx/event/EventType;Ljavafx/event/Event;)Ljavafx/event/Event; javafx.base (41 bytes) @ 0x000000011a28bccc [0x000000011a28bb60+0x000000000000016c]
j  com.sun.javafx.event.EventHandlerManager.dispatchBubblingEvent(Ljavafx/event/Event;)Ljavafx/event/Event;+8 javafx.base
j  com.sun.javafx.event.CompositeEventDispatcher.dispatchBubblingEvent(Ljavafx/event/Event;)Ljavafx/event/Event;+11 javafx.base
J 1467 c1 com.sun.javafx.event.BasicEventDispatcher.dispatchEvent(Ljavafx/event/Event;Ljavafx/event/EventDispatchChain;)Ljavafx/event/Event; javafx.base (44 bytes) @ 0x000000011a2ba34c [0x000000011a2ba000+0x000000000000034c]
J 1429 c1 com.sun.javafx.event.EventDispatchChainImpl.dispatchEvent(Ljavafx/event/Event;)Ljavafx/event/Event; javafx.base (101 bytes) @ 0x000000011a2a901c [0x000000011a2a8e60+0x00000000000001bc]
J 1467 c1 com.sun.javafx.event.BasicEventDispatcher.dispatchEvent(Ljavafx/event/Event;Ljavafx/event/EventDispatchChain;)Ljavafx/event/Event; javafx.base (44 bytes) @ 0x000000011a2ba25c [0x000000011a2ba000+0x000000000000025c]
J 1429 c1 com.sun.javafx.event.EventDispatchChainImpl.dispatchEvent(Ljavafx/event/Event;)Ljavafx/event/Event; javafx.base (101 bytes) @ 0x000000011a2a901c [0x000000011a2a8e60+0x00000000000001bc]
J 1467 c1 com.sun.javafx.event.BasicEventDispatcher.dispatchEvent(Ljavafx/event/Event;Ljavafx/event/EventDispatchChain;)Ljavafx/event/Event; javafx.base (44 bytes) @ 0x000000011a2ba25c [0x000000011a2ba000+0x000000000000025c]
J 1429 c1 com.sun.javafx.event.EventDispatchChainImpl.dispatchEvent(Ljavafx/event/Event;)Ljavafx/event/Event; javafx.base (101 bytes) @ 0x000000011a2a901c [0x000000011a2a8e60+0x00000000000001bc]
J 1467 c1 com.sun.javafx.event.BasicEventDispatcher.dispatchEvent(Ljavafx/event/Event;Ljavafx/event/EventDispatchChain;)Ljavafx/event/Event; javafx.base (44 bytes) @ 0x000000011a2ba25c [0x000000011a2ba000+0x000000000000025c]
J 1429 c1 com.sun.javafx.event.EventDispatchChainImpl.dispatchEvent(Ljavafx/event/Event;)Ljavafx/event/Event; javafx.base (101 bytes) @ 0x000000011a2a901c [0x000000011a2a8e60+0x00000000000001bc]
j  com.sun.javafx.event.EventUtil.fireEventImpl(Ljavafx/event/EventDispatchChain;Ljavafx/event/EventTarget;Ljavafx/event/Event;)Ljavafx/event/Event;+10 javafx.base
j  com.sun.javafx.event.EventUtil.fireEvent(Ljavafx/event/EventTarget;Ljavafx/event/Event;)Ljavafx/event/Event;+46 javafx.base
j  javafx.event.Event.fireEvent(Ljavafx/event/EventTarget;Ljavafx/event/Event;)V+30 javafx.base
j  com.sun.javafx.event.EventQueue.fire()V+43 javafx.base
j  javafx.scene.Scene$MouseHandler.handleEnterExit(Ljavafx/scene/input/MouseEvent;Ljavafx/scene/Scene$TargetWrapper;)V+365 javafx.graphics
j  javafx.scene.Scene$MouseHandler.process(Ljavafx/scene/input/MouseEvent;Z)V+451 javafx.graphics
j  javafx.scene.Scene.processMouseEvent(Ljavafx/scene/input/MouseEvent;)V+6 javafx.graphics
j  javafx.scene.Scene$ScenePeerListener.mouseEvent(Ljavafx/event/EventType;DDDDLjavafx/scene/input/MouseButton;ZZZZZZZZZZZ)V+50 javafx.graphics
j  com.sun.javafx.tk.quantum.GlassViewEventHandler$MouseEventNotification.run()Ljava/lang/Void;+650 javafx.graphics
j  com.sun.javafx.tk.quantum.GlassViewEventHandler$MouseEventNotification.run()Ljava/lang/Object;+1 javafx.graphics
J 1174 c1 java.security.AccessController.executePrivileged(Ljava/security/PrivilegedAction;Ljava/security/AccessControlContext;Ljava/lang/Class;)Ljava/lang/Object; java.base@17.0.2 (65 bytes) @ 0x000000011a266b2c [0x000000011a266ac0+0x000000000000006c]
j  java.security.AccessController.doPrivileged(Ljava/security/PrivilegedAction;Ljava/security/AccessControlContext;)Ljava/lang/Object;+13 java.base@17.0.2
j  com.sun.javafx.tk.quantum.GlassViewEventHandler.lambda$handleMouseEvent$2()Ljava/lang/Void;+11 javafx.graphics
j  com.sun.javafx.tk.quantum.GlassViewEventHandler$$Lambda$238+0x0000000800d809f8.get()Ljava/lang/Object;+4 javafx.graphics
j  com.sun.javafx.tk.quantum.QuantumToolkit.runWithoutRenderLock(Ljava/util/function/Supplier;)Ljava/lang/Object;+18 javafx.graphics
j  com.sun.javafx.tk.quantum.GlassViewEventHandler.handleMouseEvent(Lcom/sun/glass/ui/View;JIIIIIIIZZ)V+103 javafx.graphics
j  com.sun.glass.ui.View.handleMouseEvent(JIIIIIIIZZ)V+30 javafx.graphics
j  com.sun.glass.ui.View.notifyMouse(IIIIIIIZZ)V+181 javafx.graphics
j  com.sun.glass.ui.mac.MacView.notifyMouse(IIIIIIIZZ)V+96 javafx.graphics
v  ~StubRoutines::call_stub
V  [libjvm.dylib+0x5053c1]  _ZN9JavaCalls11call_helperEP9JavaValueRK12methodHandleP17JavaCallArgumentsP10JavaThread+0x2a1
V  [libjvm.dylib+0x55eb46]  _ZL20jni_invoke_nonstaticP7JNIEnv_P9JavaValueP8_jobject11JNICallTypeP10_jmethodIDP18JNI_ArgumentPusherP10JavaThread+0x2d6
V  [libjvm.dylib+0x562ecd]  jni_CallVoidMethod+0x19d
C  [libglass.dylib+0xd7f9]  -[GlassViewDelegate sendJavaMouseEvent:]+0xa89
C  [AppKit+0x2cfd23]  -[NSTrackingArea mouseMoved:]+0x85
C  [AppKit+0x1b09d7]  -[NSWindow(NSEventRouting) _reallySendEvent:isDelayedEvent:]+0x10df
C  [AppKit+0x1af6de]  -[NSWindow(NSEventRouting) sendEvent:]+0x160
C  [libglass.dylib+0x19ae2]  -[GlassWindow_Normal sendEvent:]+0x62
C  [AppKit+0x1ae155]  -[NSApplication(NSEvent) sendEvent:]+0x801
C  [AppKit+0x4668db]  -[NSApplication _handleEvent:]+0x41
C  [AppKit+0x2f2ce]  -[NSApplication run]+0x26f
C  [libglass.dylib+0xa2a5]  -[GlassApplication runLoop:]+0x795
C  [Foundation+0x81857]  __NSThreadPerformPerform+0xb3
C  [CoreFoundation+0x7faeb]  __CFRUNLOOP_IS_CALLING_OUT_TO_A_SOURCE0_PERFORM_FUNCTION__+0x11
C  [CoreFoundation+0x7fa53]  __CFRunLoopDoSource0+0xb4
C  [CoreFoundation+0x7f7cd]  __CFRunLoopDoSources0+0xf2
C  [CoreFoundation+0x7e1e8]  __CFRunLoopRun+0x37c
C  [CoreFoundation+0x7d7ac]  CFRunLoopRunSpecific+0x232
C  [libjli.dylib+0x70b2]  CreateExecutionEnvironment+0x182
C  [libjli.dylib+0x2c15]  JLI_Launch+0x585
C  [java+0x3c09]  main+0x189
C  0x00000001122c651e

Java frames: (J=compiled Java code, j=interpreted, Vv=VM code)
j  com.sun.javafx.scene.control.behavior.ButtonBehavior$$Lambda$219+0x0000000800d5a248.handle(Ljavafx/event/Event;)V+5 javafx.controls
j  com.sun.javafx.scene.control.inputmap.InputMap.handle(Ljavafx/event/Event;)V+61 javafx.controls
j  com.sun.javafx.scene.control.inputmap.InputMap$$Lambda$212+0x0000000800d590f8.handle(Ljavafx/event/Event;)V+5 javafx.controls
j  com.sun.javafx.event.CompositeEventHandler$NormalEventHandlerRecord.handleBubblingEvent(Ljavafx/event/Event;)V+5 javafx.base
j  com.sun.javafx.event.CompositeEventHandler.dispatchBubblingEvent(Ljavafx/event/Event;)V+28 javafx.base
J 1343 c1 com.sun.javafx.event.EventHandlerManager.dispatchBubblingEvent(Ljavafx/event/EventType;Ljavafx/event/Event;)Ljavafx/event/Event; javafx.base (41 bytes) @ 0x000000011a28bccc [0x000000011a28bb60+0x000000000000016c]
j  com.sun.javafx.event.EventHandlerManager.dispatchBubblingEvent(Ljavafx/event/Event;)Ljavafx/event/Event;+8 javafx.base
j  com.sun.javafx.event.CompositeEventDispatcher.dispatchBubblingEvent(Ljavafx/event/Event;)Ljavafx/event/Event;+11 javafx.base
J 1467 c1 com.sun.javafx.event.BasicEventDispatcher.dispatchEvent(Ljavafx/event/Event;Ljavafx/event/EventDispatchChain;)Ljavafx/event/Event; javafx.base (44 bytes) @ 0x000000011a2ba34c [0x000000011a2ba000+0x000000000000034c]
J 1429 c1 com.sun.javafx.event.EventDispatchChainImpl.dispatchEvent(Ljavafx/event/Event;)Ljavafx/event/Event; javafx.base (101 bytes) @ 0x000000011a2a901c [0x000000011a2a8e60+0x00000000000001bc]
J 1467 c1 com.sun.javafx.event.BasicEventDispatcher.dispatchEvent(Ljavafx/event/Event;Ljavafx/event/EventDispatchChain;)Ljavafx/event/Event; javafx.base (44 bytes) @ 0x000000011a2ba25c [0x000000011a2ba000+0x000000000000025c]
J 1429 c1 com.sun.javafx.event.EventDispatchChainImpl.dispatchEvent(Ljavafx/event/Event;)Ljavafx/event/Event; javafx.base (101 bytes) @ 0x000000011a2a901c [0x000000011a2a8e60+0x00000000000001bc]
J 1467 c1 com.sun.javafx.event.BasicEventDispatcher.dispatchEvent(Ljavafx/event/Event;Ljavafx/event/EventDispatchChain;)Ljavafx/event/Event; javafx.base (44 bytes) @ 0x000000011a2ba25c [0x000000011a2ba000+0x000000000000025c]
J 1429 c1 com.sun.javafx.event.EventDispatchChainImpl.dispatchEvent(Ljavafx/event/Event;)Ljavafx/event/Event; javafx.base (101 bytes) @ 0x000000011a2a901c [0x000000011a2a8e60+0x00000000000001bc]
J 1467 c1 com.sun.javafx.event.BasicEventDispatcher.dispatchEvent(Ljavafx/event/Event;Ljavafx/event/EventDispatchChain;)Ljavafx/event/Event; javafx.base (44 bytes) @ 0x000000011a2ba25c [0x000000011a2ba000+0x000000000000025c]
J 1429 c1 com.sun.javafx.event.EventDispatchChainImpl.dispatchEvent(Ljavafx/event/Event;)Ljavafx/event/Event; javafx.base (101 bytes) @ 0x000000011a2a901c [0x000000011a2a8e60+0x00000000000001bc]
j  com.sun.javafx.event.EventUtil.fireEventImpl(Ljavafx/event/EventDispatchChain;Ljavafx/event/EventTarget;Ljavafx/event/Event;)Ljavafx/event/Event;+10 javafx.base
j  com.sun.javafx.event.EventUtil.fireEvent(Ljavafx/event/EventTarget;Ljavafx/event/Event;)Ljavafx/event/Event;+46 javafx.base
j  javafx.event.Event.fireEvent(Ljavafx/event/EventTarget;Ljavafx/event/Event;)V+30 javafx.base
j  com.sun.javafx.event.EventQueue.fire()V+43 javafx.base
j  javafx.scene.Scene$MouseHandler.handleEnterExit(Ljavafx/scene/input/MouseEvent;Ljavafx/scene/Scene$TargetWrapper;)V+365 javafx.graphics
j  javafx.scene.Scene$MouseHandler.process(Ljavafx/scene/input/MouseEvent;Z)V+451 javafx.graphics
j  javafx.scene.Scene.processMouseEvent(Ljavafx/scene/input/MouseEvent;)V+6 javafx.graphics
j  javafx.scene.Scene$ScenePeerListener.mouseEvent(Ljavafx/event/EventType;DDDDLjavafx/scene/input/MouseButton;ZZZZZZZZZZZ)V+50 javafx.graphics
j  com.sun.javafx.tk.quantum.GlassViewEventHandler$MouseEventNotification.run()Ljava/lang/Void;+650 javafx.graphics
j  com.sun.javafx.tk.quantum.GlassViewEventHandler$MouseEventNotification.run()Ljava/lang/Object;+1 javafx.graphics
J 1174 c1 java.security.AccessController.executePrivileged(Ljava/security/PrivilegedAction;Ljava/security/AccessControlContext;Ljava/lang/Class;)Ljava/lang/Object; java.base@17.0.2 (65 bytes) @ 0x000000011a266b2c [0x000000011a266ac0+0x000000000000006c]
j  java.security.AccessController.doPrivileged(Ljava/security/PrivilegedAction;Ljava/security/AccessControlContext;)Ljava/lang/Object;+13 java.base@17.0.2
j  com.sun.javafx.tk.quantum.GlassViewEventHandler.lambda$handleMouseEvent$2()Ljava/lang/Void;+11 javafx.graphics
j  com.sun.javafx.tk.quantum.GlassViewEventHandler$$Lambda$238+0x0000000800d809f8.get()Ljava/lang/Object;+4 javafx.graphics
j  com.sun.javafx.tk.quantum.QuantumToolkit.runWithoutRenderLock(Ljava/util/function/Supplier;)Ljava/lang/Object;+18 javafx.graphics
j  com.sun.javafx.tk.quantum.GlassViewEventHandler.handleMouseEvent(Lcom/sun/glass/ui/View;JIIIIIIIZZ)V+103 javafx.graphics
j  com.sun.glass.ui.View.handleMouseEvent(JIIIIIIIZZ)V+30 javafx.graphics
j  com.sun.glass.ui.View.notifyMouse(IIIIIIIZZ)V+181 javafx.graphics
j  com.sun.glass.ui.mac.MacView.notifyMouse(IIIIIIIZZ)V+96 javafx.graphics
v  ~StubRoutines::call_stub

siginfo: si_signo: 11 (SIGSEGV), si_code: 0 (unknown), si_addr: 0x0000000000000000

Register to memory mapping:

RAX=0xf0007d41f0d294ec is an unknown value
RBX=0x00006000026123c0 points into unknown readable memory: 0x0000000000000002 | 02 00 00 00 00 00 00 00
RCX=0x00000001103b2906: _ZN16LogTagSetMappingILN6LogTag4typeE81ELS1_0ELS1_0ELS1_0ELS1_0ELS1_0EE7_tagsetE+0x2e in /Library/Java/JavaVirtualMachines/jdk-17.0.2.jdk/Contents/Home/lib/server/libjvm.dylib at 0x000000010f76b000
RDX=0x0000000800000000 is pointing into metadata
RSP=0x00007ff7b18e20b0 is pointing into the stack for thread: 0x00007f8a7f40c600
RBP=0x00007ff7b18e21b0 is pointing into the stack for thread: 0x00007f8a7f40c600
RSI=0x000000080000ee48 is a pointer to class: 
java.security.ProtectionDomain {0x000000080000ee48}
 - instance size:     5
 - klass size:        68
 - access:            public synchronized 
 - state:             fully_initialized
 - name:              'java/security/ProtectionDomain'
 - super:             'java/lang/Object'
 - sub:               
 - arrays:            'java/security/ProtectionDomain'[]
 - methods:           Array<T>(0x0000000800b2b220)
 - method ordering:   Array<T>(0x0000000800b2b1e8)
 - default_methods:   Array<T>(0x0000000000000000)
 - local interfaces:  Array<T>(0x00000008005dba10)
 - trans. interfaces: Array<T>(0x00000008005dba10)
 - constants:         constant pool [324] {0x0000000800b2b350} for 'java/security/ProtectionDomain' cache=0x00000008004261f0
 - class loader data:  loader data: 0x000060000022c640 of 'bootstrap'
 - source file:       'ProtectionDomain.java'
 - class annotations:       Array<T>(0x0000000000000000)
 - class type annotations:  Array<T>(0x0000000000000000)
 - field annotations:       Array<T>(0x0000000000000000)
 - field type annotations:  Array<T>(0x0000000000000000)
 - inner classes:     Array<T>(0x0000000800b2c960)
 - nest members:     Array<T>(0x0000000800b2b1d8)
 - permitted subclasses:     Array<T>(0x00000008005db9a0)
 - java mirror:       a 'java/lang/Class'{0x00000007ffe02e10} = 'java/security/ProtectionDomain'
 - vtable length      7  (start addr: 0x000000080000f018)
 - itable length      2 (start addr: 0x000000080000f050)
 - ---- static fields (1 words):
 - private static final 'filePermCompatInPD' 'Z' @112 
 - ---- non-static fields (6 words):
 - private 'hasAllPerm' 'Z' @12 
 - private final 'staticPermissions' 'Z' @13 
 - private 'codesource' 'Ljava/security/CodeSource;' @16 
 - private 'classloader' 'Ljava/lang/ClassLoader;' @20 
 - private 'principals' '[Ljava/security/Principal;' @24 
 - private 'permissions' 'Ljava/security/PermissionCollection;' @28 
 - final 'key' 'Ljava/security/ProtectionDomain$Key;' @32 
 - non-static oop maps: 16-32 
RDI=0x00000180000f58d2 is an unknown value
R8 =0x0000000780000000 is an oop: [C 
{0x0000000780000000} - klass: {type array char}
 - length: 8192
R9 =0x000000010e7c1000 points into unknown readable memory: 0x0100050403020100 | 00 01 02 03 04 05 00 01
R10=0x0000000110412790: _ZN19TemplateInterpreter13_active_tableE+0x4000 in /Library/Java/JavaVirtualMachines/jdk-17.0.2.jdk/Contents/Home/lib/server/libjvm.dylib at 0x000000010f76b000
R11=0x000000011a14de20 is at entry_point+32 in (nmethod*)0x000000011a14dc10
R12=0x0000600000c29f10 points into unknown readable memory: 0x000000078690a430 | 30 a4 90 86 07 00 00 00
R13=0x0000600000c29f08 points into unknown readable memory: 0x000000078690a430 | 30 a4 90 86 07 00 00 00
R14=0x000000078690a430 is an oop: java.security.ProtectionDomain 
{0x000000078690a430} - klass: 'java/security/ProtectionDomain'
 - ---- fields (total size 5 words):
 - private 'hasAllPerm' 'Z' @12  false
 - private final 'staticPermissions' 'Z' @13  false
 - private 'codesource' 'Ljava/security/CodeSource;' @16  a 'java/security/CodeSource'{0x000000078694a760} (f0d294ec)
 - private 'classloader' 'Ljava/lang/ClassLoader;' @20  a 'jdk/internal/loader/ClassLoaders$AppClassLoader'{0x000000078003ea08} (f0007d41)
 - private 'principals' '[Ljava/security/Principal;' @24  a 'java/security/Principal'[0] {0x000000078694a818} (f0d29503)
 - private 'permissions' 'Ljava/security/PermissionCollection;' @28  a 'sun/security/util/LazyCodeSourcePermissionCollection'{0x000000078694a828} (f0d29505)
 - final 'key' 'Ljava/security/ProtectionDomain$Key;' @32  a 'java/security/ProtectionDomain$Key'{0x000000078694a9e8} (f0d2953d)
R15=0x0000600003d634b0 points into unknown readable memory: 0x616a001d75bc001e | 1e 00 bc 75 1d 00 6a 61


Registers:
RAX=0xf0007d41f0d294ec, RBX=0x00006000026123c0, RCX=0x00000001103b2906, RDX=0x0000000800000000
RSP=0x00007ff7b18e20b0, RBP=0x00007ff7b18e21b0, RSI=0x000000080000ee48, RDI=0x00000180000f58d2
R8 =0x0000000780000000, R9 =0x000000010e7c1000, R10=0x0000000110412790, R11=0x000000011a14de20
R12=0x0000600000c29f10, R13=0x0000600000c29f08, R14=0x000000078690a430, R15=0x0000600003d634b0
RIP=0x00000001101199c0, EFLAGS=0x0000000000010207, ERR=0x0000000000000000
  TRAPNO=0x000000000000000d

Top of Stack: (sp=0x00007ff7b18e20b0)
0x00007ff7b18e20b0:   0000000000000001 00007f8a7f40c600
0x00007ff7b18e20c0:   00006000026123c0 0000600000c29ef0
0x00007ff7b18e20d0:   0000600000c29f10 0000600000c29fd8
0x00007ff7b18e20e0:   00000000000000d8 00007ff7b18e3510
0x00007ff7b18e20f0:   0000000000000001 00000000f0fffe3d
0x00007ff7b18e2100:   00007ff7b18e2240 000000011a111dda
0x00007ff7b18e2110:   0000000000000000 0000000000000000
0x00007ff7b18e2120:   0000000700000000 00007ff7b18e2128
0x00007ff7b18e2130:   00000008007de370 00007ff7b18e2180
0x00007ff7b18e2140:   0000600000c29f08 00000008000006a8
0x00007ff7b18e2150:   00007ff7b18e21d8 00000007877f4c50
0x00007ff7b18e2160:   00007f8a7f40c600 00007f8a7f40c600
0x00007ff7b18e2170:   00007ff700000000 0000600000c29f10
0x00007ff7b18e2180:   00007f8a7f40c600 0000600000c29f08
0x00007ff7b18e2190:   0000600003d634b0 0000600000c29f08
0x00007ff7b18e21a0:   0000000000000001 00007f8a7f40c600
0x00007ff7b18e21b0:   00007ff7b18e21f0 0000000110119324
0x00007ff7b18e21c0:   00000001103f501f 0000000000000013
0x00007ff7b18e21d0:   00007ff7b18e2260 0000600000c29f08
0x00007ff7b18e21e0:   00007f8a7f40c600 000000078690a430
0x00007ff7b18e21f0:   00007ff7b18e2250 000000010faaa7b7
0x00007ff7b18e2200:   0000600003d634b0 0000000000000003
0x00007ff7b18e2210:   0000000000000013 0000600000c29f08
0x00007ff7b18e2220:   00000013b18e2250 00007ff7b18e2260
0x00007ff7b18e2230:   000000013517c358 000000013517c5bd
0x00007ff7b18e2240:   0000000000000013 00007f8a7f40c600
0x00007ff7b18e2250:   00007ff7b18e22e0 000000010fc66d32
0x00007ff7b18e2260:   000000013517c358 00007f8a7f40c600
0x00007ff7b18e2270:   0000000119ae2b10 00007f8a00000000
0x00007ff7b18e2280:   00007ff7b18e2358 00007ff7b18e2300
0x00007ff7b18e2290:   00007ff7b18e2300 0000000119af5215
0x00007ff7b18e22a0:   0000000119ae2b10 00007f8a00000000 

Instructions: (pc=0x00000001101199c0)
0x00000001101198c0:   1c 2c b6 ff 48 85 c0 4c 89 65 b8 75 19 e9 c7 00
0x00000001101198d0:   00 00 31 ff e8 07 2c b6 ff 48 85 c0 4c 89 65 b8
0x00000001101198e0:   0f 84 b3 00 00 00 49 89 c6 49 8b 9c 24 38 02 00
0x00000001101198f0:   00 4c 8b 63 18 49 83 fc f8 72 18 48 8d 15 7d 1d
0x0000000110119900:   13 00 be 08 00 00 00 48 89 df e8 11 b6 7a ff 4c
0x0000000110119910:   8b 63 18 49 8d 44 24 08 48 3b 43 20 76 6e be 08
0x0000000110119920:   00 00 00 48 89 df 31 d2 e8 23 b6 7a ff 49 89 c4
0x0000000110119930:   4d 89 34 24 4d 85 e4 74 60 4c 89 f7 31 f6 e8 8d
0x0000000110119940:   5a ec ff 84 c0 75 26 48 8d 3d f7 25 19 00 48 8d
0x0000000110119950:   15 31 26 19 00 48 8d 0d 6a 26 19 00 be 23 00 00
0x0000000110119960:   00 31 c0 e8 e8 08 9a ff e8 23 55 ed ff 49 8b 3c
0x0000000110119970:   24 e8 fa 27 b6 ff 48 85 c0 4c 89 65 c8 0f 84 ef
0x0000000110119980:   01 00 00 c7 45 c0 00 00 00 00 eb 22 48 89 43 18
0x0000000110119990:   4d 89 34 24 4d 85 e4 75 a0 48 8d 05 50 ff 2c 00
0x00000001101199a0:   48 8b 00 b1 01 89 4d c0 31 c9 48 89 4d c8 48 8d
0x00000001101199b0:   0d a7 8f 29 00 8a 09 80 c1 03 4c 89 ff 48 d3 ef
0x00000001101199c0:   4c 8b 68 58 41 8b 0f 49 89 c4 41 8b 57 04 c1 e2
0x00000001101199d0:   08 41 0f b6 77 06 c1 e6 08 45 0f b6 77 07 41 09
0x00000001101199e0:   f6 41 31 d6 41 31 fe 41 0f a4 ce 10 4c 89 ef 44
0x00000001101199f0:   89 f6 4c 89 fa 48 8b 4d 90 e8 a2 f4 a0 ff 48 89
0x0000000110119a00:   c3 48 85 c0 0f 85 88 03 00 00 4c 89 6d a8 4c 89
0x0000000110119a10:   65 b0 80 7d c0 00 74 04 31 f6 eb 20 48 8d 05 33
0x0000000110119a20:   88 2d 00 80 38 00 4c 8b 65 c8 75 0d 49 8b 3c 24
0x0000000110119a30:   e8 bb 29 b6 ff 84 c0 75 df 4c 89 e6 48 8b 5d b8
0x0000000110119a40:   4d 89 fc 48 8d bd 40 ff ff ff 48 89 b5 58 ff ff
0x0000000110119a50:   ff 48 89 da e8 a7 cb ff ff 48 8d 05 70 a9 2e 00
0x0000000110119a60:   4c 8b 28 4d 85 ed 74 0b 4c 89 ef 48 89 de e8 6d
0x0000000110119a70:   42 ea ff 48 8b 7d a8 44 89 f6 4c 89 e2 e8 de f4
0x0000000110119a80:   a0 ff 48 85 c0 48 89 45 c0 0f 84 f9 00 00 00 48
0x0000000110119a90:   89 c2 31 f6 45 31 ff 4d 85 ed 74 12 4c 89 ef 48
0x0000000110119aa0:   89 f3 e8 c9 43 ea ff 48 89 de 48 8b 55 c0 45 84
0x0000000110119ab0:   ff 4c 8b 6d b8 4d 89 e7 74 28 4c 89 ff 48 8b 55 


Stack slot to memory mapping:
stack at sp + 0 slots: 0x0000000000000001 is an unknown value
stack at sp + 1 slots: 0x00007f8a7f40c600 is a thread
stack at sp + 2 slots: 0x00006000026123c0 points into unknown readable memory: 0x0000000000000002 | 02 00 00 00 00 00 00 00
stack at sp + 3 slots: 0x0000600000c29ef0 points into unknown readable memory: 0x0000000000000000 | 00 00 00 00 00 00 00 00
stack at sp + 4 slots: 0x0000600000c29f10 points into unknown readable memory: 0x000000078690a430 | 30 a4 90 86 07 00 00 00
stack at sp + 5 slots: 0x0000600000c29fd8 points into unknown readable memory: 0x0000000000000000 | 00 00 00 00 00 00 00 00
stack at sp + 6 slots: 0x00000000000000d8 is an unknown value
stack at sp + 7 slots: 0x00007ff7b18e3510 is pointing into the stack for thread: 0x00007f8a7f40c600


---------------  P R O C E S S  ---------------

Threads class SMR info:
_java_thread_list=0x0000600003398de0, length=18, elements={
0x00007f8a7e009200, 0x00007f8a7f03e600, 0x00007f8a7e010c00, 0x00007f8a7f047400,
0x00007f8a7e014a00, 0x00007f8a7f042a00, 0x00007f8a7e08aa00, 0x00007f8a7f046400,
0x00007f8a7f046a00, 0x00007f8a7e08c600, 0x00007f8a7e013e00, 0x00007f8a7f045600,
0x00007f8a7f40d200, 0x00007f8a7f40c600, 0x00007f8a7f4c2200, 0x00007f8a7e632000,
0x00007f8a7f4fa000, 0x00007f8a8224cc00
}

Java Threads: ( => current thread )
  0x00007f8a7e009200 JavaThread "main" [_thread_blocked, id=9475, stack(0x000070000b0e4000,0x000070000b1e4000)]
  0x00007f8a7f03e600 JavaThread "Reference Handler" daemon [_thread_blocked, id=16899, stack(0x000070000b7f9000,0x000070000b8f9000)]
  0x00007f8a7e010c00 JavaThread "Finalizer" daemon [_thread_blocked, id=16643, stack(0x000070000b8fc000,0x000070000b9fc000)]
  0x00007f8a7f047400 JavaThread "Signal Dispatcher" daemon [_thread_blocked, id=22531, stack(0x000070000bb05000,0x000070000bc05000)]
  0x00007f8a7e014a00 JavaThread "Service Thread" daemon [_thread_blocked, id=23043, stack(0x000070000bc08000,0x000070000bd08000)]
  0x00007f8a7f042a00 JavaThread "Monitor Deflation Thread" daemon [_thread_blocked, id=41987, stack(0x000070000bd0b000,0x000070000be0b000)]
  0x00007f8a7e08aa00 JavaThread "C2 CompilerThread0" daemon [_thread_blocked, id=23555, stack(0x000070000be0e000,0x000070000bf0e000)]
  0x00007f8a7f046400 JavaThread "C1 CompilerThread0" daemon [_thread_blocked, id=41219, stack(0x000070000bf11000,0x000070000c011000)]
  0x00007f8a7f046a00 JavaThread "Sweeper thread" daemon [_thread_blocked, id=23811, stack(0x000070000c014000,0x000070000c114000)]
  0x00007f8a7e08c600 JavaThread "Common-Cleaner" daemon [_thread_blocked, id=40451, stack(0x000070000c117000,0x000070000c217000)]
  0x00007f8a7e013e00 JavaThread "Notification Thread" daemon [_thread_blocked, id=39939, stack(0x000070000c21a000,0x000070000c31a000)]
  0x00007f8a7f045600 JavaThread "QuantumRenderer-0" daemon [_thread_blocked, id=39171, stack(0x000070000c420000,0x000070000c520000)]
  0x00007f8a7f40d200 JavaThread "InvokeLaterDispatcher" daemon [_thread_blocked, id=28163, stack(0x000070000c523000,0x000070000c623000)]
=>0x00007f8a7f40c600 JavaThread "JavaFX Application Thread" [_thread_in_native, id=259, stack(0x00007ff7b10e7000,0x00007ff7b18e7000)]
  0x00007f8a7f4c2200 JavaThread "JavaFX-Launcher" [_thread_blocked, id=74243, stack(0x000070000cc3e000,0x000070000cd3e000)]
  0x00007f8a7e632000 JavaThread "Prism Font Disposer" daemon [_thread_blocked, id=58379, stack(0x000070000cd41000,0x000070000ce41000)]
  0x00007f8a7f4fa000 JavaThread "Cleaner-0" daemon [_thread_blocked, id=55823, stack(0x000070000ce44000,0x000070000cf44000)]
  0x00007f8a8224cc00 JavaThread "PulseTimer-CVDisplayLink thread" daemon [_thread_in_native, id=52023, stack(0x000070000c72c000,0x000070000c7ac000)]

Other Threads:
  0x00007f8a7e80a9b0 VMThread "VM Thread" [stack: 0x000070000b6f6000,0x000070000b7f6000] [id=17667]
  0x00007f8a7e814650 WatcherThread [stack: 0x000070000c31d000,0x000070000c41d000] [id=24067]
  0x00007f8a7e807060 GCTaskThread "GC Thread#0" [stack: 0x000070000b1e7000,0x000070000b2e7000] [id=12035]
  0x00007f8a7df8e930 GCTaskThread "GC Thread#1" [stack: 0x000070000c935000,0x000070000ca35000] [id=75271]
  0x00007f8a7df8eda0 GCTaskThread "GC Thread#2" [stack: 0x000070000ca38000,0x000070000cb38000] [id=75011]
  0x00007f8a7df8f210 GCTaskThread "GC Thread#3" [stack: 0x000070000cb3b000,0x000070000cc3b000] [id=74499]
  0x00007f8a7df05f50 ConcurrentGCThread "G1 Main Marker" [stack: 0x000070000b2ea000,0x000070000b3ea000] [id=19459]
  0x00007f8a7e8074d0 ConcurrentGCThread "G1 Conc#0" [stack: 0x000070000b3ed000,0x000070000b4ed000] [id=19203]
  0x00007f8a7df07910 ConcurrentGCThread "G1 Refine#0" [stack: 0x000070000b4f0000,0x000070000b5f0000] [id=13315]
  0x00007f8a7df081a0 ConcurrentGCThread "G1 Service" [stack: 0x000070000b5f3000,0x000070000b6f3000] [id=13571]

Threads with active compile tasks:

VM state: not at safepoint (normal execution)

VM Mutex/Monitor currently owned by a thread: None

Heap address: 0x0000000780000000, size: 2048 MB, Compressed Oops mode: Zero based, Oop shift amount: 3

CDS archive(s) mapped at: [0x0000000800000000-0x0000000800bd8000-0x0000000800bd8000), size 12419072, SharedBaseAddress: 0x0000000800000000, ArchiveRelocationMode: 0.
Compressed class space mapped at: 0x0000000800c00000-0x0000000840c00000, reserved size: 1073741824
Narrow klass base: 0x0000000800000000, Narrow klass shift: 0, Narrow klass range: 0x100000000

GC Precious Log:
 CPUs: 4 total, 4 available
 Memory: 8192M
 Large Page Support: Disabled
 NUMA Support: Disabled
 Compressed Oops: Enabled (Zero based)
 Heap Region Size: 1M
 Heap Min Capacity: 8M
 Heap Initial Capacity: 128M
 Heap Max Capacity: 2G
 Pre-touch: Disabled
 Parallel Workers: 4
 Concurrent Workers: 1
 Concurrent Refinement Workers: 4
 Periodic GC: Disabled

Heap:
 garbage-first heap   total 133120K, used 15704K [0x0000000780000000, 0x0000000800000000)
  region size 1024K, 12 young (12288K), 3 survivors (3072K)
 Metaspace       used 11284K, committed 11456K, reserved 1064960K
  class space    used 1593K, committed 1664K, reserved 1048576K

Heap Regions: E=young(eden), S=young(survivor), O=old, HS=humongous(starts), HC=humongous(continues), CS=collection set, F=free, OA=open archive, CA=closed archive, TAMS=top-at-mark-start (previous, next)
|   0|0x0000000780000000, 0x0000000780100000, 0x0000000780100000|100%| O|  |TAMS 0x0000000780000000, 0x0000000780000000| Untracked 
|   1|0x0000000780100000, 0x00000007801f1a00, 0x0000000780200000| 94%| O|  |TAMS 0x0000000780100000, 0x0000000780100000| Untracked 
|   2|0x0000000780200000, 0x0000000780300000, 0x0000000780300000|100%|HS|  |TAMS 0x0000000780200000, 0x0000000780200000| Complete 
|   3|0x0000000780300000, 0x0000000780400000, 0x0000000780400000|100%|HC|  |TAMS 0x0000000780300000, 0x0000000780300000| Complete 
|   4|0x0000000780400000, 0x0000000780400000, 0x0000000780500000|  0%| F|  |TAMS 0x0000000780400000, 0x0000000780400000| Untracked 
|   5|0x0000000780500000, 0x0000000780500000, 0x0000000780600000|  0%| F|  |TAMS 0x0000000780500000, 0x0000000780500000| Untracked 
|   6|0x0000000780600000, 0x0000000780600000, 0x0000000780700000|  0%| F|  |TAMS 0x0000000780600000, 0x0000000780600000| Untracked 
|   7|0x0000000780700000, 0x0000000780700000, 0x0000000780800000|  0%| F|  |TAMS 0x0000000780700000, 0x0000000780700000| Untracked 
|   8|0x0000000780800000, 0x0000000780800000, 0x0000000780900000|  0%| F|  |TAMS 0x0000000780800000, 0x0000000780800000| Untracked 
|   9|0x0000000780900000, 0x0000000780900000, 0x0000000780a00000|  0%| F|  |TAMS 0x0000000780900000, 0x0000000780900000| Untracked 
|  10|0x0000000780a00000, 0x0000000780a00000, 0x0000000780b00000|  0%| F|  |TAMS 0x0000000780a00000, 0x0000000780a00000| Untracked 
|  11|0x0000000780b00000, 0x0000000780b00000, 0x0000000780c00000|  0%| F|  |TAMS 0x0000000780b00000, 0x0000000780b00000| Untracked 
|  12|0x0000000780c00000, 0x0000000780c00000, 0x0000000780d00000|  0%| F|  |TAMS 0x0000000780c00000, 0x0000000780c00000| Untracked 
|  13|0x0000000780d00000, 0x0000000780d00000, 0x0000000780e00000|  0%| F|  |TAMS 0x0000000780d00000, 0x0000000780d00000| Untracked 
|  14|0x0000000780e00000, 0x0000000780e00000, 0x0000000780f00000|  0%| F|  |TAMS 0x0000000780e00000, 0x0000000780e00000| Untracked 
|  15|0x0000000780f00000, 0x0000000780f00000, 0x0000000781000000|  0%| F|  |TAMS 0x0000000780f00000, 0x0000000780f00000| Untracked 
|  16|0x0000000781000000, 0x0000000781000000, 0x0000000781100000|  0%| F|  |TAMS 0x0000000781000000, 0x0000000781000000| Untracked 
|  17|0x0000000781100000, 0x0000000781100000, 0x0000000781200000|  0%| F|  |TAMS 0x0000000781100000, 0x0000000781100000| Untracked 
|  18|0x0000000781200000, 0x0000000781200000, 0x0000000781300000|  0%| F|  |TAMS 0x0000000781200000, 0x0000000781200000| Untracked 
|  19|0x0000000781300000, 0x0000000781300000, 0x0000000781400000|  0%| F|  |TAMS 0x0000000781300000, 0x0000000781300000| Untracked 
|  20|0x0000000781400000, 0x0000000781400000, 0x0000000781500000|  0%| F|  |TAMS 0x0000000781400000, 0x0000000781400000| Untracked 
|  21|0x0000000781500000, 0x0000000781500000, 0x0000000781600000|  0%| F|  |TAMS 0x0000000781500000, 0x0000000781500000| Untracked 
|  22|0x0000000781600000, 0x0000000781600000, 0x0000000781700000|  0%| F|  |TAMS 0x0000000781600000, 0x0000000781600000| Untracked 
|  23|0x0000000781700000, 0x0000000781700000, 0x0000000781800000|  0%| F|  |TAMS 0x0000000781700000, 0x0000000781700000| Untracked 
|  24|0x0000000781800000, 0x0000000781800000, 0x0000000781900000|  0%| F|  |TAMS 0x0000000781800000, 0x0000000781800000| Untracked 
|  25|0x0000000781900000, 0x0000000781900000, 0x0000000781a00000|  0%| F|  |TAMS 0x0000000781900000, 0x0000000781900000| Untracked 
|  26|0x0000000781a00000, 0x0000000781a00000, 0x0000000781b00000|  0%| F|  |TAMS 0x0000000781a00000, 0x0000000781a00000| Untracked 
|  27|0x0000000781b00000, 0x0000000781b00000, 0x0000000781c00000|  0%| F|  |TAMS 0x0000000781b00000, 0x0000000781b00000| Untracked 
|  28|0x0000000781c00000, 0x0000000781c00000, 0x0000000781d00000|  0%| F|  |TAMS 0x0000000781c00000, 0x0000000781c00000| Untracked 
|  29|0x0000000781d00000, 0x0000000781d00000, 0x0000000781e00000|  0%| F|  |TAMS 0x0000000781d00000, 0x0000000781d00000| Untracked 
|  30|0x0000000781e00000, 0x0000000781e00000, 0x0000000781f00000|  0%| F|  |TAMS 0x0000000781e00000, 0x0000000781e00000| Untracked 
|  31|0x0000000781f00000, 0x0000000781f00000, 0x0000000782000000|  0%| F|  |TAMS 0x0000000781f00000, 0x0000000781f00000| Untracked 
|  32|0x0000000782000000, 0x0000000782000000, 0x0000000782100000|  0%| F|  |TAMS 0x0000000782000000, 0x0000000782000000| Untracked 
|  33|0x0000000782100000, 0x0000000782100000, 0x0000000782200000|  0%| F|  |TAMS 0x0000000782100000, 0x0000000782100000| Untracked 
|  34|0x0000000782200000, 0x0000000782200000, 0x0000000782300000|  0%| F|  |TAMS 0x0000000782200000, 0x0000000782200000| Untracked 
|  35|0x0000000782300000, 0x0000000782300000, 0x0000000782400000|  0%| F|  |TAMS 0x0000000782300000, 0x0000000782300000| Untracked 
|  36|0x0000000782400000, 0x0000000782400000, 0x0000000782500000|  0%| F|  |TAMS 0x0000000782400000, 0x0000000782400000| Untracked 
|  37|0x0000000782500000, 0x0000000782500000, 0x0000000782600000|  0%| F|  |TAMS 0x0000000782500000, 0x0000000782500000| Untracked 
|  38|0x0000000782600000, 0x0000000782600000, 0x0000000782700000|  0%| F|  |TAMS 0x0000000782600000, 0x0000000782600000| Untracked 
|  39|0x0000000782700000, 0x0000000782700000, 0x0000000782800000|  0%| F|  |TAMS 0x0000000782700000, 0x0000000782700000| Untracked 
|  40|0x0000000782800000, 0x0000000782800000, 0x0000000782900000|  0%| F|  |TAMS 0x0000000782800000, 0x0000000782800000| Untracked 
|  41|0x0000000782900000, 0x0000000782900000, 0x0000000782a00000|  0%| F|  |TAMS 0x0000000782900000, 0x0000000782900000| Untracked 
|  42|0x0000000782a00000, 0x0000000782a00000, 0x0000000782b00000|  0%| F|  |TAMS 0x0000000782a00000, 0x0000000782a00000| Untracked 
|  43|0x0000000782b00000, 0x0000000782b00000, 0x0000000782c00000|  0%| F|  |TAMS 0x0000000782b00000, 0x0000000782b00000| Untracked 
|  44|0x0000000782c00000, 0x0000000782c00000, 0x0000000782d00000|  0%| F|  |TAMS 0x0000000782c00000, 0x0000000782c00000| Untracked 
|  45|0x0000000782d00000, 0x0000000782d00000, 0x0000000782e00000|  0%| F|  |TAMS 0x0000000782d00000, 0x0000000782d00000| Untracked 
|  46|0x0000000782e00000, 0x0000000782e00000, 0x0000000782f00000|  0%| F|  |TAMS 0x0000000782e00000, 0x0000000782e00000| Untracked 
|  47|0x0000000782f00000, 0x0000000782f00000, 0x0000000783000000|  0%| F|  |TAMS 0x0000000782f00000, 0x0000000782f00000| Untracked 
|  48|0x0000000783000000, 0x0000000783000000, 0x0000000783100000|  0%| F|  |TAMS 0x0000000783000000, 0x0000000783000000| Untracked 
|  49|0x0000000783100000, 0x0000000783100000, 0x0000000783200000|  0%| F|  |TAMS 0x0000000783100000, 0x0000000783100000| Untracked 
|  50|0x0000000783200000, 0x0000000783200000, 0x0000000783300000|  0%| F|  |TAMS 0x0000000783200000, 0x0000000783200000| Untracked 
|  51|0x0000000783300000, 0x0000000783300000, 0x0000000783400000|  0%| F|  |TAMS 0x0000000783300000, 0x0000000783300000| Untracked 
|  52|0x0000000783400000, 0x0000000783400000, 0x0000000783500000|  0%| F|  |TAMS 0x0000000783400000, 0x0000000783400000| Untracked 
|  53|0x0000000783500000, 0x0000000783500000, 0x0000000783600000|  0%| F|  |TAMS 0x0000000783500000, 0x0000000783500000| Untracked 
|  54|0x0000000783600000, 0x0000000783600000, 0x0000000783700000|  0%| F|  |TAMS 0x0000000783600000, 0x0000000783600000| Untracked 
|  55|0x0000000783700000, 0x0000000783700000, 0x0000000783800000|  0%| F|  |TAMS 0x0000000783700000, 0x0000000783700000| Untracked 
|  56|0x0000000783800000, 0x0000000783800000, 0x0000000783900000|  0%| F|  |TAMS 0x0000000783800000, 0x0000000783800000| Untracked 
|  57|0x0000000783900000, 0x0000000783900000, 0x0000000783a00000|  0%| F|  |TAMS 0x0000000783900000, 0x0000000783900000| Untracked 
|  58|0x0000000783a00000, 0x0000000783a00000, 0x0000000783b00000|  0%| F|  |TAMS 0x0000000783a00000, 0x0000000783a00000| Untracked 
|  59|0x0000000783b00000, 0x0000000783b00000, 0x0000000783c00000|  0%| F|  |TAMS 0x0000000783b00000, 0x0000000783b00000| Untracked 
|  60|0x0000000783c00000, 0x0000000783c00000, 0x0000000783d00000|  0%| F|  |TAMS 0x0000000783c00000, 0x0000000783c00000| Untracked 
|  61|0x0000000783d00000, 0x0000000783d00000, 0x0000000783e00000|  0%| F|  |TAMS 0x0000000783d00000, 0x0000000783d00000| Untracked 
|  62|0x0000000783e00000, 0x0000000783e00000, 0x0000000783f00000|  0%| F|  |TAMS 0x0000000783e00000, 0x0000000783e00000| Untracked 
|  63|0x0000000783f00000, 0x0000000783f00000, 0x0000000784000000|  0%| F|  |TAMS 0x0000000783f00000, 0x0000000783f00000| Untracked 
|  64|0x0000000784000000, 0x0000000784000000, 0x0000000784100000|  0%| F|  |TAMS 0x0000000784000000, 0x0000000784000000| Untracked 
|  65|0x0000000784100000, 0x0000000784100000, 0x0000000784200000|  0%| F|  |TAMS 0x0000000784100000, 0x0000000784100000| Untracked 
|  66|0x0000000784200000, 0x0000000784200000, 0x0000000784300000|  0%| F|  |TAMS 0x0000000784200000, 0x0000000784200000| Untracked 
|  67|0x0000000784300000, 0x0000000784300000, 0x0000000784400000|  0%| F|  |TAMS 0x0000000784300000, 0x0000000784300000| Untracked 
|  68|0x0000000784400000, 0x0000000784400000, 0x0000000784500000|  0%| F|  |TAMS 0x0000000784400000, 0x0000000784400000| Untracked 
|  69|0x0000000784500000, 0x0000000784500000, 0x0000000784600000|  0%| F|  |TAMS 0x0000000784500000, 0x0000000784500000| Untracked 
|  70|0x0000000784600000, 0x0000000784600000, 0x0000000784700000|  0%| F|  |TAMS 0x0000000784600000, 0x0000000784600000| Untracked 
|  71|0x0000000784700000, 0x0000000784700000, 0x0000000784800000|  0%| F|  |TAMS 0x0000000784700000, 0x0000000784700000| Untracked 
|  72|0x0000000784800000, 0x0000000784800000, 0x0000000784900000|  0%| F|  |TAMS 0x0000000784800000, 0x0000000784800000| Untracked 
|  73|0x0000000784900000, 0x0000000784900000, 0x0000000784a00000|  0%| F|  |TAMS 0x0000000784900000, 0x0000000784900000| Untracked 
|  74|0x0000000784a00000, 0x0000000784a00000, 0x0000000784b00000|  0%| F|  |TAMS 0x0000000784a00000, 0x0000000784a00000| Untracked 
|  75|0x0000000784b00000, 0x0000000784b00000, 0x0000000784c00000|  0%| F|  |TAMS 0x0000000784b00000, 0x0000000784b00000| Untracked 
|  76|0x0000000784c00000, 0x0000000784c00000, 0x0000000784d00000|  0%| F|  |TAMS 0x0000000784c00000, 0x0000000784c00000| Untracked 
|  77|0x0000000784d00000, 0x0000000784d00000, 0x0000000784e00000|  0%| F|  |TAMS 0x0000000784d00000, 0x0000000784d00000| Untracked 
|  78|0x0000000784e00000, 0x0000000784e00000, 0x0000000784f00000|  0%| F|  |TAMS 0x0000000784e00000, 0x0000000784e00000| Untracked 
|  79|0x0000000784f00000, 0x0000000784f00000, 0x0000000785000000|  0%| F|  |TAMS 0x0000000784f00000, 0x0000000784f00000| Untracked 
|  80|0x0000000785000000, 0x0000000785000000, 0x0000000785100000|  0%| F|  |TAMS 0x0000000785000000, 0x0000000785000000| Untracked 
|  81|0x0000000785100000, 0x0000000785100000, 0x0000000785200000|  0%| F|  |TAMS 0x0000000785100000, 0x0000000785100000| Untracked 
|  82|0x0000000785200000, 0x0000000785200000, 0x0000000785300000|  0%| F|  |TAMS 0x0000000785200000, 0x0000000785200000| Untracked 
|  83|0x0000000785300000, 0x0000000785300000, 0x0000000785400000|  0%| F|  |TAMS 0x0000000785300000, 0x0000000785300000| Untracked 
|  84|0x0000000785400000, 0x0000000785400000, 0x0000000785500000|  0%| F|  |TAMS 0x0000000785400000, 0x0000000785400000| Untracked 
|  85|0x0000000785500000, 0x0000000785500000, 0x0000000785600000|  0%| F|  |TAMS 0x0000000785500000, 0x0000000785500000| Untracked 
|  86|0x0000000785600000, 0x0000000785600000, 0x0000000785700000|  0%| F|  |TAMS 0x0000000785600000, 0x0000000785600000| Untracked 
|  87|0x0000000785700000, 0x0000000785700000, 0x0000000785800000|  0%| F|  |TAMS 0x0000000785700000, 0x0000000785700000| Untracked 
|  88|0x0000000785800000, 0x0000000785800000, 0x0000000785900000|  0%| F|  |TAMS 0x0000000785800000, 0x0000000785800000| Untracked 
|  89|0x0000000785900000, 0x0000000785900000, 0x0000000785a00000|  0%| F|  |TAMS 0x0000000785900000, 0x0000000785900000| Untracked 
|  90|0x0000000785a00000, 0x0000000785a00000, 0x0000000785b00000|  0%| F|  |TAMS 0x0000000785a00000, 0x0000000785a00000| Untracked 
|  91|0x0000000785b00000, 0x0000000785b00000, 0x0000000785c00000|  0%| F|  |TAMS 0x0000000785b00000, 0x0000000785b00000| Untracked 
|  92|0x0000000785c00000, 0x0000000785c00000, 0x0000000785d00000|  0%| F|  |TAMS 0x0000000785c00000, 0x0000000785c00000| Untracked 
|  93|0x0000000785d00000, 0x0000000785d00000, 0x0000000785e00000|  0%| F|  |TAMS 0x0000000785d00000, 0x0000000785d00000| Untracked 
|  94|0x0000000785e00000, 0x0000000785e00000, 0x0000000785f00000|  0%| F|  |TAMS 0x0000000785e00000, 0x0000000785e00000| Untracked 
|  95|0x0000000785f00000, 0x0000000785f00000, 0x0000000786000000|  0%| F|  |TAMS 0x0000000785f00000, 0x0000000785f00000| Untracked 
|  96|0x0000000786000000, 0x0000000786000000, 0x0000000786100000|  0%| F|  |TAMS 0x0000000786000000, 0x0000000786000000| Untracked 
|  97|0x0000000786100000, 0x0000000786100000, 0x0000000786200000|  0%| F|  |TAMS 0x0000000786100000, 0x0000000786100000| Untracked 
|  98|0x0000000786200000, 0x0000000786200000, 0x0000000786300000|  0%| F|  |TAMS 0x0000000786200000, 0x0000000786200000| Untracked 
|  99|0x0000000786300000, 0x0000000786300000, 0x0000000786400000|  0%| F|  |TAMS 0x0000000786300000, 0x0000000786300000| Untracked 
| 100|0x0000000786400000, 0x0000000786400000, 0x0000000786500000|  0%| F|  |TAMS 0x0000000786400000, 0x0000000786400000| Untracked 
| 101|0x0000000786500000, 0x0000000786500000, 0x0000000786600000|  0%| F|  |TAMS 0x0000000786500000, 0x0000000786500000| Untracked 
| 102|0x0000000786600000, 0x0000000786600000, 0x0000000786700000|  0%| F|  |TAMS 0x0000000786600000, 0x0000000786600000| Untracked 
| 103|0x0000000786700000, 0x000000078676f920, 0x0000000786800000| 43%| S|CS|TAMS 0x0000000786700000, 0x0000000786700000| Complete 
| 104|0x0000000786800000, 0x0000000786900000, 0x0000000786900000|100%| S|CS|TAMS 0x0000000786800000, 0x0000000786800000| Complete 
| 105|0x0000000786900000, 0x0000000786a00000, 0x0000000786a00000|100%| S|CS|TAMS 0x0000000786900000, 0x0000000786900000| Complete 
| 106|0x0000000786a00000, 0x0000000786a00000, 0x0000000786b00000|  0%| F|  |TAMS 0x0000000786a00000, 0x0000000786a00000| Untracked 
| 107|0x0000000786b00000, 0x0000000786b00000, 0x0000000786c00000|  0%| F|  |TAMS 0x0000000786b00000, 0x0000000786b00000| Untracked 
| 108|0x0000000786c00000, 0x0000000786c00000, 0x0000000786d00000|  0%| F|  |TAMS 0x0000000786c00000, 0x0000000786c00000| Untracked 
| 109|0x0000000786d00000, 0x0000000786d00000, 0x0000000786e00000|  0%| F|  |TAMS 0x0000000786d00000, 0x0000000786d00000| Untracked 
| 110|0x0000000786e00000, 0x0000000786e00000, 0x0000000786f00000|  0%| F|  |TAMS 0x0000000786e00000, 0x0000000786e00000| Untracked 
| 111|0x0000000786f00000, 0x0000000786f00000, 0x0000000787000000|  0%| F|  |TAMS 0x0000000786f00000, 0x0000000786f00000| Untracked 
| 112|0x0000000787000000, 0x0000000787000000, 0x0000000787100000|  0%| F|  |TAMS 0x0000000787000000, 0x0000000787000000| Untracked 
| 113|0x0000000787100000, 0x0000000787100000, 0x0000000787200000|  0%| F|  |TAMS 0x0000000787100000, 0x0000000787100000| Untracked 
| 114|0x0000000787200000, 0x0000000787200000, 0x0000000787300000|  0%| F|  |TAMS 0x0000000787200000, 0x0000000787200000| Untracked 
| 115|0x0000000787300000, 0x0000000787300000, 0x0000000787400000|  0%| F|  |TAMS 0x0000000787300000, 0x0000000787300000| Untracked 
| 116|0x0000000787400000, 0x0000000787400000, 0x0000000787500000|  0%| F|  |TAMS 0x0000000787400000, 0x0000000787400000| Untracked 
| 117|0x0000000787500000, 0x0000000787500000, 0x0000000787600000|  0%| F|  |TAMS 0x0000000787500000, 0x0000000787500000| Untracked 
| 118|0x0000000787600000, 0x0000000787600000, 0x0000000787700000|  0%| F|  |TAMS 0x0000000787600000, 0x0000000787600000| Untracked 
| 119|0x0000000787700000, 0x0000000787800000, 0x0000000787800000|100%| E|  |TAMS 0x0000000787700000, 0x0000000787700000| Complete 
| 120|0x0000000787800000, 0x0000000787900000, 0x0000000787900000|100%| E|CS|TAMS 0x0000000787800000, 0x0000000787800000| Complete 
| 121|0x0000000787900000, 0x0000000787a00000, 0x0000000787a00000|100%| E|CS|TAMS 0x0000000787900000, 0x0000000787900000| Complete 
| 122|0x0000000787a00000, 0x0000000787b00000, 0x0000000787b00000|100%| E|CS|TAMS 0x0000000787a00000, 0x0000000787a00000| Complete 
| 123|0x0000000787b00000, 0x0000000787c00000, 0x0000000787c00000|100%| E|CS|TAMS 0x0000000787b00000, 0x0000000787b00000| Complete 
| 124|0x0000000787c00000, 0x0000000787d00000, 0x0000000787d00000|100%| E|CS|TAMS 0x0000000787c00000, 0x0000000787c00000| Complete 
| 125|0x0000000787d00000, 0x0000000787e00000, 0x0000000787e00000|100%| E|CS|TAMS 0x0000000787d00000, 0x0000000787d00000| Complete 
| 126|0x0000000787e00000, 0x0000000787f00000, 0x0000000787f00000|100%| E|CS|TAMS 0x0000000787e00000, 0x0000000787e00000| Complete 
| 127|0x0000000787f00000, 0x0000000788000000, 0x0000000788000000|100%| E|CS|TAMS 0x0000000787f00000, 0x0000000787f00000| Complete 
|2046|0x00000007ffe00000, 0x00000007ffe76000, 0x00000007fff00000| 46%|OA|  |TAMS 0x00000007ffe00000, 0x00000007ffe00000| Untracked 
|2047|0x00000007fff00000, 0x00000007fff7f000, 0x0000000800000000| 49%|CA|  |TAMS 0x00000007fff00000, 0x00000007fff00000| Untracked 

Card table byte_map: [0x000000010edf5000,0x000000010f1f5000] _byte_map_base: 0x000000010b1f5000

Marking Bits (Prev, Next): (CMBitMap*) 0x00007f8a7e00b610, (CMBitMap*) 0x00007f8a7e00b650
 Prev Bits: [0x0000000128ada000, 0x000000012aada000)
 Next Bits: [0x000000012aada000, 0x000000012cada000)

Polling page: 0x000000010e740000

Metaspace:

Usage:
  Non-class:      9,46 MB used.
      Class:      1,56 MB used.
       Both:     11,02 MB used.

Virtual space:
  Non-class space:       16,00 MB reserved,       9,56 MB ( 60%) committed,  2 nodes.
      Class space:        1,00 GB reserved,       1,62 MB ( <1%) committed,  1 nodes.
             Both:        1,02 GB reserved,      11,19 MB (  1%) committed. 

Chunk freelists:
   Non-Class:  1,20 MB
       Class:  2,32 MB
        Both:  3,52 MB

MaxMetaspaceSize: unlimited
CompressedClassSpaceSize: 1,00 GB
Initial GC threshold: 21,00 MB
Current GC threshold: 21,00 MB
CDS: on
MetaspaceReclaimPolicy: balanced
 - commit_granule_bytes: 65536.
 - commit_granule_words: 8192.
 - virtual_space_node_default_size: 1048576.
 - enlarge_chunks_in_place: 1.
 - new_chunks_are_fully_committed: 0.
 - uncommit_free_chunks: 1.
 - use_allocation_guard: 0.
 - handle_deallocations: 1.


Internal statistics:

num_allocs_failed_limit: 0.
num_arena_births: 142.
num_arena_deaths: 0.
num_vsnodes_births: 3.
num_vsnodes_deaths: 0.
num_space_committed: 179.
num_space_uncommitted: 0.
num_chunks_returned_to_freelist: 0.
num_chunks_taken_from_freelist: 501.
num_chunk_merges: 0.
num_chunk_splits: 355.
num_chunks_enlarged: 288.
num_purges: 0.
num_inconsistent_stats: 0.

CodeHeap 'non-profiled nmethods': size=120032Kb used=605Kb max_used=605Kb free=119426Kb
 bounds [0x00000001215a2000, 0x0000000121812000, 0x0000000128ada000]
CodeHeap 'profiled nmethods': size=120028Kb used=2585Kb max_used=2585Kb free=117442Kb
 bounds [0x000000011a06b000, 0x000000011a2fb000, 0x00000001215a2000]
CodeHeap 'non-nmethods': size=5700Kb used=1376Kb max_used=1455Kb free=4323Kb
 bounds [0x0000000119ada000, 0x0000000119d4a000, 0x000000011a06b000]
 total_blobs=2349 nmethods=1614 adapters=648
 compilation: enabled
              stopped_count=0, restarted_count=0
 full_count=0

Compilation events (20 events):
Event: 4,944 Thread 0x00007f8a7f046400 1606       1       com.sun.prism.impl.BaseTexture::getUseMipmap (5 bytes)
Event: 4,944 Thread 0x00007f8a7f046400 nmethod 1606 0x0000000121638390 code [0x0000000121638520, 0x00000001216385f0]
Event: 4,944 Thread 0x00007f8a7f046400 1607       3       java.util.Arrays::fill (28 bytes)
Event: 4,944 Thread 0x00007f8a7f046400 nmethod 1607 0x000000011a2e6d10 code [0x000000011a2e6ec0, 0x000000011a2e70e0]
Event: 4,944 Thread 0x00007f8a7f046400 1608 %     3       com.sun.marlin.Renderer::_endRendering @ 235 (2473 bytes)
Event: 4,949 Thread 0x00007f8a7e08aa00 1609       4       sun.misc.Unsafe::getByte (8 bytes)
Event: 4,951 Thread 0x00007f8a7e08aa00 nmethod 1609 0x0000000121638690 code [0x0000000121638800, 0x0000000121638878]
Event: 4,961 Thread 0x00007f8a7f046400 nmethod 1608% 0x000000011a2e7210 code [0x000000011a2e7800, 0x000000011a2ec500]
Event: 4,961 Thread 0x00007f8a7f046400 1610       3       com.sun.prism.impl.BaseContext::flushVertexBuffer (16 bytes)
Event: 4,962 Thread 0x00007f8a7f046400 nmethod 1610 0x000000011a2f0310 code [0x000000011a2f0500, 0x000000011a2f0af0]
Event: 4,962 Thread 0x00007f8a7f046400 1611       3       com.sun.prism.impl.VertexBuffer::flush (32 bytes)
Event: 4,962 Thread 0x00007f8a7f046400 nmethod 1611 0x000000011a2f0d10 code [0x000000011a2f0ee0, 0x000000011a2f12d0]
Event: 4,962 Thread 0x00007f8a7f046400 1612       1       com.sun.prism.impl.BaseGraphics::getCompositeMode (5 bytes)
Event: 4,962 Thread 0x00007f8a7f046400 nmethod 1612 0x0000000121638990 code [0x0000000121638b20, 0x0000000121638bf0]
Event: 4,962 Thread 0x00007f8a7f046400 1613       1       com.sun.prism.impl.BaseGraphics::getClipRectNoClone (5 bytes)
Event: 4,962 Thread 0x00007f8a7f046400 nmethod 1613 0x0000000121638c90 code [0x0000000121638e20, 0x0000000121638ef0]
Event: 4,962 Thread 0x00007f8a7f046400 1614       1       com.sun.javafx.sg.prism.NGNode::getClipNode (5 bytes)
Event: 4,962 Thread 0x00007f8a7f046400 nmethod 1614 0x0000000121638f90 code [0x0000000121639120, 0x00000001216391f0]
Event: 4,962 Thread 0x00007f8a7f046400 1615       1       com.sun.prism.impl.BaseGraphics::setDepthTest (6 bytes)
Event: 4,962 Thread 0x00007f8a7f046400 nmethod 1615 0x0000000121639290 code [0x0000000121639420, 0x00000001216394f0]

GC Heap History (4 events):
Event: 1,678 GC heap before
{Heap before GC invocations=0 (full 0):
 garbage-first heap   total 133120K, used 13268K [0x0000000780000000, 0x0000000800000000)
  region size 1024K, 13 young (13312K), 0 survivors (0K)
 Metaspace       used 3835K, committed 4032K, reserved 1056768K
  class space    used 443K, committed 576K, reserved 1048576K
}
Event: 1,681 GC heap after
{Heap after GC invocations=1 (full 0):
 garbage-first heap   total 133120K, used 3268K [0x0000000780000000, 0x0000000800000000)
  region size 1024K, 2 young (2048K), 2 survivors (2048K)
 Metaspace       used 3835K, committed 4032K, reserved 1056768K
  class space    used 443K, committed 576K, reserved 1048576K
}
Event: 2,886 GC heap before
{Heap before GC invocations=1 (full 0):
 garbage-first heap   total 133120K, used 22724K [0x0000000780000000, 0x0000000800000000)
  region size 1024K, 22 young (22528K), 2 survivors (2048K)
 Metaspace       used 9044K, committed 9216K, reserved 1064960K
  class space    used 1316K, committed 1408K, reserved 1048576K
}
Event: 2,892 GC heap after
{Heap after GC invocations=2 (full 0):
 garbage-first heap   total 133120K, used 5464K [0x0000000780000000, 0x0000000800000000)
  region size 1024K, 3 young (3072K), 3 survivors (3072K)
 Metaspace       used 9044K, committed 9216K, reserved 1064960K
  class space    used 1316K, committed 1408K, reserved 1048576K
}

Deoptimization events (20 events):
Event: 3,035 Thread 0x00007f8a7f40c600 DEOPT PACKING pc=0x00000001215eb0b0 sp=0x00007ff7b18e17e0
Event: 3,035 Thread 0x00007f8a7f40c600 DEOPT UNPACKING pc=0x0000000119b2c099 sp=0x00007ff7b18e1760 mode 2
Event: 3,505 Thread 0x00007f8a7f045600 DEOPT PACKING pc=0x000000011a0dedd5 sp=0x000070000c51d180
Event: 3,505 Thread 0x00007f8a7f045600 DEOPT UNPACKING pc=0x0000000119b2c82f sp=0x000070000c51c640 mode 0
Event: 3,783 Thread 0x00007f8a7f045600 DEOPT PACKING pc=0x000000011a0dedd5 sp=0x000070000c51d1e0
Event: 3,783 Thread 0x00007f8a7f045600 DEOPT UNPACKING pc=0x0000000119b2c82f sp=0x000070000c51c6a0 mode 0
Event: 3,837 Thread 0x00007f8a7f045600 DEOPT PACKING pc=0x000000011a284592 sp=0x000070000c51ddf0
Event: 3,837 Thread 0x00007f8a7f045600 DEOPT UNPACKING pc=0x0000000119b2c82f sp=0x000070000c51d278 mode 0
Event: 3,844 Thread 0x00007f8a7f045600 DEOPT PACKING pc=0x000000011a284538 sp=0x000070000c51e0d0
Event: 3,844 Thread 0x00007f8a7f045600 DEOPT UNPACKING pc=0x0000000119b2c82f sp=0x000070000c51d558 mode 0
Event: 3,845 Thread 0x00007f8a7f045600 DEOPT PACKING pc=0x000000011a284538 sp=0x000070000c51e0d0
Event: 3,845 Thread 0x00007f8a7f045600 DEOPT UNPACKING pc=0x0000000119b2c82f sp=0x000070000c51d558 mode 0
Event: 4,809 Thread 0x00007f8a7f045600 DEOPT PACKING pc=0x000000011a29cd95 sp=0x000070000c51ddf0
Event: 4,809 Thread 0x00007f8a7f045600 DEOPT UNPACKING pc=0x0000000119b2c82f sp=0x000070000c51d278 mode 0
Event: 4,812 Thread 0x00007f8a7f045600 DEOPT PACKING pc=0x000000011a29cd95 sp=0x000070000c51e0d0
Event: 4,812 Thread 0x00007f8a7f045600 DEOPT UNPACKING pc=0x0000000119b2c82f sp=0x000070000c51d558 mode 0
Event: 4,813 Thread 0x00007f8a7f045600 DEOPT PACKING pc=0x000000011a29cd95 sp=0x000070000c51e0d0
Event: 4,813 Thread 0x00007f8a7f045600 DEOPT UNPACKING pc=0x0000000119b2c82f sp=0x000070000c51d558 mode 0
Event: 4,813 Thread 0x00007f8a7f045600 DEOPT PACKING pc=0x000000011a29cd95 sp=0x000070000c51e0d0
Event: 4,813 Thread 0x00007f8a7f045600 DEOPT UNPACKING pc=0x0000000119b2c82f sp=0x000070000c51d558 mode 0

Classes unloaded (0 events):
No events

Classes redefined (0 events):
No events

Internal exceptions (20 events):
Event: 1,648 Thread 0x00007f8a7e009200 Exception <a 'java/lang/NoSuchMethodError'{0x0000000787672208}: 'java.lang.Object java.lang.invoke.DirectMethodHandle$Holder.newInvokeSpecial(java.lang.Object, java.lang.Object, java.lang.Object, java.lang.Object, java.lang.Object, java.lang.Object)'> (0x0000000787672208) 
thrown [open/src/hotspot/share/interpreter/linkResolver.cpp, line 766]
Event: 1,701 Thread 0x00007f8a7e009200 Exception <a 'java/lang/NoSuchMethodError'{0x0000000787f95e38}: 'java.lang.Object java.lang.invoke.DirectMethodHandle$Holder.newInvokeSpecial(java.lang.Object, java.lang.Object, java.lang.Object, java.lang.Object, java.lang.Object)'> (0x0000000787f95e38) 
thrown [open/src/hotspot/share/interpreter/linkResolver.cpp, line 766]
Event: 1,703 Thread 0x00007f8a7f4c2200 Exception <a 'java/lang/NoSuchMethodError'{0x0000000787fca230}: 'void java.lang.invoke.DirectMethodHandle$Holder.invokeStatic(java.lang.Object, java.lang.Object, java.lang.Object, java.lang.Object)'> (0x0000000787fca230) 
thrown [open/src/hotspot/share/interpreter/linkResolver.cpp, line 766]
Event: 1,840 Thread 0x00007f8a7f40c600 Exception <a 'java/lang/NoSuchMethodError'{0x0000000787becd38}: 'java.lang.Object java.lang.invoke.DirectMethodHandle$Holder.invokeStaticInit(java.lang.Object, java.lang.Object, java.lang.Object, java.lang.Object)'> (0x0000000787becd38) 
thrown [open/src/hotspot/share/interpreter/linkResolver.cpp, line 766]
Event: 1,842 Thread 0x00007f8a7f40c600 Exception <a 'java/lang/NullPointerException'{0x0000000787bf87d8}> (0x0000000787bf87d8) 
thrown [open/src/hotspot/share/interpreter/linkResolver.cpp, line 1357]
Event: 2,046 Thread 0x00007f8a7f40c600 Exception <a 'java/lang/NoSuchMethodError'{0x000000078733ea68}: 'void java.lang.invoke.DirectMethodHandle$Holder.invokeStaticInit(java.lang.Object, java.lang.Object)'> (0x000000078733ea68) 
thrown [open/src/hotspot/share/interpreter/linkResolver.cpp, line 766]
Event: 2,081 Thread 0x00007f8a7f40c600 Exception <a 'java/lang/NoSuchMethodError'{0x0000000787389678}: 'void java.lang.invoke.DirectMethodHandle$Holder.invokeSpecial(java.lang.Object, java.lang.Object, java.lang.Object, java.lang.Object, java.lang.Object)'> (0x0000000787389678) 
thrown [open/src/hotspot/share/interpreter/linkResolver.cpp, line 766]
Event: 2,230 Thread 0x00007f8a7f40c600 Exception <a 'sun/nio/fs/UnixException'{0x00000007870cb2a8}> (0x00000007870cb2a8) 
thrown [open/src/hotspot/share/prims/jni.cpp, line 516]
Event: 2,281 Thread 0x00007f8a7f40c600 Implicit null exception at 0x00000001215ea28d to 0x00000001215ea6c0
Event: 2,885 Thread 0x00007f8a7f40c600 Exception <a 'java/lang/NoSuchMethodError'{0x0000000786af98b0}: 'java.lang.Object java.lang.invoke.DirectMethodHandle$Holder.invokeInterface(java.lang.Object, java.lang.Object, java.lang.Object)'> (0x0000000786af98b0) 
thrown [open/src/hotspot/share/interpreter/linkResolver.cpp, line 766]
Event: 2,886 Thread 0x00007f8a7f40c600 Exception <a 'java/lang/IncompatibleClassChangeError'{0x0000000786afd238}: Found class java.lang.Object, but interface was expected> (0x0000000786afd238) 
thrown [open/src/hotspot/share/interpreter/linkResolver.cpp, line 833]
Event: 3,019 Thread 0x00007f8a7f40c600 Exception <a 'java/io/FileNotFoundException'{0x0000000787e9cf58}> (0x0000000787e9cf58) 
thrown [open/src/hotspot/share/prims/jni.cpp, line 516]
Event: 3,020 Thread 0x00007f8a7f40c600 Exception <a 'java/io/FileNotFoundException'{0x0000000787e9eca8}> (0x0000000787e9eca8) 
thrown [open/src/hotspot/share/prims/jni.cpp, line 516]
Event: 3,020 Thread 0x00007f8a7f40c600 Exception <a 'java/io/FileNotFoundException'{0x0000000787ea0128}> (0x0000000787ea0128) 
thrown [open/src/hotspot/share/prims/jni.cpp, line 516]
Event: 3,049 Thread 0x00007f8a7f40c600 Exception <a 'java/lang/NoSuchMethodError'{0x0000000787d2be30}: 'java.lang.Object java.lang.invoke.DirectMethodHandle$Holder.newInvokeSpecial(java.lang.Object, java.lang.Object, int)'> (0x0000000787d2be30) 
thrown [open/src/hotspot/share/interpreter/linkResolver.cpp, line 766]
Event: 3,409 Thread 0x00007f8a7f045600 Exception <a 'java/lang/NoSuchMethodError'{0x0000000787c5dbc8}: 'int java.lang.invoke.DirectMethodHandle$Holder.invokeStaticInit(java.lang.Object, java.lang.Object)'> (0x0000000787c5dbc8) 
thrown [open/src/hotspot/share/interpreter/linkResolver.cpp, line 766]
Event: 4,803 Thread 0x00007f8a7f40c600 Exception <a 'java/lang/NoSuchMethodError'{0x00000007877a4260}: 'long java.lang.invoke.DirectMethodHandle$Holder.invokeStatic(java.lang.Object, java.lang.Object, java.lang.Object)'> (0x00000007877a4260) 
thrown [open/src/hotspot/share/interpreter/linkResolver.cpp, line 766]
Event: 4,804 Thread 0x00007f8a7f40c600 Exception <a 'java/lang/NoSuchMethodError'{0x00000007877a7a08}: 'long java.lang.invoke.DirectMethodHandle$Holder.invokeStaticInit(java.lang.Object, java.lang.Object, java.lang.Object)'> (0x00000007877a7a08) 
thrown [open/src/hotspot/share/interpreter/linkResolver.cpp, line 766]
Event: 4,806 Thread 0x00007f8a7f40c600 Exception <a 'java/lang/NoSuchMethodError'{0x00000007877bf610}: 'java.lang.Object java.lang.invoke.DirectMethodHandle$Holder.newInvokeSpecial(java.lang.Object, java.lang.Object, long)'> (0x00000007877bf610) 
thrown [open/src/hotspot/share/interpreter/linkResolver.cpp, line 766]
Event: 4,806 Thread 0x00007f8a7f40c600 Exception <a 'java/lang/NoSuchMethodError'{0x00000007877c2ed8}: 'java.lang.Object java.lang.invoke.Invokers$Holder.linkToTargetMethod(java.lang.Object, long, java.lang.Object)'> (0x00000007877c2ed8) 
thrown [open/src/hotspot/share/interpreter/linkResolver.cpp, line 766]

VM Operations (20 events):
Event: 0,359 Executing VM operation: HandshakeAllThreads
Event: 0,359 Executing VM operation: HandshakeAllThreads done
Event: 0,361 Executing VM operation: HandshakeAllThreads
Event: 0,361 Executing VM operation: HandshakeAllThreads done
Event: 1,364 Executing VM operation: Cleanup
Event: 1,364 Executing VM operation: Cleanup done
Event: 1,678 Executing VM operation: G1CollectForAllocation
Event: 1,691 Executing VM operation: G1CollectForAllocation done
Event: 1,912 Executing VM operation: HandshakeAllThreads
Event: 1,912 Executing VM operation: HandshakeAllThreads done
Event: 2,869 Executing VM operation: HandshakeAllThreads
Event: 2,869 Executing VM operation: HandshakeAllThreads done
Event: 2,869 Executing VM operation: Cleanup
Event: 2,879 Executing VM operation: Cleanup done
Event: 2,886 Executing VM operation: G1CollectForAllocation
Event: 2,902 Executing VM operation: G1CollectForAllocation done
Event: 3,904 Executing VM operation: Cleanup
Event: 3,904 Executing VM operation: Cleanup done
Event: 4,909 Executing VM operation: Cleanup
Event: 4,910 Executing VM operation: Cleanup done

Events (20 events):
Event: 3,554 loading class jdk/internal/ref/CleanerImpl$InnocuousThreadFactory
Event: 3,554 loading class jdk/internal/ref/CleanerImpl$InnocuousThreadFactory done
Event: 3,554 Thread 0x00007f8a7f4fa000 Thread added: 0x00007f8a7f4fa000
Event: 3,554 Protecting memory [0x000070000ce44000,0x000070000ce48000] with protection modes 0
Event: 3,566 loading class sun/misc/Unsafe
Event: 3,566 loading class sun/misc/Unsafe done
Event: 3,567 loading class jdk/internal/reflect/UnsafeFieldAccessorFactory
Event: 3,568 loading class jdk/internal/reflect/UnsafeFieldAccessorFactory done
Event: 3,568 loading class jdk/internal/reflect/UnsafeQualifiedStaticObjectFieldAccessorImpl
Event: 3,568 loading class jdk/internal/reflect/UnsafeQualifiedStaticFieldAccessorImpl
Event: 3,568 loading class jdk/internal/reflect/UnsafeQualifiedStaticFieldAccessorImpl done
Event: 3,568 loading class jdk/internal/reflect/UnsafeQualifiedStaticObjectFieldAccessorImpl done
Event: 3,641 loading class java/nio/DirectFloatBufferU
Event: 3,641 loading class java/nio/DirectFloatBufferU done
Event: 3,716 Protecting memory [0x000070000c72c000,0x000070000c730000] with protection modes 3
Event: 3,717 Thread 0x00007f8a7f546c00 Thread exited: 0x00007f8a7f546c00
Event: 4,701 Protecting memory [0x000070000c72c000,0x000070000c730000] with protection modes 0
Event: 4,701 Thread 0x00007f8a8224cc00 Thread added: 0x00007f8a8224cc00
Event: 4,719 loading class jdk/internal/misc/ScopedMemoryAccess$Scope
Event: 4,719 loading class jdk/internal/misc/ScopedMemoryAccess$Scope done


Dynamic libraries:
0x000000010e742000 	/Library/Java/JavaVirtualMachines/jdk-17.0.2.jdk/Contents/Home/lib/libjli.dylib
0x00007ff814e48000 	/usr/lib/libz.1.dylib
0x00007ff814f28000 	/usr/lib/libSystem.B.dylib
0x00007ff814f23000 	/usr/lib/system/libcache.dylib
0x00007ff814edf000 	/usr/lib/system/libcommonCrypto.dylib
0x00007ff814f08000 	/usr/lib/system/libcompiler_rt.dylib
0x00007ff814efe000 	/usr/lib/system/libcopyfile.dylib
0x00007ff809ed3000 	/usr/lib/system/libcorecrypto.dylib
0x00007ff809f91000 	/usr/lib/system/libdispatch.dylib
0x00007ff80a155000 	/usr/lib/system/libdyld.dylib
0x00007ff814f1a000 	/usr/lib/system/libkeymgr.dylib
0x00007ff814ebd000 	/usr/lib/system/libmacho.dylib
0x00007ff81453c000 	/usr/lib/system/libquarantine.dylib
0x00007ff814f18000 	/usr/lib/system/libremovefile.dylib
0x00007ff80f0cf000 	/usr/lib/system/libsystem_asl.dylib
0x00007ff809e7c000 	/usr/lib/system/libsystem_blocks.dylib
0x00007ff80a019000 	/usr/lib/system/libsystem_c.dylib
0x00007ff814f10000 	/usr/lib/system/libsystem_collections.dylib
0x00007ff8137e9000 	/usr/lib/system/libsystem_configuration.dylib
0x00007ff812a95000 	/usr/lib/system/libsystem_containermanager.dylib
0x00007ff814bf6000 	/usr/lib/system/libsystem_coreservices.dylib
0x00007ff80c778000 	/usr/lib/system/libsystem_darwin.dylib
0x00007ff814f1b000 	/usr/lib/system/libsystem_dnssd.dylib
0x00007ff80a016000 	/usr/lib/system/libsystem_featureflags.dylib
0x00007ff80a16b000 	/usr/lib/system/libsystem_info.dylib
0x00007ff814e5b000 	/usr/lib/system/libsystem_m.dylib
0x00007ff809f65000 	/usr/lib/system/libsystem_malloc.dylib
0x00007ff80f06a000 	/usr/lib/system/libsystem_networkextension.dylib
0x00007ff80cb9e000 	/usr/lib/system/libsystem_notify.dylib
0x00007ff81b186000 	/usr/lib/system/libsystem_product_info_filter.dylib
0x00007ff8137ed000 	/usr/lib/system/libsystem_sandbox.dylib
0x00007ff814f15000 	/usr/lib/system/libsystem_secinit.dylib
0x00007ff80a111000 	/usr/lib/system/libsystem_kernel.dylib
0x00007ff80a161000 	/usr/lib/system/libsystem_platform.dylib
0x00007ff80a149000 	/usr/lib/system/libsystem_pthread.dylib
0x00007ff810917000 	/usr/lib/system/libsystem_symptoms.dylib
0x00007ff809eba000 	/usr/lib/system/libsystem_trace.dylib
0x00007ff814eeb000 	/usr/lib/system/libunwind.dylib
0x00007ff809e7e000 	/usr/lib/system/libxpc.dylib
0x00007ff80a0fb000 	/usr/lib/libc++abi.dylib
0x00007ff809fd8000 	/usr/lib/libobjc.A.dylib
0x00007ff814ef6000 	/usr/lib/liboah.dylib
0x00007ff80a0a2000 	/usr/lib/libc++.1.dylib
0x00007ff820f7f000 	/System/Library/Frameworks/Cocoa.framework/Versions/A/Cocoa
0x00007ff80cbfc000 	/System/Library/Frameworks/AppKit.framework/Versions/C/AppKit
0x00007ff810107000 	/System/Library/Frameworks/CoreData.framework/Versions/A/CoreData
0x00007ff80b008000 	/System/Library/Frameworks/Foundation.framework/Versions/C/Foundation
0x00007ff80da8a000 	/System/Library/PrivateFrameworks/UIFoundation.framework/Versions/A/UIFoundation
0x00007ff81ae89000 	/System/Library/PrivateFrameworks/RemoteViewServices.framework/Versions/A/RemoteViewServices
0x00007ff813173000 	/System/Library/PrivateFrameworks/XCTTargetBootstrap.framework/Versions/A/XCTTargetBootstrap
0x00007ff816d2f000 	/System/Library/PrivateFrameworks/InternationalSupport.framework/Versions/A/InternationalSupport
0x00007ff816db9000 	/System/Library/PrivateFrameworks/UserActivity.framework/Versions/A/UserActivity
0x00007ff81610f000 	/usr/lib/libspindump.dylib
0x00007ff80dd18000 	/System/Library/Frameworks/UniformTypeIdentifiers.framework/Versions/A/UniformTypeIdentifiers
0x00007ff81189c000 	/usr/lib/libapp_launch_measurement.dylib
0x00007ff810ad7000 	/System/Library/PrivateFrameworks/CoreAnalytics.framework/Versions/A/CoreAnalytics
0x00007ff81189f000 	/System/Library/PrivateFrameworks/CoreAutoLayout.framework/Versions/A/CoreAutoLayout
0x00007ff812acd000 	/System/Library/Frameworks/Metal.framework/Versions/A/Metal
0x00007ff8137f9000 	/usr/lib/liblangid.dylib
0x00007ff813178000 	/System/Library/PrivateFrameworks/CoreSVG.framework/Versions/A/CoreSVG
0x00007ff80f0ff000 	/System/Library/PrivateFrameworks/SkyLight.framework/Versions/A/SkyLight
0x00007ff80f49d000 	/System/Library/Frameworks/CoreGraphics.framework/Versions/A/CoreGraphics
0x00007ff81b549000 	/System/Library/Frameworks/Accelerate.framework/Versions/A/Accelerate
0x00007ff815b8e000 	/System/Library/PrivateFrameworks/IconServices.framework/Versions/A/IconServices
0x00007ff812ab2000 	/System/Library/Frameworks/IOSurface.framework/Versions/A/IOSurface
0x00007ff810b05000 	/usr/lib/libDiagnosticMessagesClient.dylib
0x00007ff81ec2c000 	/System/Library/Frameworks/ApplicationServices.framework/Versions/A/ApplicationServices
0x00007ff81315f000 	/System/Library/PrivateFrameworks/DFRFoundation.framework/Versions/A/DFRFoundation
0x00007ff80c4e4000 	/usr/lib/libicucore.A.dylib
0x00007ff817b24000 	/System/Library/Frameworks/AudioToolbox.framework/Versions/A/AudioToolbox
0x00007ff816d3b000 	/System/Library/PrivateFrameworks/DataDetectorsCore.framework/Versions/A/DataDetectorsCore
0x00007ff912cc8000 	/System/Library/PrivateFrameworks/TextInput.framework/Versions/A/TextInput
0x00007ff80f082000 	/usr/lib/libMobileGestalt.dylib
0x00007ff812e6b000 	/System/Library/Frameworks/Carbon.framework/Versions/A/Frameworks/HIToolbox.framework/Versions/A/HIToolbox
0x00007ff8112a2000 	/System/Library/Frameworks/QuartzCore.framework/Versions/A/QuartzCore
0x00007ff80c18b000 	/System/Library/Frameworks/Security.framework/Versions/A/Security
0x00007ff81aec1000 	/System/Library/Frameworks/Carbon.framework/Versions/A/Frameworks/SpeechRecognition.framework/Versions/A/SpeechRecognition
0x00007ff8115fc000 	/System/Library/PrivateFrameworks/CoreUI.framework/Versions/A/CoreUI
0x00007ff80ba57000 	/System/Library/Frameworks/CoreAudio.framework/Versions/A/CoreAudio
0x00007ff810bf4000 	/System/Library/Frameworks/DiskArbitration.framework/Versions/A/DiskArbitration
0x00007ff8164fd000 	/System/Library/PrivateFrameworks/MultitouchSupport.framework/Versions/A/MultitouchSupport
0x00007ff80f081000 	/usr/lib/libenergytrace.dylib
0x00007ff80cae8000 	/System/Library/Frameworks/IOKit.framework/Versions/A/IOKit
0x00007ff81b2b1000 	/System/Library/Frameworks/CoreServices.framework/Versions/A/CoreServices
0x00007ff811836000 	/System/Library/PrivateFrameworks/PerformanceAnalysis.framework/Versions/A/PerformanceAnalysis
0x00007ffa221ec000 	/System/Library/Frameworks/OpenGL.framework/Versions/A/OpenGL
0x00007ff814462000 	/System/Library/PrivateFrameworks/MobileKeyBag.framework/Versions/A/MobileKeyBag
0x00007ff80fb68000 	/System/Library/Frameworks/ColorSync.framework/Versions/A/ColorSync
0x00007ff80a196000 	/System/Library/Frameworks/CoreFoundation.framework/Versions/A/CoreFoundation
0x00007ff8133ef000 	/System/Library/Frameworks/CoreImage.framework/Versions/A/CoreImage
0x00007ff80b86f000 	/System/Library/Frameworks/CoreText.framework/Versions/A/CoreText
0x00007ff8131a8000 	/System/Library/Frameworks/ImageIO.framework/Versions/A/ImageIO
0x00007ff814f2e000 	/System/Library/PrivateFrameworks/SoftLinking.framework/Versions/A/SoftLinking
0x00007ff8118e7000 	/usr/lib/libxml2.2.dylib
0x00007ff8151b2000 	/usr/lib/libcompression.dylib
0x00007ff816c62000 	/System/Library/PrivateFrameworks/TextureIO.framework/Versions/A/TextureIO
0x00007ff8158a0000 	/usr/lib/libate.dylib
0x00007ff81567c000 	/usr/lib/liblzma.5.dylib
0x00007ff80ad1b000 	/System/Library/Frameworks/SystemConfiguration.framework/Versions/A/SystemConfiguration
0x00007ff814f2a000 	/usr/lib/libfakelink.dylib
0x00007ff80ebdb000 	/System/Library/Frameworks/CFNetwork.framework/Versions/A/CFNetwork
0x00007ff81506b000 	/usr/lib/libarchive.2.dylib
0x00007ff8137f5000 	/System/Library/PrivateFrameworks/AppleSystemInfo.framework/Versions/A/AppleSystemInfo
0x00007ff814563000 	/usr/lib/libbsm.0.dylib
0x00007ff80e1ee000 	/usr/lib/libnetwork.dylib
0x00007ff814ec3000 	/usr/lib/system/libkxld.dylib
0x00007ff81418f000 	/System/Library/PrivateFrameworks/IOMobileFramebuffer.framework/Versions/A/IOMobileFramebuffer
0x00007ffb216f3000 	/usr/lib/libCoreEntitlements.dylib
0x00007ff814bd8000 	/System/Library/PrivateFrameworks/AppleFSCompression.framework/Versions/A/AppleFSCompression
0x00007ff81454b000 	/usr/lib/libcoretls.dylib
0x00007ff815696000 	/usr/lib/libcoretls_cfhelpers.dylib
0x00007ff8151ad000 	/usr/lib/libpam.2.dylib
0x00007ff810537000 	/usr/lib/libsqlite3.dylib
0x00007ff815705000 	/usr/lib/libxar.1.dylib
0x00007ff814be8000 	/usr/lib/libbz2.1.0.dylib
0x00007ff814f2f000 	/usr/lib/libpcap.A.dylib
0x00007ff81090f000 	/usr/lib/libdns_services.dylib
0x00007ff81517d000 	/usr/lib/libapple_nghttp2.dylib
0x00007ff814f69000 	/usr/lib/libiconv.2.dylib
0x00007ff814ebc000 	/usr/lib/libcharset.1.dylib
0x00007ff81186a000 	/System/Library/Frameworks/CoreServices.framework/Versions/A/Frameworks/FSEvents.framework/Versions/A/FSEvents
0x00007ff80c782000 	/System/Library/Frameworks/CoreServices.framework/Versions/A/Frameworks/CarbonCore.framework/Versions/A/CarbonCore
0x00007ff810b58000 	/System/Library/Frameworks/CoreServices.framework/Versions/A/Frameworks/Metadata.framework/Versions/A/Metadata
0x00007ff814bfb000 	/System/Library/Frameworks/CoreServices.framework/Versions/A/Frameworks/OSServices.framework/Versions/A/OSServices
0x00007ff8150f2000 	/System/Library/Frameworks/CoreServices.framework/Versions/A/Frameworks/SearchKit.framework/Versions/A/SearchKit
0x00007ff8108a2000 	/System/Library/Frameworks/CoreServices.framework/Versions/A/Frameworks/AE.framework/Versions/A/AE
0x00007ff80a698000 	/System/Library/Frameworks/CoreServices.framework/Versions/A/Frameworks/LaunchServices.framework/Versions/A/LaunchServices
0x00007ff81562d000 	/System/Library/Frameworks/CoreServices.framework/Versions/A/Frameworks/DictionaryServices.framework/Versions/A/DictionaryServices
0x00007ff811877000 	/System/Library/Frameworks/CoreServices.framework/Versions/A/Frameworks/SharedFileList.framework/Versions/A/SharedFileList
0x00007ff81453f000 	/usr/lib/libCheckFix.dylib
0x00007ff80f0e6000 	/System/Library/PrivateFrameworks/TCC.framework/Versions/A/TCC
0x00007ff8137fb000 	/System/Library/PrivateFrameworks/CoreNLP.framework/Versions/A/CoreNLP
0x00007ff810b08000 	/System/Library/PrivateFrameworks/MetadataUtilities.framework/Versions/A/MetadataUtilities
0x00007ff80adcb000 	/usr/lib/libmecabra.dylib
0x00007ff814573000 	/usr/lib/libmecab.dylib
0x00007ff80ad96000 	/usr/lib/libCRFSuite.dylib
0x00007ff8145cd000 	/usr/lib/libgermantok.dylib
0x00007ff815158000 	/usr/lib/libThaiTokenizer.dylib
0x00007ff810bfb000 	/System/Library/Frameworks/Accelerate.framework/Versions/A/Frameworks/vImage.framework/Versions/A/vImage
0x00007ff81b288000 	/System/Library/Frameworks/Accelerate.framework/Versions/A/Frameworks/vecLib.framework/Versions/A/vecLib
0x00007ff815746000 	/System/Library/Frameworks/Accelerate.framework/Versions/A/Frameworks/vecLib.framework/Versions/A/libvMisc.dylib
0x00007ff813fba000 	/System/Library/Frameworks/Accelerate.framework/Versions/A/Frameworks/vecLib.framework/Versions/A/libvDSP.dylib
0x00007ff80aa12000 	/System/Library/Frameworks/Accelerate.framework/Versions/A/Frameworks/vecLib.framework/Versions/A/libBLAS.dylib
0x00007ff81528f000 	/System/Library/Frameworks/Accelerate.framework/Versions/A/Frameworks/vecLib.framework/Versions/A/libLAPACK.dylib
0x00007ff8145d0000 	/System/Library/Frameworks/Accelerate.framework/Versions/A/Frameworks/vecLib.framework/Versions/A/libLinearAlgebra.dylib
0x00007ff815195000 	/System/Library/Frameworks/Accelerate.framework/Versions/A/Frameworks/vecLib.framework/Versions/A/libSparseBLAS.dylib
0x00007ff815289000 	/System/Library/Frameworks/Accelerate.framework/Versions/A/Frameworks/vecLib.framework/Versions/A/libQuadrature.dylib
0x00007ff8138e6000 	/System/Library/Frameworks/Accelerate.framework/Versions/A/Frameworks/vecLib.framework/Versions/A/libBNNS.dylib
0x00007ff80acac000 	/System/Library/Frameworks/Accelerate.framework/Versions/A/Frameworks/vecLib.framework/Versions/A/libSparse.dylib
0x00007ff8138df000 	/System/Library/PrivateFrameworks/LinguisticData.framework/Versions/A/LinguisticData
0x00007ff80ac62000 	/System/Library/PrivateFrameworks/Lexicon.framework/Versions/A/Lexicon
0x00007ff81573f000 	/usr/lib/libChineseTokenizer.dylib
0x00007ff80b3c4000 	/System/Library/PrivateFrameworks/LanguageModeling.framework/Versions/A/LanguageModeling
0x00007ff81515a000 	/System/Library/PrivateFrameworks/AppleSauce.framework/Versions/A/AppleSauce
0x00007ff81417d000 	/System/Library/PrivateFrameworks/CoreEmoji.framework/Versions/A/CoreEmoji
0x00007ff81505a000 	/usr/lib/libcmph.dylib
0x00007ff81184e000 	/System/Library/Frameworks/OpenDirectory.framework/Versions/A/Frameworks/CFOpenDirectory.framework/Versions/A/CFOpenDirectory
0x00007ff811842000 	/System/Library/Frameworks/OpenDirectory.framework/Versions/A/OpenDirectory
0x00007ff815698000 	/System/Library/PrivateFrameworks/APFS.framework/Versions/A/APFS
0x00007ff81449a000 	/System/Library/Frameworks/SecurityFoundation.framework/Versions/A/SecurityFoundation
0x00007ff815713000 	/usr/lib/libutil.dylib
0x00007ff80caac000 	/System/Library/PrivateFrameworks/CoreServicesStore.framework/Versions/A/CoreServicesStore
0x00007ff815717000 	/usr/lib/libxslt.1.dylib
0x00007ff814527000 	/System/Library/PrivateFrameworks/BackgroundTaskManagement.framework/Versions/A/BackgroundTaskManagement
0x00007ff816b82000 	/System/Library/Frameworks/ImageIO.framework/Versions/A/Resources/libRadiance.dylib
0x00007ff816b8b000 	/System/Library/Frameworks/ImageIO.framework/Versions/A/Resources/libJPEG.dylib
0x00007ff816adc000 	/System/Library/Frameworks/ImageIO.framework/Versions/A/Resources/libPng.dylib
0x00007ff816afd000 	/System/Library/Frameworks/ImageIO.framework/Versions/A/Resources/libTIFF.dylib
0x00007ff816beb000 	/System/Library/Frameworks/ImageIO.framework/Versions/A/Resources/libGIF.dylib
0x00007ff816417000 	/System/Library/Frameworks/ImageIO.framework/Versions/A/Resources/libJP2.dylib
0x00007ff815b55000 	/usr/lib/libexpat.1.dylib
0x00007ff8163cc000 	/System/Library/PrivateFrameworks/AppleJPEG.framework/Versions/A/AppleJPEG
0x00007ff812d2f000 	/System/Library/PrivateFrameworks/FontServices.framework/libFontParser.dylib
0x00007ff81084c000 	/System/Library/PrivateFrameworks/RunningBoardServices.framework/Versions/A/RunningBoardServices
0x00007ff821537000 	/System/Library/PrivateFrameworks/IOSurfaceAccelerator.framework/Versions/A/IOSurfaceAccelerator
0x00007ff8164f9000 	/System/Library/PrivateFrameworks/WatchdogClient.framework/Versions/A/WatchdogClient
0x00007ff80b4b2000 	/System/Library/Frameworks/CoreDisplay.framework/Versions/A/CoreDisplay
0x00007ff812c2d000 	/System/Library/Frameworks/CoreMedia.framework/Versions/A/CoreMedia
0x00007ff812ac4000 	/System/Library/PrivateFrameworks/IOAccelerator.framework/Versions/A/IOAccelerator
0x00007ff8119cb000 	/System/Library/Frameworks/CoreVideo.framework/Versions/A/CoreVideo
0x00007ff8151ab000 	/System/Library/Frameworks/MetalPerformanceShaders.framework/Versions/A/MetalPerformanceShaders
0x00007ff816536000 	/System/Library/Frameworks/VideoToolbox.framework/Versions/A/VideoToolbox
0x00007ff810796000 	/System/Library/PrivateFrameworks/BaseBoard.framework/Versions/A/BaseBoard
0x00007ff81051d000 	/System/Library/PrivateFrameworks/ProtocolBuffer.framework/Versions/A/ProtocolBuffer
0x00007ff816b7b000 	/System/Library/PrivateFrameworks/GPUWrangler.framework/Versions/A/GPUWrangler
0x00007ff816b5f000 	/System/Library/PrivateFrameworks/IOPresentment.framework/Versions/A/IOPresentment
0x00007ff816b85000 	/System/Library/PrivateFrameworks/DSExternalDisplay.framework/Versions/A/DSExternalDisplay
0x00007ffa221e0000 	/System/Library/Frameworks/OpenGL.framework/Versions/A/Libraries/libCoreFSCache.dylib
0x00007ffb0ee9c000 	/System/Library/PrivateFrameworks/GPUCompiler.framework/Versions/31001/Libraries/libGPUCompilerUtils.dylib
0x00007ff816bf0000 	/System/Library/PrivateFrameworks/CMCaptureCore.framework/Versions/A/CMCaptureCore
0x00007ff8160fd000 	/System/Library/PrivateFrameworks/AppServerSupport.framework/Versions/A/AppServerSupport
0x00007ff8183bc000 	/System/Library/PrivateFrameworks/perfdata.framework/Versions/A/perfdata
0x00007ff80b5de000 	/System/Library/PrivateFrameworks/AudioToolboxCore.framework/Versions/A/AudioToolboxCore
0x00007ff812c0b000 	/System/Library/PrivateFrameworks/caulk.framework/Versions/A/caulk
0x00007ff817cce000 	/usr/lib/libAudioStatistics.dylib
0x00007ff90f476000 	/System/Library/PrivateFrameworks/SystemPolicy.framework/Versions/A/SystemPolicy
0x00007ff817f29000 	/usr/lib/libSMC.dylib
0x00007ff820e32000 	/System/Library/Frameworks/CoreMIDI.framework/Versions/A/CoreMIDI
0x00007ff816aab000 	/usr/lib/libAudioToolboxUtility.dylib
0x00007ff90b719000 	/System/Library/PrivateFrameworks/OSAServicesClient.framework/Versions/A/OSAServicesClient
0x00007ff8183c9000 	/usr/lib/libperfcheck.dylib
0x00007ff90ff20000 	/usr/lib/libmis.dylib
0x00007ffa2223b000 	/System/Library/Frameworks/OpenGL.framework/Versions/A/Libraries/libGLU.dylib
0x00007ffa221ff000 	/System/Library/Frameworks/OpenGL.framework/Versions/A/Libraries/libGFXShared.dylib
0x00007ffa22408000 	/System/Library/Frameworks/OpenGL.framework/Versions/A/Libraries/libGL.dylib
0x00007ffa22208000 	/System/Library/Frameworks/OpenGL.framework/Versions/A/Libraries/libGLImage.dylib
0x00007ffa221fc000 	/System/Library/Frameworks/OpenGL.framework/Versions/A/Libraries/libCVMSPluginSupport.dylib
0x00007ffa221e7000 	/System/Library/Frameworks/OpenGL.framework/Versions/A/Libraries/libCoreVMClient.dylib
0x00007ff813777000 	/System/Library/Frameworks/MetalPerformanceShaders.framework/Versions/A/Frameworks/MPSCore.framework/Versions/A/MPSCore
0x00007ff814b43000 	/System/Library/Frameworks/MetalPerformanceShaders.framework/Versions/A/Frameworks/MPSImage.framework/Versions/A/MPSImage
0x00007ff8145e6000 	/System/Library/Frameworks/MetalPerformanceShaders.framework/Versions/A/Frameworks/MPSNeuralNetwork.framework/Versions/A/MPSNeuralNetwork
0x00007ff814a5a000 	/System/Library/Frameworks/MetalPerformanceShaders.framework/Versions/A/Frameworks/MPSMatrix.framework/Versions/A/MPSMatrix
0x00007ff814815000 	/System/Library/Frameworks/MetalPerformanceShaders.framework/Versions/A/Frameworks/MPSRayIntersector.framework/Versions/A/MPSRayIntersector
0x00007ff814a92000 	/System/Library/Frameworks/MetalPerformanceShaders.framework/Versions/A/Frameworks/MPSNDArray.framework/Versions/A/MPSNDArray
0x00007ffa27168000 	/System/Library/Frameworks/MetalPerformanceShaders.framework/Versions/A/Frameworks/MPSFunctions.framework/Versions/A/MPSFunctions
0x00007ff80a8ef000 	/System/Library/PrivateFrameworks/MetalTools.framework/Versions/A/MetalTools
0x00007ff8137f3000 	/System/Library/PrivateFrameworks/AggregateDictionary.framework/Versions/A/AggregateDictionary
0x00007ff815937000 	/usr/lib/libIOReport.dylib
0x00007ffa23817000 	/System/Library/Frameworks/OpenCL.framework/Versions/A/OpenCL
0x00007ff815c9b000 	/System/Library/PrivateFrameworks/FaceCore.framework/Versions/A/FaceCore
0x00007ff815c8c000 	/System/Library/PrivateFrameworks/GraphVisualizer.framework/Versions/A/GraphVisualizer
0x00007ffb0eda7000 	/System/Library/PrivateFrameworks/FontServices.framework/Versions/A/FontServices
0x00007ff8160b5000 	/System/Library/PrivateFrameworks/OTSVG.framework/Versions/A/OTSVG
0x00007ff8115b2000 	/System/Library/Frameworks/ApplicationServices.framework/Versions/A/Frameworks/ATS.framework/Versions/A/Resources/libFontRegistry.dylib
0x00007ff816105000 	/System/Library/PrivateFrameworks/FontServices.framework/libhvf.dylib
0x00007ffb0eda8000 	/System/Library/PrivateFrameworks/FontServices.framework/libXTFontStaticRegistryData.dylib
0x00007ff815b05000 	/System/Library/PrivateFrameworks/AppleVA.framework/Versions/A/AppleVA
0x00007ff817cee000 	/System/Library/Frameworks/ApplicationServices.framework/Versions/A/Frameworks/ATS.framework/Versions/A/ATS
0x00007ff80fc64000 	/System/Library/Frameworks/ApplicationServices.framework/Versions/A/Frameworks/HIServices.framework/Versions/A/HIServices
0x00007ff816bfa000 	/System/Library/Frameworks/ApplicationServices.framework/Versions/A/Frameworks/PrintCore.framework/Versions/A/PrintCore
0x00007ff81807c000 	/System/Library/Frameworks/ApplicationServices.framework/Versions/A/Frameworks/QD.framework/Versions/A/QD
0x00007ff818074000 	/System/Library/Frameworks/ApplicationServices.framework/Versions/A/Frameworks/ColorSyncLegacy.framework/Versions/A/ColorSyncLegacy
0x00007ff817cde000 	/System/Library/Frameworks/ApplicationServices.framework/Versions/A/Frameworks/SpeechSynthesis.framework/Versions/A/SpeechSynthesis
0x00007ff816bbb000 	/System/Library/Frameworks/ApplicationServices.framework/Versions/A/Frameworks/ATSUI.framework/Versions/A/ATSUI
0x00007ff818009000 	/usr/lib/libcups.2.dylib
0x00007ff8183d8000 	/System/Library/Frameworks/Kerberos.framework/Versions/A/Kerberos
0x00007ff8183e7000 	/System/Library/Frameworks/GSS.framework/Versions/A/GSS
0x00007ff817d5a000 	/usr/lib/libresolv.9.dylib
0x00007ff816114000 	/System/Library/PrivateFrameworks/Heimdal.framework/Versions/A/Heimdal
0x00007ff81efb4000 	/System/Library/Frameworks/Kerberos.framework/Versions/A/Libraries/libHeimdalProxy.dylib
0x00007ff81091f000 	/System/Library/Frameworks/Network.framework/Versions/A/Network
0x00007ff815b6f000 	/usr/lib/libheimdal-asn1.dylib
0x00007ff818432000 	/System/Library/PrivateFrameworks/CommonAuth.framework/Versions/A/CommonAuth
0x00007ff817c60000 	/System/Library/PrivateFrameworks/AudioSession.framework/Versions/A/AudioSession
0x00007ff815bff000 	/System/Library/PrivateFrameworks/MediaExperience.framework/Versions/A/MediaExperience
0x00007ff817af3000 	/System/Library/PrivateFrameworks/AudioSession.framework/libSessionUtility.dylib
0x00007ff818088000 	/System/Library/PrivateFrameworks/AudioResourceArbitration.framework/Versions/A/AudioResourceArbitration
0x00007ff81c0fb000 	/System/Library/PrivateFrameworks/PowerLog.framework/Versions/A/PowerLog
0x00007ff815b78000 	/System/Library/PrivateFrameworks/IconFoundation.framework/Versions/A/IconFoundation
0x00007ff81aeb1000 	/System/Library/PrivateFrameworks/SpeechRecognitionCore.framework/Versions/A/SpeechRecognitionCore
0x000000010f76b000 	/Library/Java/JavaVirtualMachines/jdk-17.0.2.jdk/Contents/Home/lib/server/libjvm.dylib
0x000000010e771000 	/Library/Java/JavaVirtualMachines/jdk-17.0.2.jdk/Contents/Home/lib/libjimage.dylib
0x000000010e7ef000 	/Library/Java/JavaVirtualMachines/jdk-17.0.2.jdk/Contents/Home/lib/libjava.dylib
0x000000010f655000 	/Library/Java/JavaVirtualMachines/jdk-17.0.2.jdk/Contents/Home/lib/libnio.dylib
0x000000010f68f000 	/Library/Java/JavaVirtualMachines/jdk-17.0.2.jdk/Contents/Home/lib/libnet.dylib
0x000000010f671000 	/Library/Java/JavaVirtualMachines/jdk-17.0.2.jdk/Contents/Home/lib/libzip.dylib
0x000000010f6af000 	/Users/felix/.openjfx/cache/17.0.1/libprism_es2.dylib
0x00007ff80ca6e000 	/System/Library/PrivateFrameworks/CoreServicesInternal.framework/Versions/A/CoreServicesInternal
0x00007ffa22413000 	/System/Library/Frameworks/OpenGL.framework/Versions/A/Resources/GLEngine.bundle/GLEngine
0x00007ffa22279000 	/System/Library/Frameworks/OpenGL.framework/Versions/A/Libraries/libGLProgrammability.dylib
0x00007ffa1abe7000 	/System/Library/Extensions/AppleIntelBDWGraphicsGLDriver.bundle/Contents/MacOS/AppleIntelBDWGraphicsGLDriver
0x00007ff91a05a000 	/System/Library/PrivateFrameworks/GPUSupport.framework/Versions/A/Libraries/libGPUSupportMercury.dylib
0x00007ffa2259d000 	/System/Library/Frameworks/OpenGL.framework/Versions/A/Resources/GLRendererFloat.bundle/GLRendererFloat
0x0000000111c2a000 	/Users/felix/.openjfx/cache/17.0.1/libglass.dylib
0x00007ff81c6ec000 	/System/Library/Frameworks/FileProvider.framework/Versions/A/FileProvider
0x00007ff810703000 	/System/Library/Frameworks/Accounts.framework/Versions/A/Accounts
0x00007ff81c865000 	/System/Library/PrivateFrameworks/GenerationalStorage.framework/Versions/A/GenerationalStorage
0x00007ff81d378000 	/System/Library/PrivateFrameworks/CoreSymbolication.framework/Versions/A/CoreSymbolication
0x00007ff81c0f0000 	/System/Library/PrivateFrameworks/SymptomDiagnosticReporter.framework/Versions/A/SymptomDiagnosticReporter
0x00007ff80dd2c000 	/System/Library/PrivateFrameworks/DesktopServicesPriv.framework/Versions/A/DesktopServicesPriv
0x00007ff80cbad000 	/usr/lib/libsandbox.1.dylib
0x00007ff811a4a000 	/System/Library/PrivateFrameworks/UserManagement.framework/Versions/A/UserManagement
0x00007ff81d33d000 	/System/Library/PrivateFrameworks/DebugSymbols.framework/Versions/A/DebugSymbols
0x00007ff818069000 	/System/Library/PrivateFrameworks/NetAuth.framework/Versions/A/NetAuth
0x00007ff818f76000 	/System/Library/PrivateFrameworks/Sharing.framework/Versions/A/Sharing
0x00007ff811a1d000 	/System/Library/PrivateFrameworks/login.framework/Versions/A/Frameworks/loginsupport.framework/Versions/A/loginsupport
0x00007ff81e4db000 	/System/Library/PrivateFrameworks/Apple80211.framework/Versions/A/Apple80211
0x00007ff814c28000 	/System/Library/PrivateFrameworks/AuthKit.framework/Versions/A/AuthKit
0x00007ff814273000 	/System/Library/PrivateFrameworks/CoreUtils.framework/Versions/A/CoreUtils
0x00007ff81419a000 	/System/Library/Frameworks/CoreWLAN.framework/Versions/A/CoreWLAN
0x00007ff8190d5000 	/System/Library/Frameworks/IOBluetooth.framework/Versions/A/IOBluetooth
0x00007ff81e543000 	/System/Library/PrivateFrameworks/CoreWiFi.framework/Versions/A/CoreWiFi
0x00007ff81cf0f000 	/System/Library/PrivateFrameworks/FrontBoardServices.framework/Versions/A/FrontBoardServices
0x00007ff81cfa0000 	/System/Library/PrivateFrameworks/BoardServices.framework/Versions/A/BoardServices
0x00007ff814489000 	/System/Library/PrivateFrameworks/AssertionServices.framework/Versions/A/AssertionServices
0x00007ff81e6c6000 	/System/Library/PrivateFrameworks/BackBoardServices.framework/Versions/A/BackBoardServices
0x00007ff8184c3000 	/System/Library/PrivateFrameworks/CorePhoneNumbers.framework/Versions/A/CorePhoneNumbers
0x00007ff81c20d000 	/System/Library/PrivateFrameworks/DiskManagement.framework/Versions/A/DiskManagement
0x00007ff81c121000 	/System/Library/PrivateFrameworks/AppleIDAuthSupport.framework/Versions/A/AppleIDAuthSupport
0x00007ffa29729000 	/System/Library/PrivateFrameworks/AAAFoundation.framework/Versions/A/AAAFoundation
0x00007ff8184a4000 	/System/Library/PrivateFrameworks/KeychainCircle.framework/Versions/A/KeychainCircle
0x00007ff81c1d9000 	/System/Library/PrivateFrameworks/MediaKit.framework/Versions/A/MediaKit
0x00007ff81c12d000 	/System/Library/Frameworks/DiscRecording.framework/Versions/A/DiscRecording
0x00007ff815a7d000 	/usr/lib/libCoreStorage.dylib
0x00007ff81e9b4000 	/usr/lib/libcsfde.dylib
0x00007ff8191a2000 	/System/Library/PrivateFrameworks/ProtectedCloudStorage.framework/Versions/A/ProtectedCloudStorage
0x00007ff81e9b0000 	/System/Library/PrivateFrameworks/EFILogin.framework/Versions/A/EFILogin
0x00007ff81c88b000 	/System/Library/PrivateFrameworks/OctagonTrust.framework/Versions/A/OctagonTrust
0x00007ffb0e016000 	/System/Library/PrivateFrameworks/CoreUtilsExtras.framework/Versions/A/CoreUtilsExtras
0x00007ff81c054000 	/System/Library/Frameworks/CoreBluetooth.framework/Versions/A/CoreBluetooth
0x00007ff81f039000 	/System/Library/Frameworks/AudioUnit.framework/Versions/A/AudioUnit
0x00007ff815a75000 	/usr/lib/libMatch.1.dylib
0x00007ff9144f9000 	/System/Library/Frameworks/Accelerate.framework/Versions/A/Frameworks/vImage.framework/Versions/A/Libraries/libCGInterfaces.dylib
0x00000001122a9000 	/usr/lib/libobjc-trampolines.dylib
0x00007ffb21802000 	/usr/lib/libRosetta.dylib
0x00007ff91db49000 	/System/Library/PrivateFrameworks/AccessibilitySupport.framework/Versions/A/Frameworks/AccessibilityFoundation.framework/Versions/A/AccessibilityFoundation
0x00007ff8161cb000 	/System/Library/PrivateFrameworks/login.framework/Versions/A/login
0x00007ff811742000 	/System/Library/PrivateFrameworks/ViewBridge.framework/Versions/A/ViewBridge
0x0000000134d36000 	/Users/felix/.openjfx/cache/17.0.1/libjavafx_font.dylib


VM Arguments:
jvm_args: -XX:+ShowCodeDetailsInExceptionMessages --module-path=/Users/felix/Hauptordner/Universität/A1S2/1PP/Project/course-project-by-lucas-felix/target/classes:/Users/felix/.m2/repository/org/openjfx/javafx-controls/17.0.1/javafx-controls-17.0.1-mac.jar:/Users/felix/.m2/repository/org/openjfx/javafx-graphics/17.0.1/javafx-graphics-17.0.1-mac.jar:/Users/felix/.m2/repository/org/openjfx/javafx-base/17.0.1/javafx-base-17.0.1-mac.jar:/Users/felix/.m2/repository/org/openjfx/javafx-fxml/17.0.1/javafx-fxml-17.0.1-mac.jar -Djdk.module.main=projectgrouplf.projectlf 
java_command: projectgrouplf.projectlf/projectgrouplf.projectlf.Launcher
java_class_path (initial): /Users/felix/.m2/repository/org/apache/commons/commons-lang3/3.10/commons-lang3-3.10.jar:/Users/felix/.m2/repository/org/openjfx/javafx-controls/17.0.1/javafx-controls-17.0.1.jar:/Users/felix/.m2/repository/org/openjfx/javafx-graphics/17.0.1/javafx-graphics-17.0.1.jar:/Users/felix/.m2/repository/org/openjfx/javafx-base/17.0.1/javafx-base-17.0.1.jar:/Users/felix/.m2/repository/org/openjfx/javafx-fxml/17.0.1/javafx-fxml-17.0.1.jar
Launcher Type: SUN_STANDARD

[Global flags]
     intx CICompilerCount                          = 3                                         {product} {ergonomic}
     uint ConcGCThreads                            = 1                                         {product} {ergonomic}
     uint G1ConcRefinementThreads                  = 4                                         {product} {ergonomic}
   size_t G1HeapRegionSize                         = 1048576                                   {product} {ergonomic}
    uintx GCDrainStackTargetSize                   = 64                                        {product} {ergonomic}
   size_t InitialHeapSize                          = 134217728                                 {product} {ergonomic}
   size_t MarkStackSize                            = 4194304                                   {product} {ergonomic}
   size_t MaxHeapSize                              = 2147483648                                {product} {ergonomic}
   size_t MaxNewSize                               = 1287651328                                {product} {ergonomic}
   size_t MinHeapDeltaBytes                        = 1048576                                   {product} {ergonomic}
   size_t MinHeapSize                              = 8388608                                   {product} {ergonomic}
    uintx NonNMethodCodeHeapSize                   = 5832780                                {pd product} {ergonomic}
    uintx NonProfiledCodeHeapSize                  = 122912730                              {pd product} {ergonomic}
    uintx ProfiledCodeHeapSize                     = 122912730                              {pd product} {ergonomic}
    uintx ReservedCodeCacheSize                    = 251658240                              {pd product} {ergonomic}
     bool SegmentedCodeCache                       = true                                      {product} {ergonomic}
     bool ShowCodeDetailsInExceptionMessages       = true                                   {manageable} {command line}
   size_t SoftMaxHeapSize                          = 2147483648                             {manageable} {ergonomic}
     bool UseCompressedClassPointers               = true                           {product lp64_product} {ergonomic}
     bool UseCompressedOops                        = true                           {product lp64_product} {ergonomic}
     bool UseG1GC                                  = true                                      {product} {ergonomic}
     bool UseNUMA                                  = false                                     {product} {ergonomic}
     bool UseNUMAInterleaving                      = false                                     {product} {ergonomic}

Logging:
Log output configuration:
 #0: stdout all=warning uptime,level,tags
 #1: stderr all=off uptime,level,tags

Environment Variables:
PATH=/usr/local/bin:/usr/bin:/bin:/usr/sbin:/sbin:/Library/Apple/usr/bin
SHELL=/bin/bash
LANG=de_DE.UTF-8

Signal Handlers:
   SIGSEGV: _ZL13crash_handleriP9__siginfoPv in libjvm.dylib, mask=11100110000111110111111111111111, flags=SA_RESTART|SA_SIGINFO
    SIGBUS: _ZL13crash_handleriP9__siginfoPv in libjvm.dylib, mask=11100110000111110111111111111111, flags=SA_RESTART|SA_SIGINFO
    SIGFPE: _ZL13crash_handleriP9__siginfoPv in libjvm.dylib, mask=11100110000111110111111111111111, flags=SA_RESTART|SA_SIGINFO
   SIGPIPE: _ZL17javaSignalHandleriP9__siginfoPv in libjvm.dylib, mask=11100110000111110111111111111111, flags=SA_RESTART|SA_SIGINFO
   SIGXFSZ: _ZL17javaSignalHandleriP9__siginfoPv in libjvm.dylib, mask=11100110000111110111111111111111, flags=SA_RESTART|SA_SIGINFO
    SIGILL: _ZL13crash_handleriP9__siginfoPv in libjvm.dylib, mask=11100110000111110111111111111111, flags=SA_RESTART|SA_SIGINFO
   SIGUSR2: _ZL10SR_handleriP9__siginfoP17__darwin_ucontext in libjvm.dylib, mask=00000000000000000000000000000000, flags=SA_RESTART|SA_SIGINFO
    SIGHUP: _ZL11UserHandleriPvS_ in libjvm.dylib, mask=11100110000111110111111111111111, flags=SA_RESTART|SA_SIGINFO
    SIGINT: _ZL11UserHandleriPvS_ in libjvm.dylib, mask=11100110000111110111111111111111, flags=SA_RESTART|SA_SIGINFO
   SIGTERM: _ZL11UserHandleriPvS_ in libjvm.dylib, mask=11100110000111110111111111111111, flags=SA_RESTART|SA_SIGINFO
   SIGQUIT: _ZL11UserHandleriPvS_ in libjvm.dylib, mask=11100110000111110111111111111111, flags=SA_RESTART|SA_SIGINFO
   SIGTRAP: _ZL13crash_handleriP9__siginfoPv in libjvm.dylib, mask=11100110000111110111111111111111, flags=SA_RESTART|SA_SIGINFO


---------------  S Y S T E M  ---------------

OS:
uname: Darwin 21.4.0 Darwin Kernel Version 21.4.0: Fri Mar 18 00:45:05 PDT 2022; root:xnu-8020.101.4~15/RELEASE_X86_64 x86_64
OS uptime: 1 days 5:56 hours
rlimit (soft/hard): STACK 8192k/65532k , CORE 0k/infinity , NPROC 1392/2088 , NOFILE 10240/infinity , AS infinity/infinity , CPU infinity/infinity , DATA infinity/infinity , FSIZE infinity/infinity , MEMLOCK infinity/infinity , RSS infinity/infinity
load average: 6,24 7,82 7,61

CPU: total 4 (initial active 4) (2 cores per cpu, 2 threads per core) family 6 model 61 stepping 4 microcode 0x2f, cx8, cmov, fxsr, ht, mmx, 3dnowpref, sse, sse2, sse3, ssse3, sse4.1, sse4.2, popcnt, lzcnt, tsc, tscinvbit, avx, avx2, aes, erms, clmul, bmi1, bmi2, adx, fma, vzeroupper, clflush

Memory: 4k page, physical 8388608k(195708k free), swap 1048576k(422912k free)

vm_info: Java HotSpot(TM) 64-Bit Server VM (17.0.2+8-LTS-86) for bsd-amd64 JRE (17.0.2+8-LTS-86), built on Dec  7 2021 21:56:25 by "mach5one" with clang Apple LLVM 12.0.0 (clang-1200.0.32.29)

END.
