#
# A fatal error has been detected by the Java Runtime Environment:
#
#  SIGSEGV (0xb) at pc=0x000000010c53e5f3, pid=5567, tid=259
#
# JRE version: Java(TM) SE Runtime Environment (17.0.2+8) (build 17.0.2+8-LTS-86)
# Java VM: Java HotSpot(TM) 64-Bit Server VM (17.0.2+8-LTS-86, mixed mode, sharing, tiered, compressed oops, compressed class ptrs, g1 gc, bsd-amd64)
# Problematic frame:
# V  [libjvm.dylib+0x8395f3]  MethodHandles::expand_MemberName(Handle, int, JavaThread*)+0x293
#
# No core dump will be written. Core dumps have been disabled. To enable core dumping, try "ulimit -c unlimited" before starting Java again
#
# If you would like to submit a bug report, please visit:
#   https://bugreport.java.com/bugreport/crash.jsp
#

---------------  S U M M A R Y ------------

Command Line: -XX:+ShowCodeDetailsInExceptionMessages --module-path=/Users/felix/Hauptordner/Universität/A1S2/1PP/Project/course-project-by-lucas-felix/target/classes:/Users/felix/.m2/repository/org/openjfx/javafx-controls/17.0.1/javafx-controls-17.0.1-mac.jar:/Users/felix/.m2/repository/org/openjfx/javafx-graphics/17.0.1/javafx-graphics-17.0.1-mac.jar:/Users/felix/.m2/repository/org/openjfx/javafx-base/17.0.1/javafx-base-17.0.1-mac.jar:/Users/felix/.m2/repository/org/openjfx/javafx-fxml/17.0.1/javafx-fxml-17.0.1-mac.jar -Djdk.module.main=projectgrouplf.projectlf projectgrouplf.projectlf/projectgrouplf.projectlf.Launcher

Host: "MacBookPro12,1" x86_64 2700 MHz, 4 cores, 8G, Darwin 21.4.0, macOS 12.3.1 (21E258)
Time: Thu May 19 16:45:40 2022 CEST elapsed time: 6.954848 seconds (0d 0h 0m 6s)

---------------  T H R E A D  ---------------

Current thread (0x00007f8f5d94ec00):  JavaThread "JavaFX Application Thread" [_thread_in_vm, id=259, stack(0x00007ff7b5be2000,0x00007ff7b63e2000)]

Stack: [0x00007ff7b5be2000,0x00007ff7b63e2000],  sp=0x00007ff7b63dd130,  free space=8172k
Native frames: (J=compiled Java code, j=interpreted, Vv=VM code, C=native code)
V  [libjvm.dylib+0x8395f3]  MethodHandles::expand_MemberName(Handle, int, JavaThread*)+0x293
V  [libjvm.dylib+0x83a876]  MHN_expand_Mem+0x166
j  java.lang.invoke.MethodHandleNatives.expand(Ljava/lang/invoke/MemberName;)V+0 java.base@17.0.2
J 138 c1 java.lang.invoke.MemberName.getMethodType()Ljava/lang/invoke/MethodType; java.base@17.0.2 (211 bytes) @ 0x0000000114a7d60c [0x0000000114a7d400+0x000000000000020c]
J 788 c1 java.lang.invoke.MemberName.checkForTypeAlias(Ljava/lang/Class;)V java.base@17.0.2 (172 bytes) @ 0x0000000114b8167c [0x0000000114b81200+0x000000000000047c]
J 565 c1 java.lang.invoke.MemberName$Factory.resolve(BLjava/lang/invoke/MemberName;Ljava/lang/Class;IZ)Ljava/lang/invoke/MemberName; java.base@17.0.2 (159 bytes) @ 0x0000000114b07574 [0x0000000114b072c0+0x00000000000002b4]
J 688 c1 java.lang.invoke.MemberName$Factory.resolveOrFail(BLjava/lang/invoke/MemberName;Ljava/lang/Class;ILjava/lang/Class;)Ljava/lang/invoke/MemberName; java.base@17.0.2 (79 bytes) @ 0x0000000114b4942c [0x0000000114b493a0+0x000000000000008c]
j  java.lang.invoke.MethodHandles$Lookup.resolveOrFail(BLjava/lang/Class;Ljava/lang/String;Ljava/lang/invoke/MethodType;)Ljava/lang/invoke/MemberName;+44 java.base@17.0.2
j  java.lang.invoke.Invokers.invokeBasicMethod(Ljava/lang/invoke/MethodType;)Ljava/lang/invoke/MemberName;+31 java.base@17.0.2
j  java.lang.invoke.Invokers.basicInvoker()Ljava/lang/invoke/MethodHandle;+55 java.base@17.0.2
j  java.lang.invoke.LambdaForm$NamedFunction.<init>(Ljava/lang/invoke/MethodType;)V+42 java.base@17.0.2
j  java.lang.invoke.LambdaForm$Name.<init>(Ljava/lang/invoke/MethodType;[Ljava/lang/Object;)V+6 java.base@17.0.2
j  java.lang.invoke.Invokers.callSiteForm(Ljava/lang/invoke/MethodType;Z)Ljava/lang/invoke/LambdaForm;+263 java.base@17.0.2
j  java.lang.invoke.Invokers.linkToTargetMethod(Ljava/lang/invoke/MethodType;)Ljava/lang/invoke/MemberName;+2 java.base@17.0.2
j  java.lang.invoke.MethodHandleNatives.linkCallSiteImpl(Ljava/lang/Class;Ljava/lang/invoke/MethodHandle;Ljava/lang/String;Ljava/lang/invoke/MethodType;Ljava/lang/Object;[Ljava/lang/Object;)Ljava/lang/invoke/MemberName;+29 java.base@17.0.2
j  java.lang.invoke.MethodHandleNatives.linkCallSite(Ljava/lang/Object;ILjava/lang/Object;Ljava/lang/Object;Ljava/lang/Object;Ljava/lang/Object;[Ljava/lang/Object;)Ljava/lang/invoke/MemberName;+46 java.base@17.0.2
v  ~StubRoutines::call_stub
V  [libjvm.dylib+0x5053c1]  JavaCalls::call_helper(JavaValue*, methodHandle const&, JavaCallArguments*, JavaThread*)+0x2a1
V  [libjvm.dylib+0x504a81]  JavaCalls::call_static(JavaValue*, Klass*, Symbol*, Symbol*, JavaCallArguments*, JavaThread*)+0x111
V  [libjvm.dylib+0x9b3eac]  SystemDictionary::invoke_bootstrap_method(BootstrapInfo&, JavaThread*)+0x2dc
V  [libjvm.dylib+0x71728e]  LinkResolver::resolve_dynamic_call(CallInfo&, BootstrapInfo&, JavaThread*)+0x1e
V  [libjvm.dylib+0x716c90]  LinkResolver::resolve_invokedynamic(CallInfo&, constantPoolHandle const&, int, JavaThread*)+0x80
V  [libjvm.dylib+0x4feeb4]  InterpreterRuntime::resolve_invokedynamic(JavaThread*)+0x174
V  [libjvm.dylib+0x4fef97]  InterpreterRuntime::resolve_from_cache(JavaThread*, Bytecodes::Code)+0x77
j  com.sun.javafx.tk.quantum.GlassSceneDnDEventHandler.handleDragStart(IIIIILcom/sun/glass/ui/ClipboardAssistance;)V+30 javafx.graphics
j  com.sun.javafx.tk.quantum.GlassViewEventHandler.lambda$handleDragStart$13(IIIIILcom/sun/glass/ui/ClipboardAssistance;)Ljava/lang/Object;+13 javafx.graphics
j  com.sun.javafx.tk.quantum.GlassViewEventHandler$$Lambda$262+0x0000000800dab868.get()Ljava/lang/Object;+28 javafx.graphics
j  com.sun.javafx.tk.quantum.QuantumToolkit.runWithoutRenderLock(Ljava/util/function/Supplier;)Ljava/lang/Object;+18 javafx.graphics
j  com.sun.javafx.tk.quantum.GlassViewEventHandler.handleDragStart(Lcom/sun/glass/ui/View;IIIIILcom/sun/glass/ui/ClipboardAssistance;)V+34 javafx.graphics
j  com.sun.glass.ui.View.handleDragStart(IIIIILcom/sun/glass/ui/ClipboardAssistance;)V+21 javafx.graphics
j  com.sun.glass.ui.View.notifyDragStart(IIIII)V+27 javafx.graphics
j  com.sun.glass.ui.View.notifyMouse(IIIIIIIZZ)V+206 javafx.graphics
j  com.sun.glass.ui.mac.MacView.notifyMouse(IIIIIIIZZ)V+96 javafx.graphics
v  ~StubRoutines::call_stub
V  [libjvm.dylib+0x5053c1]  JavaCalls::call_helper(JavaValue*, methodHandle const&, JavaCallArguments*, JavaThread*)+0x2a1
V  [libjvm.dylib+0x55eb46]  jni_invoke_nonstatic(JNIEnv_*, JavaValue*, _jobject*, JNICallType, _jmethodID*, JNI_ArgumentPusher*, JavaThread*)+0x2d6
V  [libjvm.dylib+0x562ecd]  jni_CallVoidMethod+0x19d
C  [libglass.dylib+0xd7f9]  -[GlassViewDelegate sendJavaMouseEvent:]+0xa89
C  [AppKit+0x1b14e6]  -[NSWindow(NSEventRouting) _reallySendEvent:isDelayedEvent:]+0x1bee
C  [AppKit+0x1af6de]  -[NSWindow(NSEventRouting) sendEvent:]+0x160
C  [libglass.dylib+0x19ae2]  -[GlassWindow_Normal sendEvent:]+0x62
C  [AppKit+0x1adab4]  -[NSApplication(NSEvent) sendEvent:]+0x160
C  [AppKit+0x4668db]  -[NSApplication _handleEvent:]+0x41
C  [AppKit+0x2f2ce]  -[NSApplication run]+0x26f
C  [libglass.dylib+0xa2a5]  -[GlassApplication runLoop:]+0x795
C  [Foundation+0x81857]  __NSThreadPerformPerform+0xb3
C  [CoreFoundation+0x7faeb]  __CFRUNLOOP_IS_CALLING_OUT_TO_A_SOURCE0_PERFORM_FUNCTION__+0x11
C  [CoreFoundation+0x7fa53]  __CFRunLoopDoSource0+0xb4
C  [CoreFoundation+0x7f7cd]  __CFRunLoopDoSources0+0xf2
C  [CoreFoundation+0x7e1e8]  __CFRunLoopRun+0x37c
C  [CoreFoundation+0x7d7ac]  CFRunLoopRunSpecific+0x232
C  [libjli.dylib+0x70b2]  CreateExecutionEnvironment+0x182
C  [libjli.dylib+0x2c15]  JLI_Launch+0x585
C  [java+0x3c09]  main+0x189
C  0x000000010ac4951e

Java frames: (J=compiled Java code, j=interpreted, Vv=VM code)
j  java.lang.invoke.MethodHandleNatives.expand(Ljava/lang/invoke/MemberName;)V+0 java.base@17.0.2
J 138 c1 java.lang.invoke.MemberName.getMethodType()Ljava/lang/invoke/MethodType; java.base@17.0.2 (211 bytes) @ 0x0000000114a7d60c [0x0000000114a7d400+0x000000000000020c]
J 788 c1 java.lang.invoke.MemberName.checkForTypeAlias(Ljava/lang/Class;)V java.base@17.0.2 (172 bytes) @ 0x0000000114b8167c [0x0000000114b81200+0x000000000000047c]
J 565 c1 java.lang.invoke.MemberName$Factory.resolve(BLjava/lang/invoke/MemberName;Ljava/lang/Class;IZ)Ljava/lang/invoke/MemberName; java.base@17.0.2 (159 bytes) @ 0x0000000114b07574 [0x0000000114b072c0+0x00000000000002b4]
J 688 c1 java.lang.invoke.MemberName$Factory.resolveOrFail(BLjava/lang/invoke/MemberName;Ljava/lang/Class;ILjava/lang/Class;)Ljava/lang/invoke/MemberName; java.base@17.0.2 (79 bytes) @ 0x0000000114b4942c [0x0000000114b493a0+0x000000000000008c]
j  java.lang.invoke.MethodHandles$Lookup.resolveOrFail(BLjava/lang/Class;Ljava/lang/String;Ljava/lang/invoke/MethodType;)Ljava/lang/invoke/MemberName;+44 java.base@17.0.2
j  java.lang.invoke.Invokers.invokeBasicMethod(Ljava/lang/invoke/MethodType;)Ljava/lang/invoke/MemberName;+31 java.base@17.0.2
j  java.lang.invoke.Invokers.basicInvoker()Ljava/lang/invoke/MethodHandle;+55 java.base@17.0.2
j  java.lang.invoke.LambdaForm$NamedFunction.<init>(Ljava/lang/invoke/MethodType;)V+42 java.base@17.0.2
j  java.lang.invoke.LambdaForm$Name.<init>(Ljava/lang/invoke/MethodType;[Ljava/lang/Object;)V+6 java.base@17.0.2
j  java.lang.invoke.Invokers.callSiteForm(Ljava/lang/invoke/MethodType;Z)Ljava/lang/invoke/LambdaForm;+263 java.base@17.0.2
j  java.lang.invoke.Invokers.linkToTargetMethod(Ljava/lang/invoke/MethodType;)Ljava/lang/invoke/MemberName;+2 java.base@17.0.2
j  java.lang.invoke.MethodHandleNatives.linkCallSiteImpl(Ljava/lang/Class;Ljava/lang/invoke/MethodHandle;Ljava/lang/String;Ljava/lang/invoke/MethodType;Ljava/lang/Object;[Ljava/lang/Object;)Ljava/lang/invoke/MemberName;+29 java.base@17.0.2
j  java.lang.invoke.MethodHandleNatives.linkCallSite(Ljava/lang/Object;ILjava/lang/Object;Ljava/lang/Object;Ljava/lang/Object;Ljava/lang/Object;[Ljava/lang/Object;)Ljava/lang/invoke/MemberName;+46 java.base@17.0.2
v  ~StubRoutines::call_stub
j  com.sun.javafx.tk.quantum.GlassSceneDnDEventHandler.handleDragStart(IIIIILcom/sun/glass/ui/ClipboardAssistance;)V+30 javafx.graphics
j  com.sun.javafx.tk.quantum.GlassViewEventHandler.lambda$handleDragStart$13(IIIIILcom/sun/glass/ui/ClipboardAssistance;)Ljava/lang/Object;+13 javafx.graphics
j  com.sun.javafx.tk.quantum.GlassViewEventHandler$$Lambda$262+0x0000000800dab868.get()Ljava/lang/Object;+28 javafx.graphics
j  com.sun.javafx.tk.quantum.QuantumToolkit.runWithoutRenderLock(Ljava/util/function/Supplier;)Ljava/lang/Object;+18 javafx.graphics
j  com.sun.javafx.tk.quantum.GlassViewEventHandler.handleDragStart(Lcom/sun/glass/ui/View;IIIIILcom/sun/glass/ui/ClipboardAssistance;)V+34 javafx.graphics
j  com.sun.glass.ui.View.handleDragStart(IIIIILcom/sun/glass/ui/ClipboardAssistance;)V+21 javafx.graphics
j  com.sun.glass.ui.View.notifyDragStart(IIIII)V+27 javafx.graphics
j  com.sun.glass.ui.View.notifyMouse(IIIIIIIZZ)V+206 javafx.graphics
j  com.sun.glass.ui.mac.MacView.notifyMouse(IIIIIIIZZ)V+96 javafx.graphics
v  ~StubRoutines::call_stub

siginfo: si_signo: 11 (SIGSEGV), si_code: 1 (SEGV_MAPERR), si_addr: 0x0000000000000006

Register to memory mapping:

RAX=0xfffffffffffffffe is an unknown value
RBX=0x00006000004bac00 points into unknown readable memory: 0x0000004000000007 | 07 00 00 00 40 00 00 00
RCX=0x0000000000000006 is an unknown value
RDX=4042140345 is a compressed pointer to object: java.lang.invoke.ResolvedMethodName 
{0x00000007877155c8} - klass: 'java/lang/invoke/ResolvedMethodName'
 - ---- fields (total size 3 words):
RSP=0x00007ff7b63dd130 is pointing into the stack for thread: 0x00007f8f5d94ec00
RBP=0x00007ff7b63dd190 is pointing into the stack for thread: 0x00007f8f5d94ec00
RSI=0x0000000000000006 is an unknown value
RDI=0x00000007877155c8 is an oop: java.lang.invoke.ResolvedMethodName 
{0x00000007877155c8} - klass: 'java/lang/invoke/ResolvedMethodName'
 - ---- fields (total size 3 words):
R8 =0x000000000002d77d is an unknown value
R9 =0xffffffff00000000 is an unknown value
R10=0x00000001144cf50b is at code_begin+843 in an Interpreter codelet
method entry point (kind = native)  [0x00000001144cf1c0, 0x00000001144cfa20]  2144 bytes
R11=0x00000007ffe06118 is an oop: java.lang.Class 
{0x00000007ffe06118} - klass: 'java/lang/Class'
 - ---- fields (total size 15 words):
 - private volatile transient 'classRedefinedCount' 'I' @12  0
 - private volatile transient 'cachedConstructor' 'Ljava/lang/reflect/Constructor;' @40  NULL (0)
 - private transient 'name' 'Ljava/lang/String;' @44  NULL (0)
 - private transient 'module' 'Ljava/lang/Module;' @48  a 'java/lang/Module'{0x000000078000c898} (f0001913)
 - private final 'classLoader' 'Ljava/lang/ClassLoader;' @52  NULL (0)
 - private transient 'classData' 'Ljava/lang/Object;' @56  NULL (0)
 - private transient 'packageName' 'Ljava/lang/String;' @60  NULL (0)
 - private final 'componentType' 'Ljava/lang/Class;' @64  NULL (0)
 - private volatile transient 'reflectionData' 'Ljava/lang/ref/SoftReference;' @68  NULL (0)
 - private volatile transient 'genericInfo' 'Lsun/reflect/generics/repository/ClassRepository;' @72  NULL (0)
 - private volatile transient 'enumConstants' '[Ljava/lang/Object;' @76  NULL (0)
 - private volatile transient 'enumConstantDirectory' 'Ljava/util/Map;' @80  NULL (0)
 - private volatile transient 'annotationData' 'Ljava/lang/Class$AnnotationData;' @84  NULL (0)
 - private volatile transient 'annotationType' 'Lsun/reflect/annotation/AnnotationType;' @88  NULL (0)
 - transient 'classValueMap' 'Ljava/lang/ClassValue$ClassValueMap;' @92  NULL (0)
 - signature: Ljava/lang/invoke/MethodHandleNatives;
 - fake entry for mirror: 'java/lang/invoke/MethodHandleNatives'
 - fake entry for array: NULL
 - fake entry for oop_size: 15
 - fake entry for static_oop_field_count: 1
 - private static final 'JLA' 'Ljdk/internal/access/JavaLangAccess;' @112  a 'java/lang/System$2'{0x0000000780009128} (f0001225)
 - static final synthetic '$assertionsDisabled' 'Z' @116  true
R12=0x00007f8f5d94ec00 is a thread
R13=0x00007f8f5d134ae8 points into unknown readable memory: 0x00000007877155c8 | c8 55 71 87 07 00 00 00
R14=0xfffffffffffffffe is an unknown value
R15=0x00000007ffe05c01 is pointing into object: java.lang.Class 
{0x00000007ffe05bd8} - klass: 'java/lang/Class'
 - ---- fields (total size 15 words):
 - private volatile transient 'classRedefinedCount' 'I' @12  0
 - private volatile transient 'cachedConstructor' 'Ljava/lang/reflect/Constructor;' @40  NULL (0)
 - private transient 'name' 'Ljava/lang/String;' @44  NULL (0)
 - private transient 'module' 'Ljava/lang/Module;' @48  a 'java/lang/Module'{0x000000078000c898} (f0001913)
 - private final 'classLoader' 'Ljava/lang/ClassLoader;' @52  NULL (0)
 - private transient 'classData' 'Ljava/lang/Object;' @56  NULL (0)
 - private transient 'packageName' 'Ljava/lang/String;' @60  NULL (0)
 - private final 'componentType' 'Ljava/lang/Class;' @64  [I{0x00000007801749b8} (f002e937)
 - private volatile transient 'reflectionData' 'Ljava/lang/ref/SoftReference;' @68  NULL (0)
 - private volatile transient 'genericInfo' 'Lsun/reflect/generics/repository/ClassRepository;' @72  NULL (0)
 - private volatile transient 'enumConstants' '[Ljava/lang/Object;' @76  NULL (0)
 - private volatile transient 'enumConstantDirectory' 'Ljava/util/Map;' @80  NULL (0)
 - private volatile transient 'annotationData' 'Ljava/lang/Class$AnnotationData;' @84  NULL (0)
 - private volatile transient 'annotationType' 'Lsun/reflect/annotation/AnnotationType;' @88  NULL (0)
 - transient 'classValueMap' 'Ljava/lang/ClassValue$ClassValueMap;' @92  NULL (0)
 - signature: Ljava/lang/invoke/MutableCallSite;
 - fake entry for mirror: 'java/lang/invoke/MutableCallSite'
 - fake entry for array: NULL
 - fake entry for oop_size: 15
 - fake entry for static_oop_field_count: 1
 - private static final 'STORE_BARRIER' 'Ljava/util/concurrent/atomic/AtomicInteger;' @112  NULL (0)


Registers:
RAX=0xfffffffffffffffe, RBX=0x00006000004bac00, RCX=0x0000000000000006, RDX=0x00000000f0ee2ab9
RSP=0x00007ff7b63dd130, RBP=0x00007ff7b63dd190, RSI=0x0000000000000006, RDI=0x00000007877155c8
R8 =0x000000000002d77d, R9 =0xffffffff00000000, R10=0x00000001144cf50b, R11=0x00000007ffe06118
R12=0x00007f8f5d94ec00, R13=0x00007f8f5d134ae8, R14=0xfffffffffffffffe, R15=0x00000007ffe05c01
RIP=0x000000010c53e5f3, EFLAGS=0x0000000000010246, ERR=0x0000000000000004
  TRAPNO=0x000000000000000e

Top of Stack: (sp=0x00007ff7b63dd130)
0x00007ff7b63dd130:   00007f8f5d134ae8 0000000000000000
0x00007ff7b63dd140:   00007f8f5d94ec00 fffffffffffffffe
0x00007ff7b63dd150:   00007f8f5d94ec00 00000008006d36c0
0x00007ff7b63dd160:   00000007ffe05c00 00000008000dcff8
0x00007ff7b63dd170:   00007f8f5d94ec00 00000008006d36c0
0x00007ff7b63dd180:   00000007877155c8 00006000011ba000
0x00007ff7b63dd190:   00007ff7b63dd1c0 000000010c53f876
0x00007ff7b63dd1a0:   00000008000dcff8 0000000000000000
0x00007ff7b63dd1b0:   00007ff7b63dd248 00007f8f5d94ec00
0x00007ff7b63dd1c0:   00007ff7b63dd228 00000001144cf53a
0x00007ff7b63dd1d0:   00000000361f0ef3 00000001144cf276
0x00007ff7b63dd1e0:   00007ff7b63dd1e0 00000008006d36c0
0x00007ff7b63dd1f0:   00007ff7b63dd248 00000008000db0c0
0x00007ff7b63dd200:   0000000000000000 00000007ffe06118
0x00007ff7b63dd210:   00000008000dcff8 0000000000000000
0x00007ff7b63dd220:   00007ff7b63dd250 00007ff7b63dd598
0x00007ff7b63dd230:   0000000114a7d60c 00000007ffe06118
0x00007ff7b63dd240:   00000001144ccf78 00000007877155c8
0x00007ff7b63dd250:   00007ff7b63dd340 000000010c53dddd
0x00007ff7b63dd260:   0000000000000000 ffffffffb63dd320
0x00007ff7b63dd270:   00007f8f5d94ec00 00007ff7b63dd3c0
0x00007ff7b63dd280:   00007ff7b63dd520 0000000000000000
0x00007ff7b63dd290:   00000000361f0ef3 000060000278d3c8
0x00007ff7b63dd2a0:   00007f8f5d94ecf8 000000010b155d18
0x00007ff7b63dd2b0:   00000007877155c8 00000007877155c8
0x00007ff7b63dd2c0:   00007ff7b63dd300 00000007877155c8
0x00007ff7b63dd2d0:   00000008000d96c8 00000007ffe05cc0
0x00007ff7b63dd2e0:   0000000000000001 0000000114a7d420
0x00007ff7b63dd2f0:   00007f8f5d134b00 0000000000000202
0x00007ff7b63dd300:   00007ff7b63dd598 0000000114b8167c
0x00007ff7b63dd310:   00007f8f5d134af8 0000000787715598
0x00007ff7b63dd320:   0000000000000000 00007f8f5d134ae8 

Instructions: (pc=0x000000010c53e5f3)
0x000000010c53e4f3:   00 00 00 ff 15 14 ce 40 00 48 89 c6 e9 d9 00 00
0x000000010c53e503:   00 48 8b 45 a0 48 85 c0 88 4d d0 45 89 f4 74 72
0x000000010c53e513:   49 89 c7 48 8b 38 e8 f2 48 cd ff 48 85 c0 74 71
0x000000010c53e523:   48 8d 0d 36 e3 44 00 8b 31 48 89 c7 e8 dc b2 03
0x000000010c53e533:   00 49 89 c6 4d 85 ff 0f 84 ea 00 00 00 4d 89 fd
0x000000010c53e543:   49 8b 3f e9 e4 00 00 00 31 ff e8 1e 45 cd ff 48
0x000000010c53e553:   85 c0 4c 8b 65 b0 0f 85 30 ff ff ff 48 8d 05 8a
0x000000010c53e563:   2e 46 00 48 8b 88 38 04 00 00 48 8d 35 e9 3f 2f
0x000000010c53e573:   00 4c 8d 05 c1 41 2f 00 4c 89 e7 ba 70 03 00 00
0x000000010c53e583:   eb 34 49 89 c7 31 ff e8 81 48 cd ff 48 85 c0 75
0x000000010c53e593:   8f 48 8d 05 55 2e 46 00 48 8b 88 38 04 00 00 48
0x000000010c53e5a3:   8d 35 b4 3f 2f 00 4c 8d 05 9e 41 2f 00 48 8b 7d
0x000000010c53e5b3:   b0 ba 87 03 00 00 48 83 c4 38 5b 41 5c 41 5d 41
0x000000010c53e5c3:   5e 41 5f 5d e9 54 74 ba ff 31 db 48 8b 78 70 48
0x000000010c53e5d3:   85 ff 0f 85 1b ff ff ff 31 f6 48 89 df e8 1b 6f
0x000000010c53e5e3:   cd ff 80 7d a8 00 0f 85 2c 01 00 00 48 8b 45 b8
0x000000010c53e5f3:   48 8b 40 08 48 8b 48 08 0f b7 40 22 48 8b 7c c1
0x000000010c53e603:   48 4c 89 e6 e8 14 69 11 00 49 83 7c 24 08 00 0f
0x000000010c53e613:   85 4c 01 00 00 4d 85 ed 0f 84 f0 00 00 00 49 8b
0x000000010c53e623:   7d 00 e9 e9 00 00 00 4d 89 fd 31 ff e8 dc 6f cd
0x000000010c53e633:   ff 83 e3 08 c1 eb 03 c7 45 b8 00 00 00 00 4c 8d
0x000000010c53e643:   7d c0 48 c7 45 c0 00 00 00 00 48 c7 45 c8 00 00
0x000000010c53e653:   00 00 48 8d 4d b8 4c 89 f7 89 c6 89 da e8 bb ad
0x000000010c53e663:   ca ff 84 c0 74 74 45 84 e4 4c 8b 75 b0 0f 85 10
0x000000010c53e673:   01 00 00 48 8b 45 c0 48 8b 48 18 48 63 55 bc 48
0x000000010c53e683:   8b 89 c8 01 00 00 48 8d 14 52 0f b7 74 91 06 0f
0x000000010c53e693:   b7 4c 91 04 48 8d 14 f5 00 00 00 00 48 03 15 92
0x000000010c53e6a3:   aa 34 00 f7 c1 00 04 00 00 48 8d 44 f0 48 48 0f
0x000000010c53e6b3:   45 c2 48 8b 38 4c 89 f6 e8 60 68 11 00 49 83 7e
0x000000010c53e6c3:   08 00 0f 85 59 02 00 00 4d 85 ed 0f 84 a8 00 00
0x000000010c53e6d3:   00 49 8b 7d 00 e9 a1 00 00 00 4c 89 ff e8 7b ba
0x000000010c53e6e3:   c6 ff 48 8d 05 04 2d 46 00 48 8b 88 28 05 00 00 


Stack slot to memory mapping:
stack at sp + 0 slots: 0x00007f8f5d134ae8 points into unknown readable memory: 0x00000007877155c8 | c8 55 71 87 07 00 00 00
stack at sp + 1 slots: 0x0 is NULL
stack at sp + 2 slots: 0x00007f8f5d94ec00 is a thread
stack at sp + 3 slots: 0xfffffffffffffffe is an unknown value
stack at sp + 4 slots: 0x00007f8f5d94ec00 is a thread
stack at sp + 5 slots: 0x00000008006d36c0 is pointing into metadata
stack at sp + 6 slots: 0x00000007ffe05c00 is pointing into object: java.lang.Class 
{0x00000007ffe05bd8} - klass: 'java/lang/Class'
 - ---- fields (total size 15 words):
 - private volatile transient 'classRedefinedCount' 'I' @12  0
 - private volatile transient 'cachedConstructor' 'Ljava/lang/reflect/Constructor;' @40  NULL (0)
 - private transient 'name' 'Ljava/lang/String;' @44  NULL (0)
 - private transient 'module' 'Ljava/lang/Module;' @48  a 'java/lang/Module'{0x000000078000c898} (f0001913)
 - private final 'classLoader' 'Ljava/lang/ClassLoader;' @52  NULL (0)
 - private transient 'classData' 'Ljava/lang/Object;' @56  NULL (0)
 - private transient 'packageName' 'Ljava/lang/String;' @60  NULL (0)
 - private final 'componentType' 'Ljava/lang/Class;' @64  [I{0x00000007801749b8} (f002e937)
 - private volatile transient 'reflectionData' 'Ljava/lang/ref/SoftReference;' @68  NULL (0)
 - private volatile transient 'genericInfo' 'Lsun/reflect/generics/repository/ClassRepository;' @72  NULL (0)
 - private volatile transient 'enumConstants' '[Ljava/lang/Object;' @76  NULL (0)
 - private volatile transient 'enumConstantDirectory' 'Ljava/util/Map;' @80  NULL (0)
 - private volatile transient 'annotationData' 'Ljava/lang/Class$AnnotationData;' @84  NULL (0)
 - private volatile transient 'annotationType' 'Lsun/reflect/annotation/AnnotationType;' @88  NULL (0)
 - transient 'classValueMap' 'Ljava/lang/ClassValue$ClassValueMap;' @92  NULL (0)
 - signature: Ljava/lang/invoke/MutableCallSite;
 - fake entry for mirror: 'java/lang/invoke/MutableCallSite'
 - fake entry for array: NULL
 - fake entry for oop_size: 15
 - fake entry for static_oop_field_count: 1
 - private static final 'STORE_BARRIER' 'Ljava/util/concurrent/atomic/AtomicInteger;' @112  NULL (0)
stack at sp + 7 slots: {method} {0x00000008000dcff8} 'expand' '(Ljava/lang/invoke/MemberName;)V' in 'java/lang/invoke/MethodHandleNatives'


---------------  P R O C E S S  ---------------

Threads class SMR info:
_java_thread_list=0x0000600000434340, length=18, elements={
0x00007f8f5d00ee00, 0x00007f8f5d86d400, 0x00007f8f5d80d400, 0x00007f8f5d86fc00,
0x00007f8f5d870200, 0x00007f8f5d870800, 0x00007f8f5d870e00, 0x00007f8f5d064600,
0x00007f8f5d064c00, 0x00007f8f5d05fe00, 0x00007f8f5d064000, 0x00007f8f5d063000,
0x00007f8f5dc12a00, 0x00007f8f5d94ec00, 0x00007f8f5dca1200, 0x00007f8f5d2d8200,
0x00007f8f5d2d9a00, 0x00007f8f5d1b5e00
}

Java Threads: ( => current thread )
  0x00007f8f5d00ee00 JavaThread "main" [_thread_blocked, id=9987, stack(0x000070000b373000,0x000070000b473000)]
  0x00007f8f5d86d400 JavaThread "Reference Handler" daemon [_thread_blocked, id=15875, stack(0x000070000ba88000,0x000070000bb88000)]
  0x00007f8f5d80d400 JavaThread "Finalizer" daemon [_thread_blocked, id=15619, stack(0x000070000bb8b000,0x000070000bc8b000)]
  0x00007f8f5d86fc00 JavaThread "Signal Dispatcher" daemon [_thread_blocked, id=23043, stack(0x000070000bd94000,0x000070000be94000)]
  0x00007f8f5d870200 JavaThread "Service Thread" daemon [_thread_blocked, id=42243, stack(0x000070000be97000,0x000070000bf97000)]
  0x00007f8f5d870800 JavaThread "Monitor Deflation Thread" daemon [_thread_blocked, id=23555, stack(0x000070000bf9a000,0x000070000c09a000)]
  0x00007f8f5d870e00 JavaThread "C2 CompilerThread0" daemon [_thread_blocked, id=41987, stack(0x000070000c09d000,0x000070000c19d000)]
  0x00007f8f5d064600 JavaThread "C1 CompilerThread0" daemon [_thread_blocked, id=41731, stack(0x000070000c1a0000,0x000070000c2a0000)]
  0x00007f8f5d064c00 JavaThread "Sweeper thread" daemon [_thread_blocked, id=41475, stack(0x000070000c2a3000,0x000070000c3a3000)]
  0x00007f8f5d05fe00 JavaThread "Common-Cleaner" daemon [_thread_blocked, id=40963, stack(0x000070000c3a6000,0x000070000c4a6000)]
  0x00007f8f5d064000 JavaThread "Notification Thread" daemon [_thread_blocked, id=24835, stack(0x000070000c4a9000,0x000070000c5a9000)]
  0x00007f8f5d063000 JavaThread "QuantumRenderer-0" daemon [_thread_blocked, id=40451, stack(0x000070000c6af000,0x000070000c7af000)]
  0x00007f8f5dc12a00 JavaThread "InvokeLaterDispatcher" daemon [_thread_blocked, id=37127, stack(0x000070000c7b2000,0x000070000c8b2000)]
=>0x00007f8f5d94ec00 JavaThread "JavaFX Application Thread" [_thread_in_vm, id=259, stack(0x00007ff7b5be2000,0x00007ff7b63e2000)]
  0x00007f8f5dca1200 JavaThread "JavaFX-Launcher" [_thread_blocked, id=75271, stack(0x000070000cecd000,0x000070000cfcd000)]
  0x00007f8f5d2d8200 JavaThread "Prism Font Disposer" daemon [_thread_blocked, id=72203, stack(0x000070000cfd0000,0x000070000d0d0000)]
  0x00007f8f5d2d9a00 JavaThread "Cleaner-0" daemon [_thread_blocked, id=58675, stack(0x000070000d0d3000,0x000070000d1d3000)]
  0x00007f8f5d1b5e00 JavaThread "PulseTimer-CVDisplayLink thread" daemon [_thread_in_native, id=66839, stack(0x000070000c8b5000,0x000070000c935000)]

Other Threads:
  0x00007f8f5cf0c560 VMThread "VM Thread" [stack: 0x000070000b985000,0x000070000ba85000] [id=16643]
  0x00007f8f5cf14c70 WatcherThread [stack: 0x000070000c5ac000,0x000070000c6ac000] [id=25091]
  0x00007f8f5cf08120 GCTaskThread "GC Thread#0" [stack: 0x000070000b476000,0x000070000b576000] [id=11779]
  0x00007f8f5cf4e690 GCTaskThread "GC Thread#1" [stack: 0x000070000cbc4000,0x000070000ccc4000] [id=52487]
  0x00007f8f5e192490 GCTaskThread "GC Thread#2" [stack: 0x000070000ccc7000,0x000070000cdc7000] [id=78343]
  0x00007f8f5e192900 GCTaskThread "GC Thread#3" [stack: 0x000070000cdca000,0x000070000ceca000] [id=75523]
  0x00007f8f5e104f90 ConcurrentGCThread "G1 Main Marker" [stack: 0x000070000b579000,0x000070000b679000] [id=18947]
  0x00007f8f5cf08590 ConcurrentGCThread "G1 Conc#0" [stack: 0x000070000b67c000,0x000070000b77c000] [id=12291]
  0x00007f8f5e105810 ConcurrentGCThread "G1 Refine#0" [stack: 0x000070000b77f000,0x000070000b87f000] [id=18179]
  0x00007f8f5e1060a0 ConcurrentGCThread "G1 Service" [stack: 0x000070000b882000,0x000070000b982000] [id=17923]

Threads with active compile tasks:

VM state: not at safepoint (normal execution)

VM Mutex/Monitor currently owned by a thread: None

Heap address: 0x0000000780000000, size: 2048 MB, Compressed Oops mode: Zero based, Oop shift amount: 3

CDS archive(s) mapped at: [0x0000000800000000-0x0000000800bd8000-0x0000000800bd8000), size 12419072, SharedBaseAddress: 0x0000000800000000, ArchiveRelocationMode: 0.
Compressed class space mapped at: 0x0000000800c00000-0x0000000840c00000, reserved size: 1073741824
Narrow klass base: 0x0000000800000000, Narrow klass shift: 0, Narrow klass range: 0x100000000

GC Precious Log:
 CPUs: 4 total, 4 available
 Memory: 8192M
 Large Page Support: Disabled
 NUMA Support: Disabled
 Compressed Oops: Enabled (Zero based)
 Heap Region Size: 1M
 Heap Min Capacity: 8M
 Heap Initial Capacity: 128M
 Heap Max Capacity: 2G
 Pre-touch: Disabled
 Parallel Workers: 4
 Concurrent Workers: 1
 Concurrent Refinement Workers: 4
 Periodic GC: Disabled

Heap:
 garbage-first heap   total 133120K, used 15771K [0x0000000780000000, 0x0000000800000000)
  region size 1024K, 12 young (12288K), 3 survivors (3072K)
 Metaspace       used 11233K, committed 11456K, reserved 1064960K
  class space    used 1594K, committed 1664K, reserved 1048576K

Heap Regions: E=young(eden), S=young(survivor), O=old, HS=humongous(starts), HC=humongous(continues), CS=collection set, F=free, OA=open archive, CA=closed archive, TAMS=top-at-mark-start (previous, next)
|   0|0x0000000780000000, 0x0000000780100000, 0x0000000780100000|100%| O|  |TAMS 0x0000000780000000, 0x0000000780000000| Untracked 
|   1|0x0000000780100000, 0x00000007801f4c00, 0x0000000780200000| 95%| O|  |TAMS 0x0000000780100000, 0x0000000780100000| Untracked 
|   2|0x0000000780200000, 0x0000000780300000, 0x0000000780300000|100%|HS|  |TAMS 0x0000000780200000, 0x0000000780200000| Complete 
|   3|0x0000000780300000, 0x0000000780400000, 0x0000000780400000|100%|HC|  |TAMS 0x0000000780300000, 0x0000000780300000| Complete 
|   4|0x0000000780400000, 0x0000000780400000, 0x0000000780500000|  0%| F|  |TAMS 0x0000000780400000, 0x0000000780400000| Untracked 
|   5|0x0000000780500000, 0x0000000780500000, 0x0000000780600000|  0%| F|  |TAMS 0x0000000780500000, 0x0000000780500000| Untracked 
|   6|0x0000000780600000, 0x0000000780600000, 0x0000000780700000|  0%| F|  |TAMS 0x0000000780600000, 0x0000000780600000| Untracked 
|   7|0x0000000780700000, 0x0000000780700000, 0x0000000780800000|  0%| F|  |TAMS 0x0000000780700000, 0x0000000780700000| Untracked 
|   8|0x0000000780800000, 0x0000000780800000, 0x0000000780900000|  0%| F|  |TAMS 0x0000000780800000, 0x0000000780800000| Untracked 
|   9|0x0000000780900000, 0x0000000780900000, 0x0000000780a00000|  0%| F|  |TAMS 0x0000000780900000, 0x0000000780900000| Untracked 
|  10|0x0000000780a00000, 0x0000000780a00000, 0x0000000780b00000|  0%| F|  |TAMS 0x0000000780a00000, 0x0000000780a00000| Untracked 
|  11|0x0000000780b00000, 0x0000000780b00000, 0x0000000780c00000|  0%| F|  |TAMS 0x0000000780b00000, 0x0000000780b00000| Untracked 
|  12|0x0000000780c00000, 0x0000000780c00000, 0x0000000780d00000|  0%| F|  |TAMS 0x0000000780c00000, 0x0000000780c00000| Untracked 
|  13|0x0000000780d00000, 0x0000000780d00000, 0x0000000780e00000|  0%| F|  |TAMS 0x0000000780d00000, 0x0000000780d00000| Untracked 
|  14|0x0000000780e00000, 0x0000000780e00000, 0x0000000780f00000|  0%| F|  |TAMS 0x0000000780e00000, 0x0000000780e00000| Untracked 
|  15|0x0000000780f00000, 0x0000000780f00000, 0x0000000781000000|  0%| F|  |TAMS 0x0000000780f00000, 0x0000000780f00000| Untracked 
|  16|0x0000000781000000, 0x0000000781000000, 0x0000000781100000|  0%| F|  |TAMS 0x0000000781000000, 0x0000000781000000| Untracked 
|  17|0x0000000781100000, 0x0000000781100000, 0x0000000781200000|  0%| F|  |TAMS 0x0000000781100000, 0x0000000781100000| Untracked 
|  18|0x0000000781200000, 0x0000000781200000, 0x0000000781300000|  0%| F|  |TAMS 0x0000000781200000, 0x0000000781200000| Untracked 
|  19|0x0000000781300000, 0x0000000781300000, 0x0000000781400000|  0%| F|  |TAMS 0x0000000781300000, 0x0000000781300000| Untracked 
|  20|0x0000000781400000, 0x0000000781400000, 0x0000000781500000|  0%| F|  |TAMS 0x0000000781400000, 0x0000000781400000| Untracked 
|  21|0x0000000781500000, 0x0000000781500000, 0x0000000781600000|  0%| F|  |TAMS 0x0000000781500000, 0x0000000781500000| Untracked 
|  22|0x0000000781600000, 0x0000000781600000, 0x0000000781700000|  0%| F|  |TAMS 0x0000000781600000, 0x0000000781600000| Untracked 
|  23|0x0000000781700000, 0x0000000781700000, 0x0000000781800000|  0%| F|  |TAMS 0x0000000781700000, 0x0000000781700000| Untracked 
|  24|0x0000000781800000, 0x0000000781800000, 0x0000000781900000|  0%| F|  |TAMS 0x0000000781800000, 0x0000000781800000| Untracked 
|  25|0x0000000781900000, 0x0000000781900000, 0x0000000781a00000|  0%| F|  |TAMS 0x0000000781900000, 0x0000000781900000| Untracked 
|  26|0x0000000781a00000, 0x0000000781a00000, 0x0000000781b00000|  0%| F|  |TAMS 0x0000000781a00000, 0x0000000781a00000| Untracked 
|  27|0x0000000781b00000, 0x0000000781b00000, 0x0000000781c00000|  0%| F|  |TAMS 0x0000000781b00000, 0x0000000781b00000| Untracked 
|  28|0x0000000781c00000, 0x0000000781c00000, 0x0000000781d00000|  0%| F|  |TAMS 0x0000000781c00000, 0x0000000781c00000| Untracked 
|  29|0x0000000781d00000, 0x0000000781d00000, 0x0000000781e00000|  0%| F|  |TAMS 0x0000000781d00000, 0x0000000781d00000| Untracked 
|  30|0x0000000781e00000, 0x0000000781e00000, 0x0000000781f00000|  0%| F|  |TAMS 0x0000000781e00000, 0x0000000781e00000| Untracked 
|  31|0x0000000781f00000, 0x0000000781f00000, 0x0000000782000000|  0%| F|  |TAMS 0x0000000781f00000, 0x0000000781f00000| Untracked 
|  32|0x0000000782000000, 0x0000000782000000, 0x0000000782100000|  0%| F|  |TAMS 0x0000000782000000, 0x0000000782000000| Untracked 
|  33|0x0000000782100000, 0x0000000782100000, 0x0000000782200000|  0%| F|  |TAMS 0x0000000782100000, 0x0000000782100000| Untracked 
|  34|0x0000000782200000, 0x0000000782200000, 0x0000000782300000|  0%| F|  |TAMS 0x0000000782200000, 0x0000000782200000| Untracked 
|  35|0x0000000782300000, 0x0000000782300000, 0x0000000782400000|  0%| F|  |TAMS 0x0000000782300000, 0x0000000782300000| Untracked 
|  36|0x0000000782400000, 0x0000000782400000, 0x0000000782500000|  0%| F|  |TAMS 0x0000000782400000, 0x0000000782400000| Untracked 
|  37|0x0000000782500000, 0x0000000782500000, 0x0000000782600000|  0%| F|  |TAMS 0x0000000782500000, 0x0000000782500000| Untracked 
|  38|0x0000000782600000, 0x0000000782600000, 0x0000000782700000|  0%| F|  |TAMS 0x0000000782600000, 0x0000000782600000| Untracked 
|  39|0x0000000782700000, 0x0000000782700000, 0x0000000782800000|  0%| F|  |TAMS 0x0000000782700000, 0x0000000782700000| Untracked 
|  40|0x0000000782800000, 0x0000000782800000, 0x0000000782900000|  0%| F|  |TAMS 0x0000000782800000, 0x0000000782800000| Untracked 
|  41|0x0000000782900000, 0x0000000782900000, 0x0000000782a00000|  0%| F|  |TAMS 0x0000000782900000, 0x0000000782900000| Untracked 
|  42|0x0000000782a00000, 0x0000000782a00000, 0x0000000782b00000|  0%| F|  |TAMS 0x0000000782a00000, 0x0000000782a00000| Untracked 
|  43|0x0000000782b00000, 0x0000000782b00000, 0x0000000782c00000|  0%| F|  |TAMS 0x0000000782b00000, 0x0000000782b00000| Untracked 
|  44|0x0000000782c00000, 0x0000000782c00000, 0x0000000782d00000|  0%| F|  |TAMS 0x0000000782c00000, 0x0000000782c00000| Untracked 
|  45|0x0000000782d00000, 0x0000000782d00000, 0x0000000782e00000|  0%| F|  |TAMS 0x0000000782d00000, 0x0000000782d00000| Untracked 
|  46|0x0000000782e00000, 0x0000000782e00000, 0x0000000782f00000|  0%| F|  |TAMS 0x0000000782e00000, 0x0000000782e00000| Untracked 
|  47|0x0000000782f00000, 0x0000000782f00000, 0x0000000783000000|  0%| F|  |TAMS 0x0000000782f00000, 0x0000000782f00000| Untracked 
|  48|0x0000000783000000, 0x0000000783000000, 0x0000000783100000|  0%| F|  |TAMS 0x0000000783000000, 0x0000000783000000| Untracked 
|  49|0x0000000783100000, 0x0000000783100000, 0x0000000783200000|  0%| F|  |TAMS 0x0000000783100000, 0x0000000783100000| Untracked 
|  50|0x0000000783200000, 0x0000000783200000, 0x0000000783300000|  0%| F|  |TAMS 0x0000000783200000, 0x0000000783200000| Untracked 
|  51|0x0000000783300000, 0x0000000783300000, 0x0000000783400000|  0%| F|  |TAMS 0x0000000783300000, 0x0000000783300000| Untracked 
|  52|0x0000000783400000, 0x0000000783400000, 0x0000000783500000|  0%| F|  |TAMS 0x0000000783400000, 0x0000000783400000| Untracked 
|  53|0x0000000783500000, 0x0000000783500000, 0x0000000783600000|  0%| F|  |TAMS 0x0000000783500000, 0x0000000783500000| Untracked 
|  54|0x0000000783600000, 0x0000000783600000, 0x0000000783700000|  0%| F|  |TAMS 0x0000000783600000, 0x0000000783600000| Untracked 
|  55|0x0000000783700000, 0x0000000783700000, 0x0000000783800000|  0%| F|  |TAMS 0x0000000783700000, 0x0000000783700000| Untracked 
|  56|0x0000000783800000, 0x0000000783800000, 0x0000000783900000|  0%| F|  |TAMS 0x0000000783800000, 0x0000000783800000| Untracked 
|  57|0x0000000783900000, 0x0000000783900000, 0x0000000783a00000|  0%| F|  |TAMS 0x0000000783900000, 0x0000000783900000| Untracked 
|  58|0x0000000783a00000, 0x0000000783a00000, 0x0000000783b00000|  0%| F|  |TAMS 0x0000000783a00000, 0x0000000783a00000| Untracked 
|  59|0x0000000783b00000, 0x0000000783b00000, 0x0000000783c00000|  0%| F|  |TAMS 0x0000000783b00000, 0x0000000783b00000| Untracked 
|  60|0x0000000783c00000, 0x0000000783c00000, 0x0000000783d00000|  0%| F|  |TAMS 0x0000000783c00000, 0x0000000783c00000| Untracked 
|  61|0x0000000783d00000, 0x0000000783d00000, 0x0000000783e00000|  0%| F|  |TAMS 0x0000000783d00000, 0x0000000783d00000| Untracked 
|  62|0x0000000783e00000, 0x0000000783e00000, 0x0000000783f00000|  0%| F|  |TAMS 0x0000000783e00000, 0x0000000783e00000| Untracked 
|  63|0x0000000783f00000, 0x0000000783f00000, 0x0000000784000000|  0%| F|  |TAMS 0x0000000783f00000, 0x0000000783f00000| Untracked 
|  64|0x0000000784000000, 0x0000000784000000, 0x0000000784100000|  0%| F|  |TAMS 0x0000000784000000, 0x0000000784000000| Untracked 
|  65|0x0000000784100000, 0x0000000784100000, 0x0000000784200000|  0%| F|  |TAMS 0x0000000784100000, 0x0000000784100000| Untracked 
|  66|0x0000000784200000, 0x0000000784200000, 0x0000000784300000|  0%| F|  |TAMS 0x0000000784200000, 0x0000000784200000| Untracked 
|  67|0x0000000784300000, 0x0000000784300000, 0x0000000784400000|  0%| F|  |TAMS 0x0000000784300000, 0x0000000784300000| Untracked 
|  68|0x0000000784400000, 0x0000000784400000, 0x0000000784500000|  0%| F|  |TAMS 0x0000000784400000, 0x0000000784400000| Untracked 
|  69|0x0000000784500000, 0x0000000784500000, 0x0000000784600000|  0%| F|  |TAMS 0x0000000784500000, 0x0000000784500000| Untracked 
|  70|0x0000000784600000, 0x0000000784600000, 0x0000000784700000|  0%| F|  |TAMS 0x0000000784600000, 0x0000000784600000| Untracked 
|  71|0x0000000784700000, 0x0000000784700000, 0x0000000784800000|  0%| F|  |TAMS 0x0000000784700000, 0x0000000784700000| Untracked 
|  72|0x0000000784800000, 0x0000000784800000, 0x0000000784900000|  0%| F|  |TAMS 0x0000000784800000, 0x0000000784800000| Untracked 
|  73|0x0000000784900000, 0x0000000784900000, 0x0000000784a00000|  0%| F|  |TAMS 0x0000000784900000, 0x0000000784900000| Untracked 
|  74|0x0000000784a00000, 0x0000000784a00000, 0x0000000784b00000|  0%| F|  |TAMS 0x0000000784a00000, 0x0000000784a00000| Untracked 
|  75|0x0000000784b00000, 0x0000000784b00000, 0x0000000784c00000|  0%| F|  |TAMS 0x0000000784b00000, 0x0000000784b00000| Untracked 
|  76|0x0000000784c00000, 0x0000000784c00000, 0x0000000784d00000|  0%| F|  |TAMS 0x0000000784c00000, 0x0000000784c00000| Untracked 
|  77|0x0000000784d00000, 0x0000000784d00000, 0x0000000784e00000|  0%| F|  |TAMS 0x0000000784d00000, 0x0000000784d00000| Untracked 
|  78|0x0000000784e00000, 0x0000000784e00000, 0x0000000784f00000|  0%| F|  |TAMS 0x0000000784e00000, 0x0000000784e00000| Untracked 
|  79|0x0000000784f00000, 0x0000000784f00000, 0x0000000785000000|  0%| F|  |TAMS 0x0000000784f00000, 0x0000000784f00000| Untracked 
|  80|0x0000000785000000, 0x0000000785000000, 0x0000000785100000|  0%| F|  |TAMS 0x0000000785000000, 0x0000000785000000| Untracked 
|  81|0x0000000785100000, 0x0000000785100000, 0x0000000785200000|  0%| F|  |TAMS 0x0000000785100000, 0x0000000785100000| Untracked 
|  82|0x0000000785200000, 0x0000000785200000, 0x0000000785300000|  0%| F|  |TAMS 0x0000000785200000, 0x0000000785200000| Untracked 
|  83|0x0000000785300000, 0x0000000785300000, 0x0000000785400000|  0%| F|  |TAMS 0x0000000785300000, 0x0000000785300000| Untracked 
|  84|0x0000000785400000, 0x0000000785400000, 0x0000000785500000|  0%| F|  |TAMS 0x0000000785400000, 0x0000000785400000| Untracked 
|  85|0x0000000785500000, 0x0000000785500000, 0x0000000785600000|  0%| F|  |TAMS 0x0000000785500000, 0x0000000785500000| Untracked 
|  86|0x0000000785600000, 0x0000000785600000, 0x0000000785700000|  0%| F|  |TAMS 0x0000000785600000, 0x0000000785600000| Untracked 
|  87|0x0000000785700000, 0x0000000785700000, 0x0000000785800000|  0%| F|  |TAMS 0x0000000785700000, 0x0000000785700000| Untracked 
|  88|0x0000000785800000, 0x0000000785800000, 0x0000000785900000|  0%| F|  |TAMS 0x0000000785800000, 0x0000000785800000| Untracked 
|  89|0x0000000785900000, 0x0000000785900000, 0x0000000785a00000|  0%| F|  |TAMS 0x0000000785900000, 0x0000000785900000| Untracked 
|  90|0x0000000785a00000, 0x0000000785a00000, 0x0000000785b00000|  0%| F|  |TAMS 0x0000000785a00000, 0x0000000785a00000| Untracked 
|  91|0x0000000785b00000, 0x0000000785b00000, 0x0000000785c00000|  0%| F|  |TAMS 0x0000000785b00000, 0x0000000785b00000| Untracked 
|  92|0x0000000785c00000, 0x0000000785c00000, 0x0000000785d00000|  0%| F|  |TAMS 0x0000000785c00000, 0x0000000785c00000| Untracked 
|  93|0x0000000785d00000, 0x0000000785d00000, 0x0000000785e00000|  0%| F|  |TAMS 0x0000000785d00000, 0x0000000785d00000| Untracked 
|  94|0x0000000785e00000, 0x0000000785e00000, 0x0000000785f00000|  0%| F|  |TAMS 0x0000000785e00000, 0x0000000785e00000| Untracked 
|  95|0x0000000785f00000, 0x0000000785f00000, 0x0000000786000000|  0%| F|  |TAMS 0x0000000785f00000, 0x0000000785f00000| Untracked 
|  96|0x0000000786000000, 0x0000000786000000, 0x0000000786100000|  0%| F|  |TAMS 0x0000000786000000, 0x0000000786000000| Untracked 
|  97|0x0000000786100000, 0x0000000786100000, 0x0000000786200000|  0%| F|  |TAMS 0x0000000786100000, 0x0000000786100000| Untracked 
|  98|0x0000000786200000, 0x0000000786200000, 0x0000000786300000|  0%| F|  |TAMS 0x0000000786200000, 0x0000000786200000| Untracked 
|  99|0x0000000786300000, 0x0000000786300000, 0x0000000786400000|  0%| F|  |TAMS 0x0000000786300000, 0x0000000786300000| Untracked 
| 100|0x0000000786400000, 0x0000000786400000, 0x0000000786500000|  0%| F|  |TAMS 0x0000000786400000, 0x0000000786400000| Untracked 
| 101|0x0000000786500000, 0x0000000786500000, 0x0000000786600000|  0%| F|  |TAMS 0x0000000786500000, 0x0000000786500000| Untracked 
| 102|0x0000000786600000, 0x0000000786600000, 0x0000000786700000|  0%| F|  |TAMS 0x0000000786600000, 0x0000000786600000| Untracked 
| 103|0x0000000786700000, 0x000000078677d0a0, 0x0000000786800000| 48%| S|CS|TAMS 0x0000000786700000, 0x0000000786700000| Complete 
| 104|0x0000000786800000, 0x0000000786900000, 0x0000000786900000|100%| S|CS|TAMS 0x0000000786800000, 0x0000000786800000| Complete 
| 105|0x0000000786900000, 0x0000000786a00000, 0x0000000786a00000|100%| S|CS|TAMS 0x0000000786900000, 0x0000000786900000| Complete 
| 106|0x0000000786a00000, 0x0000000786a00000, 0x0000000786b00000|  0%| F|  |TAMS 0x0000000786a00000, 0x0000000786a00000| Untracked 
| 107|0x0000000786b00000, 0x0000000786b00000, 0x0000000786c00000|  0%| F|  |TAMS 0x0000000786b00000, 0x0000000786b00000| Untracked 
| 108|0x0000000786c00000, 0x0000000786c00000, 0x0000000786d00000|  0%| F|  |TAMS 0x0000000786c00000, 0x0000000786c00000| Untracked 
| 109|0x0000000786d00000, 0x0000000786d00000, 0x0000000786e00000|  0%| F|  |TAMS 0x0000000786d00000, 0x0000000786d00000| Untracked 
| 110|0x0000000786e00000, 0x0000000786e00000, 0x0000000786f00000|  0%| F|  |TAMS 0x0000000786e00000, 0x0000000786e00000| Untracked 
| 111|0x0000000786f00000, 0x0000000786f00000, 0x0000000787000000|  0%| F|  |TAMS 0x0000000786f00000, 0x0000000786f00000| Untracked 
| 112|0x0000000787000000, 0x0000000787000000, 0x0000000787100000|  0%| F|  |TAMS 0x0000000787000000, 0x0000000787000000| Untracked 
| 113|0x0000000787100000, 0x0000000787100000, 0x0000000787200000|  0%| F|  |TAMS 0x0000000787100000, 0x0000000787100000| Untracked 
| 114|0x0000000787200000, 0x0000000787200000, 0x0000000787300000|  0%| F|  |TAMS 0x0000000787200000, 0x0000000787200000| Untracked 
| 115|0x0000000787300000, 0x0000000787300000, 0x0000000787400000|  0%| F|  |TAMS 0x0000000787300000, 0x0000000787300000| Untracked 
| 116|0x0000000787400000, 0x0000000787400000, 0x0000000787500000|  0%| F|  |TAMS 0x0000000787400000, 0x0000000787400000| Untracked 
| 117|0x0000000787500000, 0x0000000787500000, 0x0000000787600000|  0%| F|  |TAMS 0x0000000787500000, 0x0000000787500000| Untracked 
| 118|0x0000000787600000, 0x0000000787600000, 0x0000000787700000|  0%| F|  |TAMS 0x0000000787600000, 0x0000000787600000| Untracked 
| 119|0x0000000787700000, 0x0000000787780800, 0x0000000787800000| 50%| E|  |TAMS 0x0000000787700000, 0x0000000787700000| Complete 
| 120|0x0000000787800000, 0x0000000787900000, 0x0000000787900000|100%| E|CS|TAMS 0x0000000787800000, 0x0000000787800000| Complete 
| 121|0x0000000787900000, 0x0000000787a00000, 0x0000000787a00000|100%| E|CS|TAMS 0x0000000787900000, 0x0000000787900000| Complete 
| 122|0x0000000787a00000, 0x0000000787b00000, 0x0000000787b00000|100%| E|CS|TAMS 0x0000000787a00000, 0x0000000787a00000| Complete 
| 123|0x0000000787b00000, 0x0000000787c00000, 0x0000000787c00000|100%| E|CS|TAMS 0x0000000787b00000, 0x0000000787b00000| Complete 
| 124|0x0000000787c00000, 0x0000000787d00000, 0x0000000787d00000|100%| E|CS|TAMS 0x0000000787c00000, 0x0000000787c00000| Complete 
| 125|0x0000000787d00000, 0x0000000787e00000, 0x0000000787e00000|100%| E|CS|TAMS 0x0000000787d00000, 0x0000000787d00000| Complete 
| 126|0x0000000787e00000, 0x0000000787f00000, 0x0000000787f00000|100%| E|CS|TAMS 0x0000000787e00000, 0x0000000787e00000| Complete 
| 127|0x0000000787f00000, 0x0000000788000000, 0x0000000788000000|100%| E|CS|TAMS 0x0000000787f00000, 0x0000000787f00000| Complete 
|2046|0x00000007ffe00000, 0x00000007ffe76000, 0x00000007fff00000| 46%|OA|  |TAMS 0x00000007ffe00000, 0x00000007ffe00000| Untracked 
|2047|0x00000007fff00000, 0x00000007fff7f000, 0x0000000800000000| 49%|CA|  |TAMS 0x00000007fff00000, 0x00000007fff00000| Untracked 

Card table byte_map: [0x000000010a2fa000,0x000000010a6fa000] _byte_map_base: 0x00000001066fa000

Marking Bits (Prev, Next): (CMBitMap*) 0x00007f8f5d811c10, (CMBitMap*) 0x00007f8f5d811c50
 Prev Bits: [0x00000001234c2000, 0x00000001254c2000)
 Next Bits: [0x00000001254c2000, 0x00000001274c2000)

Polling page: 0x0000000109c45000

Metaspace:

Usage:
  Non-class:      9,41 MB used.
      Class:      1,56 MB used.
       Both:     10,97 MB used.

Virtual space:
  Non-class space:       16,00 MB reserved,       9,56 MB ( 60%) committed,  2 nodes.
      Class space:        1,00 GB reserved,       1,62 MB ( <1%) committed,  1 nodes.
             Both:        1,02 GB reserved,      11,19 MB (  1%) committed. 

Chunk freelists:
   Non-Class:  1,23 MB
       Class:  2,32 MB
        Both:  3,55 MB

MaxMetaspaceSize: unlimited
CompressedClassSpaceSize: 1,00 GB
Initial GC threshold: 21,00 MB
Current GC threshold: 21,00 MB
CDS: on
MetaspaceReclaimPolicy: balanced
 - commit_granule_bytes: 65536.
 - commit_granule_words: 8192.
 - virtual_space_node_default_size: 1048576.
 - enlarge_chunks_in_place: 1.
 - new_chunks_are_fully_committed: 0.
 - uncommit_free_chunks: 1.
 - use_allocation_guard: 0.
 - handle_deallocations: 1.


Internal statistics:

num_allocs_failed_limit: 0.
num_arena_births: 154.
num_arena_deaths: 0.
num_vsnodes_births: 3.
num_vsnodes_deaths: 0.
num_space_committed: 179.
num_space_uncommitted: 0.
num_chunks_returned_to_freelist: 0.
num_chunks_taken_from_freelist: 507.
num_chunk_merges: 0.
num_chunk_splits: 360.
num_chunks_enlarged: 291.
num_purges: 0.
num_inconsistent_stats: 0.

CodeHeap 'non-profiled nmethods': size=120032Kb used=511Kb max_used=511Kb free=119521Kb
 bounds [0x000000011bf8a000, 0x000000011c1fa000, 0x00000001234c2000]
CodeHeap 'profiled nmethods': size=120028Kb used=2480Kb max_used=2480Kb free=117548Kb
 bounds [0x0000000114a53000, 0x0000000114cc3000, 0x000000011bf8a000]
CodeHeap 'non-nmethods': size=5700Kb used=1381Kb max_used=1398Kb free=4318Kb
 bounds [0x00000001144c2000, 0x0000000114732000, 0x0000000114a53000]
 total_blobs=2240 nmethods=1502 adapters=651
 compilation: enabled
              stopped_count=0, restarted_count=0
 full_count=0

Compilation events (20 events):
Event: 6,917 Thread 0x00007f8f5d064600 nmethod 1469 0x0000000114cb6910 code [0x0000000114cb6aa0, 0x0000000114cb6bf0]
Event: 6,917 Thread 0x00007f8f5d064600 1471       3       java.lang.invoke.TypeConvertingMethodAdapter::convertType (299 bytes)
Event: 6,919 Thread 0x00007f8f5d064600 nmethod 1471 0x0000000114cb6c90 code [0x0000000114cb72c0, 0x0000000114cba8a0]
Event: 6,919 Thread 0x00007f8f5d064600 1483       1       java.util.concurrent.locks.AbstractQueuedSynchronizer::setState (6 bytes)
Event: 6,919 Thread 0x00007f8f5d064600 nmethod 1483 0x000000011c005690 code [0x000000011c005820, 0x000000011c0058f0]
Event: 6,931 Thread 0x00007f8f5d064600 1484       1       com.sun.javafx.geom.transform.AffineBase::getMxy (5 bytes)
Event: 6,931 Thread 0x00007f8f5d064600 nmethod 1484 0x000000011c005990 code [0x000000011c005b20, 0x000000011c005bf0]
Event: 6,931 Thread 0x00007f8f5d064600 1485       1       com.sun.javafx.geom.transform.AffineBase::getMxx (5 bytes)
Event: 6,931 Thread 0x00007f8f5d064600 nmethod 1485 0x000000011c005c90 code [0x000000011c005e20, 0x000000011c005ef0]
Event: 6,932 Thread 0x00007f8f5d064600 1486       1       com.sun.prism.impl.BaseContext::getVertexBuffer (5 bytes)
Event: 6,932 Thread 0x00007f8f5d064600 nmethod 1486 0x000000011c005f90 code [0x000000011c006120, 0x000000011c0061f0]
Event: 6,932 Thread 0x00007f8f5d064600 1487       1       javafx.scene.layout.Background::getFills (5 bytes)
Event: 6,932 Thread 0x00007f8f5d064600 nmethod 1487 0x000000011c006290 code [0x000000011c006420, 0x000000011c0064f0]
Event: 6,932 Thread 0x00007f8f5d064600 1488       1       com.sun.javafx.geom.transform.AffineBase::getMyx (5 bytes)
Event: 6,932 Thread 0x00007f8f5d064600 nmethod 1488 0x000000011c006590 code [0x000000011c006720, 0x000000011c0067f0]
Event: 6,933 Thread 0x00007f8f5d064600 1489       1       com.sun.prism.impl.BaseGraphics::isDepthBuffer (5 bytes)
Event: 6,933 Thread 0x00007f8f5d064600 nmethod 1489 0x000000011c006890 code [0x000000011c006a20, 0x000000011c006af0]
Event: 6,933 Thread 0x00007f8f5d064600 1490       1       com.sun.javafx.geom.transform.AffineBase::getMyy (5 bytes)
Event: 6,933 Thread 0x00007f8f5d064600 nmethod 1490 0x000000011c006b90 code [0x000000011c006d20, 0x000000011c006df0]
Event: 6,950 Thread 0x00007f8f5d064600 1501       3       jdk.internal.org.objectweb.asm.Frame::setLocal (65 bytes)

GC Heap History (4 events):
Event: 1,167 GC heap before
{Heap before GC invocations=0 (full 0):
 garbage-first heap   total 133120K, used 14292K [0x0000000780000000, 0x0000000800000000)
  region size 1024K, 13 young (13312K), 0 survivors (0K)
 Metaspace       used 3842K, committed 4096K, reserved 1056768K
  class space    used 443K, committed 576K, reserved 1048576K
}
Event: 1,184 GC heap after
{Heap after GC invocations=1 (full 0):
 garbage-first heap   total 133120K, used 3061K [0x0000000780000000, 0x0000000800000000)
  region size 1024K, 2 young (2048K), 2 survivors (2048K)
 Metaspace       used 3842K, committed 4096K, reserved 1056768K
  class space    used 443K, committed 576K, reserved 1048576K
}
Event: 1,875 GC heap before
{Heap before GC invocations=1 (full 0):
 garbage-first heap   total 133120K, used 22517K [0x0000000780000000, 0x0000000800000000)
  region size 1024K, 22 young (22528K), 2 survivors (2048K)
 Metaspace       used 9162K, committed 9344K, reserved 1064960K
  class space    used 1330K, committed 1408K, reserved 1048576K
}
Event: 1,882 GC heap after
{Heap after GC invocations=2 (full 0):
 garbage-first heap   total 133120K, used 5531K [0x0000000780000000, 0x0000000800000000)
  region size 1024K, 3 young (3072K), 3 survivors (3072K)
 Metaspace       used 9162K, committed 9344K, reserved 1064960K
  class space    used 1330K, committed 1408K, reserved 1048576K
}

Deoptimization events (20 events):
Event: 1,933 Thread 0x00007f8f5d94ec00 DEOPT PACKING pc=0x000000011bfd511c sp=0x00007ff7b63dbb10
Event: 1,933 Thread 0x00007f8f5d94ec00 DEOPT UNPACKING pc=0x0000000114514099 sp=0x00007ff7b63dbab0 mode 2
Event: 1,934 Thread 0x00007f8f5d94ec00 Uncommon trap: trap_request=0xffffffc6 fr.pc=0x000000011bfd511c relative=0x000000000000053c
Event: 1,934 Thread 0x00007f8f5d94ec00 Uncommon trap: reason=bimorphic_or_optimized_type_check action=maybe_recompile pc=0x000000011bfd511c method=java.util.concurrent.ConcurrentHashMap.get(Ljava/lang/Object;)Ljava/lang/Object; @ 149 c2
Event: 1,934 Thread 0x00007f8f5d94ec00 DEOPT PACKING pc=0x000000011bfd511c sp=0x00007ff7b63dbb10
Event: 1,934 Thread 0x00007f8f5d94ec00 DEOPT UNPACKING pc=0x0000000114514099 sp=0x00007ff7b63dbab0 mode 2
Event: 1,935 Thread 0x00007f8f5d94ec00 Uncommon trap: trap_request=0xffffffc6 fr.pc=0x000000011bfd511c relative=0x000000000000053c
Event: 1,935 Thread 0x00007f8f5d94ec00 Uncommon trap: reason=bimorphic_or_optimized_type_check action=maybe_recompile pc=0x000000011bfd511c method=java.util.concurrent.ConcurrentHashMap.get(Ljava/lang/Object;)Ljava/lang/Object; @ 149 c2
Event: 1,935 Thread 0x00007f8f5d94ec00 DEOPT PACKING pc=0x000000011bfd511c sp=0x00007ff7b63dbb10
Event: 1,935 Thread 0x00007f8f5d94ec00 DEOPT UNPACKING pc=0x0000000114514099 sp=0x00007ff7b63dbab0 mode 2
Event: 2,311 Thread 0x00007f8f5d063000 DEOPT PACKING pc=0x0000000114c684f9 sp=0x000070000c7ad0d0
Event: 2,311 Thread 0x00007f8f5d063000 DEOPT UNPACKING pc=0x000000011451482f sp=0x000070000c7ac558 mode 0
Event: 6,332 Thread 0x00007f8f5d063000 DEOPT PACKING pc=0x0000000114c684f9 sp=0x000070000c7ad0d0
Event: 6,332 Thread 0x00007f8f5d063000 DEOPT UNPACKING pc=0x000000011451482f sp=0x000070000c7ac558 mode 0
Event: 6,333 Thread 0x00007f8f5d063000 DEOPT PACKING pc=0x0000000114c684f9 sp=0x000070000c7ad0d0
Event: 6,333 Thread 0x00007f8f5d063000 DEOPT UNPACKING pc=0x000000011451482f sp=0x000070000c7ac558 mode 0
Event: 6,334 Thread 0x00007f8f5d063000 DEOPT PACKING pc=0x0000000114c684d8 sp=0x000070000c7ad0d0
Event: 6,334 Thread 0x00007f8f5d063000 DEOPT UNPACKING pc=0x000000011451482f sp=0x000070000c7ac548 mode 0
Event: 6,335 Thread 0x00007f8f5d063000 DEOPT PACKING pc=0x0000000114c684d8 sp=0x000070000c7ad0d0
Event: 6,335 Thread 0x00007f8f5d063000 DEOPT UNPACKING pc=0x000000011451482f sp=0x000070000c7ac548 mode 0

Classes unloaded (0 events):
No events

Classes redefined (0 events):
No events

Internal exceptions (20 events):
Event: 1,202 Thread 0x00007f8f5d00ee00 Exception <a 'java/lang/NoSuchMethodError'{0x0000000787f8cf18}: 'java.lang.Object java.lang.invoke.DirectMethodHandle$Holder.newInvokeSpecial(java.lang.Object, java.lang.Object, java.lang.Object, java.lang.Object, java.lang.Object)'> (0x0000000787f8cf18) 
thrown [open/src/hotspot/share/interpreter/linkResolver.cpp, line 766]
Event: 1,203 Thread 0x00007f8f5dca1200 Exception <a 'java/lang/NoSuchMethodError'{0x0000000787fab4b8}: 'void java.lang.invoke.DirectMethodHandle$Holder.invokeStatic(java.lang.Object, java.lang.Object, java.lang.Object, java.lang.Object)'> (0x0000000787fab4b8) 
thrown [open/src/hotspot/share/interpreter/linkResolver.cpp, line 766]
Event: 1,282 Thread 0x00007f8f5d94ec00 Exception <a 'java/lang/NoSuchMethodError'{0x0000000787be0e40}: 'java.lang.Object java.lang.invoke.DirectMethodHandle$Holder.invokeStaticInit(java.lang.Object, java.lang.Object, java.lang.Object, java.lang.Object)'> (0x0000000787be0e40) 
thrown [open/src/hotspot/share/interpreter/linkResolver.cpp, line 766]
Event: 1,284 Thread 0x00007f8f5d94ec00 Exception <a 'java/lang/NullPointerException'{0x0000000787bec8e0}> (0x0000000787bec8e0) 
thrown [open/src/hotspot/share/interpreter/linkResolver.cpp, line 1357]
Event: 1,499 Thread 0x00007f8f5d94ec00 Exception <a 'java/lang/NoSuchMethodError'{0x0000000787486908}: 'void java.lang.invoke.DirectMethodHandle$Holder.invokeStaticInit(java.lang.Object, java.lang.Object)'> (0x0000000787486908) 
thrown [open/src/hotspot/share/interpreter/linkResolver.cpp, line 766]
Event: 1,504 Thread 0x00007f8f5d94ec00 Exception <a 'java/lang/NoSuchMethodError'{0x00000007874d1dd0}: 'void java.lang.invoke.DirectMethodHandle$Holder.invokeSpecial(java.lang.Object, java.lang.Object, java.lang.Object, java.lang.Object, java.lang.Object)'> (0x00000007874d1dd0) 
thrown [open/src/hotspot/share/interpreter/linkResolver.cpp, line 766]
Event: 1,543 Thread 0x00007f8f5d94ec00 Exception <a 'sun/nio/fs/UnixException'{0x0000000787055d38}> (0x0000000787055d38) 
thrown [open/src/hotspot/share/prims/jni.cpp, line 516]
Event: 1,574 Thread 0x00007f8f5d94ec00 Implicit null exception at 0x000000011bfd230d to 0x000000011bfd2738
Event: 1,574 Thread 0x00007f8f5d94ec00 Implicit null exception at 0x000000011bfcf68d to 0x000000011bfcfaa8
Event: 1,575 Thread 0x00007f8f5d94ec00 Implicit null exception at 0x000000011bf9d02f to 0x000000011bf9d0a9
Event: 1,857 Thread 0x00007f8f5d94ec00 Exception <a 'java/lang/NoSuchMethodError'{0x0000000786a909c8}: 'java.lang.Object java.lang.invoke.DirectMethodHandle$Holder.invokeInterface(java.lang.Object, java.lang.Object, java.lang.Object)'> (0x0000000786a909c8) 
thrown [open/src/hotspot/share/interpreter/linkResolver.cpp, line 766]
Event: 1,858 Thread 0x00007f8f5d94ec00 Exception <a 'java/lang/IncompatibleClassChangeError'{0x0000000786a94350}: Found class java.lang.Object, but interface was expected> (0x0000000786a94350) 
thrown [open/src/hotspot/share/interpreter/linkResolver.cpp, line 833]
Event: 1,950 Thread 0x00007f8f5d94ec00 Exception <a 'java/lang/NoSuchMethodError'{0x0000000787ed8b60}: 'java.lang.Object java.lang.invoke.DirectMethodHandle$Holder.newInvokeSpecial(java.lang.Object, java.lang.Object, int)'> (0x0000000787ed8b60) 
thrown [open/src/hotspot/share/interpreter/linkResolver.cpp, line 766]
Event: 2,114 Thread 0x00007f8f5d063000 Exception <a 'java/lang/NoSuchMethodError'{0x0000000787c5dbc8}: 'int java.lang.invoke.DirectMethodHandle$Holder.invokeStaticInit(java.lang.Object, java.lang.Object)'> (0x0000000787c5dbc8) 
thrown [open/src/hotspot/share/interpreter/linkResolver.cpp, line 766]
Event: 6,904 Thread 0x00007f8f5d94ec00 Exception <a 'java/lang/NoSuchMethodError'{0x00000007878ae810}: 'long java.lang.invoke.DirectMethodHandle$Holder.invokeStatic(java.lang.Object, java.lang.Object, java.lang.Object)'> (0x00000007878ae810) 
thrown [open/src/hotspot/share/interpreter/linkResolver.cpp, line 766]
Event: 6,905 Thread 0x00007f8f5d94ec00 Exception <a 'java/lang/NoSuchMethodError'{0x00000007878b1fb8}: 'long java.lang.invoke.DirectMethodHandle$Holder.invokeStaticInit(java.lang.Object, java.lang.Object, java.lang.Object)'> (0x00000007878b1fb8) 
thrown [open/src/hotspot/share/interpreter/linkResolver.cpp, line 766]
Event: 6,908 Thread 0x00007f8f5d94ec00 Exception <a 'java/lang/NoSuchMethodError'{0x00000007878c9bc0}: 'java.lang.Object java.lang.invoke.DirectMethodHandle$Holder.newInvokeSpecial(java.lang.Object, java.lang.Object, long)'> (0x00000007878c9bc0) 
thrown [open/src/hotspot/share/interpreter/linkResolver.cpp, line 766]
Event: 6,908 Thread 0x00007f8f5d94ec00 Exception <a 'java/lang/NoSuchMethodError'{0x00000007878cd488}: 'java.lang.Object java.lang.invoke.Invokers$Holder.linkToTargetMethod(java.lang.Object, long, java.lang.Object)'> (0x00000007878cd488) 
thrown [open/src/hotspot/share/interpreter/linkResolver.cpp, line 766]
Event: 6,946 Thread 0x00007f8f5d94ec00 Exception <a 'java/lang/NoSuchMethodError'{0x00000007878fe070}: 'java.lang.Object java.lang.invoke.DirectMethodHandle$Holder.newInvokeSpecial(java.lang.Object, java.lang.Object, int, int, int, int, int, java.lang.Object)'> (0x00000007878fe070) 
thrown [open/src/hotspot/share/interpreter/linkResolver.cpp, line 766]
Event: 6,949 Thread 0x00007f8f5d94ec00 Exception <a 'java/lang/NoSuchMethodError'{0x0000000787711b70}: 'java.lang.Object java.lang.invoke.DirectMethodHandle$Holder.newInvokeSpecial(java.lang.Object, java.lang.Object, java.lang.Object, int, int, int, int, int)'> (0x0000000787711b70) 
thrown [open/src/hotspot/share/interpreter/linkResolver.cpp, line 766]

VM Operations (16 events):
Event: 0,307 Executing VM operation: HandshakeAllThreads
Event: 0,307 Executing VM operation: HandshakeAllThreads done
Event: 0,308 Executing VM operation: HandshakeAllThreads
Event: 0,308 Executing VM operation: HandshakeAllThreads done
Event: 1,167 Executing VM operation: G1CollectForAllocation
Event: 1,194 Executing VM operation: G1CollectForAllocation done
Event: 1,357 Executing VM operation: HandshakeAllThreads
Event: 1,357 Executing VM operation: HandshakeAllThreads done
Event: 1,840 Executing VM operation: HandshakeAllThreads
Event: 1,840 Executing VM operation: HandshakeAllThreads done
Event: 1,875 Executing VM operation: G1CollectForAllocation
Event: 1,883 Executing VM operation: G1CollectForAllocation done
Event: 2,886 Executing VM operation: Cleanup
Event: 2,887 Executing VM operation: Cleanup done
Event: 6,902 Executing VM operation: Cleanup
Event: 6,902 Executing VM operation: Cleanup done

Events (20 events):
Event: 2,217 Thread 0x00007f8f5d2d9a00 Thread added: 0x00007f8f5d2d9a00
Event: 2,217 Protecting memory [0x000070000d0d3000,0x000070000d0d7000] with protection modes 0
Event: 2,233 loading class sun/misc/Unsafe
Event: 2,234 loading class sun/misc/Unsafe done
Event: 2,236 loading class jdk/internal/reflect/UnsafeFieldAccessorFactory
Event: 2,236 loading class jdk/internal/reflect/UnsafeFieldAccessorFactory done
Event: 2,237 loading class jdk/internal/reflect/UnsafeQualifiedStaticObjectFieldAccessorImpl
Event: 2,237 loading class jdk/internal/reflect/UnsafeQualifiedStaticFieldAccessorImpl
Event: 2,237 loading class jdk/internal/reflect/UnsafeQualifiedStaticFieldAccessorImpl done
Event: 2,237 loading class jdk/internal/reflect/UnsafeQualifiedStaticObjectFieldAccessorImpl done
Event: 2,268 loading class java/nio/DirectFloatBufferU
Event: 2,268 loading class java/nio/DirectFloatBufferU done
Event: 2,365 Protecting memory [0x000070000c8b5000,0x000070000c8b9000] with protection modes 3
Event: 2,366 Thread 0x00007f8f5d1b5e00 Thread exited: 0x00007f8f5d1b5e00
Event: 6,317 Protecting memory [0x000070000c8b5000,0x000070000c8b9000] with protection modes 0
Event: 6,317 Thread 0x00007f8f5da22200 Thread added: 0x00007f8f5da22200
Event: 6,602 Protecting memory [0x000070000c8b5000,0x000070000c8b9000] with protection modes 3
Event: 6,602 Thread 0x00007f8f5da22200 Thread exited: 0x00007f8f5da22200
Event: 6,902 Protecting memory [0x000070000c8b5000,0x000070000c8b9000] with protection modes 0
Event: 6,902 Thread 0x00007f8f5d1b5e00 Thread added: 0x00007f8f5d1b5e00


Dynamic libraries:
0x0000000109c47000 	/Library/Java/JavaVirtualMachines/jdk-17.0.2.jdk/Contents/Home/lib/libjli.dylib
0x00007ff81052f000 	/usr/lib/libz.1.dylib
0x00007ff81060f000 	/usr/lib/libSystem.B.dylib
0x00007ff81060a000 	/usr/lib/system/libcache.dylib
0x00007ff8105c6000 	/usr/lib/system/libcommonCrypto.dylib
0x00007ff8105ef000 	/usr/lib/system/libcompiler_rt.dylib
0x00007ff8105e5000 	/usr/lib/system/libcopyfile.dylib
0x00007ff8055ba000 	/usr/lib/system/libcorecrypto.dylib
0x00007ff805678000 	/usr/lib/system/libdispatch.dylib
0x00007ff80583c000 	/usr/lib/system/libdyld.dylib
0x00007ff810601000 	/usr/lib/system/libkeymgr.dylib
0x00007ff8105a4000 	/usr/lib/system/libmacho.dylib
0x00007ff80fc23000 	/usr/lib/system/libquarantine.dylib
0x00007ff8105ff000 	/usr/lib/system/libremovefile.dylib
0x00007ff80a7b6000 	/usr/lib/system/libsystem_asl.dylib
0x00007ff805563000 	/usr/lib/system/libsystem_blocks.dylib
0x00007ff805700000 	/usr/lib/system/libsystem_c.dylib
0x00007ff8105f7000 	/usr/lib/system/libsystem_collections.dylib
0x00007ff80eed0000 	/usr/lib/system/libsystem_configuration.dylib
0x00007ff80e17c000 	/usr/lib/system/libsystem_containermanager.dylib
0x00007ff8102dd000 	/usr/lib/system/libsystem_coreservices.dylib
0x00007ff807e5f000 	/usr/lib/system/libsystem_darwin.dylib
0x00007ff810602000 	/usr/lib/system/libsystem_dnssd.dylib
0x00007ff8056fd000 	/usr/lib/system/libsystem_featureflags.dylib
0x00007ff805852000 	/usr/lib/system/libsystem_info.dylib
0x00007ff810542000 	/usr/lib/system/libsystem_m.dylib
0x00007ff80564c000 	/usr/lib/system/libsystem_malloc.dylib
0x00007ff80a751000 	/usr/lib/system/libsystem_networkextension.dylib
0x00007ff808285000 	/usr/lib/system/libsystem_notify.dylib
0x00007ff81686d000 	/usr/lib/system/libsystem_product_info_filter.dylib
0x00007ff80eed4000 	/usr/lib/system/libsystem_sandbox.dylib
0x00007ff8105fc000 	/usr/lib/system/libsystem_secinit.dylib
0x00007ff8057f8000 	/usr/lib/system/libsystem_kernel.dylib
0x00007ff805848000 	/usr/lib/system/libsystem_platform.dylib
0x00007ff805830000 	/usr/lib/system/libsystem_pthread.dylib
0x00007ff80bffe000 	/usr/lib/system/libsystem_symptoms.dylib
0x00007ff8055a1000 	/usr/lib/system/libsystem_trace.dylib
0x00007ff8105d2000 	/usr/lib/system/libunwind.dylib
0x00007ff805565000 	/usr/lib/system/libxpc.dylib
0x00007ff8057e2000 	/usr/lib/libc++abi.dylib
0x00007ff8056bf000 	/usr/lib/libobjc.A.dylib
0x00007ff8105dd000 	/usr/lib/liboah.dylib
0x00007ff805789000 	/usr/lib/libc++.1.dylib
0x00007ff81c666000 	/System/Library/Frameworks/Cocoa.framework/Versions/A/Cocoa
0x00007ff8082e3000 	/System/Library/Frameworks/AppKit.framework/Versions/C/AppKit
0x00007ff80b7ee000 	/System/Library/Frameworks/CoreData.framework/Versions/A/CoreData
0x00007ff8066ef000 	/System/Library/Frameworks/Foundation.framework/Versions/C/Foundation
0x00007ff809171000 	/System/Library/PrivateFrameworks/UIFoundation.framework/Versions/A/UIFoundation
0x00007ff816570000 	/System/Library/PrivateFrameworks/RemoteViewServices.framework/Versions/A/RemoteViewServices
0x00007ff80e85a000 	/System/Library/PrivateFrameworks/XCTTargetBootstrap.framework/Versions/A/XCTTargetBootstrap
0x00007ff812416000 	/System/Library/PrivateFrameworks/InternationalSupport.framework/Versions/A/InternationalSupport
0x00007ff8124a0000 	/System/Library/PrivateFrameworks/UserActivity.framework/Versions/A/UserActivity
0x00007ff8117f6000 	/usr/lib/libspindump.dylib
0x00007ff8093ff000 	/System/Library/Frameworks/UniformTypeIdentifiers.framework/Versions/A/UniformTypeIdentifiers
0x00007ff80cf83000 	/usr/lib/libapp_launch_measurement.dylib
0x00007ff80c1be000 	/System/Library/PrivateFrameworks/CoreAnalytics.framework/Versions/A/CoreAnalytics
0x00007ff80cf86000 	/System/Library/PrivateFrameworks/CoreAutoLayout.framework/Versions/A/CoreAutoLayout
0x00007ff80e1b4000 	/System/Library/Frameworks/Metal.framework/Versions/A/Metal
0x00007ff80eee0000 	/usr/lib/liblangid.dylib
0x00007ff80e85f000 	/System/Library/PrivateFrameworks/CoreSVG.framework/Versions/A/CoreSVG
0x00007ff80a7e6000 	/System/Library/PrivateFrameworks/SkyLight.framework/Versions/A/SkyLight
0x00007ff80ab84000 	/System/Library/Frameworks/CoreGraphics.framework/Versions/A/CoreGraphics
0x00007ff816c30000 	/System/Library/Frameworks/Accelerate.framework/Versions/A/Accelerate
0x00007ff811275000 	/System/Library/PrivateFrameworks/IconServices.framework/Versions/A/IconServices
0x00007ff80e199000 	/System/Library/Frameworks/IOSurface.framework/Versions/A/IOSurface
0x00007ff80c1ec000 	/usr/lib/libDiagnosticMessagesClient.dylib
0x00007ff81a313000 	/System/Library/Frameworks/ApplicationServices.framework/Versions/A/ApplicationServices
0x00007ff80e846000 	/System/Library/PrivateFrameworks/DFRFoundation.framework/Versions/A/DFRFoundation
0x00007ff807bcb000 	/usr/lib/libicucore.A.dylib
0x00007ff81320b000 	/System/Library/Frameworks/AudioToolbox.framework/Versions/A/AudioToolbox
0x00007ff812422000 	/System/Library/PrivateFrameworks/DataDetectorsCore.framework/Versions/A/DataDetectorsCore
0x00007ff90e3af000 	/System/Library/PrivateFrameworks/TextInput.framework/Versions/A/TextInput
0x00007ff80a769000 	/usr/lib/libMobileGestalt.dylib
0x00007ff80e552000 	/System/Library/Frameworks/Carbon.framework/Versions/A/Frameworks/HIToolbox.framework/Versions/A/HIToolbox
0x00007ff80c989000 	/System/Library/Frameworks/QuartzCore.framework/Versions/A/QuartzCore
0x00007ff807872000 	/System/Library/Frameworks/Security.framework/Versions/A/Security
0x00007ff8165a8000 	/System/Library/Frameworks/Carbon.framework/Versions/A/Frameworks/SpeechRecognition.framework/Versions/A/SpeechRecognition
0x00007ff80cce3000 	/System/Library/PrivateFrameworks/CoreUI.framework/Versions/A/CoreUI
0x00007ff80713e000 	/System/Library/Frameworks/CoreAudio.framework/Versions/A/CoreAudio
0x00007ff80c2db000 	/System/Library/Frameworks/DiskArbitration.framework/Versions/A/DiskArbitration
0x00007ff811be4000 	/System/Library/PrivateFrameworks/MultitouchSupport.framework/Versions/A/MultitouchSupport
0x00007ff80a768000 	/usr/lib/libenergytrace.dylib
0x00007ff8081cf000 	/System/Library/Frameworks/IOKit.framework/Versions/A/IOKit
0x00007ff816998000 	/System/Library/Frameworks/CoreServices.framework/Versions/A/CoreServices
0x00007ff80cf1d000 	/System/Library/PrivateFrameworks/PerformanceAnalysis.framework/Versions/A/PerformanceAnalysis
0x00007ffa1d8d3000 	/System/Library/Frameworks/OpenGL.framework/Versions/A/OpenGL
0x00007ff80fb49000 	/System/Library/PrivateFrameworks/MobileKeyBag.framework/Versions/A/MobileKeyBag
0x00007ff80b24f000 	/System/Library/Frameworks/ColorSync.framework/Versions/A/ColorSync
0x00007ff80587d000 	/System/Library/Frameworks/CoreFoundation.framework/Versions/A/CoreFoundation
0x00007ff80ead6000 	/System/Library/Frameworks/CoreImage.framework/Versions/A/CoreImage
0x00007ff806f56000 	/System/Library/Frameworks/CoreText.framework/Versions/A/CoreText
0x00007ff80e88f000 	/System/Library/Frameworks/ImageIO.framework/Versions/A/ImageIO
0x00007ff810615000 	/System/Library/PrivateFrameworks/SoftLinking.framework/Versions/A/SoftLinking
0x00007ff80cfce000 	/usr/lib/libxml2.2.dylib
0x00007ff810899000 	/usr/lib/libcompression.dylib
0x00007ff812349000 	/System/Library/PrivateFrameworks/TextureIO.framework/Versions/A/TextureIO
0x00007ff810f87000 	/usr/lib/libate.dylib
0x00007ff810d63000 	/usr/lib/liblzma.5.dylib
0x00007ff806402000 	/System/Library/Frameworks/SystemConfiguration.framework/Versions/A/SystemConfiguration
0x00007ff810611000 	/usr/lib/libfakelink.dylib
0x00007ff80a2c2000 	/System/Library/Frameworks/CFNetwork.framework/Versions/A/CFNetwork
0x00007ff810752000 	/usr/lib/libarchive.2.dylib
0x00007ff80eedc000 	/System/Library/PrivateFrameworks/AppleSystemInfo.framework/Versions/A/AppleSystemInfo
0x00007ff80fc4a000 	/usr/lib/libbsm.0.dylib
0x00007ff8098d5000 	/usr/lib/libnetwork.dylib
0x00007ff8105aa000 	/usr/lib/system/libkxld.dylib
0x00007ff80f876000 	/System/Library/PrivateFrameworks/IOMobileFramebuffer.framework/Versions/A/IOMobileFramebuffer
0x00007ffb1cdda000 	/usr/lib/libCoreEntitlements.dylib
0x00007ff8102bf000 	/System/Library/PrivateFrameworks/AppleFSCompression.framework/Versions/A/AppleFSCompression
0x00007ff80fc32000 	/usr/lib/libcoretls.dylib
0x00007ff810d7d000 	/usr/lib/libcoretls_cfhelpers.dylib
0x00007ff810894000 	/usr/lib/libpam.2.dylib
0x00007ff80bc1e000 	/usr/lib/libsqlite3.dylib
0x00007ff810dec000 	/usr/lib/libxar.1.dylib
0x00007ff8102cf000 	/usr/lib/libbz2.1.0.dylib
0x00007ff810616000 	/usr/lib/libpcap.A.dylib
0x00007ff80bff6000 	/usr/lib/libdns_services.dylib
0x00007ff810864000 	/usr/lib/libapple_nghttp2.dylib
0x00007ff810650000 	/usr/lib/libiconv.2.dylib
0x00007ff8105a3000 	/usr/lib/libcharset.1.dylib
0x00007ff80cf51000 	/System/Library/Frameworks/CoreServices.framework/Versions/A/Frameworks/FSEvents.framework/Versions/A/FSEvents
0x00007ff807e69000 	/System/Library/Frameworks/CoreServices.framework/Versions/A/Frameworks/CarbonCore.framework/Versions/A/CarbonCore
0x00007ff80c23f000 	/System/Library/Frameworks/CoreServices.framework/Versions/A/Frameworks/Metadata.framework/Versions/A/Metadata
0x00007ff8102e2000 	/System/Library/Frameworks/CoreServices.framework/Versions/A/Frameworks/OSServices.framework/Versions/A/OSServices
0x00007ff8107d9000 	/System/Library/Frameworks/CoreServices.framework/Versions/A/Frameworks/SearchKit.framework/Versions/A/SearchKit
0x00007ff80bf89000 	/System/Library/Frameworks/CoreServices.framework/Versions/A/Frameworks/AE.framework/Versions/A/AE
0x00007ff805d7f000 	/System/Library/Frameworks/CoreServices.framework/Versions/A/Frameworks/LaunchServices.framework/Versions/A/LaunchServices
0x00007ff810d14000 	/System/Library/Frameworks/CoreServices.framework/Versions/A/Frameworks/DictionaryServices.framework/Versions/A/DictionaryServices
0x00007ff80cf5e000 	/System/Library/Frameworks/CoreServices.framework/Versions/A/Frameworks/SharedFileList.framework/Versions/A/SharedFileList
0x00007ff80fc26000 	/usr/lib/libCheckFix.dylib
0x00007ff80a7cd000 	/System/Library/PrivateFrameworks/TCC.framework/Versions/A/TCC
0x00007ff80eee2000 	/System/Library/PrivateFrameworks/CoreNLP.framework/Versions/A/CoreNLP
0x00007ff80c1ef000 	/System/Library/PrivateFrameworks/MetadataUtilities.framework/Versions/A/MetadataUtilities
0x00007ff8064b2000 	/usr/lib/libmecabra.dylib
0x00007ff80fc5a000 	/usr/lib/libmecab.dylib
0x00007ff80647d000 	/usr/lib/libCRFSuite.dylib
0x00007ff80fcb4000 	/usr/lib/libgermantok.dylib
0x00007ff81083f000 	/usr/lib/libThaiTokenizer.dylib
0x00007ff80c2e2000 	/System/Library/Frameworks/Accelerate.framework/Versions/A/Frameworks/vImage.framework/Versions/A/vImage
0x00007ff81696f000 	/System/Library/Frameworks/Accelerate.framework/Versions/A/Frameworks/vecLib.framework/Versions/A/vecLib
0x00007ff810e2d000 	/System/Library/Frameworks/Accelerate.framework/Versions/A/Frameworks/vecLib.framework/Versions/A/libvMisc.dylib
0x00007ff80f6a1000 	/System/Library/Frameworks/Accelerate.framework/Versions/A/Frameworks/vecLib.framework/Versions/A/libvDSP.dylib
0x00007ff8060f9000 	/System/Library/Frameworks/Accelerate.framework/Versions/A/Frameworks/vecLib.framework/Versions/A/libBLAS.dylib
0x00007ff810976000 	/System/Library/Frameworks/Accelerate.framework/Versions/A/Frameworks/vecLib.framework/Versions/A/libLAPACK.dylib
0x00007ff80fcb7000 	/System/Library/Frameworks/Accelerate.framework/Versions/A/Frameworks/vecLib.framework/Versions/A/libLinearAlgebra.dylib
0x00007ff81087c000 	/System/Library/Frameworks/Accelerate.framework/Versions/A/Frameworks/vecLib.framework/Versions/A/libSparseBLAS.dylib
0x00007ff810970000 	/System/Library/Frameworks/Accelerate.framework/Versions/A/Frameworks/vecLib.framework/Versions/A/libQuadrature.dylib
0x00007ff80efcd000 	/System/Library/Frameworks/Accelerate.framework/Versions/A/Frameworks/vecLib.framework/Versions/A/libBNNS.dylib
0x00007ff806393000 	/System/Library/Frameworks/Accelerate.framework/Versions/A/Frameworks/vecLib.framework/Versions/A/libSparse.dylib
0x00007ff80efc6000 	/System/Library/PrivateFrameworks/LinguisticData.framework/Versions/A/LinguisticData
0x00007ff806349000 	/System/Library/PrivateFrameworks/Lexicon.framework/Versions/A/Lexicon
0x00007ff810e26000 	/usr/lib/libChineseTokenizer.dylib
0x00007ff806aab000 	/System/Library/PrivateFrameworks/LanguageModeling.framework/Versions/A/LanguageModeling
0x00007ff810841000 	/System/Library/PrivateFrameworks/AppleSauce.framework/Versions/A/AppleSauce
0x00007ff80f864000 	/System/Library/PrivateFrameworks/CoreEmoji.framework/Versions/A/CoreEmoji
0x00007ff810741000 	/usr/lib/libcmph.dylib
0x00007ff80cf35000 	/System/Library/Frameworks/OpenDirectory.framework/Versions/A/Frameworks/CFOpenDirectory.framework/Versions/A/CFOpenDirectory
0x00007ff80cf29000 	/System/Library/Frameworks/OpenDirectory.framework/Versions/A/OpenDirectory
0x00007ff810d7f000 	/System/Library/PrivateFrameworks/APFS.framework/Versions/A/APFS
0x00007ff80fb81000 	/System/Library/Frameworks/SecurityFoundation.framework/Versions/A/SecurityFoundation
0x00007ff810dfa000 	/usr/lib/libutil.dylib
0x00007ff808193000 	/System/Library/PrivateFrameworks/CoreServicesStore.framework/Versions/A/CoreServicesStore
0x00007ff810dfe000 	/usr/lib/libxslt.1.dylib
0x00007ff80fc0e000 	/System/Library/PrivateFrameworks/BackgroundTaskManagement.framework/Versions/A/BackgroundTaskManagement
0x00007ff812269000 	/System/Library/Frameworks/ImageIO.framework/Versions/A/Resources/libRadiance.dylib
0x00007ff812272000 	/System/Library/Frameworks/ImageIO.framework/Versions/A/Resources/libJPEG.dylib
0x00007ff8121c3000 	/System/Library/Frameworks/ImageIO.framework/Versions/A/Resources/libPng.dylib
0x00007ff8121e4000 	/System/Library/Frameworks/ImageIO.framework/Versions/A/Resources/libTIFF.dylib
0x00007ff8122d2000 	/System/Library/Frameworks/ImageIO.framework/Versions/A/Resources/libGIF.dylib
0x00007ff811afe000 	/System/Library/Frameworks/ImageIO.framework/Versions/A/Resources/libJP2.dylib
0x00007ff81123c000 	/usr/lib/libexpat.1.dylib
0x00007ff811ab3000 	/System/Library/PrivateFrameworks/AppleJPEG.framework/Versions/A/AppleJPEG
0x00007ff80e416000 	/System/Library/PrivateFrameworks/FontServices.framework/libFontParser.dylib
0x00007ff80bf33000 	/System/Library/PrivateFrameworks/RunningBoardServices.framework/Versions/A/RunningBoardServices
0x00007ff81cc1e000 	/System/Library/PrivateFrameworks/IOSurfaceAccelerator.framework/Versions/A/IOSurfaceAccelerator
0x00007ff811be0000 	/System/Library/PrivateFrameworks/WatchdogClient.framework/Versions/A/WatchdogClient
0x00007ff806b99000 	/System/Library/Frameworks/CoreDisplay.framework/Versions/A/CoreDisplay
0x00007ff80e314000 	/System/Library/Frameworks/CoreMedia.framework/Versions/A/CoreMedia
0x00007ff80e1ab000 	/System/Library/PrivateFrameworks/IOAccelerator.framework/Versions/A/IOAccelerator
0x00007ff80d0b2000 	/System/Library/Frameworks/CoreVideo.framework/Versions/A/CoreVideo
0x00007ff810892000 	/System/Library/Frameworks/MetalPerformanceShaders.framework/Versions/A/MetalPerformanceShaders
0x00007ff811c1d000 	/System/Library/Frameworks/VideoToolbox.framework/Versions/A/VideoToolbox
0x00007ff80be7d000 	/System/Library/PrivateFrameworks/BaseBoard.framework/Versions/A/BaseBoard
0x00007ff80bc04000 	/System/Library/PrivateFrameworks/ProtocolBuffer.framework/Versions/A/ProtocolBuffer
0x00007ff812262000 	/System/Library/PrivateFrameworks/GPUWrangler.framework/Versions/A/GPUWrangler
0x00007ff812246000 	/System/Library/PrivateFrameworks/IOPresentment.framework/Versions/A/IOPresentment
0x00007ff81226c000 	/System/Library/PrivateFrameworks/DSExternalDisplay.framework/Versions/A/DSExternalDisplay
0x00007ffa1d8c7000 	/System/Library/Frameworks/OpenGL.framework/Versions/A/Libraries/libCoreFSCache.dylib
0x00007ffb0a583000 	/System/Library/PrivateFrameworks/GPUCompiler.framework/Versions/31001/Libraries/libGPUCompilerUtils.dylib
0x00007ff8122d7000 	/System/Library/PrivateFrameworks/CMCaptureCore.framework/Versions/A/CMCaptureCore
0x00007ff8117e4000 	/System/Library/PrivateFrameworks/AppServerSupport.framework/Versions/A/AppServerSupport
0x00007ff813aa3000 	/System/Library/PrivateFrameworks/perfdata.framework/Versions/A/perfdata
0x00007ff806cc5000 	/System/Library/PrivateFrameworks/AudioToolboxCore.framework/Versions/A/AudioToolboxCore
0x00007ff80e2f2000 	/System/Library/PrivateFrameworks/caulk.framework/Versions/A/caulk
0x00007ff8133b5000 	/usr/lib/libAudioStatistics.dylib
0x00007ff90ab5d000 	/System/Library/PrivateFrameworks/SystemPolicy.framework/Versions/A/SystemPolicy
0x00007ff813610000 	/usr/lib/libSMC.dylib
0x00007ff81c519000 	/System/Library/Frameworks/CoreMIDI.framework/Versions/A/CoreMIDI
0x00007ff812192000 	/usr/lib/libAudioToolboxUtility.dylib
0x00007ff906e00000 	/System/Library/PrivateFrameworks/OSAServicesClient.framework/Versions/A/OSAServicesClient
0x00007ff813ab0000 	/usr/lib/libperfcheck.dylib
0x00007ff90b607000 	/usr/lib/libmis.dylib
0x00007ffa1d922000 	/System/Library/Frameworks/OpenGL.framework/Versions/A/Libraries/libGLU.dylib
0x00007ffa1d8e6000 	/System/Library/Frameworks/OpenGL.framework/Versions/A/Libraries/libGFXShared.dylib
0x00007ffa1daef000 	/System/Library/Frameworks/OpenGL.framework/Versions/A/Libraries/libGL.dylib
0x00007ffa1d8ef000 	/System/Library/Frameworks/OpenGL.framework/Versions/A/Libraries/libGLImage.dylib
0x00007ffa1d8e3000 	/System/Library/Frameworks/OpenGL.framework/Versions/A/Libraries/libCVMSPluginSupport.dylib
0x00007ffa1d8ce000 	/System/Library/Frameworks/OpenGL.framework/Versions/A/Libraries/libCoreVMClient.dylib
0x00007ff80ee5e000 	/System/Library/Frameworks/MetalPerformanceShaders.framework/Versions/A/Frameworks/MPSCore.framework/Versions/A/MPSCore
0x00007ff81022a000 	/System/Library/Frameworks/MetalPerformanceShaders.framework/Versions/A/Frameworks/MPSImage.framework/Versions/A/MPSImage
0x00007ff80fccd000 	/System/Library/Frameworks/MetalPerformanceShaders.framework/Versions/A/Frameworks/MPSNeuralNetwork.framework/Versions/A/MPSNeuralNetwork
0x00007ff810141000 	/System/Library/Frameworks/MetalPerformanceShaders.framework/Versions/A/Frameworks/MPSMatrix.framework/Versions/A/MPSMatrix
0x00007ff80fefc000 	/System/Library/Frameworks/MetalPerformanceShaders.framework/Versions/A/Frameworks/MPSRayIntersector.framework/Versions/A/MPSRayIntersector
0x00007ff810179000 	/System/Library/Frameworks/MetalPerformanceShaders.framework/Versions/A/Frameworks/MPSNDArray.framework/Versions/A/MPSNDArray
0x00007ffa2284f000 	/System/Library/Frameworks/MetalPerformanceShaders.framework/Versions/A/Frameworks/MPSFunctions.framework/Versions/A/MPSFunctions
0x00007ff805fd6000 	/System/Library/PrivateFrameworks/MetalTools.framework/Versions/A/MetalTools
0x00007ff80eeda000 	/System/Library/PrivateFrameworks/AggregateDictionary.framework/Versions/A/AggregateDictionary
0x00007ff81101e000 	/usr/lib/libIOReport.dylib
0x00007ffa1eefe000 	/System/Library/Frameworks/OpenCL.framework/Versions/A/OpenCL
0x00007ff811382000 	/System/Library/PrivateFrameworks/FaceCore.framework/Versions/A/FaceCore
0x00007ff811373000 	/System/Library/PrivateFrameworks/GraphVisualizer.framework/Versions/A/GraphVisualizer
0x00007ffb0a48e000 	/System/Library/PrivateFrameworks/FontServices.framework/Versions/A/FontServices
0x00007ff81179c000 	/System/Library/PrivateFrameworks/OTSVG.framework/Versions/A/OTSVG
0x00007ff80cc99000 	/System/Library/Frameworks/ApplicationServices.framework/Versions/A/Frameworks/ATS.framework/Versions/A/Resources/libFontRegistry.dylib
0x00007ff8117ec000 	/System/Library/PrivateFrameworks/FontServices.framework/libhvf.dylib
0x00007ffb0a48f000 	/System/Library/PrivateFrameworks/FontServices.framework/libXTFontStaticRegistryData.dylib
0x00007ff8111ec000 	/System/Library/PrivateFrameworks/AppleVA.framework/Versions/A/AppleVA
0x00007ff8133d5000 	/System/Library/Frameworks/ApplicationServices.framework/Versions/A/Frameworks/ATS.framework/Versions/A/ATS
0x00007ff80b34b000 	/System/Library/Frameworks/ApplicationServices.framework/Versions/A/Frameworks/HIServices.framework/Versions/A/HIServices
0x00007ff8122e1000 	/System/Library/Frameworks/ApplicationServices.framework/Versions/A/Frameworks/PrintCore.framework/Versions/A/PrintCore
0x00007ff813763000 	/System/Library/Frameworks/ApplicationServices.framework/Versions/A/Frameworks/QD.framework/Versions/A/QD
0x00007ff81375b000 	/System/Library/Frameworks/ApplicationServices.framework/Versions/A/Frameworks/ColorSyncLegacy.framework/Versions/A/ColorSyncLegacy
0x00007ff8133c5000 	/System/Library/Frameworks/ApplicationServices.framework/Versions/A/Frameworks/SpeechSynthesis.framework/Versions/A/SpeechSynthesis
0x00007ff8122a2000 	/System/Library/Frameworks/ApplicationServices.framework/Versions/A/Frameworks/ATSUI.framework/Versions/A/ATSUI
0x00007ff8136f0000 	/usr/lib/libcups.2.dylib
0x00007ff813abf000 	/System/Library/Frameworks/Kerberos.framework/Versions/A/Kerberos
0x00007ff813ace000 	/System/Library/Frameworks/GSS.framework/Versions/A/GSS
0x00007ff813441000 	/usr/lib/libresolv.9.dylib
0x00007ff8117fb000 	/System/Library/PrivateFrameworks/Heimdal.framework/Versions/A/Heimdal
0x00007ff81a69b000 	/System/Library/Frameworks/Kerberos.framework/Versions/A/Libraries/libHeimdalProxy.dylib
0x00007ff80c006000 	/System/Library/Frameworks/Network.framework/Versions/A/Network
0x00007ff811256000 	/usr/lib/libheimdal-asn1.dylib
0x00007ff813b19000 	/System/Library/PrivateFrameworks/CommonAuth.framework/Versions/A/CommonAuth
0x00007ff813347000 	/System/Library/PrivateFrameworks/AudioSession.framework/Versions/A/AudioSession
0x00007ff8112e6000 	/System/Library/PrivateFrameworks/MediaExperience.framework/Versions/A/MediaExperience
0x00007ff8131da000 	/System/Library/PrivateFrameworks/AudioSession.framework/libSessionUtility.dylib
0x00007ff81376f000 	/System/Library/PrivateFrameworks/AudioResourceArbitration.framework/Versions/A/AudioResourceArbitration
0x00007ff8177e2000 	/System/Library/PrivateFrameworks/PowerLog.framework/Versions/A/PowerLog
0x00007ff81125f000 	/System/Library/PrivateFrameworks/IconFoundation.framework/Versions/A/IconFoundation
0x00007ff816598000 	/System/Library/PrivateFrameworks/SpeechRecognitionCore.framework/Versions/A/SpeechRecognitionCore
0x000000010bd05000 	/Library/Java/JavaVirtualMachines/jdk-17.0.2.jdk/Contents/Home/lib/server/libjvm.dylib
0x0000000109c76000 	/Library/Java/JavaVirtualMachines/jdk-17.0.2.jdk/Contents/Home/lib/libjimage.dylib
0x0000000109cf4000 	/Library/Java/JavaVirtualMachines/jdk-17.0.2.jdk/Contents/Home/lib/libjava.dylib
0x000000010ab5a000 	/Library/Java/JavaVirtualMachines/jdk-17.0.2.jdk/Contents/Home/lib/libnio.dylib
0x000000010ab94000 	/Library/Java/JavaVirtualMachines/jdk-17.0.2.jdk/Contents/Home/lib/libnet.dylib
0x000000010ab76000 	/Library/Java/JavaVirtualMachines/jdk-17.0.2.jdk/Contents/Home/lib/libzip.dylib
0x000000010abb4000 	/Users/felix/.openjfx/cache/17.0.1/libprism_es2.dylib
0x00007ff808155000 	/System/Library/PrivateFrameworks/CoreServicesInternal.framework/Versions/A/CoreServicesInternal
0x00007ffa1dafa000 	/System/Library/Frameworks/OpenGL.framework/Versions/A/Resources/GLEngine.bundle/GLEngine
0x00007ffa1d960000 	/System/Library/Frameworks/OpenGL.framework/Versions/A/Libraries/libGLProgrammability.dylib
0x00007ffa162ce000 	/System/Library/Extensions/AppleIntelBDWGraphicsGLDriver.bundle/Contents/MacOS/AppleIntelBDWGraphicsGLDriver
0x00007ff915741000 	/System/Library/PrivateFrameworks/GPUSupport.framework/Versions/A/Libraries/libGPUSupportMercury.dylib
0x00007ffa1dc84000 	/System/Library/Frameworks/OpenGL.framework/Versions/A/Resources/GLRendererFloat.bundle/GLRendererFloat
0x000000010b961000 	/Users/felix/.openjfx/cache/17.0.1/libglass.dylib
0x00007ff817dd3000 	/System/Library/Frameworks/FileProvider.framework/Versions/A/FileProvider
0x00007ff80bdea000 	/System/Library/Frameworks/Accounts.framework/Versions/A/Accounts
0x00007ff817f4c000 	/System/Library/PrivateFrameworks/GenerationalStorage.framework/Versions/A/GenerationalStorage
0x00007ff818a5f000 	/System/Library/PrivateFrameworks/CoreSymbolication.framework/Versions/A/CoreSymbolication
0x00007ff8177d7000 	/System/Library/PrivateFrameworks/SymptomDiagnosticReporter.framework/Versions/A/SymptomDiagnosticReporter
0x00007ff809413000 	/System/Library/PrivateFrameworks/DesktopServicesPriv.framework/Versions/A/DesktopServicesPriv
0x00007ff808294000 	/usr/lib/libsandbox.1.dylib
0x00007ff80d131000 	/System/Library/PrivateFrameworks/UserManagement.framework/Versions/A/UserManagement
0x00007ff818a24000 	/System/Library/PrivateFrameworks/DebugSymbols.framework/Versions/A/DebugSymbols
0x00007ff813750000 	/System/Library/PrivateFrameworks/NetAuth.framework/Versions/A/NetAuth
0x00007ff81465d000 	/System/Library/PrivateFrameworks/Sharing.framework/Versions/A/Sharing
0x00007ff80d104000 	/System/Library/PrivateFrameworks/login.framework/Versions/A/Frameworks/loginsupport.framework/Versions/A/loginsupport
0x00007ff819bc2000 	/System/Library/PrivateFrameworks/Apple80211.framework/Versions/A/Apple80211
0x00007ff81030f000 	/System/Library/PrivateFrameworks/AuthKit.framework/Versions/A/AuthKit
0x00007ff80f95a000 	/System/Library/PrivateFrameworks/CoreUtils.framework/Versions/A/CoreUtils
0x00007ff80f881000 	/System/Library/Frameworks/CoreWLAN.framework/Versions/A/CoreWLAN
0x00007ff8147bc000 	/System/Library/Frameworks/IOBluetooth.framework/Versions/A/IOBluetooth
0x00007ff819c2a000 	/System/Library/PrivateFrameworks/CoreWiFi.framework/Versions/A/CoreWiFi
0x00007ff8185f6000 	/System/Library/PrivateFrameworks/FrontBoardServices.framework/Versions/A/FrontBoardServices
0x00007ff818687000 	/System/Library/PrivateFrameworks/BoardServices.framework/Versions/A/BoardServices
0x00007ff80fb70000 	/System/Library/PrivateFrameworks/AssertionServices.framework/Versions/A/AssertionServices
0x00007ff819dad000 	/System/Library/PrivateFrameworks/BackBoardServices.framework/Versions/A/BackBoardServices
0x00007ff813baa000 	/System/Library/PrivateFrameworks/CorePhoneNumbers.framework/Versions/A/CorePhoneNumbers
0x00007ff8178f4000 	/System/Library/PrivateFrameworks/DiskManagement.framework/Versions/A/DiskManagement
0x00007ff817808000 	/System/Library/PrivateFrameworks/AppleIDAuthSupport.framework/Versions/A/AppleIDAuthSupport
0x00007ffa24e10000 	/System/Library/PrivateFrameworks/AAAFoundation.framework/Versions/A/AAAFoundation
0x00007ff813b8b000 	/System/Library/PrivateFrameworks/KeychainCircle.framework/Versions/A/KeychainCircle
0x00007ff8178c0000 	/System/Library/PrivateFrameworks/MediaKit.framework/Versions/A/MediaKit
0x00007ff817814000 	/System/Library/Frameworks/DiscRecording.framework/Versions/A/DiscRecording
0x00007ff811164000 	/usr/lib/libCoreStorage.dylib
0x00007ff81a09b000 	/usr/lib/libcsfde.dylib
0x00007ff814889000 	/System/Library/PrivateFrameworks/ProtectedCloudStorage.framework/Versions/A/ProtectedCloudStorage
0x00007ff81a097000 	/System/Library/PrivateFrameworks/EFILogin.framework/Versions/A/EFILogin
0x00007ff817f72000 	/System/Library/PrivateFrameworks/OctagonTrust.framework/Versions/A/OctagonTrust
0x00007ffb096fd000 	/System/Library/PrivateFrameworks/CoreUtilsExtras.framework/Versions/A/CoreUtilsExtras
0x00007ff81773b000 	/System/Library/Frameworks/CoreBluetooth.framework/Versions/A/CoreBluetooth
0x00007ff81a720000 	/System/Library/Frameworks/AudioUnit.framework/Versions/A/AudioUnit
0x00007ff81115c000 	/usr/lib/libMatch.1.dylib
0x00007ff90fbe0000 	/System/Library/Frameworks/Accelerate.framework/Versions/A/Frameworks/vImage.framework/Versions/A/Libraries/libCGInterfaces.dylib
0x000000012cac3000 	/usr/lib/libobjc-trampolines.dylib
0x00007ff919230000 	/System/Library/PrivateFrameworks/AccessibilitySupport.framework/Versions/A/Frameworks/AccessibilityFoundation.framework/Versions/A/AccessibilityFoundation
0x00007ff8118b2000 	/System/Library/PrivateFrameworks/login.framework/Versions/A/login
0x00007ff80ce29000 	/System/Library/PrivateFrameworks/ViewBridge.framework/Versions/A/ViewBridge
0x0000000130227000 	/Users/felix/.openjfx/cache/17.0.1/libjavafx_font.dylib
0x00007ffb1cee9000 	/usr/lib/libRosetta.dylib


VM Arguments:
jvm_args: -XX:+ShowCodeDetailsInExceptionMessages --module-path=/Users/felix/Hauptordner/Universität/A1S2/1PP/Project/course-project-by-lucas-felix/target/classes:/Users/felix/.m2/repository/org/openjfx/javafx-controls/17.0.1/javafx-controls-17.0.1-mac.jar:/Users/felix/.m2/repository/org/openjfx/javafx-graphics/17.0.1/javafx-graphics-17.0.1-mac.jar:/Users/felix/.m2/repository/org/openjfx/javafx-base/17.0.1/javafx-base-17.0.1-mac.jar:/Users/felix/.m2/repository/org/openjfx/javafx-fxml/17.0.1/javafx-fxml-17.0.1-mac.jar -Djdk.module.main=projectgrouplf.projectlf 
java_command: projectgrouplf.projectlf/projectgrouplf.projectlf.Launcher
java_class_path (initial): /Users/felix/.m2/repository/org/apache/commons/commons-lang3/3.10/commons-lang3-3.10.jar:/Users/felix/.m2/repository/org/openjfx/javafx-controls/17.0.1/javafx-controls-17.0.1.jar:/Users/felix/.m2/repository/org/openjfx/javafx-graphics/17.0.1/javafx-graphics-17.0.1.jar:/Users/felix/.m2/repository/org/openjfx/javafx-base/17.0.1/javafx-base-17.0.1.jar:/Users/felix/.m2/repository/org/openjfx/javafx-fxml/17.0.1/javafx-fxml-17.0.1.jar
Launcher Type: SUN_STANDARD

[Global flags]
     intx CICompilerCount                          = 3                                         {product} {ergonomic}
     uint ConcGCThreads                            = 1                                         {product} {ergonomic}
     uint G1ConcRefinementThreads                  = 4                                         {product} {ergonomic}
   size_t G1HeapRegionSize                         = 1048576                                   {product} {ergonomic}
    uintx GCDrainStackTargetSize                   = 64                                        {product} {ergonomic}
   size_t InitialHeapSize                          = 134217728                                 {product} {ergonomic}
   size_t MarkStackSize                            = 4194304                                   {product} {ergonomic}
   size_t MaxHeapSize                              = 2147483648                                {product} {ergonomic}
   size_t MaxNewSize                               = 1287651328                                {product} {ergonomic}
   size_t MinHeapDeltaBytes                        = 1048576                                   {product} {ergonomic}
   size_t MinHeapSize                              = 8388608                                   {product} {ergonomic}
    uintx NonNMethodCodeHeapSize                   = 5832780                                {pd product} {ergonomic}
    uintx NonProfiledCodeHeapSize                  = 122912730                              {pd product} {ergonomic}
    uintx ProfiledCodeHeapSize                     = 122912730                              {pd product} {ergonomic}
    uintx ReservedCodeCacheSize                    = 251658240                              {pd product} {ergonomic}
     bool SegmentedCodeCache                       = true                                      {product} {ergonomic}
     bool ShowCodeDetailsInExceptionMessages       = true                                   {manageable} {command line}
   size_t SoftMaxHeapSize                          = 2147483648                             {manageable} {ergonomic}
     bool UseCompressedClassPointers               = true                           {product lp64_product} {ergonomic}
     bool UseCompressedOops                        = true                           {product lp64_product} {ergonomic}
     bool UseG1GC                                  = true                                      {product} {ergonomic}
     bool UseNUMA                                  = false                                     {product} {ergonomic}
     bool UseNUMAInterleaving                      = false                                     {product} {ergonomic}

Logging:
Log output configuration:
 #0: stdout all=warning uptime,level,tags
 #1: stderr all=off uptime,level,tags

Environment Variables:
PATH=/usr/local/bin:/usr/bin:/bin:/usr/sbin:/sbin:/Library/Apple/usr/bin
SHELL=/bin/bash
LANG=de_DE.UTF-8

Signal Handlers:
   SIGSEGV: crash_handler in libjvm.dylib, mask=11100110000111110111111111111111, flags=SA_RESTART|SA_SIGINFO
    SIGBUS: crash_handler in libjvm.dylib, mask=11100110000111110111111111111111, flags=SA_RESTART|SA_SIGINFO
    SIGFPE: crash_handler in libjvm.dylib, mask=11100110000111110111111111111111, flags=SA_RESTART|SA_SIGINFO
   SIGPIPE: javaSignalHandler in libjvm.dylib, mask=11100110000111110111111111111111, flags=SA_RESTART|SA_SIGINFO
   SIGXFSZ: javaSignalHandler in libjvm.dylib, mask=11100110000111110111111111111111, flags=SA_RESTART|SA_SIGINFO
    SIGILL: crash_handler in libjvm.dylib, mask=11100110000111110111111111111111, flags=SA_RESTART|SA_SIGINFO
   SIGUSR2: SR_handler in libjvm.dylib, mask=00000000000000000000000000000000, flags=SA_RESTART|SA_SIGINFO
    SIGHUP: UserHandler in libjvm.dylib, mask=11100110000111110111111111111111, flags=SA_RESTART|SA_SIGINFO
    SIGINT: UserHandler in libjvm.dylib, mask=11100110000111110111111111111111, flags=SA_RESTART|SA_SIGINFO
   SIGTERM: UserHandler in libjvm.dylib, mask=11100110000111110111111111111111, flags=SA_RESTART|SA_SIGINFO
   SIGQUIT: UserHandler in libjvm.dylib, mask=11100110000111110111111111111111, flags=SA_RESTART|SA_SIGINFO
   SIGTRAP: crash_handler in libjvm.dylib, mask=11100110000111110111111111111111, flags=SA_RESTART|SA_SIGINFO


---------------  S Y S T E M  ---------------

OS:
uname: Darwin 21.4.0 Darwin Kernel Version 21.4.0: Fri Mar 18 00:45:05 PDT 2022; root:xnu-8020.101.4~15/RELEASE_X86_64 x86_64
OS uptime: 1 days 0:14 hours
rlimit (soft/hard): STACK 8192k/65532k , CORE 0k/infinity , NPROC 1392/2088 , NOFILE 10240/infinity , AS infinity/infinity , CPU infinity/infinity , DATA infinity/infinity , FSIZE infinity/infinity , MEMLOCK infinity/infinity , RSS infinity/infinity
load average: 4,18 4,42 5,28

CPU: total 4 (initial active 4) (2 cores per cpu, 2 threads per core) family 6 model 61 stepping 4 microcode 0x2f, cx8, cmov, fxsr, ht, mmx, 3dnowpref, sse, sse2, sse3, ssse3, sse4.1, sse4.2, popcnt, lzcnt, tsc, tscinvbit, avx, avx2, aes, erms, clmul, bmi1, bmi2, adx, fma, vzeroupper, clflush

Memory: 4k page, physical 8388608k(91576k free), swap 1048576k(764416k free)

vm_info: Java HotSpot(TM) 64-Bit Server VM (17.0.2+8-LTS-86) for bsd-amd64 JRE (17.0.2+8-LTS-86), built on Dec  7 2021 21:56:25 by "mach5one" with clang Apple LLVM 12.0.0 (clang-1200.0.32.29)

END.
