#
# A fatal error has been detected by the Java Runtime Environment:
#
#  SIGSEGV (0xb) at pc=0x00000001115b19c0, pid=12659, tid=43015
#
# JRE version: Java(TM) SE Runtime Environment (17.0.2+8) (build 17.0.2+8-LTS-86)
# Java VM: Java HotSpot(TM) 64-Bit Server VM (17.0.2+8-LTS-86, mixed mode, sharing, tiered, compressed oops, compressed class ptrs, g1 gc, bsd-amd64)
# Problematic frame:
# V  [libjvm.dylib+0x9ae9c0]  _ZN16SystemDictionary30resolve_instance_class_or_nullEP6Symbol6HandleS2_P10JavaThread+0x170
#
# No core dump will be written. Core dumps have been disabled. To enable core dumping, try "ulimit -c unlimited" before starting Java again
#
# If you would like to submit a bug report, please visit:
#   https://bugreport.java.com/bugreport/crash.jsp
#

---------------  S U M M A R Y ------------

Command Line: -XX:+ShowCodeDetailsInExceptionMessages --module-path=/Users/felix/Hauptordner/Universität/A1S2/1PP/Project/course-project-by-lucas-felix/target/classes:/Users/felix/.m2/repository/org/openjfx/javafx-controls/17.0.1/javafx-controls-17.0.1-mac.jar:/Users/felix/.m2/repository/org/openjfx/javafx-graphics/17.0.1/javafx-graphics-17.0.1-mac.jar:/Users/felix/.m2/repository/org/openjfx/javafx-base/17.0.1/javafx-base-17.0.1-mac.jar:/Users/felix/.m2/repository/org/openjfx/javafx-fxml/17.0.1/javafx-fxml-17.0.1-mac.jar -Djdk.module.main=projectgrouplf.projectlf projectgrouplf.projectlf/projectgrouplf.projectlf.Launcher

Host: "MacBookPro12,1" x86_64 2700 MHz, 4 cores, 8G, Darwin 21.4.0, macOS 12.3.1 (21E258)
Time: Thu May 26 17:14:03 2022 CEST elapsed time: 21.540594 seconds (0d 0h 0m 21s)

---------------  T H R E A D  ---------------

Current thread (0x00007f8690aaf000):  JavaThread "Glass/Prism Shutdown Hook" [_thread_in_vm, id=43015, stack(0x000070000cc2f000,0x000070000cd2f000)]

Stack: [0x000070000cc2f000,0x000070000cd2f000],  sp=0x000070000cd2e730,  free space=1021k
Native frames: (J=compiled Java code, j=interpreted, Vv=VM code, C=native code)
V  [libjvm.dylib+0x9ae9c0]  _ZN16SystemDictionary30resolve_instance_class_or_nullEP6Symbol6HandleS2_P10JavaThread+0x170
V  [libjvm.dylib+0x9ae324]  _ZN16SystemDictionary15resolve_or_failEP6Symbol6HandleS2_bP10JavaThread+0x64
V  [libjvm.dylib+0x33f7b7]  _ZN12ConstantPool13klass_at_implERK18constantPoolHandleiP10JavaThread+0x1a7
V  [libjvm.dylib+0x340389]  _ZN12ConstantPool12klass_ref_atEiP10JavaThread+0xa9
V  [libjvm.dylib+0x71180c]  _ZN8LinkInfoC2ERK18constantPoolHandleiP10JavaThread+0x3c
V  [libjvm.dylib+0x716a4b]  _ZN12LinkResolver21resolve_invokevirtualER8CallInfo6HandleRK18constantPoolHandleiP10JavaThread+0x2b
V  [libjvm.dylib+0x4fe8d9]  _ZN18InterpreterRuntime14resolve_invokeEP10JavaThreadN9Bytecodes4CodeE+0x339
V  [libjvm.dylib+0x4fef79]  _ZN18InterpreterRuntime18resolve_from_cacheEP10JavaThreadN9Bytecodes4CodeE+0x59
j  com.sun.javafx.tk.quantum.QuantumToolkit$1.run()V+4 javafx.graphics
v  ~StubRoutines::call_stub
V  [libjvm.dylib+0x5053c1]  _ZN9JavaCalls11call_helperEP9JavaValueRK12methodHandleP17JavaCallArgumentsP10JavaThread+0x2a1
V  [libjvm.dylib+0x504437]  _ZN9JavaCalls12call_virtualEP9JavaValueP5KlassP6SymbolS5_P17JavaCallArgumentsP10JavaThread+0x147
V  [libjvm.dylib+0x504503]  _ZN9JavaCalls12call_virtualEP9JavaValue6HandleP5KlassP6SymbolS6_P10JavaThread+0x63
V  [libjvm.dylib+0x5acde4]  _ZL12thread_entryP10JavaThreadS0_+0xb4
V  [libjvm.dylib+0x9f19a2]  _ZN10JavaThread17thread_main_innerEv+0x142
V  [libjvm.dylib+0x9eff9a]  _ZN6Thread8call_runEv+0x11a
V  [libjvm.dylib+0x884258]  _ZL19thread_native_entryP6Thread+0x148
C  [libsystem_pthread.dylib+0x64e1]  _pthread_start+0x7d
C  [libsystem_pthread.dylib+0x1f6b]  thread_start+0xf

Java frames: (J=compiled Java code, j=interpreted, Vv=VM code)
j  com.sun.javafx.tk.quantum.QuantumToolkit$1.run()V+4 javafx.graphics
v  ~StubRoutines::call_stub

siginfo: si_signo: 11 (SIGSEGV), si_code: 1 (SEGV_MAPERR), si_addr: 0x0000000000000056

Register to memory mapping:

RAX=0xfffffffffffffffe is an unknown value
RBX=0x0000600003717e80 points into unknown readable memory: 0x0000000000000002 | 02 00 00 00 00 00 00 00
RCX=0x000000011184a906: _ZN16LogTagSetMappingILN6LogTag4typeE81ELS1_0ELS1_0ELS1_0ELS1_0ELS1_0EE7_tagsetE+0x2e in /Library/Java/JavaVirtualMachines/jdk-17.0.2.jdk/Contents/Home/lib/server/libjvm.dylib at 0x0000000110c03000
RDX=0x0000000800000000 is pointing into metadata
RSP=0x000070000cd2e730 is pointing into the stack for thread: 0x00007f8690aaf000
RBP=0x000070000cd2e830 is pointing into the stack for thread: 0x00007f8690aaf000
RSI=0x0000000800084090 is a pointer to class: 
jdk.internal.loader.ClassLoaders$AppClassLoader {0x0000000800084090}
 - instance size:     13
 - klass size:        104
 - access:            synchronized 
 - state:             fully_initialized
 - name:              'jdk/internal/loader/ClassLoaders$AppClassLoader'
 - super:             'jdk/internal/loader/BuiltinClassLoader'
 - sub:               
 - arrays:            NULL
 - methods:           Array<T>(0x000000080066e990)
 - method ordering:   Array<T>(0x000000080066eae0)
 - default_methods:   Array<T>(0x0000000000000000)
 - local interfaces:  Array<T>(0x00000008005dba10)
 - trans. interfaces: Array<T>(0x00000008005dba10)
 - constants:         constant pool [119] {0x000000080066c190} for 'jdk/internal/loader/ClassLoaders$AppClassLoader' cache=0x00000008000844a8
 - class loader data:  loader data: 0x0000600001354000 of 'bootstrap'
 - source file:       'ClassLoaders.java'
 - class annotations:       Array<T>(0x0000000000000000)
 - class type annotations:  Array<T>(0x0000000000000000)
 - field annotations:       Array<T>(0x0000000000000000)
 - field type annotations:  Array<T>(0x0000000000000000)
 - inner classes:     Array<T>(0x000000080066e978)
 - nest members:     Array<T>(0x00000008005db9a0)
 - permitted subclasses:     Array<T>(0x00000008005db9a0)
 - java mirror:       a 'java/lang/Class'{0x00000007ffe03e58} = 'jdk/internal/loader/ClassLoaders$AppClassLoader'
 - vtable length      43  (start addr: 0x0000000800084260)
 - itable length      2 (start addr: 0x00000008000843b8)
 - ---- static fields (0 words):
 - ---- non-static fields (23 words):
 - private 'defaultAssertionStatus' 'Z' @12 
 - private final 'parent' 'Ljava/lang/ClassLoader;' @24 
 - private final 'name' 'Ljava/lang/String;' @28 
 - private final 'unnamedModule' 'Ljava/lang/Module;' @32 
 - private final 'nameAndId' 'Ljava/lang/String;' @36 
 - private final 'parallelLockMap' 'Ljava/util/concurrent/ConcurrentHashMap;' @40 
 - private final 'package2certs' 'Ljava/util/concurrent/ConcurrentHashMap;' @44 
 - private final 'classes' 'Ljava/util/ArrayList;' @48 
 - private final 'defaultDomain' 'Ljava/security/ProtectionDomain;' @52 
 - private final 'packages' 'Ljava/util/concurrent/ConcurrentHashMap;' @56 
 - private final 'libraries' 'Ljdk/internal/loader/NativeLibraries;' @60 
 - final 'assertionLock' 'Ljava/lang/Object;' @64 
 - private 'packageAssertionStatus' 'Ljava/util/Map;' @68 
 - 'classAssertionStatus' 'Ljava/util/Map;' @72 
 - private volatile 'classLoaderValueMap' 'Ljava/util/concurrent/ConcurrentHashMap;' @76 
 - private final 'pdcache' 'Ljava/util/Map;' @80 
 - private final 'parent' 'Ljdk/internal/loader/BuiltinClassLoader;' @84 
 - private synchronized 'ucp' 'Ljdk/internal/loader/URLClassPath;' @88 
 - private final 'nameToModule' 'Ljava/util/Map;' @92 
 - private final 'moduleToReader' 'Ljava/util/Map;' @96 
 - private volatile 'resourceCache' 'Ljava/lang/ref/SoftReference;' @100 
 - non-static oop maps: 24-100 
RDI=0x00000180000b1785 is an unknown value
R8 =0x0000000780000000 points into unknown readable memory: 0x0000000000000000 | 00 00 00 00 00 00 00 00
R9 =0x00007f8690aaf000 is a thread
R10=0x00000001118aaf90: _ZN19TemplateInterpreter13_active_tableE+0x4800 in /Library/Java/JavaVirtualMachines/jdk-17.0.2.jdk/Contents/Home/lib/server/libjvm.dylib at 0x0000000110c03000
R11=0x00007f8690058cd0 points into unknown readable memory: 0xe00007f869005996 | 96 59 00 69 f8 07 00 e0
R12=0x0000600001d52790 points into unknown readable memory: 0x0000000787f1a350 | 50 a3 f1 87 07 00 00 00
R13=0x0000600001d52788 points into unknown readable memory: 0x0000000787cba8a0 | a0 a8 cb 87 07 00 00 00
R14=0x0000000787f1a350 is an oop: jdk.internal.loader.ClassLoaders$AppClassLoader 
{0x0000000787f1a350} - klass: 'jdk/internal/loader/ClassLoaders$AppClassLoader'
 - ---- fields (total size 13 words):
 - private 'defaultAssertionStatus' 'Z' @12  true (a)
 - private final 'parent' 'Ljava/lang/ClassLoader;' @24  a 'java/lang/Class'{0x0000000787784890} = 'com/sun/glass/ui/Screen' (f0ef0912)
 - private final 'name' 'Ljava/lang/String;' @28  "app"{0x00000007fff0bb68} (fffe176d)
 - private final 'unnamedModule' 'Ljava/lang/Module;' @32  a 'java/lang/Module'{0x0000000787f1a4e0} (f0fe349c)
 - private final 'nameAndId' 'Ljava/lang/String;' @36  a 'java/lang/invoke/ResolvedMethodName'{0x00000007876d3c48} (f0eda789)
 - private final 'parallelLockMap' 'Ljava/util/concurrent/ConcurrentHashMap;' @40  a 'java/util/concurrent/ConcurrentHashMap'{0x0000000787f1a518} (f0fe34a3)
 - private final 'package2certs' 'Ljava/util/concurrent/ConcurrentHashMap;' @44  a 'java/util/concurrent/ConcurrentHashMap'{0x0000000787f1a568} (f0fe34ad)
 - private final 'classes' 'Ljava/util/ArrayList;' @48  a 'java/util/ArrayList'{0x0000000787f1a3b8} (f0fe3477)
 - private final 'defaultDomain' 'Ljava/security/ProtectionDomain;' @52  a 'java/security/ProtectionDomain'{0x0000000787f1a3d0} (f0fe347a)
 - private final 'packages' 'Ljava/util/concurrent/ConcurrentHashMap;' @56  a 'java/util/concurrent/ConcurrentHashMap'{0x0000000787f1a440} (f0fe3488)
 - private final 'libraries' 'Ljdk/internal/loader/NativeLibraries;' @60  a 'jdk/internal/loader/NativeLibraries'{0x0000000787f1a480} (f0fe3490)
 - final 'assertionLock' 'Ljava/lang/Object;' @64  a 'java/lang/Object'{0x0000000787f1a558} (f0fe34ab)
 - private 'packageAssertionStatus' 'Ljava/util/Map;' @68  NULL (0)
 - 'classAssertionStatus' 'Ljava/util/Map;' @72  NULL (0)
 - private volatile 'classLoaderValueMap' 'Ljava/util/concurrent/ConcurrentHashMap;' @76  a 'java/util/concurrent/ConcurrentHashMap'{0x0000000787f1a950} (f0fe352a)
 - private final 'pdcache' 'Ljava/util/Map;' @80  a 'java/util/concurrent/ConcurrentHashMap'{0x0000000787f1a610} (f0fe34c2)
 - private final 'parent' 'Ljdk/internal/loader/BuiltinClassLoader;' @84  a 'jdk/internal/loader/ClassLoaders$PlatformClassLoader'{0x0000000787f19148} (f0fe3229)
 - private synchronized 'ucp' 'Ljdk/internal/loader/URLClassPath;' @88  a 'jdk/internal/loader/URLClassPath'{0x0000000787f197a0} (f0fe32f4)
 - private final 'nameToModule' 'Ljava/util/Map;' @92  a 'java/util/concurrent/ConcurrentHashMap'{0x0000000787f1a650} (f0fe34ca)
 - private final 'moduleToReader' 'Ljava/util/Map;' @96  a 'java/util/concurrent/ConcurrentHashMap'{0x0000000787f1a690} (f0fe34d2)
 - private volatile 'resourceCache' 'Ljava/lang/ref/SoftReference;' @100  NULL (0)
R15=0x0000600002c5e160 points into unknown readable memory: 0x6f630028f7900016 | 16 00 90 f7 28 00 63 6f


Registers:
RAX=0xfffffffffffffffe, RBX=0x0000600003717e80, RCX=0x000000011184a906, RDX=0x0000000800000000
RSP=0x000070000cd2e730, RBP=0x000070000cd2e830, RSI=0x0000000800084090, RDI=0x00000180000b1785
R8 =0x0000000780000000, R9 =0x00007f8690aaf000, R10=0x00000001118aaf90, R11=0x00007f8690058cd0
R12=0x0000600001d52790, R13=0x0000600001d52788, R14=0x0000000787f1a350, R15=0x0000600002c5e160
RIP=0x00000001115b19c0, EFLAGS=0x0000000000010203, ERR=0x0000000000000004
  TRAPNO=0x000000000000000e

Top of Stack: (sp=0x000070000cd2e730)
0x000070000cd2e730:   0000000000000000 00007f8690aaf000
0x000070000cd2e740:   0000600003717e80 0000600001d52760
0x000070000cd2e750:   0000600001d52790 0000600001d52848
0x000070000cd2e760:   00000000000000d8 000070000cd2ec00
0x000070000cd2e770:   0000000000000000 0000000000000000
0x000070000cd2e780:   0000000000000000 0000000000000000
0x000070000cd2e790:   0000000000000000 0000000000000000
0x000070000cd2e7a0:   0000700000000000 0000000000000000
0x000070000cd2e7b0:   0000000000000000 0000000000000000
0x000070000cd2e7c0:   0000600001d52788 000000000000001f
0x000070000cd2e7d0:   0000000000000000 000000011173815b
0x000070000cd2e7e0:   000070000cd2eb70 00007f8690aaf000
0x000070000cd2e7f0:   0000000000000000 0000600001d52790
0x000070000cd2e800:   000070000cd2eb90 0000600001d52780
0x000070000cd2e810:   0000600002c5e160 0000600001d52788
0x000070000cd2e820:   0000000000000001 00007f8690aaf000
0x000070000cd2e830:   000070000cd2e870 00000001115b1324
0x000070000cd2e840:   000000011188d01f 000000000000000e
0x000070000cd2e850:   000070000cd2e8e0 0000600001d52788
0x000070000cd2e860:   00007f8690aaf000 0000000787cba8a0
0x000070000cd2e870:   000070000cd2e8d0 0000000110f427b7
0x000070000cd2e880:   0000600002c5e160 0000000000000002
0x000070000cd2e890:   000000000000000e 0000600001d52780
0x000070000cd2e8a0:   0000000e0000001f 0000600002203940
0x000070000cd2e8b0:   000000000000000e 0000000000000000
0x000070000cd2e8c0:   00007f8690aaf000 000070000cd2e8e0
0x000070000cd2e8d0:   000070000cd2e910 0000000110f43389
0x000070000cd2e8e0:   000000012f062950 00007f8690aaf000
0x000070000cd2e8f0:   000070000cd2e968 00007f8690aaf000
0x000070000cd2e900:   000070000cd2eaa8 0000000000000002
0x000070000cd2e910:   000070000cd2e950 000000011131480c
0x000070000cd2e920:   0000000800458068 000070000cd2e9b8 

Instructions: (pc=0x00000001115b19c0)
0x00000001115b18c0:   1c 2c b6 ff 48 85 c0 4c 89 65 b8 75 19 e9 c7 00
0x00000001115b18d0:   00 00 31 ff e8 07 2c b6 ff 48 85 c0 4c 89 65 b8
0x00000001115b18e0:   0f 84 b3 00 00 00 49 89 c6 49 8b 9c 24 38 02 00
0x00000001115b18f0:   00 4c 8b 63 18 49 83 fc f8 72 18 48 8d 15 7d 1d
0x00000001115b1900:   13 00 be 08 00 00 00 48 89 df e8 11 b6 7a ff 4c
0x00000001115b1910:   8b 63 18 49 8d 44 24 08 48 3b 43 20 76 6e be 08
0x00000001115b1920:   00 00 00 48 89 df 31 d2 e8 23 b6 7a ff 49 89 c4
0x00000001115b1930:   4d 89 34 24 4d 85 e4 74 60 4c 89 f7 31 f6 e8 8d
0x00000001115b1940:   5a ec ff 84 c0 75 26 48 8d 3d f7 25 19 00 48 8d
0x00000001115b1950:   15 31 26 19 00 48 8d 0d 6a 26 19 00 be 23 00 00
0x00000001115b1960:   00 31 c0 e8 e8 08 9a ff e8 23 55 ed ff 49 8b 3c
0x00000001115b1970:   24 e8 fa 27 b6 ff 48 85 c0 4c 89 65 c8 0f 84 ef
0x00000001115b1980:   01 00 00 c7 45 c0 00 00 00 00 eb 22 48 89 43 18
0x00000001115b1990:   4d 89 34 24 4d 85 e4 75 a0 48 8d 05 50 ff 2c 00
0x00000001115b19a0:   48 8b 00 b1 01 89 4d c0 31 c9 48 89 4d c8 48 8d
0x00000001115b19b0:   0d a7 8f 29 00 8a 09 80 c1 03 4c 89 ff 48 d3 ef
0x00000001115b19c0:   4c 8b 68 58 41 8b 0f 49 89 c4 41 8b 57 04 c1 e2
0x00000001115b19d0:   08 41 0f b6 77 06 c1 e6 08 45 0f b6 77 07 41 09
0x00000001115b19e0:   f6 41 31 d6 41 31 fe 41 0f a4 ce 10 4c 89 ef 44
0x00000001115b19f0:   89 f6 4c 89 fa 48 8b 4d 90 e8 a2 f4 a0 ff 48 89
0x00000001115b1a00:   c3 48 85 c0 0f 85 88 03 00 00 4c 89 6d a8 4c 89
0x00000001115b1a10:   65 b0 80 7d c0 00 74 04 31 f6 eb 20 48 8d 05 33
0x00000001115b1a20:   88 2d 00 80 38 00 4c 8b 65 c8 75 0d 49 8b 3c 24
0x00000001115b1a30:   e8 bb 29 b6 ff 84 c0 75 df 4c 89 e6 48 8b 5d b8
0x00000001115b1a40:   4d 89 fc 48 8d bd 40 ff ff ff 48 89 b5 58 ff ff
0x00000001115b1a50:   ff 48 89 da e8 a7 cb ff ff 48 8d 05 70 a9 2e 00
0x00000001115b1a60:   4c 8b 28 4d 85 ed 74 0b 4c 89 ef 48 89 de e8 6d
0x00000001115b1a70:   42 ea ff 48 8b 7d a8 44 89 f6 4c 89 e2 e8 de f4
0x00000001115b1a80:   a0 ff 48 85 c0 48 89 45 c0 0f 84 f9 00 00 00 48
0x00000001115b1a90:   89 c2 31 f6 45 31 ff 4d 85 ed 74 12 4c 89 ef 48
0x00000001115b1aa0:   89 f3 e8 c9 43 ea ff 48 89 de 48 8b 55 c0 45 84
0x00000001115b1ab0:   ff 4c 8b 6d b8 4d 89 e7 74 28 4c 89 ff 48 8b 55 


Stack slot to memory mapping:
stack at sp + 0 slots: 0x0 is NULL
stack at sp + 1 slots: 0x00007f8690aaf000 is a thread
stack at sp + 2 slots: 0x0000600003717e80 points into unknown readable memory: 0x0000000000000002 | 02 00 00 00 00 00 00 00
stack at sp + 3 slots: 0x0000600001d52760 points into unknown readable memory: 0x0000000000000000 | 00 00 00 00 00 00 00 00
stack at sp + 4 slots: 0x0000600001d52790 points into unknown readable memory: 0x0000000787f1a350 | 50 a3 f1 87 07 00 00 00
stack at sp + 5 slots: 0x0000600001d52848 points into unknown readable memory: 0x0000000000000000 | 00 00 00 00 00 00 00 00
stack at sp + 6 slots: 0x00000000000000d8 is an unknown value
stack at sp + 7 slots: 0x000070000cd2ec00 is pointing into the stack for thread: 0x00007f8690aaf000


---------------  P R O C E S S  ---------------

Threads class SMR info:
_java_thread_list=0x00006000022038e0, length=16, elements={
0x00007f8690808800, 0x00007f8690898800, 0x00007f868f813a00, 0x00007f868f831000,
0x00007f868f817800, 0x00007f868f831600, 0x00007f868f831c00, 0x00007f869089d400,
0x00007f869089f200, 0x00007f868f815600, 0x00007f8690891c00, 0x00007f868f889200,
0x00007f868fb6e800, 0x00007f868fb70800, 0x00007f86909f5e00, 0x00007f8690aaf000
}

Java Threads: ( => current thread )
  0x00007f8690808800 JavaThread "main" [_thread_blocked, id=6659, stack(0x000070000b35b000,0x000070000b45b000)]
  0x00007f8690898800 JavaThread "Reference Handler" daemon [_thread_blocked, id=17155, stack(0x000070000ba70000,0x000070000bb70000)]
  0x00007f868f813a00 JavaThread "Finalizer" daemon [_thread_blocked, id=16643, stack(0x000070000bb73000,0x000070000bc73000)]
  0x00007f868f831000 JavaThread "Signal Dispatcher" daemon [_thread_blocked, id=42243, stack(0x000070000bd7c000,0x000070000be7c000)]
  0x00007f868f817800 JavaThread "Service Thread" daemon [_thread_blocked, id=41731, stack(0x000070000be7f000,0x000070000bf7f000)]
  0x00007f868f831600 JavaThread "Monitor Deflation Thread" daemon [_thread_blocked, id=41475, stack(0x000070000bf82000,0x000070000c082000)]
  0x00007f868f831c00 JavaThread "C2 CompilerThread0" daemon [_thread_blocked, id=40963, stack(0x000070000c085000,0x000070000c185000)]
  0x00007f869089d400 JavaThread "C1 CompilerThread0" daemon [_thread_blocked, id=23299, stack(0x000070000c188000,0x000070000c288000)]
  0x00007f869089f200 JavaThread "Sweeper thread" daemon [_thread_blocked, id=23555, stack(0x000070000c28b000,0x000070000c38b000)]
  0x00007f868f815600 JavaThread "Common-Cleaner" daemon [_thread_blocked, id=23811, stack(0x000070000c38e000,0x000070000c48e000)]
  0x00007f8690891c00 JavaThread "Notification Thread" daemon [_thread_blocked, id=39683, stack(0x000070000c594000,0x000070000c694000)]
  0x00007f868f889200 JavaThread "QuantumRenderer-0" daemon [_thread_blocked, id=24835, stack(0x000070000c79a000,0x000070000c89a000)]
  0x00007f868fb6e800 JavaThread "InvokeLaterDispatcher" daemon [_thread_blocked, id=35587, stack(0x000070000c491000,0x000070000c591000)]
  0x00007f868fb70800 JavaThread "Thread-1" [_thread_in_native, id=259, stack(0x00007ff7afc4f000,0x00007ff7b044f000)]
  0x00007f86909f5e00 JavaThread "SIGINT handler" daemon [_thread_blocked, id=16203, stack(0x000070000c920000,0x000070000ca20000)]
=>0x00007f8690aaf000 JavaThread "Glass/Prism Shutdown Hook" [_thread_in_vm, id=43015, stack(0x000070000cc2f000,0x000070000cd2f000)]

Other Threads:
  0x00007f869000cd10 VMThread "VM Thread" [stack: 0x000070000b96d000,0x000070000ba6d000] [id=17667]
  0x00007f868f711730 WatcherThread [stack: 0x000070000c697000,0x000070000c797000] [id=24579]
  0x00007f868f7065c0 GCTaskThread "GC Thread#0" [stack: 0x000070000b45e000,0x000070000b55e000] [id=19971]
  0x00007f8690006b00 ConcurrentGCThread "G1 Main Marker" [stack: 0x000070000b561000,0x000070000b661000] [id=12803]
  0x00007f8690007380 ConcurrentGCThread "G1 Conc#0" [stack: 0x000070000b664000,0x000070000b764000] [id=19715]
  0x00007f8690008d20 ConcurrentGCThread "G1 Refine#0" [stack: 0x000070000b767000,0x000070000b867000] [id=14083]
  0x00007f86900095b0 ConcurrentGCThread "G1 Service" [stack: 0x000070000b86a000,0x000070000b96a000] [id=19203]

Threads with active compile tasks:

VM state: not at safepoint (normal execution)

VM Mutex/Monitor currently owned by a thread: None

Heap address: 0x0000000780000000, size: 2048 MB, Compressed Oops mode: Zero based, Oop shift amount: 3

CDS archive(s) mapped at: [0x0000000800000000-0x0000000800bd8000-0x0000000800bd8000), size 12419072, SharedBaseAddress: 0x0000000800000000, ArchiveRelocationMode: 0.
Compressed class space mapped at: 0x0000000800c00000-0x0000000840c00000, reserved size: 1073741824
Narrow klass base: 0x0000000800000000, Narrow klass shift: 0, Narrow klass range: 0x100000000

GC Precious Log:
 CPUs: 4 total, 4 available
 Memory: 8192M
 Large Page Support: Disabled
 NUMA Support: Disabled
 Compressed Oops: Enabled (Zero based)
 Heap Region Size: 1M
 Heap Min Capacity: 8M
 Heap Initial Capacity: 128M
 Heap Max Capacity: 2G
 Pre-touch: Disabled
 Parallel Workers: 4
 Concurrent Workers: 1
 Concurrent Refinement Workers: 4
 Periodic GC: Disabled

Heap:
 garbage-first heap   total 133120K, used 10196K [0x0000000780000000, 0x0000000800000000)
  region size 1024K, 11 young (11264K), 0 survivors (0K)
 Metaspace       used 2932K, committed 3136K, reserved 1056768K
  class space    used 334K, committed 448K, reserved 1048576K

Heap Regions: E=young(eden), S=young(survivor), O=old, HS=humongous(starts), HC=humongous(continues), CS=collection set, F=free, OA=open archive, CA=closed archive, TAMS=top-at-mark-start (previous, next)
|   0|0x0000000780000000, 0x0000000780000000, 0x0000000780100000|  0%| F|  |TAMS 0x0000000780000000, 0x0000000780000000| Untracked 
|   1|0x0000000780100000, 0x0000000780100000, 0x0000000780200000|  0%| F|  |TAMS 0x0000000780100000, 0x0000000780100000| Untracked 
|   2|0x0000000780200000, 0x0000000780200000, 0x0000000780300000|  0%| F|  |TAMS 0x0000000780200000, 0x0000000780200000| Untracked 
|   3|0x0000000780300000, 0x0000000780300000, 0x0000000780400000|  0%| F|  |TAMS 0x0000000780300000, 0x0000000780300000| Untracked 
|   4|0x0000000780400000, 0x0000000780400000, 0x0000000780500000|  0%| F|  |TAMS 0x0000000780400000, 0x0000000780400000| Untracked 
|   5|0x0000000780500000, 0x0000000780500000, 0x0000000780600000|  0%| F|  |TAMS 0x0000000780500000, 0x0000000780500000| Untracked 
|   6|0x0000000780600000, 0x0000000780600000, 0x0000000780700000|  0%| F|  |TAMS 0x0000000780600000, 0x0000000780600000| Untracked 
|   7|0x0000000780700000, 0x0000000780700000, 0x0000000780800000|  0%| F|  |TAMS 0x0000000780700000, 0x0000000780700000| Untracked 
|   8|0x0000000780800000, 0x0000000780800000, 0x0000000780900000|  0%| F|  |TAMS 0x0000000780800000, 0x0000000780800000| Untracked 
|   9|0x0000000780900000, 0x0000000780900000, 0x0000000780a00000|  0%| F|  |TAMS 0x0000000780900000, 0x0000000780900000| Untracked 
|  10|0x0000000780a00000, 0x0000000780a00000, 0x0000000780b00000|  0%| F|  |TAMS 0x0000000780a00000, 0x0000000780a00000| Untracked 
|  11|0x0000000780b00000, 0x0000000780b00000, 0x0000000780c00000|  0%| F|  |TAMS 0x0000000780b00000, 0x0000000780b00000| Untracked 
|  12|0x0000000780c00000, 0x0000000780c00000, 0x0000000780d00000|  0%| F|  |TAMS 0x0000000780c00000, 0x0000000780c00000| Untracked 
|  13|0x0000000780d00000, 0x0000000780d00000, 0x0000000780e00000|  0%| F|  |TAMS 0x0000000780d00000, 0x0000000780d00000| Untracked 
|  14|0x0000000780e00000, 0x0000000780e00000, 0x0000000780f00000|  0%| F|  |TAMS 0x0000000780e00000, 0x0000000780e00000| Untracked 
|  15|0x0000000780f00000, 0x0000000780f00000, 0x0000000781000000|  0%| F|  |TAMS 0x0000000780f00000, 0x0000000780f00000| Untracked 
|  16|0x0000000781000000, 0x0000000781000000, 0x0000000781100000|  0%| F|  |TAMS 0x0000000781000000, 0x0000000781000000| Untracked 
|  17|0x0000000781100000, 0x0000000781100000, 0x0000000781200000|  0%| F|  |TAMS 0x0000000781100000, 0x0000000781100000| Untracked 
|  18|0x0000000781200000, 0x0000000781200000, 0x0000000781300000|  0%| F|  |TAMS 0x0000000781200000, 0x0000000781200000| Untracked 
|  19|0x0000000781300000, 0x0000000781300000, 0x0000000781400000|  0%| F|  |TAMS 0x0000000781300000, 0x0000000781300000| Untracked 
|  20|0x0000000781400000, 0x0000000781400000, 0x0000000781500000|  0%| F|  |TAMS 0x0000000781400000, 0x0000000781400000| Untracked 
|  21|0x0000000781500000, 0x0000000781500000, 0x0000000781600000|  0%| F|  |TAMS 0x0000000781500000, 0x0000000781500000| Untracked 
|  22|0x0000000781600000, 0x0000000781600000, 0x0000000781700000|  0%| F|  |TAMS 0x0000000781600000, 0x0000000781600000| Untracked 
|  23|0x0000000781700000, 0x0000000781700000, 0x0000000781800000|  0%| F|  |TAMS 0x0000000781700000, 0x0000000781700000| Untracked 
|  24|0x0000000781800000, 0x0000000781800000, 0x0000000781900000|  0%| F|  |TAMS 0x0000000781800000, 0x0000000781800000| Untracked 
|  25|0x0000000781900000, 0x0000000781900000, 0x0000000781a00000|  0%| F|  |TAMS 0x0000000781900000, 0x0000000781900000| Untracked 
|  26|0x0000000781a00000, 0x0000000781a00000, 0x0000000781b00000|  0%| F|  |TAMS 0x0000000781a00000, 0x0000000781a00000| Untracked 
|  27|0x0000000781b00000, 0x0000000781b00000, 0x0000000781c00000|  0%| F|  |TAMS 0x0000000781b00000, 0x0000000781b00000| Untracked 
|  28|0x0000000781c00000, 0x0000000781c00000, 0x0000000781d00000|  0%| F|  |TAMS 0x0000000781c00000, 0x0000000781c00000| Untracked 
|  29|0x0000000781d00000, 0x0000000781d00000, 0x0000000781e00000|  0%| F|  |TAMS 0x0000000781d00000, 0x0000000781d00000| Untracked 
|  30|0x0000000781e00000, 0x0000000781e00000, 0x0000000781f00000|  0%| F|  |TAMS 0x0000000781e00000, 0x0000000781e00000| Untracked 
|  31|0x0000000781f00000, 0x0000000781f00000, 0x0000000782000000|  0%| F|  |TAMS 0x0000000781f00000, 0x0000000781f00000| Untracked 
|  32|0x0000000782000000, 0x0000000782000000, 0x0000000782100000|  0%| F|  |TAMS 0x0000000782000000, 0x0000000782000000| Untracked 
|  33|0x0000000782100000, 0x0000000782100000, 0x0000000782200000|  0%| F|  |TAMS 0x0000000782100000, 0x0000000782100000| Untracked 
|  34|0x0000000782200000, 0x0000000782200000, 0x0000000782300000|  0%| F|  |TAMS 0x0000000782200000, 0x0000000782200000| Untracked 
|  35|0x0000000782300000, 0x0000000782300000, 0x0000000782400000|  0%| F|  |TAMS 0x0000000782300000, 0x0000000782300000| Untracked 
|  36|0x0000000782400000, 0x0000000782400000, 0x0000000782500000|  0%| F|  |TAMS 0x0000000782400000, 0x0000000782400000| Untracked 
|  37|0x0000000782500000, 0x0000000782500000, 0x0000000782600000|  0%| F|  |TAMS 0x0000000782500000, 0x0000000782500000| Untracked 
|  38|0x0000000782600000, 0x0000000782600000, 0x0000000782700000|  0%| F|  |TAMS 0x0000000782600000, 0x0000000782600000| Untracked 
|  39|0x0000000782700000, 0x0000000782700000, 0x0000000782800000|  0%| F|  |TAMS 0x0000000782700000, 0x0000000782700000| Untracked 
|  40|0x0000000782800000, 0x0000000782800000, 0x0000000782900000|  0%| F|  |TAMS 0x0000000782800000, 0x0000000782800000| Untracked 
|  41|0x0000000782900000, 0x0000000782900000, 0x0000000782a00000|  0%| F|  |TAMS 0x0000000782900000, 0x0000000782900000| Untracked 
|  42|0x0000000782a00000, 0x0000000782a00000, 0x0000000782b00000|  0%| F|  |TAMS 0x0000000782a00000, 0x0000000782a00000| Untracked 
|  43|0x0000000782b00000, 0x0000000782b00000, 0x0000000782c00000|  0%| F|  |TAMS 0x0000000782b00000, 0x0000000782b00000| Untracked 
|  44|0x0000000782c00000, 0x0000000782c00000, 0x0000000782d00000|  0%| F|  |TAMS 0x0000000782c00000, 0x0000000782c00000| Untracked 
|  45|0x0000000782d00000, 0x0000000782d00000, 0x0000000782e00000|  0%| F|  |TAMS 0x0000000782d00000, 0x0000000782d00000| Untracked 
|  46|0x0000000782e00000, 0x0000000782e00000, 0x0000000782f00000|  0%| F|  |TAMS 0x0000000782e00000, 0x0000000782e00000| Untracked 
|  47|0x0000000782f00000, 0x0000000782f00000, 0x0000000783000000|  0%| F|  |TAMS 0x0000000782f00000, 0x0000000782f00000| Untracked 
|  48|0x0000000783000000, 0x0000000783000000, 0x0000000783100000|  0%| F|  |TAMS 0x0000000783000000, 0x0000000783000000| Untracked 
|  49|0x0000000783100000, 0x0000000783100000, 0x0000000783200000|  0%| F|  |TAMS 0x0000000783100000, 0x0000000783100000| Untracked 
|  50|0x0000000783200000, 0x0000000783200000, 0x0000000783300000|  0%| F|  |TAMS 0x0000000783200000, 0x0000000783200000| Untracked 
|  51|0x0000000783300000, 0x0000000783300000, 0x0000000783400000|  0%| F|  |TAMS 0x0000000783300000, 0x0000000783300000| Untracked 
|  52|0x0000000783400000, 0x0000000783400000, 0x0000000783500000|  0%| F|  |TAMS 0x0000000783400000, 0x0000000783400000| Untracked 
|  53|0x0000000783500000, 0x0000000783500000, 0x0000000783600000|  0%| F|  |TAMS 0x0000000783500000, 0x0000000783500000| Untracked 
|  54|0x0000000783600000, 0x0000000783600000, 0x0000000783700000|  0%| F|  |TAMS 0x0000000783600000, 0x0000000783600000| Untracked 
|  55|0x0000000783700000, 0x0000000783700000, 0x0000000783800000|  0%| F|  |TAMS 0x0000000783700000, 0x0000000783700000| Untracked 
|  56|0x0000000783800000, 0x0000000783800000, 0x0000000783900000|  0%| F|  |TAMS 0x0000000783800000, 0x0000000783800000| Untracked 
|  57|0x0000000783900000, 0x0000000783900000, 0x0000000783a00000|  0%| F|  |TAMS 0x0000000783900000, 0x0000000783900000| Untracked 
|  58|0x0000000783a00000, 0x0000000783a00000, 0x0000000783b00000|  0%| F|  |TAMS 0x0000000783a00000, 0x0000000783a00000| Untracked 
|  59|0x0000000783b00000, 0x0000000783b00000, 0x0000000783c00000|  0%| F|  |TAMS 0x0000000783b00000, 0x0000000783b00000| Untracked 
|  60|0x0000000783c00000, 0x0000000783c00000, 0x0000000783d00000|  0%| F|  |TAMS 0x0000000783c00000, 0x0000000783c00000| Untracked 
|  61|0x0000000783d00000, 0x0000000783d00000, 0x0000000783e00000|  0%| F|  |TAMS 0x0000000783d00000, 0x0000000783d00000| Untracked 
|  62|0x0000000783e00000, 0x0000000783e00000, 0x0000000783f00000|  0%| F|  |TAMS 0x0000000783e00000, 0x0000000783e00000| Untracked 
|  63|0x0000000783f00000, 0x0000000783f00000, 0x0000000784000000|  0%| F|  |TAMS 0x0000000783f00000, 0x0000000783f00000| Untracked 
|  64|0x0000000784000000, 0x0000000784000000, 0x0000000784100000|  0%| F|  |TAMS 0x0000000784000000, 0x0000000784000000| Untracked 
|  65|0x0000000784100000, 0x0000000784100000, 0x0000000784200000|  0%| F|  |TAMS 0x0000000784100000, 0x0000000784100000| Untracked 
|  66|0x0000000784200000, 0x0000000784200000, 0x0000000784300000|  0%| F|  |TAMS 0x0000000784200000, 0x0000000784200000| Untracked 
|  67|0x0000000784300000, 0x0000000784300000, 0x0000000784400000|  0%| F|  |TAMS 0x0000000784300000, 0x0000000784300000| Untracked 
|  68|0x0000000784400000, 0x0000000784400000, 0x0000000784500000|  0%| F|  |TAMS 0x0000000784400000, 0x0000000784400000| Untracked 
|  69|0x0000000784500000, 0x0000000784500000, 0x0000000784600000|  0%| F|  |TAMS 0x0000000784500000, 0x0000000784500000| Untracked 
|  70|0x0000000784600000, 0x0000000784600000, 0x0000000784700000|  0%| F|  |TAMS 0x0000000784600000, 0x0000000784600000| Untracked 
|  71|0x0000000784700000, 0x0000000784700000, 0x0000000784800000|  0%| F|  |TAMS 0x0000000784700000, 0x0000000784700000| Untracked 
|  72|0x0000000784800000, 0x0000000784800000, 0x0000000784900000|  0%| F|  |TAMS 0x0000000784800000, 0x0000000784800000| Untracked 
|  73|0x0000000784900000, 0x0000000784900000, 0x0000000784a00000|  0%| F|  |TAMS 0x0000000784900000, 0x0000000784900000| Untracked 
|  74|0x0000000784a00000, 0x0000000784a00000, 0x0000000784b00000|  0%| F|  |TAMS 0x0000000784a00000, 0x0000000784a00000| Untracked 
|  75|0x0000000784b00000, 0x0000000784b00000, 0x0000000784c00000|  0%| F|  |TAMS 0x0000000784b00000, 0x0000000784b00000| Untracked 
|  76|0x0000000784c00000, 0x0000000784c00000, 0x0000000784d00000|  0%| F|  |TAMS 0x0000000784c00000, 0x0000000784c00000| Untracked 
|  77|0x0000000784d00000, 0x0000000784d00000, 0x0000000784e00000|  0%| F|  |TAMS 0x0000000784d00000, 0x0000000784d00000| Untracked 
|  78|0x0000000784e00000, 0x0000000784e00000, 0x0000000784f00000|  0%| F|  |TAMS 0x0000000784e00000, 0x0000000784e00000| Untracked 
|  79|0x0000000784f00000, 0x0000000784f00000, 0x0000000785000000|  0%| F|  |TAMS 0x0000000784f00000, 0x0000000784f00000| Untracked 
|  80|0x0000000785000000, 0x0000000785000000, 0x0000000785100000|  0%| F|  |TAMS 0x0000000785000000, 0x0000000785000000| Untracked 
|  81|0x0000000785100000, 0x0000000785100000, 0x0000000785200000|  0%| F|  |TAMS 0x0000000785100000, 0x0000000785100000| Untracked 
|  82|0x0000000785200000, 0x0000000785200000, 0x0000000785300000|  0%| F|  |TAMS 0x0000000785200000, 0x0000000785200000| Untracked 
|  83|0x0000000785300000, 0x0000000785300000, 0x0000000785400000|  0%| F|  |TAMS 0x0000000785300000, 0x0000000785300000| Untracked 
|  84|0x0000000785400000, 0x0000000785400000, 0x0000000785500000|  0%| F|  |TAMS 0x0000000785400000, 0x0000000785400000| Untracked 
|  85|0x0000000785500000, 0x0000000785500000, 0x0000000785600000|  0%| F|  |TAMS 0x0000000785500000, 0x0000000785500000| Untracked 
|  86|0x0000000785600000, 0x0000000785600000, 0x0000000785700000|  0%| F|  |TAMS 0x0000000785600000, 0x0000000785600000| Untracked 
|  87|0x0000000785700000, 0x0000000785700000, 0x0000000785800000|  0%| F|  |TAMS 0x0000000785700000, 0x0000000785700000| Untracked 
|  88|0x0000000785800000, 0x0000000785800000, 0x0000000785900000|  0%| F|  |TAMS 0x0000000785800000, 0x0000000785800000| Untracked 
|  89|0x0000000785900000, 0x0000000785900000, 0x0000000785a00000|  0%| F|  |TAMS 0x0000000785900000, 0x0000000785900000| Untracked 
|  90|0x0000000785a00000, 0x0000000785a00000, 0x0000000785b00000|  0%| F|  |TAMS 0x0000000785a00000, 0x0000000785a00000| Untracked 
|  91|0x0000000785b00000, 0x0000000785b00000, 0x0000000785c00000|  0%| F|  |TAMS 0x0000000785b00000, 0x0000000785b00000| Untracked 
|  92|0x0000000785c00000, 0x0000000785c00000, 0x0000000785d00000|  0%| F|  |TAMS 0x0000000785c00000, 0x0000000785c00000| Untracked 
|  93|0x0000000785d00000, 0x0000000785d00000, 0x0000000785e00000|  0%| F|  |TAMS 0x0000000785d00000, 0x0000000785d00000| Untracked 
|  94|0x0000000785e00000, 0x0000000785e00000, 0x0000000785f00000|  0%| F|  |TAMS 0x0000000785e00000, 0x0000000785e00000| Untracked 
|  95|0x0000000785f00000, 0x0000000785f00000, 0x0000000786000000|  0%| F|  |TAMS 0x0000000785f00000, 0x0000000785f00000| Untracked 
|  96|0x0000000786000000, 0x0000000786000000, 0x0000000786100000|  0%| F|  |TAMS 0x0000000786000000, 0x0000000786000000| Untracked 
|  97|0x0000000786100000, 0x0000000786100000, 0x0000000786200000|  0%| F|  |TAMS 0x0000000786100000, 0x0000000786100000| Untracked 
|  98|0x0000000786200000, 0x0000000786200000, 0x0000000786300000|  0%| F|  |TAMS 0x0000000786200000, 0x0000000786200000| Untracked 
|  99|0x0000000786300000, 0x0000000786300000, 0x0000000786400000|  0%| F|  |TAMS 0x0000000786300000, 0x0000000786300000| Untracked 
| 100|0x0000000786400000, 0x0000000786400000, 0x0000000786500000|  0%| F|  |TAMS 0x0000000786400000, 0x0000000786400000| Untracked 
| 101|0x0000000786500000, 0x0000000786500000, 0x0000000786600000|  0%| F|  |TAMS 0x0000000786500000, 0x0000000786500000| Untracked 
| 102|0x0000000786600000, 0x0000000786600000, 0x0000000786700000|  0%| F|  |TAMS 0x0000000786600000, 0x0000000786600000| Untracked 
| 103|0x0000000786700000, 0x0000000786700000, 0x0000000786800000|  0%| F|  |TAMS 0x0000000786700000, 0x0000000786700000| Untracked 
| 104|0x0000000786800000, 0x0000000786800000, 0x0000000786900000|  0%| F|  |TAMS 0x0000000786800000, 0x0000000786800000| Untracked 
| 105|0x0000000786900000, 0x0000000786900000, 0x0000000786a00000|  0%| F|  |TAMS 0x0000000786900000, 0x0000000786900000| Untracked 
| 106|0x0000000786a00000, 0x0000000786a00000, 0x0000000786b00000|  0%| F|  |TAMS 0x0000000786a00000, 0x0000000786a00000| Untracked 
| 107|0x0000000786b00000, 0x0000000786b00000, 0x0000000786c00000|  0%| F|  |TAMS 0x0000000786b00000, 0x0000000786b00000| Untracked 
| 108|0x0000000786c00000, 0x0000000786c00000, 0x0000000786d00000|  0%| F|  |TAMS 0x0000000786c00000, 0x0000000786c00000| Untracked 
| 109|0x0000000786d00000, 0x0000000786d00000, 0x0000000786e00000|  0%| F|  |TAMS 0x0000000786d00000, 0x0000000786d00000| Untracked 
| 110|0x0000000786e00000, 0x0000000786e00000, 0x0000000786f00000|  0%| F|  |TAMS 0x0000000786e00000, 0x0000000786e00000| Untracked 
| 111|0x0000000786f00000, 0x0000000786f00000, 0x0000000787000000|  0%| F|  |TAMS 0x0000000786f00000, 0x0000000786f00000| Untracked 
| 112|0x0000000787000000, 0x0000000787000000, 0x0000000787100000|  0%| F|  |TAMS 0x0000000787000000, 0x0000000787000000| Untracked 
| 113|0x0000000787100000, 0x0000000787100000, 0x0000000787200000|  0%| F|  |TAMS 0x0000000787100000, 0x0000000787100000| Untracked 
| 114|0x0000000787200000, 0x0000000787200000, 0x0000000787300000|  0%| F|  |TAMS 0x0000000787200000, 0x0000000787200000| Untracked 
| 115|0x0000000787300000, 0x0000000787300000, 0x0000000787400000|  0%| F|  |TAMS 0x0000000787300000, 0x0000000787300000| Untracked 
| 116|0x0000000787400000, 0x0000000787400000, 0x0000000787500000|  0%| F|  |TAMS 0x0000000787400000, 0x0000000787400000| Untracked 
| 117|0x0000000787500000, 0x00000007875c8390, 0x0000000787600000| 78%| E|  |TAMS 0x0000000787500000, 0x0000000787500000| Complete 
| 118|0x0000000787600000, 0x0000000787700000, 0x0000000787700000|100%| E|CS|TAMS 0x0000000787600000, 0x0000000787600000| Complete 
| 119|0x0000000787700000, 0x0000000787800000, 0x0000000787800000|100%| E|CS|TAMS 0x0000000787700000, 0x0000000787700000| Complete 
| 120|0x0000000787800000, 0x0000000787900000, 0x0000000787900000|100%| E|CS|TAMS 0x0000000787800000, 0x0000000787800000| Complete 
| 121|0x0000000787900000, 0x0000000787a00000, 0x0000000787a00000|100%| E|CS|TAMS 0x0000000787900000, 0x0000000787900000| Complete 
| 122|0x0000000787a00000, 0x0000000787b00000, 0x0000000787b00000|100%| E|CS|TAMS 0x0000000787a00000, 0x0000000787a00000| Complete 
| 123|0x0000000787b00000, 0x0000000787c00000, 0x0000000787c00000|100%| E|CS|TAMS 0x0000000787b00000, 0x0000000787b00000| Complete 
| 124|0x0000000787c00000, 0x0000000787d00000, 0x0000000787d00000|100%| E|  |TAMS 0x0000000787c00000, 0x0000000787c00000| Complete 
| 125|0x0000000787d00000, 0x0000000787e00000, 0x0000000787e00000|100%| E|CS|TAMS 0x0000000787d00000, 0x0000000787d00000| Complete 
| 126|0x0000000787e00000, 0x0000000787f00000, 0x0000000787f00000|100%| E|CS|TAMS 0x0000000787e00000, 0x0000000787e00000| Complete 
| 127|0x0000000787f00000, 0x0000000788000000, 0x0000000788000000|100%| E|CS|TAMS 0x0000000787f00000, 0x0000000787f00000| Complete 
|2046|0x00000007ffe00000, 0x00000007ffe76000, 0x00000007fff00000| 46%|OA|  |TAMS 0x00000007ffe00000, 0x00000007ffe00000| Untracked 
|2047|0x00000007fff00000, 0x00000007fff7f000, 0x0000000800000000| 49%|CA|  |TAMS 0x00000007fff00000, 0x00000007fff00000| Untracked 

Card table byte_map: [0x000000011028d000,0x000000011068d000] _byte_map_base: 0x000000010c68d000

Marking Bits (Prev, Next): (CMBitMap*) 0x00007f8690814610, (CMBitMap*) 0x00007f8690814650
 Prev Bits: [0x0000000111c5f000, 0x0000000113c5f000)
 Next Bits: [0x0000000113c5f000, 0x0000000115c5f000)

Polling page: 0x000000010fbd8000

Metaspace:

Usage:
  Non-class:      2,54 MB used.
      Class:    334,21 KB used.
       Both:      2,86 MB used.

Virtual space:
  Non-class space:        8,00 MB reserved,       2,62 MB ( 33%) committed,  1 nodes.
      Class space:        1,00 GB reserved,     448,00 KB ( <1%) committed,  1 nodes.
             Both:        1,01 GB reserved,       3,06 MB ( <1%) committed. 

Chunk freelists:
   Non-Class:  2,88 MB
       Class:  3,55 MB
        Both:  6,42 MB

MaxMetaspaceSize: unlimited
CompressedClassSpaceSize: 1,00 GB
Initial GC threshold: 21,00 MB
Current GC threshold: 21,00 MB
CDS: on
MetaspaceReclaimPolicy: balanced
 - commit_granule_bytes: 65536.
 - commit_granule_words: 8192.
 - virtual_space_node_default_size: 1048576.
 - enlarge_chunks_in_place: 1.
 - new_chunks_are_fully_committed: 0.
 - uncommit_free_chunks: 1.
 - use_allocation_guard: 0.
 - handle_deallocations: 1.


Internal statistics:

num_allocs_failed_limit: 0.
num_arena_births: 74.
num_arena_deaths: 0.
num_vsnodes_births: 2.
num_vsnodes_deaths: 0.
num_space_committed: 49.
num_space_uncommitted: 0.
num_chunks_returned_to_freelist: 0.
num_chunks_taken_from_freelist: 149.
num_chunk_merges: 0.
num_chunk_splits: 96.
num_chunks_enlarged: 67.
num_purges: 0.
num_inconsistent_stats: 0.

CodeHeap 'non-profiled nmethods': size=120032Kb used=213Kb max_used=213Kb free=119818Kb
 bounds [0x000000012757d000, 0x00000001277ed000, 0x000000012eab5000]
CodeHeap 'profiled nmethods': size=120028Kb used=888Kb max_used=888Kb free=119139Kb
 bounds [0x0000000120046000, 0x00000001202b6000, 0x000000012757d000]
CodeHeap 'non-nmethods': size=5700Kb used=1173Kb max_used=1188Kb free=4526Kb
 bounds [0x000000011fab5000, 0x000000011fd25000, 0x0000000120046000]
 total_blobs=1089 nmethods=616 adapters=387
 compilation: enabled
              stopped_count=0, restarted_count=0
 full_count=0

Compilation events (20 events):
Event: 0,481 Thread 0x00007f868f831c00  606       4       sun.security.provider.MD5::implCompress (13 bytes)
Event: 0,482 Thread 0x00007f868f831c00 nmethod 606 0x00000001275b0c10 code [0x00000001275b0da0, 0x00000001275b0e98]
Event: 0,482 Thread 0x00007f868f831c00  608       4       sun.security.provider.MD5::implCompress0 (1407 bytes)
Event: 0,483 Thread 0x00007f869089d400  607       3       sun.security.provider.DigestBase::implCompressMultiBlock0 (23 bytes)
Event: 0,483 Thread 0x00007f869089d400 nmethod 607 0x0000000120121b90 code [0x0000000120121d40, 0x0000000120121fe0]
Event: 0,500 Thread 0x00007f869089d400  609       3       jdk.internal.org.objectweb.asm.ByteVector::<init> (13 bytes)
Event: 0,501 Thread 0x00007f869089d400 nmethod 609 0x0000000120122110 code [0x00000001201222c0, 0x0000000120122530]
Event: 0,501 Thread 0x00007f869089d400  610       3       java.lang.invoke.MethodHandles$Lookup::<init> (84 bytes)
Event: 0,501 Thread 0x00007f869089d400 nmethod 610 0x0000000120122610 code [0x00000001201227c0, 0x0000000120122a10]
Event: 0,519 Thread 0x00007f868f831c00 nmethod 608 0x00000001275b0f90 code [0x00000001275b1120, 0x00000001275b1e18]
Event: 0,525 Thread 0x00007f869089d400  613       3       java.util.ImmutableCollections$Set12$1::next (95 bytes)
Event: 0,532 Thread 0x00007f869089d400 nmethod 613 0x0000000120122b10 code [0x0000000120122ce0, 0x0000000120122fe0]
Event: 0,532 Thread 0x00007f869089d400  612       3       java.lang.invoke.MemberName::getType (19 bytes)
Event: 0,533 Thread 0x00007f869089d400 nmethod 612 0x0000000120123110 code [0x0000000120123300, 0x00000001201236b0]
Event: 0,533 Thread 0x00007f869089d400  611       1       java.lang.invoke.InfoFromMemberName::getReferenceKind (5 bytes)
Event: 0,533 Thread 0x00007f869089d400 nmethod 611 0x00000001275b2090 code [0x00000001275b2220, 0x00000001275b22f0]
Event: 0,890 Thread 0x00007f869089d400  616       3       java.util.Collections$UnmodifiableCollection$1::hasNext (10 bytes)
Event: 0,891 Thread 0x00007f869089d400 nmethod 616 0x0000000120123810 code [0x00000001201239c0, 0x0000000120123ba0]
Event: 0,891 Thread 0x00007f869089d400  617       3       java.util.Collections$UnmodifiableCollection$1::next (10 bytes)
Event: 0,891 Thread 0x00007f869089d400 nmethod 617 0x0000000120123c90 code [0x0000000120123e40, 0x0000000120124020]

GC Heap History (0 events):
No events

Deoptimization events (18 events):
Event: 0,201 Thread 0x00007f8690808800 Uncommon trap: trap_request=0xffffff45 fr.pc=0x0000000127589dd0 relative=0x0000000000000130
Event: 0,201 Thread 0x00007f8690808800 Uncommon trap: reason=unstable_if action=reinterpret pc=0x0000000127589dd0 method=java.lang.StringCoding.hasNegatives([BII)Z @ 12 c2
Event: 0,201 Thread 0x00007f8690808800 DEOPT PACKING pc=0x0000000127589dd0 sp=0x000070000b45a1c0
Event: 0,201 Thread 0x00007f8690808800 DEOPT UNPACKING pc=0x000000011fb07099 sp=0x000070000b45a188 mode 2
Event: 0,208 Thread 0x00007f8690808800 Uncommon trap: trap_request=0xfffffff4 fr.pc=0x000000012758d348 relative=0x00000000000001a8
Event: 0,208 Thread 0x00007f8690808800 Uncommon trap: reason=null_check action=make_not_entrant pc=0x000000012758d348 method=java.lang.String.equals(Ljava/lang/Object;)Z @ 8 c2
Event: 0,208 Thread 0x00007f8690808800 DEOPT PACKING pc=0x000000012758d348 sp=0x000070000b45a8d0
Event: 0,208 Thread 0x00007f8690808800 DEOPT UNPACKING pc=0x000000011fb07099 sp=0x000070000b45a898 mode 2
Event: 0,243 Thread 0x00007f8690808800 DEOPT PACKING pc=0x00000001200875cb sp=0x000070000b456000
Event: 0,243 Thread 0x00007f8690808800 DEOPT UNPACKING pc=0x000000011fb0782f sp=0x000070000b455480 mode 0
Event: 0,293 Thread 0x00007f868f889200 Uncommon trap: trap_request=0xffffff45 fr.pc=0x000000012758abdc relative=0x00000000000006fc
Event: 0,293 Thread 0x00007f868f889200 Uncommon trap: reason=unstable_if action=reinterpret pc=0x000000012758abdc method=jdk.internal.module.Checks.isJavaIdentifier(Ljava/lang/String;)Z @ 4 c2
Event: 0,294 Thread 0x00007f868f889200 DEOPT PACKING pc=0x000000012758abdc sp=0x000070000c898da0
Event: 0,294 Thread 0x00007f868f889200 DEOPT UNPACKING pc=0x000000011fb07099 sp=0x000070000c898d60 mode 2
Event: 0,305 Thread 0x00007f868f889200 Uncommon trap: trap_request=0xffffff45 fr.pc=0x00000001275923bc relative=0x0000000000000d1c
Event: 0,305 Thread 0x00007f868f889200 Uncommon trap: reason=unstable_if action=reinterpret pc=0x00000001275923bc method=java.util.HashMap.putVal(ILjava/lang/Object;Ljava/lang/Object;ZZ)Ljava/lang/Object; @ 193 c2
Event: 0,305 Thread 0x00007f868f889200 DEOPT PACKING pc=0x00000001275923bc sp=0x000070000c898a00
Event: 0,305 Thread 0x00007f868f889200 DEOPT UNPACKING pc=0x000000011fb07099 sp=0x000070000c8989a0 mode 2

Classes unloaded (0 events):
No events

Classes redefined (0 events):
No events

Internal exceptions (10 events):
Event: 0,095 Thread 0x00007f8690808800 Exception <a 'java/lang/NoSuchMethodError'{0x0000000787fa4d28}: 'void java.lang.invoke.DirectMethodHandle$Holder.invokeVirtual(java.lang.Object, java.lang.Object)'> (0x0000000787fa4d28) 
thrown [open/src/hotspot/share/interpreter/linkResolver.cpp, line 766]
Event: 0,208 Thread 0x00007f8690808800 Implicit null exception at 0x000000012758d1d5 to 0x000000012758d338
Event: 0,208 Thread 0x00007f8690808800 Exception <a 'java/lang/NoSuchMethodError'{0x0000000787ce5ad0}: 'java.lang.Object java.lang.invoke.DirectMethodHandle$Holder.invokeStaticInit(java.lang.Object)'> (0x0000000787ce5ad0) 
thrown [open/src/hotspot/share/interpreter/linkResolver.cpp, line 766]
Event: 0,213 Thread 0x00007f8690808800 Exception <a 'java/lang/NoSuchMethodError'{0x0000000787cf3b28}: 'void java.lang.invoke.DirectMethodHandle$Holder.invokeStatic(java.lang.Object, java.lang.Object)'> (0x0000000787cf3b28) 
thrown [open/src/hotspot/share/interpreter/linkResolver.cpp, line 766]
Event: 0,257 Thread 0x00007f8690808800 Exception <a 'java/lang/NoSuchMethodError'{0x00000007879cfd10}: 'void java.lang.invoke.DirectMethodHandle$Holder.invokeSpecial(java.lang.Object, java.lang.Object, java.lang.Object)'> (0x00000007879cfd10) 
thrown [open/src/hotspot/share/interpreter/linkResolver.cpp, line 766]
Event: 0,271 Thread 0x00007f8690808800 Exception <a 'java/lang/NoSuchMethodError'{0x000000078780d520}: 'void java.lang.invoke.DirectMethodHandle$Holder.invokeStatic(java.lang.Object, java.lang.Object, java.lang.Object)'> (0x000000078780d520) 
thrown [open/src/hotspot/share/interpreter/linkResolver.cpp, line 766]
Event: 0,448 Thread 0x00007f8690808800 Exception <a 'java/lang/NoSuchMethodError'{0x0000000787829fb8}: 'int java.lang.invoke.DirectMethodHandle$Holder.invokeStaticInit(java.lang.Object, java.lang.Object, java.lang.Object)'> (0x0000000787829fb8) 
thrown [open/src/hotspot/share/interpreter/linkResolver.cpp, line 766]
Event: 0,886 Thread 0x00007f868fb70800 Exception <a 'java/lang/ClassCastException'{0x00000007876d3de8}> (0x00000007876d3de8) 
thrown [open/src/hotspot/share/runtime/sharedRuntime.cpp, line 628]
Event: 0,886 Thread 0x00007f868fb70800 Exception <a 'java/lang/BootstrapMethodError'{0x00000007876d40b8}> (0x00000007876d40b8) 
thrown [open/src/hotspot/share/utilities/exceptions.cpp, line 452]
Event: 0,886 Thread 0x00007f868fb70800 Exception <a 'java/lang/BootstrapMethodError'{0x00000007876d40b8}> (0x00000007876d40b8) 
thrown [open/src/hotspot/share/oops/instanceKlass.cpp, line 1163]

VM Operations (4 events):
Event: 0,169 Executing VM operation: HandshakeAllThreads
Event: 0,169 Executing VM operation: HandshakeAllThreads done
Event: 1,174 Executing VM operation: Cleanup
Event: 1,174 Executing VM operation: Cleanup done

Events (20 events):
Event: 0,521 Protecting memory [0x00007ff7afc4f000,0x00007ff7afc53000] with protection modes 0
Event: 0,521 Thread 0x00007f868fb70800 Thread added: 0x00007f868fb70800
Event: 0,611 Thread 0x00007f8690a5b600 Thread added: 0x00007f8690a5b600
Event: 0,620 Protecting memory [0x000070000c89d000,0x000070000c8a1000] with protection modes 0
Event: 0,884 loading class java/util/concurrent/LinkedBlockingDeque$Node
Event: 0,884 loading class java/util/concurrent/LinkedBlockingDeque$Node done
Event: 0,884 Protecting memory [0x000070000c89d000,0x000070000c8a1000] with protection modes 3
Event: 0,884 Thread 0x00007f8690a5b600 Thread exited: 0x00007f8690a5b600
Event: 0,886 loading class java/lang/Throwable$WrappedPrintStream
Event: 0,886 loading class java/lang/Throwable$PrintStreamOrWriter
Event: 0,886 loading class java/lang/Throwable$PrintStreamOrWriter done
Event: 0,886 loading class java/lang/Throwable$WrappedPrintStream done
Event: 0,887 loading class java/lang/StackTraceElement$HashedModules
Event: 0,887 loading class java/lang/StackTraceElement$HashedModules done
Event: 21,520 loading class jdk/internal/misc/Signal$1
Event: 21,520 loading class jdk/internal/misc/Signal$1 done
Event: 21,521 Thread 0x00007f86909f5e00 Thread added: 0x00007f86909f5e00
Event: 21,522 Protecting memory [0x000070000c920000,0x000070000c924000] with protection modes 0
Event: 21,524 Thread 0x00007f8690aaf000 Thread added: 0x00007f8690aaf000
Event: 21,525 Protecting memory [0x000070000cc2f000,0x000070000cc33000] with protection modes 0


Dynamic libraries:
0x000000010fbda000 	/Library/Java/JavaVirtualMachines/jdk-17.0.2.jdk/Contents/Home/lib/libjli.dylib
0x00007ff816ed3000 	/usr/lib/libz.1.dylib
0x00007ff816fb3000 	/usr/lib/libSystem.B.dylib
0x00007ff816fae000 	/usr/lib/system/libcache.dylib
0x00007ff816f6a000 	/usr/lib/system/libcommonCrypto.dylib
0x00007ff816f93000 	/usr/lib/system/libcompiler_rt.dylib
0x00007ff816f89000 	/usr/lib/system/libcopyfile.dylib
0x00007ff80bf5e000 	/usr/lib/system/libcorecrypto.dylib
0x00007ff80c01c000 	/usr/lib/system/libdispatch.dylib
0x00007ff80c1e0000 	/usr/lib/system/libdyld.dylib
0x00007ff816fa5000 	/usr/lib/system/libkeymgr.dylib
0x00007ff816f48000 	/usr/lib/system/libmacho.dylib
0x00007ff8165c7000 	/usr/lib/system/libquarantine.dylib
0x00007ff816fa3000 	/usr/lib/system/libremovefile.dylib
0x00007ff81115a000 	/usr/lib/system/libsystem_asl.dylib
0x00007ff80bf07000 	/usr/lib/system/libsystem_blocks.dylib
0x00007ff80c0a4000 	/usr/lib/system/libsystem_c.dylib
0x00007ff816f9b000 	/usr/lib/system/libsystem_collections.dylib
0x00007ff815874000 	/usr/lib/system/libsystem_configuration.dylib
0x00007ff814b20000 	/usr/lib/system/libsystem_containermanager.dylib
0x00007ff816c81000 	/usr/lib/system/libsystem_coreservices.dylib
0x00007ff80e803000 	/usr/lib/system/libsystem_darwin.dylib
0x00007ff816fa6000 	/usr/lib/system/libsystem_dnssd.dylib
0x00007ff80c0a1000 	/usr/lib/system/libsystem_featureflags.dylib
0x00007ff80c1f6000 	/usr/lib/system/libsystem_info.dylib
0x00007ff816ee6000 	/usr/lib/system/libsystem_m.dylib
0x00007ff80bff0000 	/usr/lib/system/libsystem_malloc.dylib
0x00007ff8110f5000 	/usr/lib/system/libsystem_networkextension.dylib
0x00007ff80ec29000 	/usr/lib/system/libsystem_notify.dylib
0x00007ff81d211000 	/usr/lib/system/libsystem_product_info_filter.dylib
0x00007ff815878000 	/usr/lib/system/libsystem_sandbox.dylib
0x00007ff816fa0000 	/usr/lib/system/libsystem_secinit.dylib
0x00007ff80c19c000 	/usr/lib/system/libsystem_kernel.dylib
0x00007ff80c1ec000 	/usr/lib/system/libsystem_platform.dylib
0x00007ff80c1d4000 	/usr/lib/system/libsystem_pthread.dylib
0x00007ff8129a2000 	/usr/lib/system/libsystem_symptoms.dylib
0x00007ff80bf45000 	/usr/lib/system/libsystem_trace.dylib
0x00007ff816f76000 	/usr/lib/system/libunwind.dylib
0x00007ff80bf09000 	/usr/lib/system/libxpc.dylib
0x00007ff80c186000 	/usr/lib/libc++abi.dylib
0x00007ff80c063000 	/usr/lib/libobjc.A.dylib
0x00007ff816f81000 	/usr/lib/liboah.dylib
0x00007ff80c12d000 	/usr/lib/libc++.1.dylib
0x00007ff82300a000 	/System/Library/Frameworks/Cocoa.framework/Versions/A/Cocoa
0x00007ff80ec87000 	/System/Library/Frameworks/AppKit.framework/Versions/C/AppKit
0x00007ff812192000 	/System/Library/Frameworks/CoreData.framework/Versions/A/CoreData
0x00007ff80d093000 	/System/Library/Frameworks/Foundation.framework/Versions/C/Foundation
0x00007ff80fb15000 	/System/Library/PrivateFrameworks/UIFoundation.framework/Versions/A/UIFoundation
0x00007ff81cf14000 	/System/Library/PrivateFrameworks/RemoteViewServices.framework/Versions/A/RemoteViewServices
0x00007ff8151fe000 	/System/Library/PrivateFrameworks/XCTTargetBootstrap.framework/Versions/A/XCTTargetBootstrap
0x00007ff818dba000 	/System/Library/PrivateFrameworks/InternationalSupport.framework/Versions/A/InternationalSupport
0x00007ff818e44000 	/System/Library/PrivateFrameworks/UserActivity.framework/Versions/A/UserActivity
0x00007ff81819a000 	/usr/lib/libspindump.dylib
0x00007ff80fda3000 	/System/Library/Frameworks/UniformTypeIdentifiers.framework/Versions/A/UniformTypeIdentifiers
0x00007ff813927000 	/usr/lib/libapp_launch_measurement.dylib
0x00007ff812b62000 	/System/Library/PrivateFrameworks/CoreAnalytics.framework/Versions/A/CoreAnalytics
0x00007ff81392a000 	/System/Library/PrivateFrameworks/CoreAutoLayout.framework/Versions/A/CoreAutoLayout
0x00007ff814b58000 	/System/Library/Frameworks/Metal.framework/Versions/A/Metal
0x00007ff815884000 	/usr/lib/liblangid.dylib
0x00007ff815203000 	/System/Library/PrivateFrameworks/CoreSVG.framework/Versions/A/CoreSVG
0x00007ff81118a000 	/System/Library/PrivateFrameworks/SkyLight.framework/Versions/A/SkyLight
0x00007ff811528000 	/System/Library/Frameworks/CoreGraphics.framework/Versions/A/CoreGraphics
0x00007ff81d5d4000 	/System/Library/Frameworks/Accelerate.framework/Versions/A/Accelerate
0x00007ff817c19000 	/System/Library/PrivateFrameworks/IconServices.framework/Versions/A/IconServices
0x00007ff814b3d000 	/System/Library/Frameworks/IOSurface.framework/Versions/A/IOSurface
0x00007ff812b90000 	/usr/lib/libDiagnosticMessagesClient.dylib
0x00007ff820cb7000 	/System/Library/Frameworks/ApplicationServices.framework/Versions/A/ApplicationServices
0x00007ff8151ea000 	/System/Library/PrivateFrameworks/DFRFoundation.framework/Versions/A/DFRFoundation
0x00007ff80e56f000 	/usr/lib/libicucore.A.dylib
0x00007ff819baf000 	/System/Library/Frameworks/AudioToolbox.framework/Versions/A/AudioToolbox
0x00007ff818dc6000 	/System/Library/PrivateFrameworks/DataDetectorsCore.framework/Versions/A/DataDetectorsCore
0x00007ff914d53000 	/System/Library/PrivateFrameworks/TextInput.framework/Versions/A/TextInput
0x00007ff81110d000 	/usr/lib/libMobileGestalt.dylib
0x00007ff814ef6000 	/System/Library/Frameworks/Carbon.framework/Versions/A/Frameworks/HIToolbox.framework/Versions/A/HIToolbox
0x00007ff81332d000 	/System/Library/Frameworks/QuartzCore.framework/Versions/A/QuartzCore
0x00007ff80e216000 	/System/Library/Frameworks/Security.framework/Versions/A/Security
0x00007ff81cf4c000 	/System/Library/Frameworks/Carbon.framework/Versions/A/Frameworks/SpeechRecognition.framework/Versions/A/SpeechRecognition
0x00007ff813687000 	/System/Library/PrivateFrameworks/CoreUI.framework/Versions/A/CoreUI
0x00007ff80dae2000 	/System/Library/Frameworks/CoreAudio.framework/Versions/A/CoreAudio
0x00007ff812c7f000 	/System/Library/Frameworks/DiskArbitration.framework/Versions/A/DiskArbitration
0x00007ff818588000 	/System/Library/PrivateFrameworks/MultitouchSupport.framework/Versions/A/MultitouchSupport
0x00007ff81110c000 	/usr/lib/libenergytrace.dylib
0x00007ff80eb73000 	/System/Library/Frameworks/IOKit.framework/Versions/A/IOKit
0x00007ff81d33c000 	/System/Library/Frameworks/CoreServices.framework/Versions/A/CoreServices
0x00007ff8138c1000 	/System/Library/PrivateFrameworks/PerformanceAnalysis.framework/Versions/A/PerformanceAnalysis
0x00007ffa24277000 	/System/Library/Frameworks/OpenGL.framework/Versions/A/OpenGL
0x00007ff8164ed000 	/System/Library/PrivateFrameworks/MobileKeyBag.framework/Versions/A/MobileKeyBag
0x00007ff811bf3000 	/System/Library/Frameworks/ColorSync.framework/Versions/A/ColorSync
0x00007ff80c221000 	/System/Library/Frameworks/CoreFoundation.framework/Versions/A/CoreFoundation
0x00007ff81547a000 	/System/Library/Frameworks/CoreImage.framework/Versions/A/CoreImage
0x00007ff80d8fa000 	/System/Library/Frameworks/CoreText.framework/Versions/A/CoreText
0x00007ff815233000 	/System/Library/Frameworks/ImageIO.framework/Versions/A/ImageIO
0x00007ff816fb9000 	/System/Library/PrivateFrameworks/SoftLinking.framework/Versions/A/SoftLinking
0x00007ff813972000 	/usr/lib/libxml2.2.dylib
0x00007ff81723d000 	/usr/lib/libcompression.dylib
0x00007ff818ced000 	/System/Library/PrivateFrameworks/TextureIO.framework/Versions/A/TextureIO
0x00007ff81792b000 	/usr/lib/libate.dylib
0x00007ff817707000 	/usr/lib/liblzma.5.dylib
0x00007ff80cda6000 	/System/Library/Frameworks/SystemConfiguration.framework/Versions/A/SystemConfiguration
0x00007ff816fb5000 	/usr/lib/libfakelink.dylib
0x00007ff810c66000 	/System/Library/Frameworks/CFNetwork.framework/Versions/A/CFNetwork
0x00007ff8170f6000 	/usr/lib/libarchive.2.dylib
0x00007ff815880000 	/System/Library/PrivateFrameworks/AppleSystemInfo.framework/Versions/A/AppleSystemInfo
0x00007ff8165ee000 	/usr/lib/libbsm.0.dylib
0x00007ff810279000 	/usr/lib/libnetwork.dylib
0x00007ff816f4e000 	/usr/lib/system/libkxld.dylib
0x00007ff81621a000 	/System/Library/PrivateFrameworks/IOMobileFramebuffer.framework/Versions/A/IOMobileFramebuffer
0x00007ffb2377e000 	/usr/lib/libCoreEntitlements.dylib
0x00007ff816c63000 	/System/Library/PrivateFrameworks/AppleFSCompression.framework/Versions/A/AppleFSCompression
0x00007ff8165d6000 	/usr/lib/libcoretls.dylib
0x00007ff817721000 	/usr/lib/libcoretls_cfhelpers.dylib
0x00007ff817238000 	/usr/lib/libpam.2.dylib
0x00007ff8125c2000 	/usr/lib/libsqlite3.dylib
0x00007ff817790000 	/usr/lib/libxar.1.dylib
0x00007ff816c73000 	/usr/lib/libbz2.1.0.dylib
0x00007ff816fba000 	/usr/lib/libpcap.A.dylib
0x00007ff81299a000 	/usr/lib/libdns_services.dylib
0x00007ff817208000 	/usr/lib/libapple_nghttp2.dylib
0x00007ff816ff4000 	/usr/lib/libiconv.2.dylib
0x00007ff816f47000 	/usr/lib/libcharset.1.dylib
0x00007ff8138f5000 	/System/Library/Frameworks/CoreServices.framework/Versions/A/Frameworks/FSEvents.framework/Versions/A/FSEvents
0x00007ff80e80d000 	/System/Library/Frameworks/CoreServices.framework/Versions/A/Frameworks/CarbonCore.framework/Versions/A/CarbonCore
0x00007ff812be3000 	/System/Library/Frameworks/CoreServices.framework/Versions/A/Frameworks/Metadata.framework/Versions/A/Metadata
0x00007ff816c86000 	/System/Library/Frameworks/CoreServices.framework/Versions/A/Frameworks/OSServices.framework/Versions/A/OSServices
0x00007ff81717d000 	/System/Library/Frameworks/CoreServices.framework/Versions/A/Frameworks/SearchKit.framework/Versions/A/SearchKit
0x00007ff81292d000 	/System/Library/Frameworks/CoreServices.framework/Versions/A/Frameworks/AE.framework/Versions/A/AE
0x00007ff80c723000 	/System/Library/Frameworks/CoreServices.framework/Versions/A/Frameworks/LaunchServices.framework/Versions/A/LaunchServices
0x00007ff8176b8000 	/System/Library/Frameworks/CoreServices.framework/Versions/A/Frameworks/DictionaryServices.framework/Versions/A/DictionaryServices
0x00007ff813902000 	/System/Library/Frameworks/CoreServices.framework/Versions/A/Frameworks/SharedFileList.framework/Versions/A/SharedFileList
0x00007ff8165ca000 	/usr/lib/libCheckFix.dylib
0x00007ff811171000 	/System/Library/PrivateFrameworks/TCC.framework/Versions/A/TCC
0x00007ff815886000 	/System/Library/PrivateFrameworks/CoreNLP.framework/Versions/A/CoreNLP
0x00007ff812b93000 	/System/Library/PrivateFrameworks/MetadataUtilities.framework/Versions/A/MetadataUtilities
0x00007ff80ce56000 	/usr/lib/libmecabra.dylib
0x00007ff8165fe000 	/usr/lib/libmecab.dylib
0x00007ff80ce21000 	/usr/lib/libCRFSuite.dylib
0x00007ff816658000 	/usr/lib/libgermantok.dylib
0x00007ff8171e3000 	/usr/lib/libThaiTokenizer.dylib
0x00007ff812c86000 	/System/Library/Frameworks/Accelerate.framework/Versions/A/Frameworks/vImage.framework/Versions/A/vImage
0x00007ff81d313000 	/System/Library/Frameworks/Accelerate.framework/Versions/A/Frameworks/vecLib.framework/Versions/A/vecLib
0x00007ff8177d1000 	/System/Library/Frameworks/Accelerate.framework/Versions/A/Frameworks/vecLib.framework/Versions/A/libvMisc.dylib
0x00007ff816045000 	/System/Library/Frameworks/Accelerate.framework/Versions/A/Frameworks/vecLib.framework/Versions/A/libvDSP.dylib
0x00007ff80ca9d000 	/System/Library/Frameworks/Accelerate.framework/Versions/A/Frameworks/vecLib.framework/Versions/A/libBLAS.dylib
0x00007ff81731a000 	/System/Library/Frameworks/Accelerate.framework/Versions/A/Frameworks/vecLib.framework/Versions/A/libLAPACK.dylib
0x00007ff81665b000 	/System/Library/Frameworks/Accelerate.framework/Versions/A/Frameworks/vecLib.framework/Versions/A/libLinearAlgebra.dylib
0x00007ff817220000 	/System/Library/Frameworks/Accelerate.framework/Versions/A/Frameworks/vecLib.framework/Versions/A/libSparseBLAS.dylib
0x00007ff817314000 	/System/Library/Frameworks/Accelerate.framework/Versions/A/Frameworks/vecLib.framework/Versions/A/libQuadrature.dylib
0x00007ff815971000 	/System/Library/Frameworks/Accelerate.framework/Versions/A/Frameworks/vecLib.framework/Versions/A/libBNNS.dylib
0x00007ff80cd37000 	/System/Library/Frameworks/Accelerate.framework/Versions/A/Frameworks/vecLib.framework/Versions/A/libSparse.dylib
0x00007ff81596a000 	/System/Library/PrivateFrameworks/LinguisticData.framework/Versions/A/LinguisticData
0x00007ff80cced000 	/System/Library/PrivateFrameworks/Lexicon.framework/Versions/A/Lexicon
0x00007ff8177ca000 	/usr/lib/libChineseTokenizer.dylib
0x00007ff80d44f000 	/System/Library/PrivateFrameworks/LanguageModeling.framework/Versions/A/LanguageModeling
0x00007ff8171e5000 	/System/Library/PrivateFrameworks/AppleSauce.framework/Versions/A/AppleSauce
0x00007ff816208000 	/System/Library/PrivateFrameworks/CoreEmoji.framework/Versions/A/CoreEmoji
0x00007ff8170e5000 	/usr/lib/libcmph.dylib
0x00007ff8138d9000 	/System/Library/Frameworks/OpenDirectory.framework/Versions/A/Frameworks/CFOpenDirectory.framework/Versions/A/CFOpenDirectory
0x00007ff8138cd000 	/System/Library/Frameworks/OpenDirectory.framework/Versions/A/OpenDirectory
0x00007ff817723000 	/System/Library/PrivateFrameworks/APFS.framework/Versions/A/APFS
0x00007ff816525000 	/System/Library/Frameworks/SecurityFoundation.framework/Versions/A/SecurityFoundation
0x00007ff81779e000 	/usr/lib/libutil.dylib
0x00007ff80eb37000 	/System/Library/PrivateFrameworks/CoreServicesStore.framework/Versions/A/CoreServicesStore
0x00007ff8177a2000 	/usr/lib/libxslt.1.dylib
0x00007ff8165b2000 	/System/Library/PrivateFrameworks/BackgroundTaskManagement.framework/Versions/A/BackgroundTaskManagement
0x00007ff818c0d000 	/System/Library/Frameworks/ImageIO.framework/Versions/A/Resources/libRadiance.dylib
0x00007ff818c16000 	/System/Library/Frameworks/ImageIO.framework/Versions/A/Resources/libJPEG.dylib
0x00007ff818b67000 	/System/Library/Frameworks/ImageIO.framework/Versions/A/Resources/libPng.dylib
0x00007ff818b88000 	/System/Library/Frameworks/ImageIO.framework/Versions/A/Resources/libTIFF.dylib
0x00007ff818c76000 	/System/Library/Frameworks/ImageIO.framework/Versions/A/Resources/libGIF.dylib
0x00007ff8184a2000 	/System/Library/Frameworks/ImageIO.framework/Versions/A/Resources/libJP2.dylib
0x00007ff817be0000 	/usr/lib/libexpat.1.dylib
0x00007ff818457000 	/System/Library/PrivateFrameworks/AppleJPEG.framework/Versions/A/AppleJPEG
0x00007ff814dba000 	/System/Library/PrivateFrameworks/FontServices.framework/libFontParser.dylib
0x00007ff8128d7000 	/System/Library/PrivateFrameworks/RunningBoardServices.framework/Versions/A/RunningBoardServices
0x00007ff8235c2000 	/System/Library/PrivateFrameworks/IOSurfaceAccelerator.framework/Versions/A/IOSurfaceAccelerator
0x00007ff818584000 	/System/Library/PrivateFrameworks/WatchdogClient.framework/Versions/A/WatchdogClient
0x00007ff80d53d000 	/System/Library/Frameworks/CoreDisplay.framework/Versions/A/CoreDisplay
0x00007ff814cb8000 	/System/Library/Frameworks/CoreMedia.framework/Versions/A/CoreMedia
0x00007ff814b4f000 	/System/Library/PrivateFrameworks/IOAccelerator.framework/Versions/A/IOAccelerator
0x00007ff813a56000 	/System/Library/Frameworks/CoreVideo.framework/Versions/A/CoreVideo
0x00007ff817236000 	/System/Library/Frameworks/MetalPerformanceShaders.framework/Versions/A/MetalPerformanceShaders
0x00007ff8185c1000 	/System/Library/Frameworks/VideoToolbox.framework/Versions/A/VideoToolbox
0x00007ff812821000 	/System/Library/PrivateFrameworks/BaseBoard.framework/Versions/A/BaseBoard
0x00007ff8125a8000 	/System/Library/PrivateFrameworks/ProtocolBuffer.framework/Versions/A/ProtocolBuffer
0x00007ff818c06000 	/System/Library/PrivateFrameworks/GPUWrangler.framework/Versions/A/GPUWrangler
0x00007ff818bea000 	/System/Library/PrivateFrameworks/IOPresentment.framework/Versions/A/IOPresentment
0x00007ff818c10000 	/System/Library/PrivateFrameworks/DSExternalDisplay.framework/Versions/A/DSExternalDisplay
0x00007ffa2426b000 	/System/Library/Frameworks/OpenGL.framework/Versions/A/Libraries/libCoreFSCache.dylib
0x00007ffb10f27000 	/System/Library/PrivateFrameworks/GPUCompiler.framework/Versions/31001/Libraries/libGPUCompilerUtils.dylib
0x00007ff818c7b000 	/System/Library/PrivateFrameworks/CMCaptureCore.framework/Versions/A/CMCaptureCore
0x00007ff818188000 	/System/Library/PrivateFrameworks/AppServerSupport.framework/Versions/A/AppServerSupport
0x00007ff81a447000 	/System/Library/PrivateFrameworks/perfdata.framework/Versions/A/perfdata
0x00007ff80d669000 	/System/Library/PrivateFrameworks/AudioToolboxCore.framework/Versions/A/AudioToolboxCore
0x00007ff814c96000 	/System/Library/PrivateFrameworks/caulk.framework/Versions/A/caulk
0x00007ff819d59000 	/usr/lib/libAudioStatistics.dylib
0x00007ff911501000 	/System/Library/PrivateFrameworks/SystemPolicy.framework/Versions/A/SystemPolicy
0x00007ff819fb4000 	/usr/lib/libSMC.dylib
0x00007ff822ebd000 	/System/Library/Frameworks/CoreMIDI.framework/Versions/A/CoreMIDI
0x00007ff818b36000 	/usr/lib/libAudioToolboxUtility.dylib
0x00007ff90d7a4000 	/System/Library/PrivateFrameworks/OSAServicesClient.framework/Versions/A/OSAServicesClient
0x00007ff81a454000 	/usr/lib/libperfcheck.dylib
0x00007ff911fab000 	/usr/lib/libmis.dylib
0x00007ffa242c6000 	/System/Library/Frameworks/OpenGL.framework/Versions/A/Libraries/libGLU.dylib
0x00007ffa2428a000 	/System/Library/Frameworks/OpenGL.framework/Versions/A/Libraries/libGFXShared.dylib
0x00007ffa24493000 	/System/Library/Frameworks/OpenGL.framework/Versions/A/Libraries/libGL.dylib
0x00007ffa24293000 	/System/Library/Frameworks/OpenGL.framework/Versions/A/Libraries/libGLImage.dylib
0x00007ffa24287000 	/System/Library/Frameworks/OpenGL.framework/Versions/A/Libraries/libCVMSPluginSupport.dylib
0x00007ffa24272000 	/System/Library/Frameworks/OpenGL.framework/Versions/A/Libraries/libCoreVMClient.dylib
0x00007ff815802000 	/System/Library/Frameworks/MetalPerformanceShaders.framework/Versions/A/Frameworks/MPSCore.framework/Versions/A/MPSCore
0x00007ff816bce000 	/System/Library/Frameworks/MetalPerformanceShaders.framework/Versions/A/Frameworks/MPSImage.framework/Versions/A/MPSImage
0x00007ff816671000 	/System/Library/Frameworks/MetalPerformanceShaders.framework/Versions/A/Frameworks/MPSNeuralNetwork.framework/Versions/A/MPSNeuralNetwork
0x00007ff816ae5000 	/System/Library/Frameworks/MetalPerformanceShaders.framework/Versions/A/Frameworks/MPSMatrix.framework/Versions/A/MPSMatrix
0x00007ff8168a0000 	/System/Library/Frameworks/MetalPerformanceShaders.framework/Versions/A/Frameworks/MPSRayIntersector.framework/Versions/A/MPSRayIntersector
0x00007ff816b1d000 	/System/Library/Frameworks/MetalPerformanceShaders.framework/Versions/A/Frameworks/MPSNDArray.framework/Versions/A/MPSNDArray
0x00007ffa291f3000 	/System/Library/Frameworks/MetalPerformanceShaders.framework/Versions/A/Frameworks/MPSFunctions.framework/Versions/A/MPSFunctions
0x00007ff80c97a000 	/System/Library/PrivateFrameworks/MetalTools.framework/Versions/A/MetalTools
0x00007ff81587e000 	/System/Library/PrivateFrameworks/AggregateDictionary.framework/Versions/A/AggregateDictionary
0x00007ff8179c2000 	/usr/lib/libIOReport.dylib
0x00007ffa258a2000 	/System/Library/Frameworks/OpenCL.framework/Versions/A/OpenCL
0x00007ff817d26000 	/System/Library/PrivateFrameworks/FaceCore.framework/Versions/A/FaceCore
0x00007ff817d17000 	/System/Library/PrivateFrameworks/GraphVisualizer.framework/Versions/A/GraphVisualizer
0x00007ffb10e32000 	/System/Library/PrivateFrameworks/FontServices.framework/Versions/A/FontServices
0x00007ff818140000 	/System/Library/PrivateFrameworks/OTSVG.framework/Versions/A/OTSVG
0x00007ff81363d000 	/System/Library/Frameworks/ApplicationServices.framework/Versions/A/Frameworks/ATS.framework/Versions/A/Resources/libFontRegistry.dylib
0x00007ff818190000 	/System/Library/PrivateFrameworks/FontServices.framework/libhvf.dylib
0x00007ffb10e33000 	/System/Library/PrivateFrameworks/FontServices.framework/libXTFontStaticRegistryData.dylib
0x00007ff817b90000 	/System/Library/PrivateFrameworks/AppleVA.framework/Versions/A/AppleVA
0x00007ff819d79000 	/System/Library/Frameworks/ApplicationServices.framework/Versions/A/Frameworks/ATS.framework/Versions/A/ATS
0x00007ff811cef000 	/System/Library/Frameworks/ApplicationServices.framework/Versions/A/Frameworks/HIServices.framework/Versions/A/HIServices
0x00007ff818c85000 	/System/Library/Frameworks/ApplicationServices.framework/Versions/A/Frameworks/PrintCore.framework/Versions/A/PrintCore
0x00007ff81a107000 	/System/Library/Frameworks/ApplicationServices.framework/Versions/A/Frameworks/QD.framework/Versions/A/QD
0x00007ff81a0ff000 	/System/Library/Frameworks/ApplicationServices.framework/Versions/A/Frameworks/ColorSyncLegacy.framework/Versions/A/ColorSyncLegacy
0x00007ff819d69000 	/System/Library/Frameworks/ApplicationServices.framework/Versions/A/Frameworks/SpeechSynthesis.framework/Versions/A/SpeechSynthesis
0x00007ff818c46000 	/System/Library/Frameworks/ApplicationServices.framework/Versions/A/Frameworks/ATSUI.framework/Versions/A/ATSUI
0x00007ff81a094000 	/usr/lib/libcups.2.dylib
0x00007ff81a463000 	/System/Library/Frameworks/Kerberos.framework/Versions/A/Kerberos
0x00007ff81a472000 	/System/Library/Frameworks/GSS.framework/Versions/A/GSS
0x00007ff819de5000 	/usr/lib/libresolv.9.dylib
0x00007ff81819f000 	/System/Library/PrivateFrameworks/Heimdal.framework/Versions/A/Heimdal
0x00007ff82103f000 	/System/Library/Frameworks/Kerberos.framework/Versions/A/Libraries/libHeimdalProxy.dylib
0x00007ff8129aa000 	/System/Library/Frameworks/Network.framework/Versions/A/Network
0x00007ff817bfa000 	/usr/lib/libheimdal-asn1.dylib
0x00007ff81a4bd000 	/System/Library/PrivateFrameworks/CommonAuth.framework/Versions/A/CommonAuth
0x00007ff819ceb000 	/System/Library/PrivateFrameworks/AudioSession.framework/Versions/A/AudioSession
0x00007ff817c8a000 	/System/Library/PrivateFrameworks/MediaExperience.framework/Versions/A/MediaExperience
0x00007ff819b7e000 	/System/Library/PrivateFrameworks/AudioSession.framework/libSessionUtility.dylib
0x00007ff81a113000 	/System/Library/PrivateFrameworks/AudioResourceArbitration.framework/Versions/A/AudioResourceArbitration
0x00007ff81e186000 	/System/Library/PrivateFrameworks/PowerLog.framework/Versions/A/PowerLog
0x00007ff817c03000 	/System/Library/PrivateFrameworks/IconFoundation.framework/Versions/A/IconFoundation
0x00007ff81cf3c000 	/System/Library/PrivateFrameworks/SpeechRecognitionCore.framework/Versions/A/SpeechRecognitionCore
0x0000000110c03000 	/Library/Java/JavaVirtualMachines/jdk-17.0.2.jdk/Contents/Home/lib/server/libjvm.dylib
0x000000010fc09000 	/Library/Java/JavaVirtualMachines/jdk-17.0.2.jdk/Contents/Home/lib/libjimage.dylib
0x000000010fc87000 	/Library/Java/JavaVirtualMachines/jdk-17.0.2.jdk/Contents/Home/lib/libjava.dylib
0x0000000110aed000 	/Library/Java/JavaVirtualMachines/jdk-17.0.2.jdk/Contents/Home/lib/libnio.dylib
0x0000000110b27000 	/Library/Java/JavaVirtualMachines/jdk-17.0.2.jdk/Contents/Home/lib/libnet.dylib
0x0000000110b09000 	/Library/Java/JavaVirtualMachines/jdk-17.0.2.jdk/Contents/Home/lib/libzip.dylib
0x0000000110b47000 	/Users/felix/.openjfx/cache/17.0.1/libprism_es2.dylib
0x00007ff80eaf9000 	/System/Library/PrivateFrameworks/CoreServicesInternal.framework/Versions/A/CoreServicesInternal
0x00007ffa2449e000 	/System/Library/Frameworks/OpenGL.framework/Versions/A/Resources/GLEngine.bundle/GLEngine
0x00007ffa24304000 	/System/Library/Frameworks/OpenGL.framework/Versions/A/Libraries/libGLProgrammability.dylib
0x00007ffa1cc72000 	/System/Library/Extensions/AppleIntelBDWGraphicsGLDriver.bundle/Contents/MacOS/AppleIntelBDWGraphicsGLDriver
0x00007ff91c0e5000 	/System/Library/PrivateFrameworks/GPUSupport.framework/Versions/A/Libraries/libGPUSupportMercury.dylib
0x00007ffa24628000 	/System/Library/Frameworks/OpenGL.framework/Versions/A/Resources/GLRendererFloat.bundle/GLRendererFloat
0x0000000118080000 	/Users/felix/.openjfx/cache/17.0.1/libglass.dylib
0x00007ff81e777000 	/System/Library/Frameworks/FileProvider.framework/Versions/A/FileProvider
0x00007ff81278e000 	/System/Library/Frameworks/Accounts.framework/Versions/A/Accounts
0x00007ff81e8f0000 	/System/Library/PrivateFrameworks/GenerationalStorage.framework/Versions/A/GenerationalStorage
0x00007ff81f403000 	/System/Library/PrivateFrameworks/CoreSymbolication.framework/Versions/A/CoreSymbolication
0x00007ff81e17b000 	/System/Library/PrivateFrameworks/SymptomDiagnosticReporter.framework/Versions/A/SymptomDiagnosticReporter
0x00007ff80fdb7000 	/System/Library/PrivateFrameworks/DesktopServicesPriv.framework/Versions/A/DesktopServicesPriv
0x00007ff80ec38000 	/usr/lib/libsandbox.1.dylib
0x00007ff813ad5000 	/System/Library/PrivateFrameworks/UserManagement.framework/Versions/A/UserManagement
0x00007ff81f3c8000 	/System/Library/PrivateFrameworks/DebugSymbols.framework/Versions/A/DebugSymbols
0x00007ff81a0f4000 	/System/Library/PrivateFrameworks/NetAuth.framework/Versions/A/NetAuth
0x00007ff81b001000 	/System/Library/PrivateFrameworks/Sharing.framework/Versions/A/Sharing
0x00007ff813aa8000 	/System/Library/PrivateFrameworks/login.framework/Versions/A/Frameworks/loginsupport.framework/Versions/A/loginsupport
0x00007ff820566000 	/System/Library/PrivateFrameworks/Apple80211.framework/Versions/A/Apple80211
0x00007ff816cb3000 	/System/Library/PrivateFrameworks/AuthKit.framework/Versions/A/AuthKit
0x00007ff8162fe000 	/System/Library/PrivateFrameworks/CoreUtils.framework/Versions/A/CoreUtils
0x00007ff816225000 	/System/Library/Frameworks/CoreWLAN.framework/Versions/A/CoreWLAN
0x00007ff81b160000 	/System/Library/Frameworks/IOBluetooth.framework/Versions/A/IOBluetooth
0x00007ff8205ce000 	/System/Library/PrivateFrameworks/CoreWiFi.framework/Versions/A/CoreWiFi
0x00007ff81ef9a000 	/System/Library/PrivateFrameworks/FrontBoardServices.framework/Versions/A/FrontBoardServices
0x00007ff81f02b000 	/System/Library/PrivateFrameworks/BoardServices.framework/Versions/A/BoardServices
0x00007ff816514000 	/System/Library/PrivateFrameworks/AssertionServices.framework/Versions/A/AssertionServices
0x00007ff820751000 	/System/Library/PrivateFrameworks/BackBoardServices.framework/Versions/A/BackBoardServices
0x00007ff81a54e000 	/System/Library/PrivateFrameworks/CorePhoneNumbers.framework/Versions/A/CorePhoneNumbers
0x00007ff81e298000 	/System/Library/PrivateFrameworks/DiskManagement.framework/Versions/A/DiskManagement
0x00007ff81e1ac000 	/System/Library/PrivateFrameworks/AppleIDAuthSupport.framework/Versions/A/AppleIDAuthSupport
0x00007ffa2b7b4000 	/System/Library/PrivateFrameworks/AAAFoundation.framework/Versions/A/AAAFoundation
0x00007ff81a52f000 	/System/Library/PrivateFrameworks/KeychainCircle.framework/Versions/A/KeychainCircle
0x00007ff81e264000 	/System/Library/PrivateFrameworks/MediaKit.framework/Versions/A/MediaKit
0x00007ff81e1b8000 	/System/Library/Frameworks/DiscRecording.framework/Versions/A/DiscRecording
0x00007ff817b08000 	/usr/lib/libCoreStorage.dylib
0x00007ff820a3f000 	/usr/lib/libcsfde.dylib
0x00007ff81b22d000 	/System/Library/PrivateFrameworks/ProtectedCloudStorage.framework/Versions/A/ProtectedCloudStorage
0x00007ff820a3b000 	/System/Library/PrivateFrameworks/EFILogin.framework/Versions/A/EFILogin
0x00007ff81e916000 	/System/Library/PrivateFrameworks/OctagonTrust.framework/Versions/A/OctagonTrust
0x00007ffb100a1000 	/System/Library/PrivateFrameworks/CoreUtilsExtras.framework/Versions/A/CoreUtilsExtras
0x00007ff81e0df000 	/System/Library/Frameworks/CoreBluetooth.framework/Versions/A/CoreBluetooth
0x00007ff8210c4000 	/System/Library/Frameworks/AudioUnit.framework/Versions/A/AudioUnit
0x00007ff817b00000 	/usr/lib/libMatch.1.dylib
0x00007ff916584000 	/System/Library/Frameworks/Accelerate.framework/Versions/A/Frameworks/vImage.framework/Versions/A/Libraries/libCGInterfaces.dylib
0x0000000118266000 	/usr/lib/libobjc-trampolines.dylib
0x00007ff91fbd4000 	/System/Library/PrivateFrameworks/AccessibilitySupport.framework/Versions/A/Frameworks/AccessibilityFoundation.framework/Versions/A/AccessibilityFoundation
0x00007ff818256000 	/System/Library/PrivateFrameworks/login.framework/Versions/A/login
0x00007ff8137cd000 	/System/Library/PrivateFrameworks/ViewBridge.framework/Versions/A/ViewBridge
0x00007ffb2388d000 	/usr/lib/libRosetta.dylib


VM Arguments:
jvm_args: -XX:+ShowCodeDetailsInExceptionMessages --module-path=/Users/felix/Hauptordner/Universität/A1S2/1PP/Project/course-project-by-lucas-felix/target/classes:/Users/felix/.m2/repository/org/openjfx/javafx-controls/17.0.1/javafx-controls-17.0.1-mac.jar:/Users/felix/.m2/repository/org/openjfx/javafx-graphics/17.0.1/javafx-graphics-17.0.1-mac.jar:/Users/felix/.m2/repository/org/openjfx/javafx-base/17.0.1/javafx-base-17.0.1-mac.jar:/Users/felix/.m2/repository/org/openjfx/javafx-fxml/17.0.1/javafx-fxml-17.0.1-mac.jar -Djdk.module.main=projectgrouplf.projectlf 
java_command: projectgrouplf.projectlf/projectgrouplf.projectlf.Launcher
java_class_path (initial): /Users/felix/.m2/repository/org/apache/commons/commons-lang3/3.10/commons-lang3-3.10.jar:/Users/felix/.m2/repository/org/openjfx/javafx-controls/17.0.1/javafx-controls-17.0.1.jar:/Users/felix/.m2/repository/org/openjfx/javafx-graphics/17.0.1/javafx-graphics-17.0.1.jar:/Users/felix/.m2/repository/org/openjfx/javafx-base/17.0.1/javafx-base-17.0.1.jar:/Users/felix/.m2/repository/org/openjfx/javafx-fxml/17.0.1/javafx-fxml-17.0.1.jar
Launcher Type: SUN_STANDARD

[Global flags]
     intx CICompilerCount                          = 3                                         {product} {ergonomic}
     uint ConcGCThreads                            = 1                                         {product} {ergonomic}
     uint G1ConcRefinementThreads                  = 4                                         {product} {ergonomic}
   size_t G1HeapRegionSize                         = 1048576                                   {product} {ergonomic}
    uintx GCDrainStackTargetSize                   = 64                                        {product} {ergonomic}
   size_t InitialHeapSize                          = 134217728                                 {product} {ergonomic}
   size_t MarkStackSize                            = 4194304                                   {product} {ergonomic}
   size_t MaxHeapSize                              = 2147483648                                {product} {ergonomic}
   size_t MaxNewSize                               = 1287651328                                {product} {ergonomic}
   size_t MinHeapDeltaBytes                        = 1048576                                   {product} {ergonomic}
   size_t MinHeapSize                              = 8388608                                   {product} {ergonomic}
    uintx NonNMethodCodeHeapSize                   = 5832780                                {pd product} {ergonomic}
    uintx NonProfiledCodeHeapSize                  = 122912730                              {pd product} {ergonomic}
    uintx ProfiledCodeHeapSize                     = 122912730                              {pd product} {ergonomic}
    uintx ReservedCodeCacheSize                    = 251658240                              {pd product} {ergonomic}
     bool SegmentedCodeCache                       = true                                      {product} {ergonomic}
     bool ShowCodeDetailsInExceptionMessages       = true                                   {manageable} {command line}
   size_t SoftMaxHeapSize                          = 2147483648                             {manageable} {ergonomic}
     bool UseCompressedClassPointers               = true                           {product lp64_product} {ergonomic}
     bool UseCompressedOops                        = true                           {product lp64_product} {ergonomic}
     bool UseG1GC                                  = true                                      {product} {ergonomic}
     bool UseNUMA                                  = false                                     {product} {ergonomic}
     bool UseNUMAInterleaving                      = false                                     {product} {ergonomic}

Logging:
Log output configuration:
 #0: stdout all=warning uptime,level,tags
 #1: stderr all=off uptime,level,tags

Environment Variables:
PATH=/usr/local/bin:/usr/bin:/bin:/usr/sbin:/sbin:/Library/Apple/usr/bin
SHELL=/bin/bash
LANG=de_DE.UTF-8

Signal Handlers:
   SIGSEGV: _ZL13crash_handleriP9__siginfoPv in libjvm.dylib, mask=11100110000111110111111111111111, flags=SA_RESTART|SA_SIGINFO
    SIGBUS: _ZL13crash_handleriP9__siginfoPv in libjvm.dylib, mask=11100110000111110111111111111111, flags=SA_RESTART|SA_SIGINFO
    SIGFPE: _ZL13crash_handleriP9__siginfoPv in libjvm.dylib, mask=11100110000111110111111111111111, flags=SA_RESTART|SA_SIGINFO
   SIGPIPE: _ZL17javaSignalHandleriP9__siginfoPv in libjvm.dylib, mask=11100110000111110111111111111111, flags=SA_RESTART|SA_SIGINFO
   SIGXFSZ: _ZL17javaSignalHandleriP9__siginfoPv in libjvm.dylib, mask=11100110000111110111111111111111, flags=SA_RESTART|SA_SIGINFO
    SIGILL: _ZL13crash_handleriP9__siginfoPv in libjvm.dylib, mask=11100110000111110111111111111111, flags=SA_RESTART|SA_SIGINFO
   SIGUSR2: _ZL10SR_handleriP9__siginfoP17__darwin_ucontext in libjvm.dylib, mask=00000000000000000000000000000000, flags=SA_RESTART|SA_SIGINFO
    SIGHUP: _ZL11UserHandleriPvS_ in libjvm.dylib, mask=11100110000111110111111111111111, flags=SA_RESTART|SA_SIGINFO
    SIGINT: _ZL11UserHandleriPvS_ in libjvm.dylib, mask=11100110000111110111111111111111, flags=SA_RESTART|SA_SIGINFO
   SIGTERM: _ZL11UserHandleriPvS_ in libjvm.dylib, mask=11100110000111110111111111111111, flags=SA_RESTART|SA_SIGINFO
   SIGQUIT: _ZL11UserHandleriPvS_ in libjvm.dylib, mask=11100110000111110111111111111111, flags=SA_RESTART|SA_SIGINFO
   SIGTRAP: _ZL13crash_handleriP9__siginfoPv in libjvm.dylib, mask=11100110000111110111111111111111, flags=SA_RESTART|SA_SIGINFO


---------------  S Y S T E M  ---------------

OS:
uname: Darwin 21.4.0 Darwin Kernel Version 21.4.0: Fri Mar 18 00:45:05 PDT 2022; root:xnu-8020.101.4~15/RELEASE_X86_64 x86_64
OS uptime: 0 days 8:51 hours
rlimit (soft/hard): STACK 8192k/65532k , CORE 0k/infinity , NPROC 1392/2088 , NOFILE 10240/infinity , AS infinity/infinity , CPU infinity/infinity , DATA infinity/infinity , FSIZE infinity/infinity , MEMLOCK infinity/infinity , RSS infinity/infinity
load average: 5,85 7,54 6,60

CPU: total 4 (initial active 4) (2 cores per cpu, 2 threads per core) family 6 model 61 stepping 4 microcode 0x2f, cx8, cmov, fxsr, ht, mmx, 3dnowpref, sse, sse2, sse3, ssse3, sse4.1, sse4.2, popcnt, lzcnt, tsc, tscinvbit, avx, avx2, aes, erms, clmul, bmi1, bmi2, adx, fma, vzeroupper, clflush

Memory: 4k page, physical 8388608k(1207404k free), swap 1048576k(724224k free)

vm_info: Java HotSpot(TM) 64-Bit Server VM (17.0.2+8-LTS-86) for bsd-amd64 JRE (17.0.2+8-LTS-86), built on Dec  7 2021 21:56:25 by "mach5one" with clang Apple LLVM 12.0.0 (clang-1200.0.32.29)

END.
