#
# A fatal error has been detected by the Java Runtime Environment:
#
#  SIGSEGV (0xb) at pc=0x000000010fb91265, pid=16062, tid=259
#
# JRE version: Java(TM) SE Runtime Environment (17.0.2+8) (build 17.0.2+8-LTS-86)
# Java VM: Java HotSpot(TM) 64-Bit Server VM (17.0.2+8-LTS-86, mixed mode, sharing, tiered, compressed oops, compressed class ptrs, g1 gc, bsd-amd64)
# Problematic frame:
# V  [libjvm.dylib+0x55e265]  jni_NewLocalRef+0x35
#
# No core dump will be written. Core dumps have been disabled. To enable core dumping, try "ulimit -c unlimited" before starting Java again
#
# If you would like to submit a bug report, please visit:
#   https://bugreport.java.com/bugreport/crash.jsp
#

---------------  S U M M A R Y ------------

Command Line: -XX:+ShowCodeDetailsInExceptionMessages --module-path=/Users/felix/Hauptordner/Universität/A1S2/1PP/Project/course-project-by-lucas-felix/target/classes:/Users/felix/.m2/repository/org/openjfx/javafx-controls/17.0.1/javafx-controls-17.0.1-mac.jar:/Users/felix/.m2/repository/org/openjfx/javafx-graphics/17.0.1/javafx-graphics-17.0.1-mac.jar:/Users/felix/.m2/repository/org/openjfx/javafx-base/17.0.1/javafx-base-17.0.1-mac.jar:/Users/felix/.m2/repository/org/openjfx/javafx-fxml/17.0.1/javafx-fxml-17.0.1-mac.jar -Djdk.module.main=projectgrouplf projectgrouplf/projectgrouplf.Launcher

Host: "MacBookPro12,1" x86_64 2700 MHz, 4 cores, 8G, Darwin 21.4.0, macOS 12.3.1 (21E258)
Time: Sun May 29 11:37:16 2022 CEST elapsed time: 248.955165 seconds (0d 0h 4m 8s)

---------------  T H R E A D  ---------------

Current thread is native thread

Stack: [0x00007ff7b121f000,0x00007ff7b1a1f000],  sp=0x00007ff7b1a1abe0,  free space=8174k
Native frames: (J=compiled Java code, j=interpreted, Vv=VM code, C=native code)
V  [libjvm.dylib+0x55e265]  jni_NewLocalRef+0x35
C  [libawt_lwawt.dylib+0x2d720]  -[CGLLayer drawInCGLContext:pixelFormat:forLayerTime:displayTime:]+0x2b0
C  [QuartzCore+0xc121e]  _ZL17CAOpenGLLayerDrawP13CAOpenGLLayerdPK11CVTimeStampj+0x7dd
C  [QuartzCore+0xc0863]  -[CAOpenGLLayer _display]+0x249
C  [QuartzCore+0x20951]  _ZN2CA5Layer17display_if_neededEPNS_11TransactionE+0x369
C  [QuartzCore+0x177336]  _ZN2CA7Context18commit_transactionEPNS_11TransactionEdPd+0x280
C  [QuartzCore+0x2231]  _ZN2CA11Transaction6commitEv+0x309
C  [QuartzCore+0x1ac6d6]  _ZN2CA11Transaction25flush_as_runloop_observerEb+0x80
C  [CoreFoundation+0x7ee90]  __CFRUNLOOP_IS_CALLING_OUT_TO_AN_OBSERVER_CALLBACK_FUNCTION__+0x17
C  [CoreFoundation+0x7ed22]  __CFRunLoopDoObservers+0x21f
C  [CoreFoundation+0x7e2d7]  __CFRunLoopRun+0x46b
C  [CoreFoundation+0x7d7ac]  CFRunLoopRunSpecific+0x232
C  [libjli.dylib+0x70b2]  CreateExecutionEnvironment+0x182
C  [libjli.dylib+0x2c15]  JLI_Launch+0x585
C  [java+0x3c09]  main+0x189
C  0x00000001177db51e


siginfo: si_signo: 11 (SIGSEGV), si_code: 1 (SEGV_MAPERR), si_addr: 0x0000000000000338

Registers:
RAX=0x000000000000dead, RBX=0x000000010fb91230, RCX=0x0000000117856600, RDX=0x00007fbf99aa2200
RSP=0x00007ff7b1a1abe0, RBP=0x00007ff7b1a1ac20, RSI=0x00007fbf957b4621, RDI=0x00007fbf95a68a00
R8 =0x0000000000000000, R9 =0x0000000000000000, R10=0x000000013a7be8e8, R11=0x000000013a70d8b0
R12=0x00007fbf99aa2200, R13=0x0000600000de1740, R14=0x00007fbf957b4621, R15=0x0000000000000000
RIP=0x000000010fb91265, EFLAGS=0x0000000000010246, ERR=0x0000000000000006
  TRAPNO=0x000000000000000e

Top of Stack: (sp=0x00007ff7b1a1abe0)
0x00007ff7b1a1abe0:   00007fbf97486000 00007fbf957b7930
0x00007ff7b1a1abf0:   00007ff7b1a1ac10 0000000134cf4e6d
0x00007ff7b1a1ac00:   0000000000000010 000000010fb91230
0x00007ff7b1a1ac10:   0000600000de1740 00007fbf95a68ca8
0x00007ff7b1a1ac20:   00007ff7b1a1ac80 000000013a70d720
0x00007ff7b1a1ac30:   00007fbf99aa2200 00007fbf99aa2200
0x00007ff7b1a1ac40:   0000000000000000 40e9187412ad4eae
0x00007ff7b1a1ac50:   0000600003623000 00007ff806b12400
0x00007ff7b1a1ac60:   0000600003bbcc80 0000600000de1740
0x00007ff7b1a1ac70:   0000600000de1740 00007fbf9750da50
0x00007ff7b1a1ac80:   00007ff7b1a1ad40 00007ff80de9321e
0x00007ff7b1a1ac90:   0000600001958e00 0000000000000000
0x00007ff7b1a1aca0:   0000600000de1740 0000000000000000
0x00007ff7b1a1acb0:   0000000400de1740 0000600001b38ad0
0x00007ff7b1a1acc0:   40e9187412ad4eae 0000000000000000
0x00007ff7b1a1acd0:   000002e800000320 0000600003c06a00
0x00007ff7b1a1ace0:   0000000000000004 0000000000000000
0x00007ff7b1a1acf0:   0000000000000000 00007ff7b1a1ad18
0x00007ff7b1a1ad00:   00007ff700000000 00007ff80de1331f
0x00007ff7b1a1ad10:   7080dfb93e2200b7 00007ff806b12400
0x00007ff7b1a1ad20:   0000000000000004 0000000000000000
0x00007ff7b1a1ad30:   0000600000de1740 00007ff82138a61c
0x00007ff7b1a1ad40:   00007ff7b1a1adc0 00007ff80de92863
0x00007ff7b1a1ad50:   00007fbf97512b10 4077400000000000
0x00007ff7b1a1ad60:   4079000000000000 4000000000000000
0x00007ff7b1a1ad70:   0000000000000000 0000000000000000
0x00007ff7b1a1ad80:   4079000000000000 4077400000000000
0x00007ff7b1a1ad90:   7080dfb93e2200b7 00007ff7b1a1ae90
0x00007ff7b1a1ada0:   00007fbf975116f0 00007fbf98404560
0x00007ff7b1a1adb0:   00007ff8214073d2 00007fbf96377a00
0x00007ff7b1a1adc0:   00007ff7b1a1be90 00007ff80ddf2951
0x00007ff7b1a1add0:   0000000000000000 00007ff80ddf27cb 

Instructions: (pc=0x000000010fb91265)
0x000000010fb91165:   ff 74 11 41 f6 c7 01 75 17 4c 89 ff ff 15 29 73
0x000000010fb91175:   6e 00 eb 18 45 31 ff 4d 85 f6 75 18 31 c0 eb 31
0x000000010fb91185:   49 ff cf 4c 89 ff ff 15 17 73 6e 00 49 89 c7 4d
0x000000010fb91195:   85 f6 74 e8 41 f6 c6 01 75 0b 4c 89 f7 ff 15 f8
0x000000010fb911a5:   72 6e 00 eb 0c 49 ff ce 4c 89 f7 ff 15 f2 72 6e
0x000000010fb911b5:   00 45 31 f6 49 39 c7 41 0f 94 c7 49 8b 9c 24 e8
0x000000010fb911c5:   00 00 00 48 8b 43 10 48 83 38 00 74 0c 48 89 df
0x000000010fb911d5:   e8 e6 71 f4 ff 48 8b 43 10 48 8b 4b 08 48 89 41
0x000000010fb911e5:   10 48 8b 43 08 48 8b 4b 18 48 89 48 18 48 8b 43
0x000000010fb911f5:   08 48 8b 4b 20 48 89 48 20 49 8d bc 24 88 02 00
0x000000010fb91205:   00 4c 89 e6 e8 f2 36 e9 ff 41 c7 84 24 38 03 00
0x000000010fb91215:   00 04 00 00 00 45 88 fe 44 89 f0 5b 41 5c 41 5e
0x000000010fb91225:   41 5f 5d c3 0f 1f 80 00 00 00 00 55 48 89 e5 41
0x000000010fb91235:   57 41 56 53 48 83 ec 28 49 89 ff b8 55 21 ff ff
0x000000010fb91245:   03 87 b8 00 00 00 49 89 f6 49 81 c7 58 fd ff ff
0x000000010fb91255:   83 f8 02 72 0b 4c 89 ff e8 fe 32 49 00 45 31 ff
0x000000010fb91265:   41 c7 87 38 03 00 00 05 00 00 00 f0 83 04 24 00
0x000000010fb91275:   49 8b 87 40 03 00 00 48 a9 01 00 00 00 74 0d 4c
0x000000010fb91285:   89 ff be 01 00 00 00 e8 3f 66 3b 00 41 83 bf 2c
0x000000010fb91295:   03 00 00 00 75 0d 41 f7 87 28 03 00 00 0c 00 00
0x000000010fb912a5:   00 74 0a 4c 89 ff 31 f6 e8 be 49 49 00 41 c7 87
0x000000010fb912b5:   38 03 00 00 06 00 00 00 4c 89 7d c8 48 c7 45 d0
0x000000010fb912c5:   00 00 00 00 49 83 7f 08 00 74 09 48 8d 7d c8 e8
0x000000010fb912d5:   a7 9e 36 00 4d 85 f6 74 11 41 f6 c6 01 75 0f 4c
0x000000010fb912e5:   89 f7 ff 15 23 80 6e 00 eb 10 31 f6 eb 0f 49 ff
0x000000010fb912f5:   ce 4c 89 f7 ff 15 51 7f 6e 00 48 89 c6 4c 89 ff
0x000000010fb91305:   ba 01 00 00 00 e8 21 8c 03 00 49 89 c6 48 83 7d
0x000000010fb91315:   d0 00 74 09 48 8d 7d c8 e8 ee 9e 36 00 49 8b 9f
0x000000010fb91325:   e8 00 00 00 48 8b 43 10 48 83 38 00 74 0c 48 89
0x000000010fb91335:   df e8 85 70 f4 ff 48 8b 43 10 48 8b 4b 08 48 89
0x000000010fb91345:   41 10 48 8b 43 08 48 8b 4b 18 48 89 48 18 48 8b
0x000000010fb91355:   43 08 48 8b 4b 20 48 89 48 20 49 8d bf 88 02 00 



---------------  P R O C E S S  ---------------

VM state: not at safepoint (normal execution)

VM Mutex/Monitor currently owned by a thread: None

Heap address: 0x0000000780000000, size: 2048 MB, Compressed Oops mode: Zero based, Oop shift amount: 3

CDS archive(s) mapped at: [0x0000000800000000-0x0000000800bd8000-0x0000000800bd8000), size 12419072, SharedBaseAddress: 0x0000000800000000, ArchiveRelocationMode: 0.
Compressed class space mapped at: 0x0000000800c00000-0x0000000840c00000, reserved size: 1073741824
Narrow klass base: 0x0000000800000000, Narrow klass shift: 0, Narrow klass range: 0x100000000

GC Precious Log:
<Skipped>

Heap:
 garbage-first heap   total 51200K, used 17668K [0x0000000780000000, 0x0000000800000000)
  region size 1024K, 13 young (13312K), 6 survivors (6144K)
 Metaspace       used 21655K, committed 21952K, reserved 1073152K
  class space    used 2745K, committed 2880K, reserved 1048576K

Heap Regions: E=young(eden), S=young(survivor), O=old, HS=humongous(starts), HC=humongous(continues), CS=collection set, F=free, OA=open archive, CA=closed archive, TAMS=top-at-mark-start (previous, next)
|   0|0x0000000780000000, 0x0000000780100000, 0x0000000780100000|100%| O|  |TAMS 0x0000000780100000, 0x0000000780000000| Untracked 
|   1|0x0000000780100000, 0x0000000780200000, 0x0000000780200000|100%| O|  |TAMS 0x0000000780200000, 0x0000000780100000| Untracked 
|   2|0x0000000780200000, 0x0000000780215000, 0x0000000780300000|  8%| O|  |TAMS 0x0000000780215000, 0x0000000780200000| Untracked 
|   3|0x0000000780300000, 0x0000000780400000, 0x0000000780400000|100%|HS|  |TAMS 0x0000000780400000, 0x0000000780300000| Complete 
|   4|0x0000000780400000, 0x0000000780500000, 0x0000000780500000|100%|HC|  |TAMS 0x0000000780500000, 0x0000000780400000| Complete 
|   5|0x0000000780500000, 0x0000000780500000, 0x0000000780600000|  0%| F|  |TAMS 0x0000000780500000, 0x0000000780500000| Untracked 
|   6|0x0000000780600000, 0x0000000780600000, 0x0000000780700000|  0%| F|  |TAMS 0x0000000780600000, 0x0000000780600000| Untracked 
|   7|0x0000000780700000, 0x0000000780700000, 0x0000000780800000|  0%| F|  |TAMS 0x0000000780700000, 0x0000000780700000| Untracked 
|   8|0x0000000780800000, 0x0000000780800000, 0x0000000780900000|  0%| F|  |TAMS 0x0000000780800000, 0x0000000780800000| Untracked 
|   9|0x0000000780900000, 0x0000000780900000, 0x0000000780a00000|  0%| F|  |TAMS 0x0000000780900000, 0x0000000780900000| Untracked 
|  10|0x0000000780a00000, 0x0000000780a00000, 0x0000000780b00000|  0%| F|  |TAMS 0x0000000780a00000, 0x0000000780a00000| Untracked 
|  11|0x0000000780b00000, 0x0000000780b00000, 0x0000000780c00000|  0%| F|  |TAMS 0x0000000780b00000, 0x0000000780b00000| Untracked 
|  12|0x0000000780c00000, 0x0000000780c00000, 0x0000000780d00000|  0%| F|  |TAMS 0x0000000780c00000, 0x0000000780c00000| Untracked 
|  13|0x0000000780d00000, 0x0000000780d00000, 0x0000000780e00000|  0%| F|  |TAMS 0x0000000780d00000, 0x0000000780d00000| Untracked 
|  14|0x0000000780e00000, 0x0000000780e00000, 0x0000000780f00000|  0%| F|  |TAMS 0x0000000780e00000, 0x0000000780e00000| Untracked 
|  15|0x0000000780f00000, 0x0000000780f00000, 0x0000000781000000|  0%| F|  |TAMS 0x0000000780f00000, 0x0000000780f00000| Untracked 
|  16|0x0000000781000000, 0x0000000781000000, 0x0000000781100000|  0%| F|  |TAMS 0x0000000781000000, 0x0000000781000000| Untracked 
|  17|0x0000000781100000, 0x0000000781100000, 0x0000000781200000|  0%| F|  |TAMS 0x0000000781100000, 0x0000000781100000| Untracked 
|  18|0x0000000781200000, 0x0000000781200000, 0x0000000781300000|  0%| F|  |TAMS 0x0000000781200000, 0x0000000781200000| Untracked 
|  19|0x0000000781300000, 0x0000000781300000, 0x0000000781400000|  0%| F|  |TAMS 0x0000000781300000, 0x0000000781300000| Untracked 
|  20|0x0000000781400000, 0x0000000781400000, 0x0000000781500000|  0%| F|  |TAMS 0x0000000781400000, 0x0000000781400000| Untracked 
|  21|0x0000000781500000, 0x0000000781500000, 0x0000000781600000|  0%| F|  |TAMS 0x0000000781500000, 0x0000000781500000| Untracked 
|  22|0x0000000781600000, 0x0000000781600000, 0x0000000781700000|  0%| F|  |TAMS 0x0000000781600000, 0x0000000781600000| Untracked 
|  23|0x0000000781700000, 0x0000000781700000, 0x0000000781800000|  0%| F|  |TAMS 0x0000000781700000, 0x0000000781700000| Untracked 
|  24|0x0000000781800000, 0x0000000781800000, 0x0000000781900000|  0%| F|  |TAMS 0x0000000781800000, 0x0000000781800000| Untracked 
|  25|0x0000000781900000, 0x0000000781900000, 0x0000000781a00000|  0%| F|  |TAMS 0x0000000781900000, 0x0000000781900000| Untracked 
|  26|0x0000000781a00000, 0x0000000781a00000, 0x0000000781b00000|  0%| F|  |TAMS 0x0000000781a00000, 0x0000000781a00000| Untracked 
|  27|0x0000000781b00000, 0x0000000781b00000, 0x0000000781c00000|  0%| F|  |TAMS 0x0000000781b00000, 0x0000000781b00000| Untracked 
|  28|0x0000000781c00000, 0x0000000781c00000, 0x0000000781d00000|  0%| F|  |TAMS 0x0000000781c00000, 0x0000000781c00000| Untracked 
|  29|0x0000000781d00000, 0x0000000781d00000, 0x0000000781e00000|  0%| F|  |TAMS 0x0000000781d00000, 0x0000000781d00000| Untracked 
|  30|0x0000000781e00000, 0x0000000781e00000, 0x0000000781f00000|  0%| F|  |TAMS 0x0000000781e00000, 0x0000000781e00000| Untracked 
|  31|0x0000000781f00000, 0x0000000781f00000, 0x0000000782000000|  0%| F|  |TAMS 0x0000000781f00000, 0x0000000781f00000| Untracked 
|  32|0x0000000782000000, 0x0000000782000000, 0x0000000782100000|  0%| F|  |TAMS 0x0000000782000000, 0x0000000782000000| Untracked 
|  33|0x0000000782100000, 0x0000000782100000, 0x0000000782200000|  0%| F|  |TAMS 0x0000000782100000, 0x0000000782100000| Untracked 
|  34|0x0000000782200000, 0x0000000782200000, 0x0000000782300000|  0%| F|  |TAMS 0x0000000782200000, 0x0000000782200000| Untracked 
|  35|0x0000000782300000, 0x00000007823d8248, 0x0000000782400000| 84%| E|  |TAMS 0x0000000782300000, 0x0000000782300000| Complete 
|  36|0x0000000782400000, 0x0000000782500000, 0x0000000782500000|100%| E|CS|TAMS 0x0000000782400000, 0x0000000782400000| Complete 
|  37|0x0000000782500000, 0x0000000782600000, 0x0000000782600000|100%| E|CS|TAMS 0x0000000782500000, 0x0000000782500000| Complete 
|  38|0x0000000782600000, 0x0000000782700000, 0x0000000782700000|100%| E|CS|TAMS 0x0000000782600000, 0x0000000782600000| Complete 
|  39|0x0000000782700000, 0x0000000782800000, 0x0000000782800000|100%| E|CS|TAMS 0x0000000782700000, 0x0000000782700000| Complete 
|  86|0x0000000785600000, 0x000000078565f0c0, 0x0000000785700000| 37%| S|CS|TAMS 0x0000000785600000, 0x0000000785600000| Complete 
|  87|0x0000000785700000, 0x0000000785800000, 0x0000000785800000|100%| S|CS|TAMS 0x0000000785700000, 0x0000000785700000| Complete 
|  88|0x0000000785800000, 0x0000000785900000, 0x0000000785900000|100%| S|CS|TAMS 0x0000000785800000, 0x0000000785800000| Complete 
|  89|0x0000000785900000, 0x0000000785a00000, 0x0000000785a00000|100%| S|CS|TAMS 0x0000000785900000, 0x0000000785900000| Complete 
|  90|0x0000000785a00000, 0x0000000785b00000, 0x0000000785b00000|100%| S|CS|TAMS 0x0000000785a00000, 0x0000000785a00000| Complete 
|  91|0x0000000785b00000, 0x0000000785c00000, 0x0000000785c00000|100%| S|CS|TAMS 0x0000000785b00000, 0x0000000785b00000| Complete 
| 126|0x0000000787e00000, 0x0000000787f00000, 0x0000000787f00000|100%| E|CS|TAMS 0x0000000787e00000, 0x0000000787e00000| Complete 
| 127|0x0000000787f00000, 0x0000000788000000, 0x0000000788000000|100%| E|CS|TAMS 0x0000000787f00000, 0x0000000787f00000| Complete 
|2046|0x00000007ffe00000, 0x00000007ffe76000, 0x00000007fff00000| 46%|OA|  |TAMS 0x00000007ffe76000, 0x00000007ffe00000| Untracked 
|2047|0x00000007fff00000, 0x00000007fff7f000, 0x0000000800000000| 49%|CA|  |TAMS 0x00000007fff7f000, 0x00000007fff00000| Untracked 

Card table byte_map: [0x000000010ecbd000,0x000000010f0bd000] _byte_map_base: 0x000000010b0bd000

Marking Bits (Prev, Next): (CMBitMap*) 0x00007fbf9603aa50, (CMBitMap*) 0x00007fbf9603aa10
 Prev Bits: [0x000000011268f000, 0x000000011468f000)
 Next Bits: [0x000000011068f000, 0x000000011268f000)

Polling page: 0x000000010e608000

Metaspace:

Usage:
  Non-class:     18,47 MB used.
      Class:      2,68 MB used.
       Both:     21,15 MB used.

Virtual space:
  Non-class space:       24,00 MB reserved,      18,62 MB ( 78%) committed,  3 nodes.
      Class space:        1,00 GB reserved,       2,81 MB ( <1%) committed,  1 nodes.
             Both:        1,02 GB reserved,      21,44 MB (  2%) committed. 

Chunk freelists:
   Non-Class:  992,00 KB
       Class:  1,22 MB
        Both:  2,19 MB

MaxMetaspaceSize: unlimited
CompressedClassSpaceSize: 1,00 GB
Initial GC threshold: 21,00 MB
Current GC threshold: 35,25 MB
CDS: on
MetaspaceReclaimPolicy: balanced
 - commit_granule_bytes: 65536.
 - commit_granule_words: 8192.
 - virtual_space_node_default_size: 1048576.
 - enlarge_chunks_in_place: 1.
 - new_chunks_are_fully_committed: 0.
 - uncommit_free_chunks: 1.
 - use_allocation_guard: 0.
 - handle_deallocations: 1.


Internal statistics:

num_allocs_failed_limit: 3.
num_arena_births: 228.
num_arena_deaths: 0.
num_vsnodes_births: 4.
num_vsnodes_deaths: 0.
num_space_committed: 343.
num_space_uncommitted: 0.
num_chunks_returned_to_freelist: 3.
num_chunks_taken_from_freelist: 685.
num_chunk_merges: 0.
num_chunk_splits: 493.
num_chunks_enlarged: 400.
num_purges: 0.
num_inconsistent_stats: 0.

CodeHeap 'non-profiled nmethods': size=120032Kb used=1985Kb max_used=1985Kb free=118047Kb
 bounds [0x0000000126ab7000, 0x0000000126d27000, 0x000000012dfef000]
CodeHeap 'profiled nmethods': size=120028Kb used=9159Kb max_used=9159Kb free=110869Kb
 bounds [0x000000011f580000, 0x000000011fe80000, 0x0000000126ab7000]
CodeHeap 'non-nmethods': size=5700Kb used=1546Kb max_used=1585Kb free=4153Kb
 bounds [0x000000011efef000, 0x000000011f25f000, 0x000000011f580000]
 total_blobs=5426 nmethods=4476 adapters=861
 compilation: enabled
              stopped_count=0, restarted_count=0
 full_count=0

Compilation events (20 events):
Event: 248,834 Thread 0x00007fbf960b4a00 4482       3       java.security.AccessControlContext::optimize (319 bytes)
Event: 248,835 Thread 0x00007fbf960b4a00 nmethod 4482 0x000000011fe69c10 code [0x000000011fe69fa0, 0x000000011fe6b5b0]
Event: 248,835 Thread 0x00007fbf960b4a00 4484       3       java.awt.Rectangle::setBounds (10 bytes)
Event: 248,836 Thread 0x00007fbf960b4a00 nmethod 4484 0x000000011fe6bc10 code [0x000000011fe6bdc0, 0x000000011fe6bfb0]
Event: 248,836 Thread 0x00007fbf960b4a00 4485       3       javax.swing.text.Utilities::getTabbedTextWidth (17 bytes)
Event: 248,836 Thread 0x00007fbf960b4a00 nmethod 4485 0x000000011fe6c090 code [0x000000011fe6c240, 0x000000011fe6c380]
Event: 248,836 Thread 0x00007fbf960b4a00 4483   !   3       sun.java2d.SunGraphics2D::fillRect (74 bytes)
Event: 248,836 Thread 0x00007fbf960b4a00 nmethod 4483 0x000000011fe6c410 code [0x000000011fe6c620, 0x000000011fe6cd40]
Event: 248,855 Thread 0x00007fbf9581bc00 4486       4       sun.java2d.SunGraphics2D::invalidatePipe (41 bytes)
Event: 248,865 Thread 0x00007fbf9581bc00 nmethod 4486 0x0000000126ca6d10 code [0x0000000126ca6ea0, 0x0000000126ca73b8]
Event: 248,891 Thread 0x00007fbf960b4a00 4487       3       javax.swing.ArrayTable::put (191 bytes)
Event: 248,892 Thread 0x00007fbf960b4a00 nmethod 4487 0x000000011fe6d110 code [0x000000011fe6d3e0, 0x000000011fe6e9d0]
Event: 248,893 Thread 0x00007fbf960b4a00 4488       3       sun.awt.SunToolkit::isInstanceOf (71 bytes)
Event: 248,893 Thread 0x00007fbf960b4a00 nmethod 4488 0x000000011fe6ee10 code [0x000000011fe6f060, 0x000000011fe6f6c0]
Event: 248,894 Thread 0x00007fbf960b4a00 4489       3       java.lang.Class::getInterfaces (49 bytes)
Event: 248,894 Thread 0x00007fbf960b4a00 nmethod 4489 0x000000011fe6f990 code [0x000000011fe6fb80, 0x000000011fe70090]
Event: 248,920 Thread 0x00007fbf960b4a00 4490       3       javafx.scene.layout.VBox$$Lambda$115/0x0000000800cc61c8::call (8 bytes)
Event: 248,921 Thread 0x00007fbf960b4a00 nmethod 4490 0x000000011fe70210 code [0x000000011fe70400, 0x000000011fe70a40]
Event: 248,921 Thread 0x00007fbf960b4a00 4491       3       javafx.scene.layout.VBox::lambda$static$0 (5 bytes)
Event: 248,926 Thread 0x00007fbf960b4a00 nmethod 4491 0x000000011fe70c10 code [0x000000011fe70e40, 0x000000011fe71910]

GC Heap History (6 events):
Event: 1,286 GC heap before
{Heap before GC invocations=0 (full 0):
 garbage-first heap   total 133120K, used 13268K [0x0000000780000000, 0x0000000800000000)
  region size 1024K, 13 young (13312K), 0 survivors (0K)
 Metaspace       used 3836K, committed 4096K, reserved 1056768K
  class space    used 443K, committed 576K, reserved 1048576K
}
Event: 1,301 GC heap after
{Heap after GC invocations=1 (full 0):
 garbage-first heap   total 133120K, used 3068K [0x0000000780000000, 0x0000000800000000)
  region size 1024K, 2 young (2048K), 2 survivors (2048K)
 Metaspace       used 3836K, committed 4096K, reserved 1056768K
  class space    used 443K, committed 576K, reserved 1048576K
}
Event: 2,281 GC heap before
{Heap before GC invocations=1 (full 0):
 garbage-first heap   total 133120K, used 22524K [0x0000000780000000, 0x0000000800000000)
  region size 1024K, 22 young (22528K), 2 survivors (2048K)
 Metaspace       used 9525K, committed 9664K, reserved 1064960K
  class space    used 1342K, committed 1408K, reserved 1048576K
}
Event: 2,315 GC heap after
{Heap after GC invocations=2 (full 0):
 garbage-first heap   total 133120K, used 5410K [0x0000000780000000, 0x0000000800000000)
  region size 1024K, 3 young (3072K), 3 survivors (3072K)
 Metaspace       used 9525K, committed 9664K, reserved 1064960K
  class space    used 1342K, committed 1408K, reserved 1048576K
}
Event: 113,392 GC heap before
{Heap before GC invocations=2 (full 0):
 garbage-first heap   total 133120K, used 40226K [0x0000000780000000, 0x0000000800000000)
  region size 1024K, 36 young (36864K), 3 survivors (3072K)
 Metaspace       used 21245K, committed 21504K, reserved 1073152K
  class space    used 2705K, committed 2880K, reserved 1048576K
}
Event: 113,401 GC heap after
{Heap after GC invocations=3 (full 0):
 garbage-first heap   total 133120K, used 10660K [0x0000000780000000, 0x0000000800000000)
  region size 1024K, 6 young (6144K), 6 survivors (6144K)
 Metaspace       used 21245K, committed 21504K, reserved 1073152K
  class space    used 2705K, committed 2880K, reserved 1048576K
}

Deoptimization events (20 events):
Event: 118,896 Thread 0x00007fbf99145600 Uncommon trap: trap_request=0xffffff45 fr.pc=0x0000000126b5a8c4 relative=0x0000000000000fa4
Event: 118,896 Thread 0x00007fbf99145600 Uncommon trap: reason=unstable_if action=reinterpret pc=0x0000000126b5a8c4 method=java.util.concurrent.ConcurrentHashMap.putVal(Ljava/lang/Object;Ljava/lang/Object;Z)Ljava/lang/Object; @ 231 c2
Event: 118,896 Thread 0x00007fbf99145600 DEOPT PACKING pc=0x0000000126b5a8c4 sp=0x000070000647fd90
Event: 118,896 Thread 0x00007fbf99145600 DEOPT UNPACKING pc=0x000000011f041099 sp=0x000070000647fd00 mode 2
Event: 118,898 Thread 0x00007fbf99145600 Uncommon trap: trap_request=0xffffff45 fr.pc=0x0000000126b31c00 relative=0x00000000000003e0
Event: 118,898 Thread 0x00007fbf99145600 Uncommon trap: reason=unstable_if action=reinterpret pc=0x0000000126b31c00 method=java.lang.AbstractStringBuilder.append(C)Ljava/lang/AbstractStringBuilder; @ 21 c2
Event: 118,898 Thread 0x00007fbf99145600 DEOPT PACKING pc=0x0000000126b31c00 sp=0x0000700006480850
Event: 118,898 Thread 0x00007fbf99145600 DEOPT UNPACKING pc=0x000000011f041099 sp=0x00007000064807d8 mode 2
Event: 118,898 Thread 0x00007fbf99145600 Uncommon trap: trap_request=0xffffff45 fr.pc=0x0000000126c586dc relative=0x00000000000003bc
Event: 118,898 Thread 0x00007fbf99145600 Uncommon trap: reason=unstable_if action=reinterpret pc=0x0000000126c586dc method=java.lang.AbstractStringBuilder.isLatin1()Z @ 10 c2
Event: 118,898 Thread 0x00007fbf99145600 DEOPT PACKING pc=0x0000000126c586dc sp=0x0000700006480860
Event: 118,898 Thread 0x00007fbf99145600 DEOPT UNPACKING pc=0x000000011f041099 sp=0x00007000064807f0 mode 2
Event: 233,200 Thread 0x00007fbf9980e400 Uncommon trap: trap_request=0xffffff45 fr.pc=0x0000000126c8a488 relative=0x0000000000000e28
Event: 233,200 Thread 0x00007fbf9980e400 Uncommon trap: reason=unstable_if action=reinterpret pc=0x0000000126c8a488 method=java.security.AccessControlContext.calculateFields(Ljava/security/AccessControlContext;Ljava/security/AccessControlContext;[Ljava/security/Permission;)V @ 21 c2
Event: 233,200 Thread 0x00007fbf9980e400 DEOPT PACKING pc=0x0000000126c8a488 sp=0x0000700005960700
Event: 233,200 Thread 0x00007fbf9980e400 DEOPT UNPACKING pc=0x000000011f041099 sp=0x0000700005960630 mode 2
Event: 248,938 Thread 0x00007fbf95a68a00 Uncommon trap: trap_request=0xffffff45 fr.pc=0x0000000126c06898 relative=0x0000000000000a18
Event: 248,938 Thread 0x00007fbf95a68a00 Uncommon trap: reason=unstable_if action=reinterpret pc=0x0000000126c06898 method=com.sun.glass.ui.Timer.resume()V @ 6 c2
Event: 248,938 Thread 0x00007fbf95a68a00 DEOPT PACKING pc=0x0000000126c06898 sp=0x00007ff7b1a187b0
Event: 248,938 Thread 0x00007fbf95a68a00 DEOPT UNPACKING pc=0x000000011f041099 sp=0x00007ff7b1a18440 mode 2

Classes unloaded (0 events):
No events

Classes redefined (0 events):
No events

Internal exceptions (20 events):
Event: 82,870 Thread 0x00007fbf961e2000 Implicit null exception at 0x0000000126bb171c to 0x0000000126bb1854
Event: 103,733 Thread 0x00007fbf95a68a00 Exception <a 'java/lang/ClassNotFoundException'{0x0000000786047c78}: sun/awt/resources/spi/awtProvider> (0x0000000786047c78) 
thrown [open/src/hotspot/share/classfile/systemDictionary.cpp, line 256]
Event: 103,754 Thread 0x00007fbf95a68a00 Exception <a 'java/io/FileNotFoundException'{0x000000078604af18}> (0x000000078604af18) 
thrown [open/src/hotspot/share/prims/jni.cpp, line 516]
Event: 103,754 Thread 0x00007fbf95a68a00 Exception <a 'java/io/FileNotFoundException'{0x000000078604c3b0}> (0x000000078604c3b0) 
thrown [open/src/hotspot/share/prims/jni.cpp, line 516]
Event: 103,767 Thread 0x00007fbf95a68a00 Implicit null exception at 0x0000000126b7e103 to 0x0000000126b7e180
Event: 103,784 Thread 0x00007fbf95a68a00 Exception <a 'java/lang/ClassNotFoundException'{0x0000000786078e88}: sun/awt/resources/spi/awtosxProvider> (0x0000000786078e88) 
thrown [open/src/hotspot/share/classfile/systemDictionary.cpp, line 256]
Event: 103,839 Thread 0x00007fbf95a68a00 Exception <a 'java/lang/NoSuchMethodError'{0x00000007860b8548}: 'java.lang.Object java.lang.invoke.DirectMethodHandle$Holder.invokeStatic(java.lang.Object, int, java.lang.Object, java.lang.Object, java.lang.Object, java.lang.Object)'> (0x00000007860b8548) 
thrown [open/src/hotspot/share/interpreter/linkResolver.cpp, line 766]
Event: 103,844 Thread 0x00007fbf95a68a00 Exception <a 'java/lang/NoSuchMethodError'{0x00000007860ddd20}: 'java.lang.Object java.lang.invoke.DirectMethodHandle$Holder.invokeStatic(java.lang.Object, int, java.lang.Object)'> (0x00000007860ddd20) 
thrown [open/src/hotspot/share/interpreter/linkResolver.cpp, line 766]
Event: 103,850 Thread 0x00007fbf95a68a00 Exception <a 'java/lang/ClassNotFoundException'{0x0000000785f0e710}: com/apple/laf/resources/spi/aquaProvider> (0x0000000785f0e710) 
thrown [open/src/hotspot/share/classfile/systemDictionary.cpp, line 256]
Event: 103,931 Thread 0x00007fbf95a68a00 Exception <a 'java/lang/ClassNotFoundException'{0x0000000785fb65e8}: com/sun/swing/internal/plaf/basic/resources/spi/basicProvider> (0x0000000785fb65e8) 
thrown [open/src/hotspot/share/classfile/systemDictionary.cpp, line 256]
Event: 104,847 Thread 0x00007fbf95a68a00 Exception <a 'java/lang/NoSuchMethodError'{0x0000000785eb6888}: 'java.lang.Object java.lang.invoke.DirectMethodHandle$Holder.newInvokeSpecial(java.lang.Object, java.lang.Object, java.lang.Object, int, java.lang.Object)'> (0x0000000785eb6888) 
thrown [open/src/hotspot/share/interpreter/linkResolver.cpp, line 766]
Event: 104,847 Thread 0x00007fbf95a68a00 Exception <a 'java/lang/NoSuchMethodError'{0x0000000785ebe448}: 'java.lang.Object java.lang.invoke.Invokers$Holder.linkToTargetMethod(java.lang.Object, java.lang.Object, int, java.lang.Object, java.lang.Object)'> (0x0000000785ebe448) 
thrown [open/src/hotspot/share/interpreter/linkResolver.cpp, line 766]
Event: 104,857 Thread 0x00007fbf95a68a00 Exception <a 'java/lang/NoSuchMethodError'{0x0000000785ecf8e8}: 'java.lang.Object java.lang.invoke.Invokers$Holder.linkToTargetMethod(int, int, int, int, java.lang.Object)'> (0x0000000785ecf8e8) 
thrown [open/src/hotspot/share/interpreter/linkResolver.cpp, line 766]
Event: 104,859 Thread 0x00007fbf95a68a00 Exception <a 'java/lang/NoSuchMethodError'{0x0000000785ed32d8}: 'void java.lang.invoke.DirectMethodHandle$Holder.invokeStatic(java.lang.Object, java.lang.Object, long)'> (0x0000000785ed32d8) 
thrown [open/src/hotspot/share/interpreter/linkResolver.cpp, line 766]
Event: 104,871 Thread 0x00007fbf95a68a00 Exception <a 'java/lang/NoSuchMethodError'{0x0000000785eedf00}: 'void java.lang.invoke.DirectMethodHandle$Holder.invokeSpecial(java.lang.Object, java.lang.Object, long)'> (0x0000000785eedf00) 
thrown [open/src/hotspot/share/interpreter/linkResolver.cpp, line 766]
Event: 104,872 Thread 0x00007fbf95a68a00 Exception <a 'java/lang/NoSuchMethodError'{0x0000000785ef3de0}: 'void java.lang.invoke.DirectMethodHandle$Holder.invokeStatic(java.lang.Object, long, long)'> (0x0000000785ef3de0) 
thrown [open/src/hotspot/share/interpreter/linkResolver.cpp, line 766]
Event: 104,873 Thread 0x00007fbf95a68a00 Exception <a 'java/lang/NoSuchMethodError'{0x0000000785ef96b0}: 'java.lang.Object java.lang.invoke.DirectMethodHandle$Holder.newInvokeSpecial(java.lang.Object, long)'> (0x0000000785ef96b0) 
thrown [open/src/hotspot/share/interpreter/linkResolver.cpp, line 766]
Event: 104,948 Thread 0x00007fbf95a68a00 Exception <a 'java/lang/NoSuchMethodError'{0x0000000785d71720}: 'void java.lang.invoke.DirectMethodHandle$Holder.invokeStatic(java.lang.Object, long)'> (0x0000000785d71720) 
thrown [open/src/hotspot/share/interpreter/linkResolver.cpp, line 766]
Event: 105,003 Thread 0x00007fbf99145600 Exception <a 'sun/nio/fs/UnixException'{0x0000000785d48868}> (0x0000000785d48868) 
thrown [open/src/hotspot/share/prims/jni.cpp, line 516]
Event: 233,200 Thread 0x00007fbf9980e400 Implicit null exception at 0x0000000126c89a4f to 0x0000000126c8a470

VM Operations (20 events):
Event: 207,716 Executing VM operation: Cleanup
Event: 207,720 Executing VM operation: Cleanup done
Event: 208,724 Executing VM operation: Cleanup
Event: 208,741 Executing VM operation: Cleanup done
Event: 211,748 Executing VM operation: Cleanup
Event: 211,748 Executing VM operation: Cleanup done
Event: 217,759 Executing VM operation: Cleanup
Event: 217,759 Executing VM operation: Cleanup done
Event: 232,806 Executing VM operation: Cleanup
Event: 232,807 Executing VM operation: Cleanup done
Event: 233,811 Executing VM operation: Cleanup
Event: 233,812 Executing VM operation: Cleanup done
Event: 234,812 Executing VM operation: Cleanup
Event: 234,812 Executing VM operation: Cleanup done
Event: 237,824 Executing VM operation: Cleanup
Event: 237,833 Executing VM operation: Cleanup done
Event: 247,861 Executing VM operation: Cleanup
Event: 247,861 Executing VM operation: Cleanup done
Event: 248,867 Executing VM operation: Cleanup
Event: 248,885 Executing VM operation: Cleanup done

Events (20 events):
Event: 235,949 Protecting memory [0x00007000058e1000,0x00007000058e5000] with protection modes 0
Event: 235,949 Thread 0x00007fbf9980a800 Thread added: 0x00007fbf9980a800
Event: 236,314 Protecting memory [0x00007000058e1000,0x00007000058e5000] with protection modes 3
Event: 236,314 Thread 0x00007fbf9980a800 Thread exited: 0x00007fbf9980a800
Event: 236,927 Protecting memory [0x00007000058e1000,0x00007000058e5000] with protection modes 0
Event: 236,927 Thread 0x00007fbf99aa6000 Thread added: 0x00007fbf99aa6000
Event: 237,242 Protecting memory [0x00007000058e1000,0x00007000058e5000] with protection modes 3
Event: 237,242 Thread 0x00007fbf99aa6000 Thread exited: 0x00007fbf99aa6000
Event: 237,672 Protecting memory [0x00007000058e1000,0x00007000058e5000] with protection modes 0
Event: 237,672 Thread 0x00007fbf9653ba00 Thread added: 0x00007fbf9653ba00
Event: 237,971 Protecting memory [0x00007000058e1000,0x00007000058e5000] with protection modes 3
Event: 237,971 Thread 0x00007fbf9653ba00 Thread exited: 0x00007fbf9653ba00
Event: 247,843 Protecting memory [0x0000700004c37000,0x0000700004c3b000] with protection modes 0
Event: 247,843 Thread 0x00007fbf9980e400 Thread added: 0x00007fbf9980e400
Event: 248,142 Protecting memory [0x0000700004c37000,0x0000700004c3b000] with protection modes 3
Event: 248,142 Thread 0x00007fbf9980e400 Thread exited: 0x00007fbf9980e400
Event: 248,589 Protecting memory [0x0000700004c37000,0x0000700004c3b000] with protection modes 0
Event: 248,589 Thread 0x00007fbf95afb400 Thread added: 0x00007fbf95afb400
Event: 248,941 Protecting memory [0x00007ff7b121f000,0x00007ff7b1223000] with protection modes 3
Event: 248,941 Thread 0x00007fbf95a68a00 Thread exited: 0x00007fbf95a68a00


Dynamic libraries:
0x000000010e60a000 	/Library/Java/JavaVirtualMachines/jdk-17.0.2.jdk/Contents/Home/lib/libjli.dylib
0x00007ff811978000 	/usr/lib/libz.1.dylib
0x00007ff811a58000 	/usr/lib/libSystem.B.dylib
0x00007ff811a53000 	/usr/lib/system/libcache.dylib
0x00007ff811a0f000 	/usr/lib/system/libcommonCrypto.dylib
0x00007ff811a38000 	/usr/lib/system/libcompiler_rt.dylib
0x00007ff811a2e000 	/usr/lib/system/libcopyfile.dylib
0x00007ff806a03000 	/usr/lib/system/libcorecrypto.dylib
0x00007ff806ac1000 	/usr/lib/system/libdispatch.dylib
0x00007ff806c85000 	/usr/lib/system/libdyld.dylib
0x00007ff811a4a000 	/usr/lib/system/libkeymgr.dylib
0x00007ff8119ed000 	/usr/lib/system/libmacho.dylib
0x00007ff81106c000 	/usr/lib/system/libquarantine.dylib
0x00007ff811a48000 	/usr/lib/system/libremovefile.dylib
0x00007ff80bbff000 	/usr/lib/system/libsystem_asl.dylib
0x00007ff8069ac000 	/usr/lib/system/libsystem_blocks.dylib
0x00007ff806b49000 	/usr/lib/system/libsystem_c.dylib
0x00007ff811a40000 	/usr/lib/system/libsystem_collections.dylib
0x00007ff810319000 	/usr/lib/system/libsystem_configuration.dylib
0x00007ff80f5c5000 	/usr/lib/system/libsystem_containermanager.dylib
0x00007ff811726000 	/usr/lib/system/libsystem_coreservices.dylib
0x00007ff8092a8000 	/usr/lib/system/libsystem_darwin.dylib
0x00007ff811a4b000 	/usr/lib/system/libsystem_dnssd.dylib
0x00007ff806b46000 	/usr/lib/system/libsystem_featureflags.dylib
0x00007ff806c9b000 	/usr/lib/system/libsystem_info.dylib
0x00007ff81198b000 	/usr/lib/system/libsystem_m.dylib
0x00007ff806a95000 	/usr/lib/system/libsystem_malloc.dylib
0x00007ff80bb9a000 	/usr/lib/system/libsystem_networkextension.dylib
0x00007ff8096ce000 	/usr/lib/system/libsystem_notify.dylib
0x00007ff817cb6000 	/usr/lib/system/libsystem_product_info_filter.dylib
0x00007ff81031d000 	/usr/lib/system/libsystem_sandbox.dylib
0x00007ff811a45000 	/usr/lib/system/libsystem_secinit.dylib
0x00007ff806c41000 	/usr/lib/system/libsystem_kernel.dylib
0x00007ff806c91000 	/usr/lib/system/libsystem_platform.dylib
0x00007ff806c79000 	/usr/lib/system/libsystem_pthread.dylib
0x00007ff80d447000 	/usr/lib/system/libsystem_symptoms.dylib
0x00007ff8069ea000 	/usr/lib/system/libsystem_trace.dylib
0x00007ff811a1b000 	/usr/lib/system/libunwind.dylib
0x00007ff8069ae000 	/usr/lib/system/libxpc.dylib
0x00007ff806c2b000 	/usr/lib/libc++abi.dylib
0x00007ff806b08000 	/usr/lib/libobjc.A.dylib
0x00007ff811a26000 	/usr/lib/liboah.dylib
0x00007ff806bd2000 	/usr/lib/libc++.1.dylib
0x00007ff81daaf000 	/System/Library/Frameworks/Cocoa.framework/Versions/A/Cocoa
0x00007ff80972c000 	/System/Library/Frameworks/AppKit.framework/Versions/C/AppKit
0x00007ff80cc37000 	/System/Library/Frameworks/CoreData.framework/Versions/A/CoreData
0x00007ff807b38000 	/System/Library/Frameworks/Foundation.framework/Versions/C/Foundation
0x00007ff80a5ba000 	/System/Library/PrivateFrameworks/UIFoundation.framework/Versions/A/UIFoundation
0x00007ff8179b9000 	/System/Library/PrivateFrameworks/RemoteViewServices.framework/Versions/A/RemoteViewServices
0x00007ff80fca3000 	/System/Library/PrivateFrameworks/XCTTargetBootstrap.framework/Versions/A/XCTTargetBootstrap
0x00007ff81385f000 	/System/Library/PrivateFrameworks/InternationalSupport.framework/Versions/A/InternationalSupport
0x00007ff8138e9000 	/System/Library/PrivateFrameworks/UserActivity.framework/Versions/A/UserActivity
0x00007ff812c3f000 	/usr/lib/libspindump.dylib
0x00007ff80a848000 	/System/Library/Frameworks/UniformTypeIdentifiers.framework/Versions/A/UniformTypeIdentifiers
0x00007ff80e3cc000 	/usr/lib/libapp_launch_measurement.dylib
0x00007ff80d607000 	/System/Library/PrivateFrameworks/CoreAnalytics.framework/Versions/A/CoreAnalytics
0x00007ff80e3cf000 	/System/Library/PrivateFrameworks/CoreAutoLayout.framework/Versions/A/CoreAutoLayout
0x00007ff80f5fd000 	/System/Library/Frameworks/Metal.framework/Versions/A/Metal
0x00007ff810329000 	/usr/lib/liblangid.dylib
0x00007ff80fca8000 	/System/Library/PrivateFrameworks/CoreSVG.framework/Versions/A/CoreSVG
0x00007ff80bc2f000 	/System/Library/PrivateFrameworks/SkyLight.framework/Versions/A/SkyLight
0x00007ff80bfcd000 	/System/Library/Frameworks/CoreGraphics.framework/Versions/A/CoreGraphics
0x00007ff818079000 	/System/Library/Frameworks/Accelerate.framework/Versions/A/Accelerate
0x00007ff8126be000 	/System/Library/PrivateFrameworks/IconServices.framework/Versions/A/IconServices
0x00007ff80f5e2000 	/System/Library/Frameworks/IOSurface.framework/Versions/A/IOSurface
0x00007ff80d635000 	/usr/lib/libDiagnosticMessagesClient.dylib
0x00007ff81b75c000 	/System/Library/Frameworks/ApplicationServices.framework/Versions/A/ApplicationServices
0x00007ff80fc8f000 	/System/Library/PrivateFrameworks/DFRFoundation.framework/Versions/A/DFRFoundation
0x00007ff809014000 	/usr/lib/libicucore.A.dylib
0x00007ff814654000 	/System/Library/Frameworks/AudioToolbox.framework/Versions/A/AudioToolbox
0x00007ff81386b000 	/System/Library/PrivateFrameworks/DataDetectorsCore.framework/Versions/A/DataDetectorsCore
0x00007ff90f7f8000 	/System/Library/PrivateFrameworks/TextInput.framework/Versions/A/TextInput
0x00007ff80bbb2000 	/usr/lib/libMobileGestalt.dylib
0x00007ff80f99b000 	/System/Library/Frameworks/Carbon.framework/Versions/A/Frameworks/HIToolbox.framework/Versions/A/HIToolbox
0x00007ff80ddd2000 	/System/Library/Frameworks/QuartzCore.framework/Versions/A/QuartzCore
0x00007ff808cbb000 	/System/Library/Frameworks/Security.framework/Versions/A/Security
0x00007ff8179f1000 	/System/Library/Frameworks/Carbon.framework/Versions/A/Frameworks/SpeechRecognition.framework/Versions/A/SpeechRecognition
0x00007ff80e12c000 	/System/Library/PrivateFrameworks/CoreUI.framework/Versions/A/CoreUI
0x00007ff808587000 	/System/Library/Frameworks/CoreAudio.framework/Versions/A/CoreAudio
0x00007ff80d724000 	/System/Library/Frameworks/DiskArbitration.framework/Versions/A/DiskArbitration
0x00007ff81302d000 	/System/Library/PrivateFrameworks/MultitouchSupport.framework/Versions/A/MultitouchSupport
0x00007ff80bbb1000 	/usr/lib/libenergytrace.dylib
0x00007ff809618000 	/System/Library/Frameworks/IOKit.framework/Versions/A/IOKit
0x00007ff817de1000 	/System/Library/Frameworks/CoreServices.framework/Versions/A/CoreServices
0x00007ff80e366000 	/System/Library/PrivateFrameworks/PerformanceAnalysis.framework/Versions/A/PerformanceAnalysis
0x00007ffa1ed1c000 	/System/Library/Frameworks/OpenGL.framework/Versions/A/OpenGL
0x00007ff810f92000 	/System/Library/PrivateFrameworks/MobileKeyBag.framework/Versions/A/MobileKeyBag
0x00007ff80c698000 	/System/Library/Frameworks/ColorSync.framework/Versions/A/ColorSync
0x00007ff806cc6000 	/System/Library/Frameworks/CoreFoundation.framework/Versions/A/CoreFoundation
0x00007ff80ff1f000 	/System/Library/Frameworks/CoreImage.framework/Versions/A/CoreImage
0x00007ff80839f000 	/System/Library/Frameworks/CoreText.framework/Versions/A/CoreText
0x00007ff80fcd8000 	/System/Library/Frameworks/ImageIO.framework/Versions/A/ImageIO
0x00007ff811a5e000 	/System/Library/PrivateFrameworks/SoftLinking.framework/Versions/A/SoftLinking
0x00007ff80e417000 	/usr/lib/libxml2.2.dylib
0x00007ff811ce2000 	/usr/lib/libcompression.dylib
0x00007ff813792000 	/System/Library/PrivateFrameworks/TextureIO.framework/Versions/A/TextureIO
0x00007ff8123d0000 	/usr/lib/libate.dylib
0x00007ff8121ac000 	/usr/lib/liblzma.5.dylib
0x00007ff80784b000 	/System/Library/Frameworks/SystemConfiguration.framework/Versions/A/SystemConfiguration
0x00007ff811a5a000 	/usr/lib/libfakelink.dylib
0x00007ff80b70b000 	/System/Library/Frameworks/CFNetwork.framework/Versions/A/CFNetwork
0x00007ff811b9b000 	/usr/lib/libarchive.2.dylib
0x00007ff810325000 	/System/Library/PrivateFrameworks/AppleSystemInfo.framework/Versions/A/AppleSystemInfo
0x00007ff811093000 	/usr/lib/libbsm.0.dylib
0x00007ff80ad1e000 	/usr/lib/libnetwork.dylib
0x00007ff8119f3000 	/usr/lib/system/libkxld.dylib
0x00007ff810cbf000 	/System/Library/PrivateFrameworks/IOMobileFramebuffer.framework/Versions/A/IOMobileFramebuffer
0x00007ffb1e223000 	/usr/lib/libCoreEntitlements.dylib
0x00007ff811708000 	/System/Library/PrivateFrameworks/AppleFSCompression.framework/Versions/A/AppleFSCompression
0x00007ff81107b000 	/usr/lib/libcoretls.dylib
0x00007ff8121c6000 	/usr/lib/libcoretls_cfhelpers.dylib
0x00007ff811cdd000 	/usr/lib/libpam.2.dylib
0x00007ff80d067000 	/usr/lib/libsqlite3.dylib
0x00007ff812235000 	/usr/lib/libxar.1.dylib
0x00007ff811718000 	/usr/lib/libbz2.1.0.dylib
0x00007ff811a5f000 	/usr/lib/libpcap.A.dylib
0x00007ff80d43f000 	/usr/lib/libdns_services.dylib
0x00007ff811cad000 	/usr/lib/libapple_nghttp2.dylib
0x00007ff811a99000 	/usr/lib/libiconv.2.dylib
0x00007ff8119ec000 	/usr/lib/libcharset.1.dylib
0x00007ff80e39a000 	/System/Library/Frameworks/CoreServices.framework/Versions/A/Frameworks/FSEvents.framework/Versions/A/FSEvents
0x00007ff8092b2000 	/System/Library/Frameworks/CoreServices.framework/Versions/A/Frameworks/CarbonCore.framework/Versions/A/CarbonCore
0x00007ff80d688000 	/System/Library/Frameworks/CoreServices.framework/Versions/A/Frameworks/Metadata.framework/Versions/A/Metadata
0x00007ff81172b000 	/System/Library/Frameworks/CoreServices.framework/Versions/A/Frameworks/OSServices.framework/Versions/A/OSServices
0x00007ff811c22000 	/System/Library/Frameworks/CoreServices.framework/Versions/A/Frameworks/SearchKit.framework/Versions/A/SearchKit
0x00007ff80d3d2000 	/System/Library/Frameworks/CoreServices.framework/Versions/A/Frameworks/AE.framework/Versions/A/AE
0x00007ff8071c8000 	/System/Library/Frameworks/CoreServices.framework/Versions/A/Frameworks/LaunchServices.framework/Versions/A/LaunchServices
0x00007ff81215d000 	/System/Library/Frameworks/CoreServices.framework/Versions/A/Frameworks/DictionaryServices.framework/Versions/A/DictionaryServices
0x00007ff80e3a7000 	/System/Library/Frameworks/CoreServices.framework/Versions/A/Frameworks/SharedFileList.framework/Versions/A/SharedFileList
0x00007ff81106f000 	/usr/lib/libCheckFix.dylib
0x00007ff80bc16000 	/System/Library/PrivateFrameworks/TCC.framework/Versions/A/TCC
0x00007ff81032b000 	/System/Library/PrivateFrameworks/CoreNLP.framework/Versions/A/CoreNLP
0x00007ff80d638000 	/System/Library/PrivateFrameworks/MetadataUtilities.framework/Versions/A/MetadataUtilities
0x00007ff8078fb000 	/usr/lib/libmecabra.dylib
0x00007ff8110a3000 	/usr/lib/libmecab.dylib
0x00007ff8078c6000 	/usr/lib/libCRFSuite.dylib
0x00007ff8110fd000 	/usr/lib/libgermantok.dylib
0x00007ff811c88000 	/usr/lib/libThaiTokenizer.dylib
0x00007ff80d72b000 	/System/Library/Frameworks/Accelerate.framework/Versions/A/Frameworks/vImage.framework/Versions/A/vImage
0x00007ff817db8000 	/System/Library/Frameworks/Accelerate.framework/Versions/A/Frameworks/vecLib.framework/Versions/A/vecLib
0x00007ff812276000 	/System/Library/Frameworks/Accelerate.framework/Versions/A/Frameworks/vecLib.framework/Versions/A/libvMisc.dylib
0x00007ff810aea000 	/System/Library/Frameworks/Accelerate.framework/Versions/A/Frameworks/vecLib.framework/Versions/A/libvDSP.dylib
0x00007ff807542000 	/System/Library/Frameworks/Accelerate.framework/Versions/A/Frameworks/vecLib.framework/Versions/A/libBLAS.dylib
0x00007ff811dbf000 	/System/Library/Frameworks/Accelerate.framework/Versions/A/Frameworks/vecLib.framework/Versions/A/libLAPACK.dylib
0x00007ff811100000 	/System/Library/Frameworks/Accelerate.framework/Versions/A/Frameworks/vecLib.framework/Versions/A/libLinearAlgebra.dylib
0x00007ff811cc5000 	/System/Library/Frameworks/Accelerate.framework/Versions/A/Frameworks/vecLib.framework/Versions/A/libSparseBLAS.dylib
0x00007ff811db9000 	/System/Library/Frameworks/Accelerate.framework/Versions/A/Frameworks/vecLib.framework/Versions/A/libQuadrature.dylib
0x00007ff810416000 	/System/Library/Frameworks/Accelerate.framework/Versions/A/Frameworks/vecLib.framework/Versions/A/libBNNS.dylib
0x00007ff8077dc000 	/System/Library/Frameworks/Accelerate.framework/Versions/A/Frameworks/vecLib.framework/Versions/A/libSparse.dylib
0x00007ff81040f000 	/System/Library/PrivateFrameworks/LinguisticData.framework/Versions/A/LinguisticData
0x00007ff807792000 	/System/Library/PrivateFrameworks/Lexicon.framework/Versions/A/Lexicon
0x00007ff81226f000 	/usr/lib/libChineseTokenizer.dylib
0x00007ff807ef4000 	/System/Library/PrivateFrameworks/LanguageModeling.framework/Versions/A/LanguageModeling
0x00007ff811c8a000 	/System/Library/PrivateFrameworks/AppleSauce.framework/Versions/A/AppleSauce
0x00007ff810cad000 	/System/Library/PrivateFrameworks/CoreEmoji.framework/Versions/A/CoreEmoji
0x00007ff811b8a000 	/usr/lib/libcmph.dylib
0x00007ff80e37e000 	/System/Library/Frameworks/OpenDirectory.framework/Versions/A/Frameworks/CFOpenDirectory.framework/Versions/A/CFOpenDirectory
0x00007ff80e372000 	/System/Library/Frameworks/OpenDirectory.framework/Versions/A/OpenDirectory
0x00007ff8121c8000 	/System/Library/PrivateFrameworks/APFS.framework/Versions/A/APFS
0x00007ff810fca000 	/System/Library/Frameworks/SecurityFoundation.framework/Versions/A/SecurityFoundation
0x00007ff812243000 	/usr/lib/libutil.dylib
0x00007ff8095dc000 	/System/Library/PrivateFrameworks/CoreServicesStore.framework/Versions/A/CoreServicesStore
0x00007ff812247000 	/usr/lib/libxslt.1.dylib
0x00007ff811057000 	/System/Library/PrivateFrameworks/BackgroundTaskManagement.framework/Versions/A/BackgroundTaskManagement
0x00007ff8136b2000 	/System/Library/Frameworks/ImageIO.framework/Versions/A/Resources/libRadiance.dylib
0x00007ff8136bb000 	/System/Library/Frameworks/ImageIO.framework/Versions/A/Resources/libJPEG.dylib
0x00007ff81360c000 	/System/Library/Frameworks/ImageIO.framework/Versions/A/Resources/libPng.dylib
0x00007ff81362d000 	/System/Library/Frameworks/ImageIO.framework/Versions/A/Resources/libTIFF.dylib
0x00007ff81371b000 	/System/Library/Frameworks/ImageIO.framework/Versions/A/Resources/libGIF.dylib
0x00007ff812f47000 	/System/Library/Frameworks/ImageIO.framework/Versions/A/Resources/libJP2.dylib
0x00007ff812685000 	/usr/lib/libexpat.1.dylib
0x00007ff812efc000 	/System/Library/PrivateFrameworks/AppleJPEG.framework/Versions/A/AppleJPEG
0x00007ff80f85f000 	/System/Library/PrivateFrameworks/FontServices.framework/libFontParser.dylib
0x00007ff80d37c000 	/System/Library/PrivateFrameworks/RunningBoardServices.framework/Versions/A/RunningBoardServices
0x00007ff81e067000 	/System/Library/PrivateFrameworks/IOSurfaceAccelerator.framework/Versions/A/IOSurfaceAccelerator
0x00007ff813029000 	/System/Library/PrivateFrameworks/WatchdogClient.framework/Versions/A/WatchdogClient
0x00007ff807fe2000 	/System/Library/Frameworks/CoreDisplay.framework/Versions/A/CoreDisplay
0x00007ff80f75d000 	/System/Library/Frameworks/CoreMedia.framework/Versions/A/CoreMedia
0x00007ff80f5f4000 	/System/Library/PrivateFrameworks/IOAccelerator.framework/Versions/A/IOAccelerator
0x00007ff80e4fb000 	/System/Library/Frameworks/CoreVideo.framework/Versions/A/CoreVideo
0x00007ff811cdb000 	/System/Library/Frameworks/MetalPerformanceShaders.framework/Versions/A/MetalPerformanceShaders
0x00007ff813066000 	/System/Library/Frameworks/VideoToolbox.framework/Versions/A/VideoToolbox
0x00007ff80d2c6000 	/System/Library/PrivateFrameworks/BaseBoard.framework/Versions/A/BaseBoard
0x00007ff80d04d000 	/System/Library/PrivateFrameworks/ProtocolBuffer.framework/Versions/A/ProtocolBuffer
0x00007ff8136ab000 	/System/Library/PrivateFrameworks/GPUWrangler.framework/Versions/A/GPUWrangler
0x00007ff81368f000 	/System/Library/PrivateFrameworks/IOPresentment.framework/Versions/A/IOPresentment
0x00007ff8136b5000 	/System/Library/PrivateFrameworks/DSExternalDisplay.framework/Versions/A/DSExternalDisplay
0x00007ffa1ed10000 	/System/Library/Frameworks/OpenGL.framework/Versions/A/Libraries/libCoreFSCache.dylib
0x00007ffb0b9cc000 	/System/Library/PrivateFrameworks/GPUCompiler.framework/Versions/31001/Libraries/libGPUCompilerUtils.dylib
0x00007ff813720000 	/System/Library/PrivateFrameworks/CMCaptureCore.framework/Versions/A/CMCaptureCore
0x00007ff812c2d000 	/System/Library/PrivateFrameworks/AppServerSupport.framework/Versions/A/AppServerSupport
0x00007ff814eec000 	/System/Library/PrivateFrameworks/perfdata.framework/Versions/A/perfdata
0x00007ff80810e000 	/System/Library/PrivateFrameworks/AudioToolboxCore.framework/Versions/A/AudioToolboxCore
0x00007ff80f73b000 	/System/Library/PrivateFrameworks/caulk.framework/Versions/A/caulk
0x00007ff8147fe000 	/usr/lib/libAudioStatistics.dylib
0x00007ff90bfa6000 	/System/Library/PrivateFrameworks/SystemPolicy.framework/Versions/A/SystemPolicy
0x00007ff814a59000 	/usr/lib/libSMC.dylib
0x00007ff81d962000 	/System/Library/Frameworks/CoreMIDI.framework/Versions/A/CoreMIDI
0x00007ff8135db000 	/usr/lib/libAudioToolboxUtility.dylib
0x00007ff908249000 	/System/Library/PrivateFrameworks/OSAServicesClient.framework/Versions/A/OSAServicesClient
0x00007ff814ef9000 	/usr/lib/libperfcheck.dylib
0x00007ff90ca50000 	/usr/lib/libmis.dylib
0x00007ffa1ed6b000 	/System/Library/Frameworks/OpenGL.framework/Versions/A/Libraries/libGLU.dylib
0x00007ffa1ed2f000 	/System/Library/Frameworks/OpenGL.framework/Versions/A/Libraries/libGFXShared.dylib
0x00007ffa1ef38000 	/System/Library/Frameworks/OpenGL.framework/Versions/A/Libraries/libGL.dylib
0x00007ffa1ed38000 	/System/Library/Frameworks/OpenGL.framework/Versions/A/Libraries/libGLImage.dylib
0x00007ffa1ed2c000 	/System/Library/Frameworks/OpenGL.framework/Versions/A/Libraries/libCVMSPluginSupport.dylib
0x00007ffa1ed17000 	/System/Library/Frameworks/OpenGL.framework/Versions/A/Libraries/libCoreVMClient.dylib
0x00007ff8102a7000 	/System/Library/Frameworks/MetalPerformanceShaders.framework/Versions/A/Frameworks/MPSCore.framework/Versions/A/MPSCore
0x00007ff811673000 	/System/Library/Frameworks/MetalPerformanceShaders.framework/Versions/A/Frameworks/MPSImage.framework/Versions/A/MPSImage
0x00007ff811116000 	/System/Library/Frameworks/MetalPerformanceShaders.framework/Versions/A/Frameworks/MPSNeuralNetwork.framework/Versions/A/MPSNeuralNetwork
0x00007ff81158a000 	/System/Library/Frameworks/MetalPerformanceShaders.framework/Versions/A/Frameworks/MPSMatrix.framework/Versions/A/MPSMatrix
0x00007ff811345000 	/System/Library/Frameworks/MetalPerformanceShaders.framework/Versions/A/Frameworks/MPSRayIntersector.framework/Versions/A/MPSRayIntersector
0x00007ff8115c2000 	/System/Library/Frameworks/MetalPerformanceShaders.framework/Versions/A/Frameworks/MPSNDArray.framework/Versions/A/MPSNDArray
0x00007ffa23c98000 	/System/Library/Frameworks/MetalPerformanceShaders.framework/Versions/A/Frameworks/MPSFunctions.framework/Versions/A/MPSFunctions
0x00007ff80741f000 	/System/Library/PrivateFrameworks/MetalTools.framework/Versions/A/MetalTools
0x00007ff810323000 	/System/Library/PrivateFrameworks/AggregateDictionary.framework/Versions/A/AggregateDictionary
0x00007ff812467000 	/usr/lib/libIOReport.dylib
0x00007ffa20347000 	/System/Library/Frameworks/OpenCL.framework/Versions/A/OpenCL
0x00007ff8127cb000 	/System/Library/PrivateFrameworks/FaceCore.framework/Versions/A/FaceCore
0x00007ff8127bc000 	/System/Library/PrivateFrameworks/GraphVisualizer.framework/Versions/A/GraphVisualizer
0x00007ffb0b8d7000 	/System/Library/PrivateFrameworks/FontServices.framework/Versions/A/FontServices
0x00007ff812be5000 	/System/Library/PrivateFrameworks/OTSVG.framework/Versions/A/OTSVG
0x00007ff80e0e2000 	/System/Library/Frameworks/ApplicationServices.framework/Versions/A/Frameworks/ATS.framework/Versions/A/Resources/libFontRegistry.dylib
0x00007ff812c35000 	/System/Library/PrivateFrameworks/FontServices.framework/libhvf.dylib
0x00007ffb0b8d8000 	/System/Library/PrivateFrameworks/FontServices.framework/libXTFontStaticRegistryData.dylib
0x00007ff812635000 	/System/Library/PrivateFrameworks/AppleVA.framework/Versions/A/AppleVA
0x00007ff81481e000 	/System/Library/Frameworks/ApplicationServices.framework/Versions/A/Frameworks/ATS.framework/Versions/A/ATS
0x00007ff80c794000 	/System/Library/Frameworks/ApplicationServices.framework/Versions/A/Frameworks/HIServices.framework/Versions/A/HIServices
0x00007ff81372a000 	/System/Library/Frameworks/ApplicationServices.framework/Versions/A/Frameworks/PrintCore.framework/Versions/A/PrintCore
0x00007ff814bac000 	/System/Library/Frameworks/ApplicationServices.framework/Versions/A/Frameworks/QD.framework/Versions/A/QD
0x00007ff814ba4000 	/System/Library/Frameworks/ApplicationServices.framework/Versions/A/Frameworks/ColorSyncLegacy.framework/Versions/A/ColorSyncLegacy
0x00007ff81480e000 	/System/Library/Frameworks/ApplicationServices.framework/Versions/A/Frameworks/SpeechSynthesis.framework/Versions/A/SpeechSynthesis
0x00007ff8136eb000 	/System/Library/Frameworks/ApplicationServices.framework/Versions/A/Frameworks/ATSUI.framework/Versions/A/ATSUI
0x00007ff814b39000 	/usr/lib/libcups.2.dylib
0x00007ff814f08000 	/System/Library/Frameworks/Kerberos.framework/Versions/A/Kerberos
0x00007ff814f17000 	/System/Library/Frameworks/GSS.framework/Versions/A/GSS
0x00007ff81488a000 	/usr/lib/libresolv.9.dylib
0x00007ff812c44000 	/System/Library/PrivateFrameworks/Heimdal.framework/Versions/A/Heimdal
0x00007ff81bae4000 	/System/Library/Frameworks/Kerberos.framework/Versions/A/Libraries/libHeimdalProxy.dylib
0x00007ff80d44f000 	/System/Library/Frameworks/Network.framework/Versions/A/Network
0x00007ff81269f000 	/usr/lib/libheimdal-asn1.dylib
0x00007ff814f62000 	/System/Library/PrivateFrameworks/CommonAuth.framework/Versions/A/CommonAuth
0x00007ff814790000 	/System/Library/PrivateFrameworks/AudioSession.framework/Versions/A/AudioSession
0x00007ff81272f000 	/System/Library/PrivateFrameworks/MediaExperience.framework/Versions/A/MediaExperience
0x00007ff814623000 	/System/Library/PrivateFrameworks/AudioSession.framework/libSessionUtility.dylib
0x00007ff814bb8000 	/System/Library/PrivateFrameworks/AudioResourceArbitration.framework/Versions/A/AudioResourceArbitration
0x00007ff818c2b000 	/System/Library/PrivateFrameworks/PowerLog.framework/Versions/A/PowerLog
0x00007ff8126a8000 	/System/Library/PrivateFrameworks/IconFoundation.framework/Versions/A/IconFoundation
0x00007ff8179e1000 	/System/Library/PrivateFrameworks/SpeechRecognitionCore.framework/Versions/A/SpeechRecognitionCore
0x000000010f633000 	/Library/Java/JavaVirtualMachines/jdk-17.0.2.jdk/Contents/Home/lib/server/libjvm.dylib
0x000000010e639000 	/Library/Java/JavaVirtualMachines/jdk-17.0.2.jdk/Contents/Home/lib/libjimage.dylib
0x000000010e6b7000 	/Library/Java/JavaVirtualMachines/jdk-17.0.2.jdk/Contents/Home/lib/libjava.dylib
0x000000010f51d000 	/Library/Java/JavaVirtualMachines/jdk-17.0.2.jdk/Contents/Home/lib/libnio.dylib
0x000000010f557000 	/Library/Java/JavaVirtualMachines/jdk-17.0.2.jdk/Contents/Home/lib/libnet.dylib
0x000000010f539000 	/Library/Java/JavaVirtualMachines/jdk-17.0.2.jdk/Contents/Home/lib/libzip.dylib
0x000000010f577000 	/Users/felix/.openjfx/cache/17.0.1/libprism_es2.dylib
0x00007ff80959e000 	/System/Library/PrivateFrameworks/CoreServicesInternal.framework/Versions/A/CoreServicesInternal
0x00007ffa1ef43000 	/System/Library/Frameworks/OpenGL.framework/Versions/A/Resources/GLEngine.bundle/GLEngine
0x00007ffa1eda9000 	/System/Library/Frameworks/OpenGL.framework/Versions/A/Libraries/libGLProgrammability.dylib
0x00007ffa17717000 	/System/Library/Extensions/AppleIntelBDWGraphicsGLDriver.bundle/Contents/MacOS/AppleIntelBDWGraphicsGLDriver
0x00007ff916b8a000 	/System/Library/PrivateFrameworks/GPUSupport.framework/Versions/A/Libraries/libGPUSupportMercury.dylib
0x00007ffa1f0cd000 	/System/Library/Frameworks/OpenGL.framework/Versions/A/Resources/GLRendererFloat.bundle/GLRendererFloat
0x00000001172c0000 	/Users/felix/.openjfx/cache/17.0.1/libglass.dylib
0x00007ff81921c000 	/System/Library/Frameworks/FileProvider.framework/Versions/A/FileProvider
0x00007ff80d233000 	/System/Library/Frameworks/Accounts.framework/Versions/A/Accounts
0x00007ff819395000 	/System/Library/PrivateFrameworks/GenerationalStorage.framework/Versions/A/GenerationalStorage
0x00007ff819ea8000 	/System/Library/PrivateFrameworks/CoreSymbolication.framework/Versions/A/CoreSymbolication
0x00007ff818c20000 	/System/Library/PrivateFrameworks/SymptomDiagnosticReporter.framework/Versions/A/SymptomDiagnosticReporter
0x00007ff80a85c000 	/System/Library/PrivateFrameworks/DesktopServicesPriv.framework/Versions/A/DesktopServicesPriv
0x00007ff8096dd000 	/usr/lib/libsandbox.1.dylib
0x00007ff80e57a000 	/System/Library/PrivateFrameworks/UserManagement.framework/Versions/A/UserManagement
0x00007ff819e6d000 	/System/Library/PrivateFrameworks/DebugSymbols.framework/Versions/A/DebugSymbols
0x00007ff814b99000 	/System/Library/PrivateFrameworks/NetAuth.framework/Versions/A/NetAuth
0x00007ff815aa6000 	/System/Library/PrivateFrameworks/Sharing.framework/Versions/A/Sharing
0x00007ff80e54d000 	/System/Library/PrivateFrameworks/login.framework/Versions/A/Frameworks/loginsupport.framework/Versions/A/loginsupport
0x00007ff81b00b000 	/System/Library/PrivateFrameworks/Apple80211.framework/Versions/A/Apple80211
0x00007ff811758000 	/System/Library/PrivateFrameworks/AuthKit.framework/Versions/A/AuthKit
0x00007ff810da3000 	/System/Library/PrivateFrameworks/CoreUtils.framework/Versions/A/CoreUtils
0x00007ff810cca000 	/System/Library/Frameworks/CoreWLAN.framework/Versions/A/CoreWLAN
0x00007ff815c05000 	/System/Library/Frameworks/IOBluetooth.framework/Versions/A/IOBluetooth
0x00007ff81b073000 	/System/Library/PrivateFrameworks/CoreWiFi.framework/Versions/A/CoreWiFi
0x00007ff819a3f000 	/System/Library/PrivateFrameworks/FrontBoardServices.framework/Versions/A/FrontBoardServices
0x00007ff819ad0000 	/System/Library/PrivateFrameworks/BoardServices.framework/Versions/A/BoardServices
0x00007ff810fb9000 	/System/Library/PrivateFrameworks/AssertionServices.framework/Versions/A/AssertionServices
0x00007ff81b1f6000 	/System/Library/PrivateFrameworks/BackBoardServices.framework/Versions/A/BackBoardServices
0x00007ff814ff3000 	/System/Library/PrivateFrameworks/CorePhoneNumbers.framework/Versions/A/CorePhoneNumbers
0x00007ff818d3d000 	/System/Library/PrivateFrameworks/DiskManagement.framework/Versions/A/DiskManagement
0x00007ff818c51000 	/System/Library/PrivateFrameworks/AppleIDAuthSupport.framework/Versions/A/AppleIDAuthSupport
0x00007ffa26259000 	/System/Library/PrivateFrameworks/AAAFoundation.framework/Versions/A/AAAFoundation
0x00007ff814fd4000 	/System/Library/PrivateFrameworks/KeychainCircle.framework/Versions/A/KeychainCircle
0x00007ff818d09000 	/System/Library/PrivateFrameworks/MediaKit.framework/Versions/A/MediaKit
0x00007ff818c5d000 	/System/Library/Frameworks/DiscRecording.framework/Versions/A/DiscRecording
0x00007ff8125ad000 	/usr/lib/libCoreStorage.dylib
0x00007ff81b4e4000 	/usr/lib/libcsfde.dylib
0x00007ff815cd2000 	/System/Library/PrivateFrameworks/ProtectedCloudStorage.framework/Versions/A/ProtectedCloudStorage
0x00007ff81b4e0000 	/System/Library/PrivateFrameworks/EFILogin.framework/Versions/A/EFILogin
0x00007ff8193bb000 	/System/Library/PrivateFrameworks/OctagonTrust.framework/Versions/A/OctagonTrust
0x00007ffb0ab46000 	/System/Library/PrivateFrameworks/CoreUtilsExtras.framework/Versions/A/CoreUtilsExtras
0x00007ff818b84000 	/System/Library/Frameworks/CoreBluetooth.framework/Versions/A/CoreBluetooth
0x00007ff81bb69000 	/System/Library/Frameworks/AudioUnit.framework/Versions/A/AudioUnit
0x00007ff8125a5000 	/usr/lib/libMatch.1.dylib
0x00007ff911029000 	/System/Library/Frameworks/Accelerate.framework/Versions/A/Frameworks/vImage.framework/Versions/A/Libraries/libCGInterfaces.dylib
0x00000001177be000 	/usr/lib/libobjc-trampolines.dylib
0x00007ff91a679000 	/System/Library/PrivateFrameworks/AccessibilitySupport.framework/Versions/A/Frameworks/AccessibilityFoundation.framework/Versions/A/AccessibilityFoundation
0x00007ff812cfb000 	/System/Library/PrivateFrameworks/login.framework/Versions/A/login
0x00007ff80e272000 	/System/Library/PrivateFrameworks/ViewBridge.framework/Versions/A/ViewBridge
0x00007ffb1e332000 	/usr/lib/libRosetta.dylib
0x0000000134c67000 	/Users/felix/.openjfx/cache/17.0.1/libjavafx_font.dylib
0x000000013a16f000 	/Library/Java/JavaVirtualMachines/jdk-17.0.2.jdk/Contents/Home/lib/libawt.dylib
0x000000013a22f000 	/Library/Java/JavaVirtualMachines/jdk-17.0.2.jdk/Contents/Home/lib/libmlib_image.dylib
0x00007ffa23c01000 	/System/Library/Frameworks/JavaRuntimeSupport.framework/Versions/A/JavaRuntimeSupport
0x00007ff90bacb000 	/System/Library/Frameworks/Carbon.framework/Versions/A/Carbon
0x00007ff81f3f5000 	/System/Library/Frameworks/Carbon.framework/Versions/A/Frameworks/CommonPanels.framework/Versions/A/CommonPanels
0x00007ff81b4dc000 	/System/Library/Frameworks/Carbon.framework/Versions/A/Frameworks/Help.framework/Versions/A/Help
0x00007ff81f3f9000 	/System/Library/Frameworks/Carbon.framework/Versions/A/Frameworks/ImageCapture.framework/Versions/A/ImageCapture
0x00007ff81f3c9000 	/System/Library/Frameworks/Carbon.framework/Versions/A/Frameworks/OpenScripting.framework/Versions/A/OpenScripting
0x00007ff81f3f1000 	/System/Library/Frameworks/Carbon.framework/Versions/A/Frameworks/Ink.framework/Versions/A/Ink
0x00007ff90bac7000 	/System/Library/Frameworks/Carbon.framework/Versions/A/Frameworks/Print.framework/Versions/A/Print
0x00007ff81f3ed000 	/System/Library/Frameworks/Carbon.framework/Versions/A/Frameworks/SecurityHI.framework/Versions/A/SecurityHI
0x000000013a6e0000 	/Library/Java/JavaVirtualMachines/jdk-17.0.2.jdk/Contents/Home/lib/libawt_lwawt.dylib
0x0000000134cef000 	/Library/Java/JavaVirtualMachines/jdk-17.0.2.jdk/Contents/Home/lib/libosxapp.dylib
0x00007ff90aeb5000 	/System/Library/Frameworks/ExceptionHandling.framework/Versions/A/ExceptionHandling
0x000000013ab5c000 	/Library/Java/JavaVirtualMachines/jdk-17.0.2.jdk/Contents/Home/lib/libfontmanager.dylib
0x000000013a372000 	/Library/Java/JavaVirtualMachines/jdk-17.0.2.jdk/Contents/Home/lib/libfreetype.dylib
0x0000000134d17000 	/Library/Java/JavaVirtualMachines/jdk-17.0.2.jdk/Contents/Home/lib/libosxui.dylib
0x00007ff8180fd000 	/System/Library/PrivateFrameworks/SystemAdministration.framework/Versions/A/SystemAdministration
0x00007ff813954000 	/System/Library/Frameworks/MediaToolbox.framework/Versions/A/MediaToolbox
0x00007ff8179ad000 	/System/Library/Frameworks/DirectoryService.framework/Versions/A/DirectoryService
0x00007ff81b382000 	/System/Library/PrivateFrameworks/DiskImages.framework/Versions/A/DiskImages
0x00007ff811061000 	/System/Library/Frameworks/ServiceManagement.framework/Versions/A/ServiceManagement
0x00007ff81b55e000 	/System/Library/PrivateFrameworks/LoginUIKit.framework/Versions/A/Frameworks/LoginUICore.framework/Versions/A/LoginUICore
0x00007ff812ea4000 	/usr/lib/libodfde.dylib
0x00007ff8191ec000 	/System/Library/PrivateFrameworks/CoreAVCHD.framework/Versions/A/CoreAVCHD
0x00007ff8180c1000 	/System/Library/Frameworks/MediaAccessibility.framework/Versions/A/MediaAccessibility
0x00007ff8191e8000 	/System/Library/PrivateFrameworks/Mangrove.framework/Versions/A/Mangrove
0x00007ff8180cc000 	/System/Library/PrivateFrameworks/AlgosScoreFramework.framework/Versions/A/AlgosScoreFramework
0x00007ffb07e40000 	/System/Library/PrivateFrameworks/CMPhoto.framework/Versions/A/CMPhoto
0x00007ff819d43000 	/System/Library/PrivateFrameworks/AppleVPA.framework/Versions/A/AppleVPA
0x00007ff818e2d000 	/System/Library/PrivateFrameworks/CoreAUC.framework/Versions/A/CoreAUC
0x00007ff81b4f0000 	/usr/lib/libcurl.4.dylib
0x00007ffb1e79e000 	/usr/lib/libcrypto.46.dylib
0x00007ffb1ec8f000 	/usr/lib/libssl.48.dylib
0x00007ff81b214000 	/System/Library/Frameworks/LDAP.framework/Versions/A/LDAP
0x00007ff81b24c000 	/System/Library/PrivateFrameworks/TrustEvaluationAgent.framework/Versions/A/TrustEvaluationAgent
0x00007ff8148a3000 	/usr/lib/libsasl2.2.dylib
0x00007ff8180f1000 	/System/Library/PrivateFrameworks/CoreDaemon.framework/Versions/B/CoreDaemon
0x00007ff8180ec000 	/System/Library/PrivateFrameworks/AppleSRP.framework/Versions/A/AppleSRP
0x00007ffa1611b000 	/System/Library/Extensions/AppleIntelBDWGraphicsMTLDriver.bundle/Contents/MacOS/AppleIntelBDWGraphicsMTLDriver
0x00007ff90ca6b000 	/System/Library/PrivateFrameworks/GPURawCounter.framework/Versions/A/GPURawCounter


VM Arguments:
jvm_args: -XX:+ShowCodeDetailsInExceptionMessages --module-path=/Users/felix/Hauptordner/Universität/A1S2/1PP/Project/course-project-by-lucas-felix/target/classes:/Users/felix/.m2/repository/org/openjfx/javafx-controls/17.0.1/javafx-controls-17.0.1-mac.jar:/Users/felix/.m2/repository/org/openjfx/javafx-graphics/17.0.1/javafx-graphics-17.0.1-mac.jar:/Users/felix/.m2/repository/org/openjfx/javafx-base/17.0.1/javafx-base-17.0.1-mac.jar:/Users/felix/.m2/repository/org/openjfx/javafx-fxml/17.0.1/javafx-fxml-17.0.1-mac.jar -Djdk.module.main=projectgrouplf 
java_command: projectgrouplf/projectgrouplf.Launcher
java_class_path (initial): /Users/felix/.m2/repository/org/apache/commons/commons-lang3/3.10/commons-lang3-3.10.jar:/Users/felix/.m2/repository/org/openjfx/javafx-controls/17.0.1/javafx-controls-17.0.1.jar:/Users/felix/.m2/repository/org/openjfx/javafx-graphics/17.0.1/javafx-graphics-17.0.1.jar:/Users/felix/.m2/repository/org/openjfx/javafx-base/17.0.1/javafx-base-17.0.1.jar:/Users/felix/.m2/repository/org/openjfx/javafx-fxml/17.0.1/javafx-fxml-17.0.1.jar
Launcher Type: SUN_STANDARD

[Global flags]
     intx CICompilerCount                          = 3                                         {product} {ergonomic}
     uint ConcGCThreads                            = 1                                         {product} {ergonomic}
     uint G1ConcRefinementThreads                  = 4                                         {product} {ergonomic}
   size_t G1HeapRegionSize                         = 1048576                                   {product} {ergonomic}
    uintx GCDrainStackTargetSize                   = 64                                        {product} {ergonomic}
   size_t InitialHeapSize                          = 134217728                                 {product} {ergonomic}
   size_t MarkStackSize                            = 4194304                                   {product} {ergonomic}
   size_t MaxHeapSize                              = 2147483648                                {product} {ergonomic}
   size_t MaxNewSize                               = 1287651328                                {product} {ergonomic}
   size_t MinHeapDeltaBytes                        = 1048576                                   {product} {ergonomic}
   size_t MinHeapSize                              = 8388608                                   {product} {ergonomic}
    uintx NonNMethodCodeHeapSize                   = 5832780                                {pd product} {ergonomic}
    uintx NonProfiledCodeHeapSize                  = 122912730                              {pd product} {ergonomic}
    uintx ProfiledCodeHeapSize                     = 122912730                              {pd product} {ergonomic}
    uintx ReservedCodeCacheSize                    = 251658240                              {pd product} {ergonomic}
     bool SegmentedCodeCache                       = true                                      {product} {ergonomic}
     bool ShowCodeDetailsInExceptionMessages       = true                                   {manageable} {command line}
   size_t SoftMaxHeapSize                          = 2147483648                             {manageable} {ergonomic}
     bool UseCompressedClassPointers               = true                           {product lp64_product} {ergonomic}
     bool UseCompressedOops                        = true                           {product lp64_product} {ergonomic}
     bool UseG1GC                                  = true                                      {product} {ergonomic}
     bool UseNUMA                                  = false                                     {product} {ergonomic}
     bool UseNUMAInterleaving                      = false                                     {product} {ergonomic}

Logging:
Log output configuration:
 #0: stdout all=warning uptime,level,tags
 #1: stderr all=off uptime,level,tags

Environment Variables:
PATH=/usr/local/bin:/usr/bin:/bin:/usr/sbin:/sbin:/Library/Apple/usr/bin
SHELL=/bin/bash
LANG=de_DE.UTF-8

Signal Handlers:
   SIGSEGV: _ZL13crash_handleriP9__siginfoPv in libjvm.dylib, mask=11100110000111110111111111111111, flags=SA_RESTART|SA_SIGINFO
    SIGBUS: _ZL13crash_handleriP9__siginfoPv in libjvm.dylib, mask=11100110000111110111111111111111, flags=SA_RESTART|SA_SIGINFO
    SIGFPE: _ZL13crash_handleriP9__siginfoPv in libjvm.dylib, mask=11100110000111110111111111111111, flags=SA_RESTART|SA_SIGINFO
   SIGPIPE: _ZL17javaSignalHandleriP9__siginfoPv in libjvm.dylib, mask=11100110000111110111111111111111, flags=SA_RESTART|SA_SIGINFO
   SIGXFSZ: _ZL17javaSignalHandleriP9__siginfoPv in libjvm.dylib, mask=11100110000111110111111111111111, flags=SA_RESTART|SA_SIGINFO
    SIGILL: _ZL13crash_handleriP9__siginfoPv in libjvm.dylib, mask=11100110000111110111111111111111, flags=SA_RESTART|SA_SIGINFO
   SIGUSR2: _ZL10SR_handleriP9__siginfoP17__darwin_ucontext in libjvm.dylib, mask=00000000000000000000000000000000, flags=SA_RESTART|SA_SIGINFO
    SIGHUP: _ZL11UserHandleriPvS_ in libjvm.dylib, mask=11100110000111110111111111111111, flags=SA_RESTART|SA_SIGINFO
    SIGINT: _ZL11UserHandleriPvS_ in libjvm.dylib, mask=11100110000111110111111111111111, flags=SA_RESTART|SA_SIGINFO
   SIGTERM: _ZL11UserHandleriPvS_ in libjvm.dylib, mask=11100110000111110111111111111111, flags=SA_RESTART|SA_SIGINFO
   SIGQUIT: _ZL11UserHandleriPvS_ in libjvm.dylib, mask=11100110000111110111111111111111, flags=SA_RESTART|SA_SIGINFO
   SIGTRAP: _ZL13crash_handleriP9__siginfoPv in libjvm.dylib, mask=11100110000111110111111111111111, flags=SA_RESTART|SA_SIGINFO


---------------  S Y S T E M  ---------------

OS:
uname: Darwin 21.4.0 Darwin Kernel Version 21.4.0: Fri Mar 18 00:45:05 PDT 2022; root:xnu-8020.101.4~15/RELEASE_X86_64 x86_64
OS uptime: 1 days 20:14 hours
rlimit (soft/hard): STACK 8192k/65532k , CORE 0k/infinity , NPROC 1392/2088 , NOFILE 10240/infinity , AS infinity/infinity , CPU infinity/infinity , DATA infinity/infinity , FSIZE infinity/infinity , MEMLOCK infinity/infinity , RSS infinity/infinity
load average: 15,11 9,35 7,93

CPU: total 4 (initial active 4) (2 cores per cpu, 2 threads per core) family 6 model 61 stepping 4 microcode 0x2f, cx8, cmov, fxsr, ht, mmx, 3dnowpref, sse, sse2, sse3, ssse3, sse4.1, sse4.2, popcnt, lzcnt, tsc, tscinvbit, avx, avx2, aes, erms, clmul, bmi1, bmi2, adx, fma, vzeroupper, clflush

Memory: 4k page, physical 8388608k(44932k free), swap 1048576k(696064k free)

vm_info: Java HotSpot(TM) 64-Bit Server VM (17.0.2+8-LTS-86) for bsd-amd64 JRE (17.0.2+8-LTS-86), built on Dec  7 2021 21:56:25 by "mach5one" with clang Apple LLVM 12.0.0 (clang-1200.0.32.29)

END.
