#
# A fatal error has been detected by the Java Runtime Environment:
#
#  SIGSEGV (0xb) at pc=0x0000000104a37265, pid=16938, tid=259
#
# JRE version: Java(TM) SE Runtime Environment (17.0.2+8) (build 17.0.2+8-LTS-86)
# Java VM: Java HotSpot(TM) 64-Bit Server VM (17.0.2+8-LTS-86, mixed mode, sharing, tiered, compressed oops, compressed class ptrs, g1 gc, bsd-amd64)
# Problematic frame:
# V  [libjvm.dylib+0x55e265]  jni_NewLocalRef+0x35
#
# No core dump will be written. Core dumps have been disabled. To enable core dumping, try "ulimit -c unlimited" before starting Java again
#
# If you would like to submit a bug report, please visit:
#   https://bugreport.java.com/bugreport/crash.jsp
#

---------------  S U M M A R Y ------------

Command Line: -XX:+ShowCodeDetailsInExceptionMessages --module-path=/Users/felix/Hauptordner/Universität/A1S2/1PP/Project/course-project-by-lucas-felix/target/classes:/Users/felix/.m2/repository/org/openjfx/javafx-controls/17.0.1/javafx-controls-17.0.1-mac.jar:/Users/felix/.m2/repository/org/openjfx/javafx-graphics/17.0.1/javafx-graphics-17.0.1-mac.jar:/Users/felix/.m2/repository/org/openjfx/javafx-base/17.0.1/javafx-base-17.0.1-mac.jar:/Users/felix/.m2/repository/org/openjfx/javafx-fxml/17.0.1/javafx-fxml-17.0.1-mac.jar -Djdk.module.main=projectgrouplf projectgrouplf/projectgrouplf.Launcher

Host: "MacBookPro12,1" x86_64 2700 MHz, 4 cores, 8G, Darwin 21.4.0, macOS 12.3.1 (21E258)
Time: Sun May 29 12:03:16 2022 CEST elapsed time: 18.432811 seconds (0d 0h 0m 18s)

---------------  T H R E A D  ---------------

Current thread is native thread

Stack: [0x00007ff7bc379000,0x00007ff7bcb79000],  sp=0x00007ff7bcb74be0,  free space=8174k
Native frames: (J=compiled Java code, j=interpreted, Vv=VM code, C=native code)
V  [libjvm.dylib+0x55e265]  jni_NewLocalRef+0x35
C  [libawt_lwawt.dylib+0x2d720]  -[CGLLayer drawInCGLContext:pixelFormat:forLayerTime:displayTime:]+0x2b0
C  [QuartzCore+0xc121e]  _ZL17CAOpenGLLayerDrawP13CAOpenGLLayerdPK11CVTimeStampj+0x7dd
C  [QuartzCore+0xc0863]  -[CAOpenGLLayer _display]+0x249
C  [QuartzCore+0x20951]  _ZN2CA5Layer17display_if_neededEPNS_11TransactionE+0x369
C  [QuartzCore+0x177336]  _ZN2CA7Context18commit_transactionEPNS_11TransactionEdPd+0x280
C  [QuartzCore+0x2231]  _ZN2CA11Transaction6commitEv+0x309
C  [QuartzCore+0x1ac6d6]  _ZN2CA11Transaction25flush_as_runloop_observerEb+0x80
C  [CoreFoundation+0x7ee90]  __CFRUNLOOP_IS_CALLING_OUT_TO_AN_OBSERVER_CALLBACK_FUNCTION__+0x17
C  [CoreFoundation+0x7ed22]  __CFRunLoopDoObservers+0x21f
C  [CoreFoundation+0x7e2d7]  __CFRunLoopRun+0x46b
C  [CoreFoundation+0x7d7ac]  CFRunLoopRunSpecific+0x232
C  [libjli.dylib+0x70b2]  CreateExecutionEnvironment+0x182
C  [libjli.dylib+0x2c15]  JLI_Launch+0x585
C  [java+0x3c09]  main+0x189
C  0x000000010b14551e


siginfo: si_signo: 11 (SIGSEGV), si_code: 1 (SEGV_MAPERR), si_addr: 0x0000000000000338

Registers:
RAX=0x000000000000dead, RBX=0x0000000104a37230, RCX=0x000000010b1c0600, RDX=0x00007fac957ba000
RSP=0x00007ff7bcb74be0, RBP=0x00007ff7bcb74c20, RSI=0x00007fac958a8289, RDI=0x00007fac9533d800
R8 =0x0000000000000000, R9 =0x0000000000000000, R10=0x000000012a02c8e8, R11=0x0000000129f7b8b0
R12=0x00007fac957ba000, R13=0x00006000014b7c80, R14=0x00007fac958a8289, R15=0x0000000000000000
RIP=0x0000000104a37265, EFLAGS=0x0000000000010246, ERR=0x0000000000000006
  TRAPNO=0x000000000000000e

Top of Stack: (sp=0x00007ff7bcb74be0)
0x00007ff7bcb74be0:   00007fac96c3a000 00007fac9589c8d0
0x00007ff7bcb74bf0:   00007ff7bcb74c10 0000000129c4de6d
0x00007ff7bcb74c00:   0000000000000010 0000000104a37230
0x00007ff7bcb74c10:   00006000014b7c80 00007fac9533daa8
0x00007ff7bcb74c20:   00007ff7bcb74c80 0000000129f7b720
0x00007ff7bcb74c30:   00007fac957ba000 00007fac957ba000
0x00007ff7bcb74c40:   0000000000000000 40e9db81bda0c033
0x00007ff7bcb74c50:   0000600002f18c80 00007ff806b12400
0x00007ff7bcb74c60:   0000600002275950 00006000014b7c80
0x00007ff7bcb74c70:   00006000014b7c80 00007fac96f087d0
0x00007ff7bcb74c80:   00007ff7bcb74d40 00007ff80de9321e
0x00007ff7bcb74c90:   00006000001e59a0 0000000000000000
0x00007ff7bcb74ca0:   00006000014b7c80 0000000000000000
0x00007ff7bcb74cb0:   00000004014b7c80 0000000000000000
0x00007ff7bcb74cc0:   40e9db81bda0c033 0000000000000000
0x00007ff7bcb74cd0:   d61ea0f7be4900a7 0000600002500c60
0x00007ff7bcb74ce0:   0000000000000004 0000000000000000
0x00007ff7bcb74cf0:   0000000000000000 00007ff7bcb74d18
0x00007ff7bcb74d00:   00007ff700000000 00007ff80de1331f
0x00007ff7bcb74d10:   d61ea0f7be4900a7 00007ff806b12400
0x00007ff7bcb74d20:   0000000000000004 0000000000000000
0x00007ff7bcb74d30:   00006000014b7c80 00007ff82138a61c
0x00007ff7bcb74d40:   00007ff7bcb74dc0 00007ff80de92863
0x00007ff7bcb74d50:   00007fac96e087e0 4065800000000000
0x00007ff7bcb74d60:   4069000000000000 4000000000000000
0x00007ff7bcb74d70:   0000000000000000 0000000000000000
0x00007ff7bcb74d80:   4069000000000000 4065800000000000
0x00007ff7bcb74d90:   d61ea0f7be4900a7 00007ff7bcb74e90
0x00007ff7bcb74da0:   00007fac96f05ba0 00007fac96f052c0
0x00007ff7bcb74db0:   00007ff8214073d2 00007fac96279a00
0x00007ff7bcb74dc0:   00007ff7bcb75e90 00007ff80ddf2951
0x00007ff7bcb74dd0:   0000000000000000 00007ff80ddf27cb 

Instructions: (pc=0x0000000104a37265)
0x0000000104a37165:   ff 74 11 41 f6 c7 01 75 17 4c 89 ff ff 15 29 73
0x0000000104a37175:   6e 00 eb 18 45 31 ff 4d 85 f6 75 18 31 c0 eb 31
0x0000000104a37185:   49 ff cf 4c 89 ff ff 15 17 73 6e 00 49 89 c7 4d
0x0000000104a37195:   85 f6 74 e8 41 f6 c6 01 75 0b 4c 89 f7 ff 15 f8
0x0000000104a371a5:   72 6e 00 eb 0c 49 ff ce 4c 89 f7 ff 15 f2 72 6e
0x0000000104a371b5:   00 45 31 f6 49 39 c7 41 0f 94 c7 49 8b 9c 24 e8
0x0000000104a371c5:   00 00 00 48 8b 43 10 48 83 38 00 74 0c 48 89 df
0x0000000104a371d5:   e8 e6 71 f4 ff 48 8b 43 10 48 8b 4b 08 48 89 41
0x0000000104a371e5:   10 48 8b 43 08 48 8b 4b 18 48 89 48 18 48 8b 43
0x0000000104a371f5:   08 48 8b 4b 20 48 89 48 20 49 8d bc 24 88 02 00
0x0000000104a37205:   00 4c 89 e6 e8 f2 36 e9 ff 41 c7 84 24 38 03 00
0x0000000104a37215:   00 04 00 00 00 45 88 fe 44 89 f0 5b 41 5c 41 5e
0x0000000104a37225:   41 5f 5d c3 0f 1f 80 00 00 00 00 55 48 89 e5 41
0x0000000104a37235:   57 41 56 53 48 83 ec 28 49 89 ff b8 55 21 ff ff
0x0000000104a37245:   03 87 b8 00 00 00 49 89 f6 49 81 c7 58 fd ff ff
0x0000000104a37255:   83 f8 02 72 0b 4c 89 ff e8 fe 32 49 00 45 31 ff
0x0000000104a37265:   41 c7 87 38 03 00 00 05 00 00 00 f0 83 04 24 00
0x0000000104a37275:   49 8b 87 40 03 00 00 48 a9 01 00 00 00 74 0d 4c
0x0000000104a37285:   89 ff be 01 00 00 00 e8 3f 66 3b 00 41 83 bf 2c
0x0000000104a37295:   03 00 00 00 75 0d 41 f7 87 28 03 00 00 0c 00 00
0x0000000104a372a5:   00 74 0a 4c 89 ff 31 f6 e8 be 49 49 00 41 c7 87
0x0000000104a372b5:   38 03 00 00 06 00 00 00 4c 89 7d c8 48 c7 45 d0
0x0000000104a372c5:   00 00 00 00 49 83 7f 08 00 74 09 48 8d 7d c8 e8
0x0000000104a372d5:   a7 9e 36 00 4d 85 f6 74 11 41 f6 c6 01 75 0f 4c
0x0000000104a372e5:   89 f7 ff 15 23 80 6e 00 eb 10 31 f6 eb 0f 49 ff
0x0000000104a372f5:   ce 4c 89 f7 ff 15 51 7f 6e 00 48 89 c6 4c 89 ff
0x0000000104a37305:   ba 01 00 00 00 e8 21 8c 03 00 49 89 c6 48 83 7d
0x0000000104a37315:   d0 00 74 09 48 8d 7d c8 e8 ee 9e 36 00 49 8b 9f
0x0000000104a37325:   e8 00 00 00 48 8b 43 10 48 83 38 00 74 0c 48 89
0x0000000104a37335:   df e8 85 70 f4 ff 48 8b 43 10 48 8b 4b 08 48 89
0x0000000104a37345:   41 10 48 8b 43 08 48 8b 4b 18 48 89 48 18 48 8b
0x0000000104a37355:   43 08 48 8b 4b 20 48 89 48 20 49 8d bf 88 02 00 



---------------  P R O C E S S  ---------------

VM state: not at safepoint (normal execution)

VM Mutex/Monitor currently owned by a thread: None

Heap address: 0x0000000780000000, size: 2048 MB, Compressed Oops mode: Zero based, Oop shift amount: 3

CDS archive(s) mapped at: [0x0000000800000000-0x0000000800bd8000-0x0000000800bd8000), size 12419072, SharedBaseAddress: 0x0000000800000000, ArchiveRelocationMode: 0.
Compressed class space mapped at: 0x0000000800c00000-0x0000000840c00000, reserved size: 1073741824
Narrow klass base: 0x0000000800000000, Narrow klass shift: 0, Narrow klass range: 0x100000000

GC Precious Log:
<Skipped>

Heap:
 garbage-first heap   total 133120K, used 25988K [0x0000000780000000, 0x0000000800000000)
  region size 1024K, 21 young (21504K), 3 survivors (3072K)
 Metaspace       used 19236K, committed 19456K, reserved 1073152K
  class space    used 2633K, committed 2752K, reserved 1048576K

Heap Regions: E=young(eden), S=young(survivor), O=old, HS=humongous(starts), HC=humongous(continues), CS=collection set, F=free, OA=open archive, CA=closed archive, TAMS=top-at-mark-start (previous, next)
|   0|0x0000000780000000, 0x0000000780100000, 0x0000000780100000|100%| O|  |TAMS 0x0000000780000000, 0x0000000780000000| Untracked 
|   1|0x0000000780100000, 0x0000000780200000, 0x0000000780200000|100%| O|  |TAMS 0x0000000780100000, 0x0000000780100000| Untracked 
|   2|0x0000000780200000, 0x000000078026ba00, 0x0000000780300000| 42%| O|  |TAMS 0x0000000780200000, 0x0000000780200000| Untracked 
|   3|0x0000000780300000, 0x0000000780400000, 0x0000000780400000|100%|HS|  |TAMS 0x0000000780300000, 0x0000000780300000| Complete 
|   4|0x0000000780400000, 0x0000000780500000, 0x0000000780500000|100%|HC|  |TAMS 0x0000000780400000, 0x0000000780400000| Complete 
|   5|0x0000000780500000, 0x0000000780500000, 0x0000000780600000|  0%| F|  |TAMS 0x0000000780500000, 0x0000000780500000| Untracked 
|   6|0x0000000780600000, 0x0000000780600000, 0x0000000780700000|  0%| F|  |TAMS 0x0000000780600000, 0x0000000780600000| Untracked 
|   7|0x0000000780700000, 0x0000000780700000, 0x0000000780800000|  0%| F|  |TAMS 0x0000000780700000, 0x0000000780700000| Untracked 
|   8|0x0000000780800000, 0x0000000780800000, 0x0000000780900000|  0%| F|  |TAMS 0x0000000780800000, 0x0000000780800000| Untracked 
|   9|0x0000000780900000, 0x0000000780900000, 0x0000000780a00000|  0%| F|  |TAMS 0x0000000780900000, 0x0000000780900000| Untracked 
|  10|0x0000000780a00000, 0x0000000780a00000, 0x0000000780b00000|  0%| F|  |TAMS 0x0000000780a00000, 0x0000000780a00000| Untracked 
|  11|0x0000000780b00000, 0x0000000780b00000, 0x0000000780c00000|  0%| F|  |TAMS 0x0000000780b00000, 0x0000000780b00000| Untracked 
|  12|0x0000000780c00000, 0x0000000780c00000, 0x0000000780d00000|  0%| F|  |TAMS 0x0000000780c00000, 0x0000000780c00000| Untracked 
|  13|0x0000000780d00000, 0x0000000780d00000, 0x0000000780e00000|  0%| F|  |TAMS 0x0000000780d00000, 0x0000000780d00000| Untracked 
|  14|0x0000000780e00000, 0x0000000780e00000, 0x0000000780f00000|  0%| F|  |TAMS 0x0000000780e00000, 0x0000000780e00000| Untracked 
|  15|0x0000000780f00000, 0x0000000780f00000, 0x0000000781000000|  0%| F|  |TAMS 0x0000000780f00000, 0x0000000780f00000| Untracked 
|  16|0x0000000781000000, 0x0000000781000000, 0x0000000781100000|  0%| F|  |TAMS 0x0000000781000000, 0x0000000781000000| Untracked 
|  17|0x0000000781100000, 0x0000000781100000, 0x0000000781200000|  0%| F|  |TAMS 0x0000000781100000, 0x0000000781100000| Untracked 
|  18|0x0000000781200000, 0x0000000781200000, 0x0000000781300000|  0%| F|  |TAMS 0x0000000781200000, 0x0000000781200000| Untracked 
|  19|0x0000000781300000, 0x0000000781300000, 0x0000000781400000|  0%| F|  |TAMS 0x0000000781300000, 0x0000000781300000| Untracked 
|  20|0x0000000781400000, 0x0000000781400000, 0x0000000781500000|  0%| F|  |TAMS 0x0000000781400000, 0x0000000781400000| Untracked 
|  21|0x0000000781500000, 0x0000000781500000, 0x0000000781600000|  0%| F|  |TAMS 0x0000000781500000, 0x0000000781500000| Untracked 
|  22|0x0000000781600000, 0x0000000781600000, 0x0000000781700000|  0%| F|  |TAMS 0x0000000781600000, 0x0000000781600000| Untracked 
|  23|0x0000000781700000, 0x0000000781700000, 0x0000000781800000|  0%| F|  |TAMS 0x0000000781700000, 0x0000000781700000| Untracked 
|  24|0x0000000781800000, 0x0000000781800000, 0x0000000781900000|  0%| F|  |TAMS 0x0000000781800000, 0x0000000781800000| Untracked 
|  25|0x0000000781900000, 0x0000000781900000, 0x0000000781a00000|  0%| F|  |TAMS 0x0000000781900000, 0x0000000781900000| Untracked 
|  26|0x0000000781a00000, 0x0000000781a00000, 0x0000000781b00000|  0%| F|  |TAMS 0x0000000781a00000, 0x0000000781a00000| Untracked 
|  27|0x0000000781b00000, 0x0000000781b00000, 0x0000000781c00000|  0%| F|  |TAMS 0x0000000781b00000, 0x0000000781b00000| Untracked 
|  28|0x0000000781c00000, 0x0000000781c00000, 0x0000000781d00000|  0%| F|  |TAMS 0x0000000781c00000, 0x0000000781c00000| Untracked 
|  29|0x0000000781d00000, 0x0000000781d00000, 0x0000000781e00000|  0%| F|  |TAMS 0x0000000781d00000, 0x0000000781d00000| Untracked 
|  30|0x0000000781e00000, 0x0000000781e00000, 0x0000000781f00000|  0%| F|  |TAMS 0x0000000781e00000, 0x0000000781e00000| Untracked 
|  31|0x0000000781f00000, 0x0000000781f00000, 0x0000000782000000|  0%| F|  |TAMS 0x0000000781f00000, 0x0000000781f00000| Untracked 
|  32|0x0000000782000000, 0x0000000782000000, 0x0000000782100000|  0%| F|  |TAMS 0x0000000782000000, 0x0000000782000000| Untracked 
|  33|0x0000000782100000, 0x0000000782100000, 0x0000000782200000|  0%| F|  |TAMS 0x0000000782100000, 0x0000000782100000| Untracked 
|  34|0x0000000782200000, 0x0000000782200000, 0x0000000782300000|  0%| F|  |TAMS 0x0000000782200000, 0x0000000782200000| Untracked 
|  35|0x0000000782300000, 0x0000000782300000, 0x0000000782400000|  0%| F|  |TAMS 0x0000000782300000, 0x0000000782300000| Untracked 
|  36|0x0000000782400000, 0x0000000782400000, 0x0000000782500000|  0%| F|  |TAMS 0x0000000782400000, 0x0000000782400000| Untracked 
|  37|0x0000000782500000, 0x0000000782500000, 0x0000000782600000|  0%| F|  |TAMS 0x0000000782500000, 0x0000000782500000| Untracked 
|  38|0x0000000782600000, 0x0000000782600000, 0x0000000782700000|  0%| F|  |TAMS 0x0000000782600000, 0x0000000782600000| Untracked 
|  39|0x0000000782700000, 0x0000000782700000, 0x0000000782800000|  0%| F|  |TAMS 0x0000000782700000, 0x0000000782700000| Untracked 
|  40|0x0000000782800000, 0x0000000782800000, 0x0000000782900000|  0%| F|  |TAMS 0x0000000782800000, 0x0000000782800000| Untracked 
|  41|0x0000000782900000, 0x0000000782900000, 0x0000000782a00000|  0%| F|  |TAMS 0x0000000782900000, 0x0000000782900000| Untracked 
|  42|0x0000000782a00000, 0x0000000782a00000, 0x0000000782b00000|  0%| F|  |TAMS 0x0000000782a00000, 0x0000000782a00000| Untracked 
|  43|0x0000000782b00000, 0x0000000782b00000, 0x0000000782c00000|  0%| F|  |TAMS 0x0000000782b00000, 0x0000000782b00000| Untracked 
|  44|0x0000000782c00000, 0x0000000782c00000, 0x0000000782d00000|  0%| F|  |TAMS 0x0000000782c00000, 0x0000000782c00000| Untracked 
|  45|0x0000000782d00000, 0x0000000782d00000, 0x0000000782e00000|  0%| F|  |TAMS 0x0000000782d00000, 0x0000000782d00000| Untracked 
|  46|0x0000000782e00000, 0x0000000782e00000, 0x0000000782f00000|  0%| F|  |TAMS 0x0000000782e00000, 0x0000000782e00000| Untracked 
|  47|0x0000000782f00000, 0x0000000782f00000, 0x0000000783000000|  0%| F|  |TAMS 0x0000000782f00000, 0x0000000782f00000| Untracked 
|  48|0x0000000783000000, 0x0000000783000000, 0x0000000783100000|  0%| F|  |TAMS 0x0000000783000000, 0x0000000783000000| Untracked 
|  49|0x0000000783100000, 0x0000000783100000, 0x0000000783200000|  0%| F|  |TAMS 0x0000000783100000, 0x0000000783100000| Untracked 
|  50|0x0000000783200000, 0x0000000783200000, 0x0000000783300000|  0%| F|  |TAMS 0x0000000783200000, 0x0000000783200000| Untracked 
|  51|0x0000000783300000, 0x0000000783300000, 0x0000000783400000|  0%| F|  |TAMS 0x0000000783300000, 0x0000000783300000| Untracked 
|  52|0x0000000783400000, 0x0000000783400000, 0x0000000783500000|  0%| F|  |TAMS 0x0000000783400000, 0x0000000783400000| Untracked 
|  53|0x0000000783500000, 0x0000000783500000, 0x0000000783600000|  0%| F|  |TAMS 0x0000000783500000, 0x0000000783500000| Untracked 
|  54|0x0000000783600000, 0x0000000783600000, 0x0000000783700000|  0%| F|  |TAMS 0x0000000783600000, 0x0000000783600000| Untracked 
|  55|0x0000000783700000, 0x0000000783700000, 0x0000000783800000|  0%| F|  |TAMS 0x0000000783700000, 0x0000000783700000| Untracked 
|  56|0x0000000783800000, 0x0000000783800000, 0x0000000783900000|  0%| F|  |TAMS 0x0000000783800000, 0x0000000783800000| Untracked 
|  57|0x0000000783900000, 0x0000000783900000, 0x0000000783a00000|  0%| F|  |TAMS 0x0000000783900000, 0x0000000783900000| Untracked 
|  58|0x0000000783a00000, 0x0000000783a00000, 0x0000000783b00000|  0%| F|  |TAMS 0x0000000783a00000, 0x0000000783a00000| Untracked 
|  59|0x0000000783b00000, 0x0000000783b00000, 0x0000000783c00000|  0%| F|  |TAMS 0x0000000783b00000, 0x0000000783b00000| Untracked 
|  60|0x0000000783c00000, 0x0000000783c00000, 0x0000000783d00000|  0%| F|  |TAMS 0x0000000783c00000, 0x0000000783c00000| Untracked 
|  61|0x0000000783d00000, 0x0000000783d00000, 0x0000000783e00000|  0%| F|  |TAMS 0x0000000783d00000, 0x0000000783d00000| Untracked 
|  62|0x0000000783e00000, 0x0000000783e00000, 0x0000000783f00000|  0%| F|  |TAMS 0x0000000783e00000, 0x0000000783e00000| Untracked 
|  63|0x0000000783f00000, 0x0000000783f00000, 0x0000000784000000|  0%| F|  |TAMS 0x0000000783f00000, 0x0000000783f00000| Untracked 
|  64|0x0000000784000000, 0x0000000784000000, 0x0000000784100000|  0%| F|  |TAMS 0x0000000784000000, 0x0000000784000000| Untracked 
|  65|0x0000000784100000, 0x0000000784100000, 0x0000000784200000|  0%| F|  |TAMS 0x0000000784100000, 0x0000000784100000| Untracked 
|  66|0x0000000784200000, 0x0000000784200000, 0x0000000784300000|  0%| F|  |TAMS 0x0000000784200000, 0x0000000784200000| Untracked 
|  67|0x0000000784300000, 0x0000000784300000, 0x0000000784400000|  0%| F|  |TAMS 0x0000000784300000, 0x0000000784300000| Untracked 
|  68|0x0000000784400000, 0x0000000784400000, 0x0000000784500000|  0%| F|  |TAMS 0x0000000784400000, 0x0000000784400000| Untracked 
|  69|0x0000000784500000, 0x0000000784500000, 0x0000000784600000|  0%| F|  |TAMS 0x0000000784500000, 0x0000000784500000| Untracked 
|  70|0x0000000784600000, 0x0000000784600000, 0x0000000784700000|  0%| F|  |TAMS 0x0000000784600000, 0x0000000784600000| Untracked 
|  71|0x0000000784700000, 0x0000000784700000, 0x0000000784800000|  0%| F|  |TAMS 0x0000000784700000, 0x0000000784700000| Untracked 
|  72|0x0000000784800000, 0x0000000784800000, 0x0000000784900000|  0%| F|  |TAMS 0x0000000784800000, 0x0000000784800000| Untracked 
|  73|0x0000000784900000, 0x0000000784900000, 0x0000000784a00000|  0%| F|  |TAMS 0x0000000784900000, 0x0000000784900000| Untracked 
|  74|0x0000000784a00000, 0x0000000784a00000, 0x0000000784b00000|  0%| F|  |TAMS 0x0000000784a00000, 0x0000000784a00000| Untracked 
|  75|0x0000000784b00000, 0x0000000784b00000, 0x0000000784c00000|  0%| F|  |TAMS 0x0000000784b00000, 0x0000000784b00000| Untracked 
|  76|0x0000000784c00000, 0x0000000784c00000, 0x0000000784d00000|  0%| F|  |TAMS 0x0000000784c00000, 0x0000000784c00000| Untracked 
|  77|0x0000000784d00000, 0x0000000784d00000, 0x0000000784e00000|  0%| F|  |TAMS 0x0000000784d00000, 0x0000000784d00000| Untracked 
|  78|0x0000000784e00000, 0x0000000784e00000, 0x0000000784f00000|  0%| F|  |TAMS 0x0000000784e00000, 0x0000000784e00000| Untracked 
|  79|0x0000000784f00000, 0x0000000784f00000, 0x0000000785000000|  0%| F|  |TAMS 0x0000000784f00000, 0x0000000784f00000| Untracked 
|  80|0x0000000785000000, 0x0000000785000000, 0x0000000785100000|  0%| F|  |TAMS 0x0000000785000000, 0x0000000785000000| Untracked 
|  81|0x0000000785100000, 0x0000000785100000, 0x0000000785200000|  0%| F|  |TAMS 0x0000000785100000, 0x0000000785100000| Untracked 
|  82|0x0000000785200000, 0x0000000785200000, 0x0000000785300000|  0%| F|  |TAMS 0x0000000785200000, 0x0000000785200000| Untracked 
|  83|0x0000000785300000, 0x0000000785300000, 0x0000000785400000|  0%| F|  |TAMS 0x0000000785300000, 0x0000000785300000| Untracked 
|  84|0x0000000785400000, 0x0000000785400000, 0x0000000785500000|  0%| F|  |TAMS 0x0000000785400000, 0x0000000785400000| Untracked 
|  85|0x0000000785500000, 0x0000000785500000, 0x0000000785600000|  0%| F|  |TAMS 0x0000000785500000, 0x0000000785500000| Untracked 
|  86|0x0000000785600000, 0x0000000785600000, 0x0000000785700000|  0%| F|  |TAMS 0x0000000785600000, 0x0000000785600000| Untracked 
|  87|0x0000000785700000, 0x0000000785700000, 0x0000000785800000|  0%| F|  |TAMS 0x0000000785700000, 0x0000000785700000| Untracked 
|  88|0x0000000785800000, 0x0000000785800000, 0x0000000785900000|  0%| F|  |TAMS 0x0000000785800000, 0x0000000785800000| Untracked 
|  89|0x0000000785900000, 0x0000000785900000, 0x0000000785a00000|  0%| F|  |TAMS 0x0000000785900000, 0x0000000785900000| Untracked 
|  90|0x0000000785a00000, 0x0000000785a00000, 0x0000000785b00000|  0%| F|  |TAMS 0x0000000785a00000, 0x0000000785a00000| Untracked 
|  91|0x0000000785b00000, 0x0000000785b00000, 0x0000000785c00000|  0%| F|  |TAMS 0x0000000785b00000, 0x0000000785b00000| Untracked 
|  92|0x0000000785c00000, 0x0000000785c00000, 0x0000000785d00000|  0%| F|  |TAMS 0x0000000785c00000, 0x0000000785c00000| Untracked 
|  93|0x0000000785d00000, 0x0000000785d00000, 0x0000000785e00000|  0%| F|  |TAMS 0x0000000785d00000, 0x0000000785d00000| Untracked 
|  94|0x0000000785e00000, 0x0000000785e00000, 0x0000000785f00000|  0%| F|  |TAMS 0x0000000785e00000, 0x0000000785e00000| Untracked 
|  95|0x0000000785f00000, 0x0000000785f00000, 0x0000000786000000|  0%| F|  |TAMS 0x0000000785f00000, 0x0000000785f00000| Untracked 
|  96|0x0000000786000000, 0x0000000786000000, 0x0000000786100000|  0%| F|  |TAMS 0x0000000786000000, 0x0000000786000000| Untracked 
|  97|0x0000000786100000, 0x0000000786100000, 0x0000000786200000|  0%| F|  |TAMS 0x0000000786100000, 0x0000000786100000| Untracked 
|  98|0x0000000786200000, 0x0000000786200000, 0x0000000786300000|  0%| F|  |TAMS 0x0000000786200000, 0x0000000786200000| Untracked 
|  99|0x0000000786300000, 0x0000000786300000, 0x0000000786400000|  0%| F|  |TAMS 0x0000000786300000, 0x0000000786300000| Untracked 
| 100|0x0000000786400000, 0x0000000786400000, 0x0000000786500000|  0%| F|  |TAMS 0x0000000786400000, 0x0000000786400000| Untracked 
| 101|0x0000000786500000, 0x0000000786500000, 0x0000000786600000|  0%| F|  |TAMS 0x0000000786500000, 0x0000000786500000| Untracked 
| 102|0x0000000786600000, 0x0000000786600000, 0x0000000786700000|  0%| F|  |TAMS 0x0000000786600000, 0x0000000786600000| Untracked 
| 103|0x0000000786700000, 0x0000000786800000, 0x0000000786800000|100%| S|CS|TAMS 0x0000000786700000, 0x0000000786700000| Complete 
| 104|0x0000000786800000, 0x0000000786900000, 0x0000000786900000|100%| S|CS|TAMS 0x0000000786800000, 0x0000000786800000| Complete 
| 105|0x0000000786900000, 0x0000000786a00000, 0x0000000786a00000|100%| S|CS|TAMS 0x0000000786900000, 0x0000000786900000| Complete 
| 106|0x0000000786a00000, 0x0000000786a00000, 0x0000000786b00000|  0%| F|  |TAMS 0x0000000786a00000, 0x0000000786a00000| Untracked 
| 107|0x0000000786b00000, 0x0000000786b00000, 0x0000000786c00000|  0%| F|  |TAMS 0x0000000786b00000, 0x0000000786b00000| Untracked 
| 108|0x0000000786c00000, 0x0000000786c00000, 0x0000000786d00000|  0%| F|  |TAMS 0x0000000786c00000, 0x0000000786c00000| Untracked 
| 109|0x0000000786d00000, 0x0000000786d00000, 0x0000000786e00000|  0%| F|  |TAMS 0x0000000786d00000, 0x0000000786d00000| Untracked 
| 110|0x0000000786e00000, 0x0000000786e00800, 0x0000000786f00000|  0%| E|  |TAMS 0x0000000786e00000, 0x0000000786e00000| Complete 
| 111|0x0000000786f00000, 0x0000000787000000, 0x0000000787000000|100%| E|CS|TAMS 0x0000000786f00000, 0x0000000786f00000| Complete 
| 112|0x0000000787000000, 0x0000000787100000, 0x0000000787100000|100%| E|CS|TAMS 0x0000000787000000, 0x0000000787000000| Complete 
| 113|0x0000000787100000, 0x0000000787200000, 0x0000000787200000|100%| E|CS|TAMS 0x0000000787100000, 0x0000000787100000| Complete 
| 114|0x0000000787200000, 0x0000000787300000, 0x0000000787300000|100%| E|CS|TAMS 0x0000000787200000, 0x0000000787200000| Complete 
| 115|0x0000000787300000, 0x0000000787400000, 0x0000000787400000|100%| E|CS|TAMS 0x0000000787300000, 0x0000000787300000| Complete 
| 116|0x0000000787400000, 0x0000000787500000, 0x0000000787500000|100%| E|CS|TAMS 0x0000000787400000, 0x0000000787400000| Complete 
| 117|0x0000000787500000, 0x0000000787600000, 0x0000000787600000|100%| E|CS|TAMS 0x0000000787500000, 0x0000000787500000| Complete 
| 118|0x0000000787600000, 0x0000000787700000, 0x0000000787700000|100%| E|CS|TAMS 0x0000000787600000, 0x0000000787600000| Complete 
| 119|0x0000000787700000, 0x0000000787800000, 0x0000000787800000|100%| E|CS|TAMS 0x0000000787700000, 0x0000000787700000| Complete 
| 120|0x0000000787800000, 0x0000000787900000, 0x0000000787900000|100%| E|CS|TAMS 0x0000000787800000, 0x0000000787800000| Complete 
| 121|0x0000000787900000, 0x0000000787a00000, 0x0000000787a00000|100%| E|CS|TAMS 0x0000000787900000, 0x0000000787900000| Complete 
| 122|0x0000000787a00000, 0x0000000787b00000, 0x0000000787b00000|100%| E|CS|TAMS 0x0000000787a00000, 0x0000000787a00000| Complete 
| 123|0x0000000787b00000, 0x0000000787c00000, 0x0000000787c00000|100%| E|CS|TAMS 0x0000000787b00000, 0x0000000787b00000| Complete 
| 124|0x0000000787c00000, 0x0000000787d00000, 0x0000000787d00000|100%| E|CS|TAMS 0x0000000787c00000, 0x0000000787c00000| Complete 
| 125|0x0000000787d00000, 0x0000000787e00000, 0x0000000787e00000|100%| E|CS|TAMS 0x0000000787d00000, 0x0000000787d00000| Complete 
| 126|0x0000000787e00000, 0x0000000787f00000, 0x0000000787f00000|100%| E|CS|TAMS 0x0000000787e00000, 0x0000000787e00000| Complete 
| 127|0x0000000787f00000, 0x0000000788000000, 0x0000000788000000|100%| E|CS|TAMS 0x0000000787f00000, 0x0000000787f00000| Complete 
|2046|0x00000007ffe00000, 0x00000007ffe76000, 0x00000007fff00000| 46%|OA|  |TAMS 0x00000007ffe00000, 0x00000007ffe00000| Untracked 
|2047|0x00000007fff00000, 0x00000007fff7f000, 0x0000000800000000| 49%|CA|  |TAMS 0x00000007fff00000, 0x00000007fff00000| Untracked 

Card table byte_map: [0x0000000103b63000,0x0000000103f63000] _byte_map_base: 0x00000000fff63000

Marking Bits (Prev, Next): (CMBitMap*) 0x00007fac9603c010, (CMBitMap*) 0x00007fac9603c050
 Prev Bits: [0x0000000105535000, 0x0000000107535000)
 Next Bits: [0x0000000107535000, 0x0000000109535000)

Polling page: 0x00000001034ae000

Metaspace:

Usage:
  Non-class:     16,21 MB used.
      Class:      2,57 MB used.
       Both:     18,79 MB used.

Virtual space:
  Non-class space:       24,00 MB reserved,      16,31 MB ( 68%) committed,  3 nodes.
      Class space:        1,00 GB reserved,       2,69 MB ( <1%) committed,  1 nodes.
             Both:        1,02 GB reserved,      19,00 MB (  2%) committed. 

Chunk freelists:
   Non-Class:  3,64 MB
       Class:  1,36 MB
        Both:  5,00 MB

MaxMetaspaceSize: unlimited
CompressedClassSpaceSize: 1,00 GB
Initial GC threshold: 21,00 MB
Current GC threshold: 21,00 MB
CDS: on
MetaspaceReclaimPolicy: balanced
 - commit_granule_bytes: 65536.
 - commit_granule_words: 8192.
 - virtual_space_node_default_size: 1048576.
 - enlarge_chunks_in_place: 1.
 - new_chunks_are_fully_committed: 0.
 - uncommit_free_chunks: 1.
 - use_allocation_guard: 0.
 - handle_deallocations: 1.


Internal statistics:

num_allocs_failed_limit: 0.
num_arena_births: 212.
num_arena_deaths: 0.
num_vsnodes_births: 4.
num_vsnodes_deaths: 0.
num_space_committed: 304.
num_space_uncommitted: 0.
num_chunks_returned_to_freelist: 0.
num_chunks_taken_from_freelist: 613.
num_chunk_merges: 0.
num_chunk_splits: 430.
num_chunks_enlarged: 343.
num_purges: 0.
num_inconsistent_stats: 0.

CodeHeap 'non-profiled nmethods': size=120032Kb used=669Kb max_used=669Kb free=119362Kb
 bounds [0x000000011a421000, 0x000000011a691000, 0x0000000121959000]
CodeHeap 'profiled nmethods': size=120028Kb used=3219Kb max_used=3219Kb free=116808Kb
 bounds [0x0000000112eea000, 0x000000011321a000, 0x000000011a421000]
CodeHeap 'non-nmethods': size=5700Kb used=1520Kb max_used=1536Kb free=4179Kb
 bounds [0x0000000112959000, 0x0000000112bc9000, 0x0000000112eea000]
 total_blobs=2858 nmethods=1936 adapters=835
 compilation: enabled
              stopped_count=0, restarted_count=0
 full_count=0

Compilation events (20 events):
Event: 18,421 Thread 0x00007fac9504ea00 1929       3       javax.swing.text.GapContent::length (17 bytes)
Event: 18,421 Thread 0x00007fac9504ea00 nmethod 1929 0x000000011320cb90 code [0x000000011320cd40, 0x000000011320d010]
Event: 18,421 Thread 0x00007fac9504ea00 1931       3       sun.java2d.pipe.PixelToParallelogramConverter::normalize (15 bytes)
Event: 18,421 Thread 0x00007fac9504ea00 nmethod 1931 0x000000011320d110 code [0x000000011320d2c0, 0x000000011320d460]
Event: 18,421 Thread 0x00007fac9504ea00 1930       1       java.awt.geom.AffineTransform::getScaleY (5 bytes)
Event: 18,421 Thread 0x00007fac9504ea00 nmethod 1930 0x000000011a4c7e10 code [0x000000011a4c7fa0, 0x000000011a4c8070]
Event: 18,421 Thread 0x00007fac9504ea00 1933       3       java.awt.geom.AffineTransform::getType (17 bytes)
Event: 18,422 Thread 0x00007fac9504ea00 nmethod 1933 0x000000011320d590 code [0x000000011320d740, 0x000000011320d8c0]
Event: 18,422 Thread 0x00007fac9504ea00 1932       1       sun.java2d.SurfaceData::getNativeOps (5 bytes)
Event: 18,422 Thread 0x00007fac9504ea00 nmethod 1932 0x000000011a4c8110 code [0x000000011a4c82a0, 0x000000011a4c8370]
Event: 18,422 Thread 0x00007fac9504ea00 1934       3       javax.swing.JComponent::getFlag (20 bytes)
Event: 18,422 Thread 0x00007fac9504ea00 nmethod 1934 0x000000011320d990 code [0x000000011320db20, 0x000000011320dc90]
Event: 18,422 Thread 0x00007fac9504ea00 1935       1       java.awt.geom.AffineTransform::getScaleX (5 bytes)
Event: 18,422 Thread 0x00007fac9504ea00 nmethod 1935 0x000000011a4c8410 code [0x000000011a4c85a0, 0x000000011a4c8670]
Event: 18,422 Thread 0x00007fac9504ea00 1936       3       java.awt.Component::getFont_NoClientCode (29 bytes)
Event: 18,423 Thread 0x00007fac9504ea00 nmethod 1936 0x000000011320dd10 code [0x000000011320dee0, 0x000000011320e200]
Event: 18,423 Thread 0x00007fac9504ea00 1937       3       java.awt.Component::getGraphicsConfiguration (5 bytes)
Event: 18,423 Thread 0x00007fac9504ea00 nmethod 1937 0x000000011320e310 code [0x000000011320e4a0, 0x000000011320e5b0]
Event: 18,423 Thread 0x00007fac9504ea00 1938  s    3       sun.font.FontManagerFactory::getInstance (25 bytes)
Event: 18,423 Thread 0x00007fac9504ea00 nmethod 1938 0x000000011320e610 code [0x000000011320e820, 0x000000011320edb0]

GC Heap History (4 events):
Event: 1,191 GC heap before
{Heap before GC invocations=0 (full 0):
 garbage-first heap   total 133120K, used 13268K [0x0000000780000000, 0x0000000800000000)
  region size 1024K, 13 young (13312K), 0 survivors (0K)
 Metaspace       used 3837K, committed 4032K, reserved 1056768K
  class space    used 443K, committed 576K, reserved 1048576K
}
Event: 1,205 GC heap after
{Heap after GC invocations=1 (full 0):
 garbage-first heap   total 133120K, used 3161K [0x0000000780000000, 0x0000000800000000)
  region size 1024K, 2 young (2048K), 2 survivors (2048K)
 Metaspace       used 3837K, committed 4032K, reserved 1056768K
  class space    used 443K, committed 576K, reserved 1048576K
}
Event: 3,026 GC heap before
{Heap before GC invocations=1 (full 0):
 garbage-first heap   total 133120K, used 23641K [0x0000000780000000, 0x0000000800000000)
  region size 1024K, 22 young (22528K), 2 survivors (2048K)
 Metaspace       used 14531K, committed 14784K, reserved 1064960K
  class space    used 1942K, committed 2048K, reserved 1048576K
}
Event: 3,035 GC heap after
{Heap after GC invocations=2 (full 0):
 garbage-first heap   total 133120K, used 6530K [0x0000000780000000, 0x0000000800000000)
  region size 1024K, 3 young (3072K), 3 survivors (3072K)
 Metaspace       used 14531K, committed 14784K, reserved 1064960K
  class space    used 1942K, committed 2048K, reserved 1048576K
}

Deoptimization events (20 events):
Event: 3,374 Thread 0x00007fac9533d800 DEOPT PACKING pc=0x000000011a42f618 sp=0x00007ff7bcb72490
Event: 3,374 Thread 0x00007fac9533d800 DEOPT UNPACKING pc=0x00000001129ab099 sp=0x00007ff7bcb72408 mode 2
Event: 3,589 Thread 0x00007fac96071600 DEOPT PACKING pc=0x0000000113196315 sp=0x000070000cf240d0
Event: 3,589 Thread 0x00007fac96071600 DEOPT UNPACKING pc=0x00000001129ab82f sp=0x000070000cf23558 mode 0
Event: 3,589 Thread 0x00007fac96071600 DEOPT PACKING pc=0x0000000113196315 sp=0x000070000cf240d0
Event: 3,589 Thread 0x00007fac96071600 DEOPT UNPACKING pc=0x00000001129ab82f sp=0x000070000cf23558 mode 0
Event: 3,595 Thread 0x00007fac96071600 DEOPT PACKING pc=0x0000000113196315 sp=0x000070000cf240d0
Event: 3,595 Thread 0x00007fac96071600 DEOPT UNPACKING pc=0x00000001129ab82f sp=0x000070000cf23558 mode 0
Event: 3,597 Thread 0x00007fac96071600 DEOPT PACKING pc=0x0000000113196315 sp=0x000070000cf240d0
Event: 3,597 Thread 0x00007fac96071600 DEOPT UNPACKING pc=0x00000001129ab82f sp=0x000070000cf23558 mode 0
Event: 3,599 Thread 0x00007fac96071600 DEOPT PACKING pc=0x0000000113196315 sp=0x000070000cf240d0
Event: 3,599 Thread 0x00007fac96071600 DEOPT UNPACKING pc=0x00000001129ab82f sp=0x000070000cf23558 mode 0
Event: 3,599 Thread 0x00007fac96071600 DEOPT PACKING pc=0x0000000113196315 sp=0x000070000cf240d0
Event: 3,599 Thread 0x00007fac96071600 DEOPT UNPACKING pc=0x00000001129ab82f sp=0x000070000cf23558 mode 0
Event: 3,600 Thread 0x00007fac96071600 DEOPT PACKING pc=0x0000000113196315 sp=0x000070000cf240d0
Event: 3,600 Thread 0x00007fac96071600 DEOPT UNPACKING pc=0x00000001129ab82f sp=0x000070000cf23558 mode 0
Event: 18,268 Thread 0x00007fac96071600 Uncommon trap: trap_request=0xffffff45 fr.pc=0x000000011a4a53c4 relative=0x0000000000000704
Event: 18,268 Thread 0x00007fac96071600 Uncommon trap: reason=unstable_if action=reinterpret pc=0x000000011a4a53c4 method=com.sun.marlin.MaskMarlinAlphaConsumer.setAndClearRelativeAlphas([I[IIII)V @ 414 c2
Event: 18,268 Thread 0x00007fac96071600 DEOPT PACKING pc=0x000000011a4a53c4 sp=0x000070000cf23e50
Event: 18,268 Thread 0x00007fac96071600 DEOPT UNPACKING pc=0x00000001129ab099 sp=0x000070000cf23d78 mode 2

Classes unloaded (0 events):
No events

Classes redefined (0 events):
No events

Internal exceptions (20 events):
Event: 2,679 Thread 0x00007fac9533d800 Exception <a 'java/lang/NoSuchMethodError'{0x000000078762ca98}: 'java.lang.Object java.lang.invoke.Invokers$Holder.linkToTargetMethod(int, int, int, int, java.lang.Object)'> (0x000000078762ca98) 
thrown [open/src/hotspot/share/interpreter/linkResolver.cpp, line 766]
Event: 2,680 Thread 0x00007fac9533d800 Exception <a 'java/lang/NoSuchMethodError'{0x0000000787630730}: 'void java.lang.invoke.DirectMethodHandle$Holder.invokeStatic(java.lang.Object, java.lang.Object, long)'> (0x0000000787630730) 
thrown [open/src/hotspot/share/interpreter/linkResolver.cpp, line 766]
Event: 2,691 Thread 0x00007fac9533d800 Exception <a 'java/lang/NoSuchMethodError'{0x0000000787663c28}: 'void java.lang.invoke.DirectMethodHandle$Holder.invokeSpecial(java.lang.Object, java.lang.Object, long)'> (0x0000000787663c28) 
thrown [open/src/hotspot/share/interpreter/linkResolver.cpp, line 766]
Event: 2,691 Thread 0x00007fac9533d800 Exception <a 'java/lang/NoSuchMethodError'{0x0000000787669db0}: 'void java.lang.invoke.DirectMethodHandle$Holder.invokeStatic(java.lang.Object, long, long)'> (0x0000000787669db0) 
thrown [open/src/hotspot/share/interpreter/linkResolver.cpp, line 766]
Event: 2,692 Thread 0x00007fac9533d800 Exception <a 'java/lang/NoSuchMethodError'{0x000000078766f680}: 'java.lang.Object java.lang.invoke.DirectMethodHandle$Holder.newInvokeSpecial(java.lang.Object, long)'> (0x000000078766f680) 
thrown [open/src/hotspot/share/interpreter/linkResolver.cpp, line 766]
Event: 2,697 Thread 0x00007fac9533d800 Exception <a 'java/lang/NoSuchMethodError'{0x0000000787679968}: 'java.lang.Object java.lang.invoke.DirectMethodHandle$Holder.newInvokeSpecial(java.lang.Object, java.lang.Object, int)'> (0x0000000787679968) 
thrown [open/src/hotspot/share/interpreter/linkResolver.cpp, line 766]
Event: 2,917 Thread 0x00007fac9533d800 Exception <a 'java/lang/NoSuchMethodError'{0x0000000786e3e3e0}: 'void java.lang.invoke.DirectMethodHandle$Holder.invokeStaticInit(java.lang.Object, java.lang.Object)'> (0x0000000786e3e3e0) 
thrown [open/src/hotspot/share/interpreter/linkResolver.cpp, line 766]
Event: 2,924 Thread 0x00007fac9533d800 Exception <a 'java/lang/NoSuchMethodError'{0x0000000786e88f70}: 'void java.lang.invoke.DirectMethodHandle$Holder.invokeSpecial(java.lang.Object, java.lang.Object, java.lang.Object, java.lang.Object, java.lang.Object)'> (0x0000000786e88f70) 
thrown [open/src/hotspot/share/interpreter/linkResolver.cpp, line 766]
Event: 3,002 Thread 0x00007fac9533d800 Exception <a 'java/lang/ClassNotFoundException'{0x0000000786a304c0}: com/sun/javafx/scene/control/skin/resources/controls> (0x0000000786a304c0) 
thrown [open/src/hotspot/share/prims/jni.cpp, line 535]
Event: 3,004 Thread 0x00007fac9533d800 Exception <a 'java/lang/ClassNotFoundException'{0x0000000786a3ebc8}: com/sun/javafx/scene/control/skin/resources/controls_de> (0x0000000786a3ebc8) 
thrown [open/src/hotspot/share/prims/jni.cpp, line 535]
Event: 3,008 Thread 0x00007fac9533d800 Exception <a 'java/lang/ClassNotFoundException'{0x0000000786a4c5f8}: com/sun/javafx/scene/control/skin/resources/controls_de_AT> (0x0000000786a4c5f8) 
thrown [open/src/hotspot/share/prims/jni.cpp, line 535]
Event: 3,272 Thread 0x00007fac9533d800 Exception <a 'java/lang/NoSuchMethodError'{0x0000000787b91c38}: 'java.lang.Object java.lang.invoke.DirectMethodHandle$Holder.invokeInterface(java.lang.Object, java.lang.Object, java.lang.Object)'> (0x0000000787b91c38) 
thrown [open/src/hotspot/share/interpreter/linkResolver.cpp, line 766]
Event: 3,272 Thread 0x00007fac9533d800 Exception <a 'java/lang/IncompatibleClassChangeError'{0x0000000787b955c0}: Found class java.lang.Object, but interface was expected> (0x0000000787b955c0) 
thrown [open/src/hotspot/share/interpreter/linkResolver.cpp, line 833]
Event: 3,427 Thread 0x00007fac96071600 Exception <a 'java/lang/NoSuchMethodError'{0x00000007878e4590}: 'int java.lang.invoke.DirectMethodHandle$Holder.invokeStaticInit(java.lang.Object, java.lang.Object)'> (0x00000007878e4590) 
thrown [open/src/hotspot/share/interpreter/linkResolver.cpp, line 766]
Event: 4,013 Thread 0x00007fac9533d800 Exception <a 'java/lang/NoSuchMethodError'{0x000000078786ac40}: 'void java.lang.invoke.DirectMethodHandle$Holder.invokeStatic(java.lang.Object, long)'> (0x000000078786ac40) 
thrown [open/src/hotspot/share/interpreter/linkResolver.cpp, line 766]
Event: 4,030 Thread 0x00007fac95589600 Exception <a 'sun/nio/fs/UnixException'{0x000000078734bfc8}> (0x000000078734bfc8) 
thrown [open/src/hotspot/share/prims/jni.cpp, line 516]
Event: 17,937 Thread 0x00007fac9533d800 Exception <a 'java/lang/NoSuchMethodError'{0x00000007871415f0}: 'long java.lang.invoke.DirectMethodHandle$Holder.invokeStatic(java.lang.Object, java.lang.Object, java.lang.Object)'> (0x00000007871415f0) 
thrown [open/src/hotspot/share/interpreter/linkResolver.cpp, line 766]
Event: 17,937 Thread 0x00007fac9533d800 Exception <a 'java/lang/NoSuchMethodError'{0x0000000787145040}: 'long java.lang.invoke.DirectMethodHandle$Holder.invokeStaticInit(java.lang.Object, java.lang.Object, java.lang.Object)'> (0x0000000787145040) 
thrown [open/src/hotspot/share/interpreter/linkResolver.cpp, line 766]
Event: 17,941 Thread 0x00007fac9533d800 Exception <a 'java/lang/NoSuchMethodError'{0x000000078715cef0}: 'java.lang.Object java.lang.invoke.DirectMethodHandle$Holder.newInvokeSpecial(java.lang.Object, java.lang.Object, long)'> (0x000000078715cef0) 
thrown [open/src/hotspot/share/interpreter/linkResolver.cpp, line 766]
Event: 17,942 Thread 0x00007fac9533d800 Exception <a 'java/lang/NoSuchMethodError'{0x0000000787160a60}: 'java.lang.Object java.lang.invoke.Invokers$Holder.linkToTargetMethod(java.lang.Object, long, java.lang.Object)'> (0x0000000787160a60) 
thrown [open/src/hotspot/share/interpreter/linkResolver.cpp, line 766]

VM Operations (20 events):
Event: 1,191 Executing VM operation: G1CollectForAllocation
Event: 1,205 Executing VM operation: G1CollectForAllocation done
Event: 1,381 Executing VM operation: HandshakeAllThreads
Event: 1,381 Executing VM operation: HandshakeAllThreads done
Event: 1,477 Executing VM operation: HandshakeAllThreads
Event: 1,477 Executing VM operation: HandshakeAllThreads done
Event: 2,480 Executing VM operation: Cleanup
Event: 2,480 Executing VM operation: Cleanup done
Event: 2,793 Executing VM operation: HandshakeAllThreads
Event: 2,793 Executing VM operation: HandshakeAllThreads done
Event: 3,026 Executing VM operation: G1CollectForAllocation
Event: 3,035 Executing VM operation: G1CollectForAllocation done
Event: 3,254 Executing VM operation: HandshakeAllThreads
Event: 3,254 Executing VM operation: HandshakeAllThreads done
Event: 4,256 Executing VM operation: Cleanup
Event: 4,258 Executing VM operation: Cleanup done
Event: 5,258 Executing VM operation: Cleanup
Event: 5,258 Executing VM operation: Cleanup done
Event: 18,318 Executing VM operation: Cleanup
Event: 18,334 Executing VM operation: Cleanup done

Events (20 events):
Event: 6,200 loading class java/awt/desktop/QuitStrategy
Event: 6,200 loading class java/awt/desktop/QuitStrategy done
Event: 6,200 loading class com/apple/eawt/_AppEventHandler$_NativeEvent
Event: 6,200 loading class com/apple/eawt/_AppEventHandler$_NativeEvent done
Event: 17,672 Protecting memory [0x000070000c488000,0x000070000c48c000] with protection modes 0
Event: 17,672 Thread 0x00007fac95411000 Thread added: 0x00007fac95411000
Event: 18,145 loading class java/io/CharArrayReader
Event: 18,145 loading class java/io/CharArrayReader done
Event: 18,399 loading class java/util/concurrent/locks/ReentrantReadWriteLock$Sync$HoldCounter
Event: 18,399 loading class java/util/concurrent/locks/ReentrantReadWriteLock$Sync$HoldCounter done
Event: 18,405 Protecting memory [0x00007ff7bc379000,0x00007ff7bc37d000] with protection modes 3
Event: 18,405 Thread 0x00007fac9533d800 Thread exited: 0x00007fac9533d800
Event: 18,407 Protecting memory [0x000070000d644000,0x000070000d648000] with protection modes 3
Event: 18,407 Thread 0x00007fac96323400 Thread exited: 0x00007fac96323400
Event: 18,407 Protecting memory [0x000070000baea000,0x000070000baee000] with protection modes 3
Event: 18,407 Thread 0x00007fac9500bc00 Thread exited: 0x00007fac9500bc00
Event: 18,407 Protecting memory [0x000070000baea000,0x000070000baee000] with protection modes 0
Event: 18,407 Thread 0x00007fac9500bc00 Thread added: 0x00007fac9500bc00
Event: 18,411 Protecting memory [0x000070000ce26000,0x000070000ce2a000] with protection modes 3
Event: 18,411 Thread 0x00007fac96071600 Thread exited: 0x00007fac96071600


Dynamic libraries:
0x00000001034b0000 	/Library/Java/JavaVirtualMachines/jdk-17.0.2.jdk/Contents/Home/lib/libjli.dylib
0x00007ff811978000 	/usr/lib/libz.1.dylib
0x00007ff811a58000 	/usr/lib/libSystem.B.dylib
0x00007ff811a53000 	/usr/lib/system/libcache.dylib
0x00007ff811a0f000 	/usr/lib/system/libcommonCrypto.dylib
0x00007ff811a38000 	/usr/lib/system/libcompiler_rt.dylib
0x00007ff811a2e000 	/usr/lib/system/libcopyfile.dylib
0x00007ff806a03000 	/usr/lib/system/libcorecrypto.dylib
0x00007ff806ac1000 	/usr/lib/system/libdispatch.dylib
0x00007ff806c85000 	/usr/lib/system/libdyld.dylib
0x00007ff811a4a000 	/usr/lib/system/libkeymgr.dylib
0x00007ff8119ed000 	/usr/lib/system/libmacho.dylib
0x00007ff81106c000 	/usr/lib/system/libquarantine.dylib
0x00007ff811a48000 	/usr/lib/system/libremovefile.dylib
0x00007ff80bbff000 	/usr/lib/system/libsystem_asl.dylib
0x00007ff8069ac000 	/usr/lib/system/libsystem_blocks.dylib
0x00007ff806b49000 	/usr/lib/system/libsystem_c.dylib
0x00007ff811a40000 	/usr/lib/system/libsystem_collections.dylib
0x00007ff810319000 	/usr/lib/system/libsystem_configuration.dylib
0x00007ff80f5c5000 	/usr/lib/system/libsystem_containermanager.dylib
0x00007ff811726000 	/usr/lib/system/libsystem_coreservices.dylib
0x00007ff8092a8000 	/usr/lib/system/libsystem_darwin.dylib
0x00007ff811a4b000 	/usr/lib/system/libsystem_dnssd.dylib
0x00007ff806b46000 	/usr/lib/system/libsystem_featureflags.dylib
0x00007ff806c9b000 	/usr/lib/system/libsystem_info.dylib
0x00007ff81198b000 	/usr/lib/system/libsystem_m.dylib
0x00007ff806a95000 	/usr/lib/system/libsystem_malloc.dylib
0x00007ff80bb9a000 	/usr/lib/system/libsystem_networkextension.dylib
0x00007ff8096ce000 	/usr/lib/system/libsystem_notify.dylib
0x00007ff817cb6000 	/usr/lib/system/libsystem_product_info_filter.dylib
0x00007ff81031d000 	/usr/lib/system/libsystem_sandbox.dylib
0x00007ff811a45000 	/usr/lib/system/libsystem_secinit.dylib
0x00007ff806c41000 	/usr/lib/system/libsystem_kernel.dylib
0x00007ff806c91000 	/usr/lib/system/libsystem_platform.dylib
0x00007ff806c79000 	/usr/lib/system/libsystem_pthread.dylib
0x00007ff80d447000 	/usr/lib/system/libsystem_symptoms.dylib
0x00007ff8069ea000 	/usr/lib/system/libsystem_trace.dylib
0x00007ff811a1b000 	/usr/lib/system/libunwind.dylib
0x00007ff8069ae000 	/usr/lib/system/libxpc.dylib
0x00007ff806c2b000 	/usr/lib/libc++abi.dylib
0x00007ff806b08000 	/usr/lib/libobjc.A.dylib
0x00007ff811a26000 	/usr/lib/liboah.dylib
0x00007ff806bd2000 	/usr/lib/libc++.1.dylib
0x00007ff81daaf000 	/System/Library/Frameworks/Cocoa.framework/Versions/A/Cocoa
0x00007ff80972c000 	/System/Library/Frameworks/AppKit.framework/Versions/C/AppKit
0x00007ff80cc37000 	/System/Library/Frameworks/CoreData.framework/Versions/A/CoreData
0x00007ff807b38000 	/System/Library/Frameworks/Foundation.framework/Versions/C/Foundation
0x00007ff80a5ba000 	/System/Library/PrivateFrameworks/UIFoundation.framework/Versions/A/UIFoundation
0x00007ff8179b9000 	/System/Library/PrivateFrameworks/RemoteViewServices.framework/Versions/A/RemoteViewServices
0x00007ff80fca3000 	/System/Library/PrivateFrameworks/XCTTargetBootstrap.framework/Versions/A/XCTTargetBootstrap
0x00007ff81385f000 	/System/Library/PrivateFrameworks/InternationalSupport.framework/Versions/A/InternationalSupport
0x00007ff8138e9000 	/System/Library/PrivateFrameworks/UserActivity.framework/Versions/A/UserActivity
0x00007ff812c3f000 	/usr/lib/libspindump.dylib
0x00007ff80a848000 	/System/Library/Frameworks/UniformTypeIdentifiers.framework/Versions/A/UniformTypeIdentifiers
0x00007ff80e3cc000 	/usr/lib/libapp_launch_measurement.dylib
0x00007ff80d607000 	/System/Library/PrivateFrameworks/CoreAnalytics.framework/Versions/A/CoreAnalytics
0x00007ff80e3cf000 	/System/Library/PrivateFrameworks/CoreAutoLayout.framework/Versions/A/CoreAutoLayout
0x00007ff80f5fd000 	/System/Library/Frameworks/Metal.framework/Versions/A/Metal
0x00007ff810329000 	/usr/lib/liblangid.dylib
0x00007ff80fca8000 	/System/Library/PrivateFrameworks/CoreSVG.framework/Versions/A/CoreSVG
0x00007ff80bc2f000 	/System/Library/PrivateFrameworks/SkyLight.framework/Versions/A/SkyLight
0x00007ff80bfcd000 	/System/Library/Frameworks/CoreGraphics.framework/Versions/A/CoreGraphics
0x00007ff818079000 	/System/Library/Frameworks/Accelerate.framework/Versions/A/Accelerate
0x00007ff8126be000 	/System/Library/PrivateFrameworks/IconServices.framework/Versions/A/IconServices
0x00007ff80f5e2000 	/System/Library/Frameworks/IOSurface.framework/Versions/A/IOSurface
0x00007ff80d635000 	/usr/lib/libDiagnosticMessagesClient.dylib
0x00007ff81b75c000 	/System/Library/Frameworks/ApplicationServices.framework/Versions/A/ApplicationServices
0x00007ff80fc8f000 	/System/Library/PrivateFrameworks/DFRFoundation.framework/Versions/A/DFRFoundation
0x00007ff809014000 	/usr/lib/libicucore.A.dylib
0x00007ff814654000 	/System/Library/Frameworks/AudioToolbox.framework/Versions/A/AudioToolbox
0x00007ff81386b000 	/System/Library/PrivateFrameworks/DataDetectorsCore.framework/Versions/A/DataDetectorsCore
0x00007ff90f7f8000 	/System/Library/PrivateFrameworks/TextInput.framework/Versions/A/TextInput
0x00007ff80bbb2000 	/usr/lib/libMobileGestalt.dylib
0x00007ff80f99b000 	/System/Library/Frameworks/Carbon.framework/Versions/A/Frameworks/HIToolbox.framework/Versions/A/HIToolbox
0x00007ff80ddd2000 	/System/Library/Frameworks/QuartzCore.framework/Versions/A/QuartzCore
0x00007ff808cbb000 	/System/Library/Frameworks/Security.framework/Versions/A/Security
0x00007ff8179f1000 	/System/Library/Frameworks/Carbon.framework/Versions/A/Frameworks/SpeechRecognition.framework/Versions/A/SpeechRecognition
0x00007ff80e12c000 	/System/Library/PrivateFrameworks/CoreUI.framework/Versions/A/CoreUI
0x00007ff808587000 	/System/Library/Frameworks/CoreAudio.framework/Versions/A/CoreAudio
0x00007ff80d724000 	/System/Library/Frameworks/DiskArbitration.framework/Versions/A/DiskArbitration
0x00007ff81302d000 	/System/Library/PrivateFrameworks/MultitouchSupport.framework/Versions/A/MultitouchSupport
0x00007ff80bbb1000 	/usr/lib/libenergytrace.dylib
0x00007ff809618000 	/System/Library/Frameworks/IOKit.framework/Versions/A/IOKit
0x00007ff817de1000 	/System/Library/Frameworks/CoreServices.framework/Versions/A/CoreServices
0x00007ff80e366000 	/System/Library/PrivateFrameworks/PerformanceAnalysis.framework/Versions/A/PerformanceAnalysis
0x00007ffa1ed1c000 	/System/Library/Frameworks/OpenGL.framework/Versions/A/OpenGL
0x00007ff810f92000 	/System/Library/PrivateFrameworks/MobileKeyBag.framework/Versions/A/MobileKeyBag
0x00007ff80c698000 	/System/Library/Frameworks/ColorSync.framework/Versions/A/ColorSync
0x00007ff806cc6000 	/System/Library/Frameworks/CoreFoundation.framework/Versions/A/CoreFoundation
0x00007ff80ff1f000 	/System/Library/Frameworks/CoreImage.framework/Versions/A/CoreImage
0x00007ff80839f000 	/System/Library/Frameworks/CoreText.framework/Versions/A/CoreText
0x00007ff80fcd8000 	/System/Library/Frameworks/ImageIO.framework/Versions/A/ImageIO
0x00007ff811a5e000 	/System/Library/PrivateFrameworks/SoftLinking.framework/Versions/A/SoftLinking
0x00007ff80e417000 	/usr/lib/libxml2.2.dylib
0x00007ff811ce2000 	/usr/lib/libcompression.dylib
0x00007ff813792000 	/System/Library/PrivateFrameworks/TextureIO.framework/Versions/A/TextureIO
0x00007ff8123d0000 	/usr/lib/libate.dylib
0x00007ff8121ac000 	/usr/lib/liblzma.5.dylib
0x00007ff80784b000 	/System/Library/Frameworks/SystemConfiguration.framework/Versions/A/SystemConfiguration
0x00007ff811a5a000 	/usr/lib/libfakelink.dylib
0x00007ff80b70b000 	/System/Library/Frameworks/CFNetwork.framework/Versions/A/CFNetwork
0x00007ff811b9b000 	/usr/lib/libarchive.2.dylib
0x00007ff810325000 	/System/Library/PrivateFrameworks/AppleSystemInfo.framework/Versions/A/AppleSystemInfo
0x00007ff811093000 	/usr/lib/libbsm.0.dylib
0x00007ff80ad1e000 	/usr/lib/libnetwork.dylib
0x00007ff8119f3000 	/usr/lib/system/libkxld.dylib
0x00007ff810cbf000 	/System/Library/PrivateFrameworks/IOMobileFramebuffer.framework/Versions/A/IOMobileFramebuffer
0x00007ffb1e223000 	/usr/lib/libCoreEntitlements.dylib
0x00007ff811708000 	/System/Library/PrivateFrameworks/AppleFSCompression.framework/Versions/A/AppleFSCompression
0x00007ff81107b000 	/usr/lib/libcoretls.dylib
0x00007ff8121c6000 	/usr/lib/libcoretls_cfhelpers.dylib
0x00007ff811cdd000 	/usr/lib/libpam.2.dylib
0x00007ff80d067000 	/usr/lib/libsqlite3.dylib
0x00007ff812235000 	/usr/lib/libxar.1.dylib
0x00007ff811718000 	/usr/lib/libbz2.1.0.dylib
0x00007ff811a5f000 	/usr/lib/libpcap.A.dylib
0x00007ff80d43f000 	/usr/lib/libdns_services.dylib
0x00007ff811cad000 	/usr/lib/libapple_nghttp2.dylib
0x00007ff811a99000 	/usr/lib/libiconv.2.dylib
0x00007ff8119ec000 	/usr/lib/libcharset.1.dylib
0x00007ff80e39a000 	/System/Library/Frameworks/CoreServices.framework/Versions/A/Frameworks/FSEvents.framework/Versions/A/FSEvents
0x00007ff8092b2000 	/System/Library/Frameworks/CoreServices.framework/Versions/A/Frameworks/CarbonCore.framework/Versions/A/CarbonCore
0x00007ff80d688000 	/System/Library/Frameworks/CoreServices.framework/Versions/A/Frameworks/Metadata.framework/Versions/A/Metadata
0x00007ff81172b000 	/System/Library/Frameworks/CoreServices.framework/Versions/A/Frameworks/OSServices.framework/Versions/A/OSServices
0x00007ff811c22000 	/System/Library/Frameworks/CoreServices.framework/Versions/A/Frameworks/SearchKit.framework/Versions/A/SearchKit
0x00007ff80d3d2000 	/System/Library/Frameworks/CoreServices.framework/Versions/A/Frameworks/AE.framework/Versions/A/AE
0x00007ff8071c8000 	/System/Library/Frameworks/CoreServices.framework/Versions/A/Frameworks/LaunchServices.framework/Versions/A/LaunchServices
0x00007ff81215d000 	/System/Library/Frameworks/CoreServices.framework/Versions/A/Frameworks/DictionaryServices.framework/Versions/A/DictionaryServices
0x00007ff80e3a7000 	/System/Library/Frameworks/CoreServices.framework/Versions/A/Frameworks/SharedFileList.framework/Versions/A/SharedFileList
0x00007ff81106f000 	/usr/lib/libCheckFix.dylib
0x00007ff80bc16000 	/System/Library/PrivateFrameworks/TCC.framework/Versions/A/TCC
0x00007ff81032b000 	/System/Library/PrivateFrameworks/CoreNLP.framework/Versions/A/CoreNLP
0x00007ff80d638000 	/System/Library/PrivateFrameworks/MetadataUtilities.framework/Versions/A/MetadataUtilities
0x00007ff8078fb000 	/usr/lib/libmecabra.dylib
0x00007ff8110a3000 	/usr/lib/libmecab.dylib
0x00007ff8078c6000 	/usr/lib/libCRFSuite.dylib
0x00007ff8110fd000 	/usr/lib/libgermantok.dylib
0x00007ff811c88000 	/usr/lib/libThaiTokenizer.dylib
0x00007ff80d72b000 	/System/Library/Frameworks/Accelerate.framework/Versions/A/Frameworks/vImage.framework/Versions/A/vImage
0x00007ff817db8000 	/System/Library/Frameworks/Accelerate.framework/Versions/A/Frameworks/vecLib.framework/Versions/A/vecLib
0x00007ff812276000 	/System/Library/Frameworks/Accelerate.framework/Versions/A/Frameworks/vecLib.framework/Versions/A/libvMisc.dylib
0x00007ff810aea000 	/System/Library/Frameworks/Accelerate.framework/Versions/A/Frameworks/vecLib.framework/Versions/A/libvDSP.dylib
0x00007ff807542000 	/System/Library/Frameworks/Accelerate.framework/Versions/A/Frameworks/vecLib.framework/Versions/A/libBLAS.dylib
0x00007ff811dbf000 	/System/Library/Frameworks/Accelerate.framework/Versions/A/Frameworks/vecLib.framework/Versions/A/libLAPACK.dylib
0x00007ff811100000 	/System/Library/Frameworks/Accelerate.framework/Versions/A/Frameworks/vecLib.framework/Versions/A/libLinearAlgebra.dylib
0x00007ff811cc5000 	/System/Library/Frameworks/Accelerate.framework/Versions/A/Frameworks/vecLib.framework/Versions/A/libSparseBLAS.dylib
0x00007ff811db9000 	/System/Library/Frameworks/Accelerate.framework/Versions/A/Frameworks/vecLib.framework/Versions/A/libQuadrature.dylib
0x00007ff810416000 	/System/Library/Frameworks/Accelerate.framework/Versions/A/Frameworks/vecLib.framework/Versions/A/libBNNS.dylib
0x00007ff8077dc000 	/System/Library/Frameworks/Accelerate.framework/Versions/A/Frameworks/vecLib.framework/Versions/A/libSparse.dylib
0x00007ff81040f000 	/System/Library/PrivateFrameworks/LinguisticData.framework/Versions/A/LinguisticData
0x00007ff807792000 	/System/Library/PrivateFrameworks/Lexicon.framework/Versions/A/Lexicon
0x00007ff81226f000 	/usr/lib/libChineseTokenizer.dylib
0x00007ff807ef4000 	/System/Library/PrivateFrameworks/LanguageModeling.framework/Versions/A/LanguageModeling
0x00007ff811c8a000 	/System/Library/PrivateFrameworks/AppleSauce.framework/Versions/A/AppleSauce
0x00007ff810cad000 	/System/Library/PrivateFrameworks/CoreEmoji.framework/Versions/A/CoreEmoji
0x00007ff811b8a000 	/usr/lib/libcmph.dylib
0x00007ff80e37e000 	/System/Library/Frameworks/OpenDirectory.framework/Versions/A/Frameworks/CFOpenDirectory.framework/Versions/A/CFOpenDirectory
0x00007ff80e372000 	/System/Library/Frameworks/OpenDirectory.framework/Versions/A/OpenDirectory
0x00007ff8121c8000 	/System/Library/PrivateFrameworks/APFS.framework/Versions/A/APFS
0x00007ff810fca000 	/System/Library/Frameworks/SecurityFoundation.framework/Versions/A/SecurityFoundation
0x00007ff812243000 	/usr/lib/libutil.dylib
0x00007ff8095dc000 	/System/Library/PrivateFrameworks/CoreServicesStore.framework/Versions/A/CoreServicesStore
0x00007ff812247000 	/usr/lib/libxslt.1.dylib
0x00007ff811057000 	/System/Library/PrivateFrameworks/BackgroundTaskManagement.framework/Versions/A/BackgroundTaskManagement
0x00007ff8136b2000 	/System/Library/Frameworks/ImageIO.framework/Versions/A/Resources/libRadiance.dylib
0x00007ff8136bb000 	/System/Library/Frameworks/ImageIO.framework/Versions/A/Resources/libJPEG.dylib
0x00007ff81360c000 	/System/Library/Frameworks/ImageIO.framework/Versions/A/Resources/libPng.dylib
0x00007ff81362d000 	/System/Library/Frameworks/ImageIO.framework/Versions/A/Resources/libTIFF.dylib
0x00007ff81371b000 	/System/Library/Frameworks/ImageIO.framework/Versions/A/Resources/libGIF.dylib
0x00007ff812f47000 	/System/Library/Frameworks/ImageIO.framework/Versions/A/Resources/libJP2.dylib
0x00007ff812685000 	/usr/lib/libexpat.1.dylib
0x00007ff812efc000 	/System/Library/PrivateFrameworks/AppleJPEG.framework/Versions/A/AppleJPEG
0x00007ff80f85f000 	/System/Library/PrivateFrameworks/FontServices.framework/libFontParser.dylib
0x00007ff80d37c000 	/System/Library/PrivateFrameworks/RunningBoardServices.framework/Versions/A/RunningBoardServices
0x00007ff81e067000 	/System/Library/PrivateFrameworks/IOSurfaceAccelerator.framework/Versions/A/IOSurfaceAccelerator
0x00007ff813029000 	/System/Library/PrivateFrameworks/WatchdogClient.framework/Versions/A/WatchdogClient
0x00007ff807fe2000 	/System/Library/Frameworks/CoreDisplay.framework/Versions/A/CoreDisplay
0x00007ff80f75d000 	/System/Library/Frameworks/CoreMedia.framework/Versions/A/CoreMedia
0x00007ff80f5f4000 	/System/Library/PrivateFrameworks/IOAccelerator.framework/Versions/A/IOAccelerator
0x00007ff80e4fb000 	/System/Library/Frameworks/CoreVideo.framework/Versions/A/CoreVideo
0x00007ff811cdb000 	/System/Library/Frameworks/MetalPerformanceShaders.framework/Versions/A/MetalPerformanceShaders
0x00007ff813066000 	/System/Library/Frameworks/VideoToolbox.framework/Versions/A/VideoToolbox
0x00007ff80d2c6000 	/System/Library/PrivateFrameworks/BaseBoard.framework/Versions/A/BaseBoard
0x00007ff80d04d000 	/System/Library/PrivateFrameworks/ProtocolBuffer.framework/Versions/A/ProtocolBuffer
0x00007ff8136ab000 	/System/Library/PrivateFrameworks/GPUWrangler.framework/Versions/A/GPUWrangler
0x00007ff81368f000 	/System/Library/PrivateFrameworks/IOPresentment.framework/Versions/A/IOPresentment
0x00007ff8136b5000 	/System/Library/PrivateFrameworks/DSExternalDisplay.framework/Versions/A/DSExternalDisplay
0x00007ffa1ed10000 	/System/Library/Frameworks/OpenGL.framework/Versions/A/Libraries/libCoreFSCache.dylib
0x00007ffb0b9cc000 	/System/Library/PrivateFrameworks/GPUCompiler.framework/Versions/31001/Libraries/libGPUCompilerUtils.dylib
0x00007ff813720000 	/System/Library/PrivateFrameworks/CMCaptureCore.framework/Versions/A/CMCaptureCore
0x00007ff812c2d000 	/System/Library/PrivateFrameworks/AppServerSupport.framework/Versions/A/AppServerSupport
0x00007ff814eec000 	/System/Library/PrivateFrameworks/perfdata.framework/Versions/A/perfdata
0x00007ff80810e000 	/System/Library/PrivateFrameworks/AudioToolboxCore.framework/Versions/A/AudioToolboxCore
0x00007ff80f73b000 	/System/Library/PrivateFrameworks/caulk.framework/Versions/A/caulk
0x00007ff8147fe000 	/usr/lib/libAudioStatistics.dylib
0x00007ff90bfa6000 	/System/Library/PrivateFrameworks/SystemPolicy.framework/Versions/A/SystemPolicy
0x00007ff814a59000 	/usr/lib/libSMC.dylib
0x00007ff81d962000 	/System/Library/Frameworks/CoreMIDI.framework/Versions/A/CoreMIDI
0x00007ff8135db000 	/usr/lib/libAudioToolboxUtility.dylib
0x00007ff908249000 	/System/Library/PrivateFrameworks/OSAServicesClient.framework/Versions/A/OSAServicesClient
0x00007ff814ef9000 	/usr/lib/libperfcheck.dylib
0x00007ff90ca50000 	/usr/lib/libmis.dylib
0x00007ffa1ed6b000 	/System/Library/Frameworks/OpenGL.framework/Versions/A/Libraries/libGLU.dylib
0x00007ffa1ed2f000 	/System/Library/Frameworks/OpenGL.framework/Versions/A/Libraries/libGFXShared.dylib
0x00007ffa1ef38000 	/System/Library/Frameworks/OpenGL.framework/Versions/A/Libraries/libGL.dylib
0x00007ffa1ed38000 	/System/Library/Frameworks/OpenGL.framework/Versions/A/Libraries/libGLImage.dylib
0x00007ffa1ed2c000 	/System/Library/Frameworks/OpenGL.framework/Versions/A/Libraries/libCVMSPluginSupport.dylib
0x00007ffa1ed17000 	/System/Library/Frameworks/OpenGL.framework/Versions/A/Libraries/libCoreVMClient.dylib
0x00007ff8102a7000 	/System/Library/Frameworks/MetalPerformanceShaders.framework/Versions/A/Frameworks/MPSCore.framework/Versions/A/MPSCore
0x00007ff811673000 	/System/Library/Frameworks/MetalPerformanceShaders.framework/Versions/A/Frameworks/MPSImage.framework/Versions/A/MPSImage
0x00007ff811116000 	/System/Library/Frameworks/MetalPerformanceShaders.framework/Versions/A/Frameworks/MPSNeuralNetwork.framework/Versions/A/MPSNeuralNetwork
0x00007ff81158a000 	/System/Library/Frameworks/MetalPerformanceShaders.framework/Versions/A/Frameworks/MPSMatrix.framework/Versions/A/MPSMatrix
0x00007ff811345000 	/System/Library/Frameworks/MetalPerformanceShaders.framework/Versions/A/Frameworks/MPSRayIntersector.framework/Versions/A/MPSRayIntersector
0x00007ff8115c2000 	/System/Library/Frameworks/MetalPerformanceShaders.framework/Versions/A/Frameworks/MPSNDArray.framework/Versions/A/MPSNDArray
0x00007ffa23c98000 	/System/Library/Frameworks/MetalPerformanceShaders.framework/Versions/A/Frameworks/MPSFunctions.framework/Versions/A/MPSFunctions
0x00007ff80741f000 	/System/Library/PrivateFrameworks/MetalTools.framework/Versions/A/MetalTools
0x00007ff810323000 	/System/Library/PrivateFrameworks/AggregateDictionary.framework/Versions/A/AggregateDictionary
0x00007ff812467000 	/usr/lib/libIOReport.dylib
0x00007ffa20347000 	/System/Library/Frameworks/OpenCL.framework/Versions/A/OpenCL
0x00007ff8127cb000 	/System/Library/PrivateFrameworks/FaceCore.framework/Versions/A/FaceCore
0x00007ff8127bc000 	/System/Library/PrivateFrameworks/GraphVisualizer.framework/Versions/A/GraphVisualizer
0x00007ffb0b8d7000 	/System/Library/PrivateFrameworks/FontServices.framework/Versions/A/FontServices
0x00007ff812be5000 	/System/Library/PrivateFrameworks/OTSVG.framework/Versions/A/OTSVG
0x00007ff80e0e2000 	/System/Library/Frameworks/ApplicationServices.framework/Versions/A/Frameworks/ATS.framework/Versions/A/Resources/libFontRegistry.dylib
0x00007ff812c35000 	/System/Library/PrivateFrameworks/FontServices.framework/libhvf.dylib
0x00007ffb0b8d8000 	/System/Library/PrivateFrameworks/FontServices.framework/libXTFontStaticRegistryData.dylib
0x00007ff812635000 	/System/Library/PrivateFrameworks/AppleVA.framework/Versions/A/AppleVA
0x00007ff81481e000 	/System/Library/Frameworks/ApplicationServices.framework/Versions/A/Frameworks/ATS.framework/Versions/A/ATS
0x00007ff80c794000 	/System/Library/Frameworks/ApplicationServices.framework/Versions/A/Frameworks/HIServices.framework/Versions/A/HIServices
0x00007ff81372a000 	/System/Library/Frameworks/ApplicationServices.framework/Versions/A/Frameworks/PrintCore.framework/Versions/A/PrintCore
0x00007ff814bac000 	/System/Library/Frameworks/ApplicationServices.framework/Versions/A/Frameworks/QD.framework/Versions/A/QD
0x00007ff814ba4000 	/System/Library/Frameworks/ApplicationServices.framework/Versions/A/Frameworks/ColorSyncLegacy.framework/Versions/A/ColorSyncLegacy
0x00007ff81480e000 	/System/Library/Frameworks/ApplicationServices.framework/Versions/A/Frameworks/SpeechSynthesis.framework/Versions/A/SpeechSynthesis
0x00007ff8136eb000 	/System/Library/Frameworks/ApplicationServices.framework/Versions/A/Frameworks/ATSUI.framework/Versions/A/ATSUI
0x00007ff814b39000 	/usr/lib/libcups.2.dylib
0x00007ff814f08000 	/System/Library/Frameworks/Kerberos.framework/Versions/A/Kerberos
0x00007ff814f17000 	/System/Library/Frameworks/GSS.framework/Versions/A/GSS
0x00007ff81488a000 	/usr/lib/libresolv.9.dylib
0x00007ff812c44000 	/System/Library/PrivateFrameworks/Heimdal.framework/Versions/A/Heimdal
0x00007ff81bae4000 	/System/Library/Frameworks/Kerberos.framework/Versions/A/Libraries/libHeimdalProxy.dylib
0x00007ff80d44f000 	/System/Library/Frameworks/Network.framework/Versions/A/Network
0x00007ff81269f000 	/usr/lib/libheimdal-asn1.dylib
0x00007ff814f62000 	/System/Library/PrivateFrameworks/CommonAuth.framework/Versions/A/CommonAuth
0x00007ff814790000 	/System/Library/PrivateFrameworks/AudioSession.framework/Versions/A/AudioSession
0x00007ff81272f000 	/System/Library/PrivateFrameworks/MediaExperience.framework/Versions/A/MediaExperience
0x00007ff814623000 	/System/Library/PrivateFrameworks/AudioSession.framework/libSessionUtility.dylib
0x00007ff814bb8000 	/System/Library/PrivateFrameworks/AudioResourceArbitration.framework/Versions/A/AudioResourceArbitration
0x00007ff818c2b000 	/System/Library/PrivateFrameworks/PowerLog.framework/Versions/A/PowerLog
0x00007ff8126a8000 	/System/Library/PrivateFrameworks/IconFoundation.framework/Versions/A/IconFoundation
0x00007ff8179e1000 	/System/Library/PrivateFrameworks/SpeechRecognitionCore.framework/Versions/A/SpeechRecognitionCore
0x00000001044d9000 	/Library/Java/JavaVirtualMachines/jdk-17.0.2.jdk/Contents/Home/lib/server/libjvm.dylib
0x00000001034df000 	/Library/Java/JavaVirtualMachines/jdk-17.0.2.jdk/Contents/Home/lib/libjimage.dylib
0x000000010355d000 	/Library/Java/JavaVirtualMachines/jdk-17.0.2.jdk/Contents/Home/lib/libjava.dylib
0x00000001043c3000 	/Library/Java/JavaVirtualMachines/jdk-17.0.2.jdk/Contents/Home/lib/libnio.dylib
0x00000001043fd000 	/Library/Java/JavaVirtualMachines/jdk-17.0.2.jdk/Contents/Home/lib/libnet.dylib
0x00000001043df000 	/Library/Java/JavaVirtualMachines/jdk-17.0.2.jdk/Contents/Home/lib/libzip.dylib
0x000000010441d000 	/Users/felix/.openjfx/cache/17.0.1/libprism_es2.dylib
0x00007ff80959e000 	/System/Library/PrivateFrameworks/CoreServicesInternal.framework/Versions/A/CoreServicesInternal
0x00007ffa1ef43000 	/System/Library/Frameworks/OpenGL.framework/Versions/A/Resources/GLEngine.bundle/GLEngine
0x00007ffa1eda9000 	/System/Library/Frameworks/OpenGL.framework/Versions/A/Libraries/libGLProgrammability.dylib
0x00007ffa17717000 	/System/Library/Extensions/AppleIntelBDWGraphicsGLDriver.bundle/Contents/MacOS/AppleIntelBDWGraphicsGLDriver
0x00007ff916b8a000 	/System/Library/PrivateFrameworks/GPUSupport.framework/Versions/A/Libraries/libGPUSupportMercury.dylib
0x00007ffa1f0cd000 	/System/Library/Frameworks/OpenGL.framework/Versions/A/Resources/GLRendererFloat.bundle/GLRendererFloat
0x000000010a986000 	/Users/felix/.openjfx/cache/17.0.1/libglass.dylib
0x00007ff81921c000 	/System/Library/Frameworks/FileProvider.framework/Versions/A/FileProvider
0x00007ff80d233000 	/System/Library/Frameworks/Accounts.framework/Versions/A/Accounts
0x00007ff819395000 	/System/Library/PrivateFrameworks/GenerationalStorage.framework/Versions/A/GenerationalStorage
0x00007ff819ea8000 	/System/Library/PrivateFrameworks/CoreSymbolication.framework/Versions/A/CoreSymbolication
0x00007ff818c20000 	/System/Library/PrivateFrameworks/SymptomDiagnosticReporter.framework/Versions/A/SymptomDiagnosticReporter
0x00007ff80a85c000 	/System/Library/PrivateFrameworks/DesktopServicesPriv.framework/Versions/A/DesktopServicesPriv
0x00007ff8096dd000 	/usr/lib/libsandbox.1.dylib
0x00007ff80e57a000 	/System/Library/PrivateFrameworks/UserManagement.framework/Versions/A/UserManagement
0x00007ff819e6d000 	/System/Library/PrivateFrameworks/DebugSymbols.framework/Versions/A/DebugSymbols
0x00007ff814b99000 	/System/Library/PrivateFrameworks/NetAuth.framework/Versions/A/NetAuth
0x00007ff815aa6000 	/System/Library/PrivateFrameworks/Sharing.framework/Versions/A/Sharing
0x00007ff80e54d000 	/System/Library/PrivateFrameworks/login.framework/Versions/A/Frameworks/loginsupport.framework/Versions/A/loginsupport
0x00007ff81b00b000 	/System/Library/PrivateFrameworks/Apple80211.framework/Versions/A/Apple80211
0x00007ff811758000 	/System/Library/PrivateFrameworks/AuthKit.framework/Versions/A/AuthKit
0x00007ff810da3000 	/System/Library/PrivateFrameworks/CoreUtils.framework/Versions/A/CoreUtils
0x00007ff810cca000 	/System/Library/Frameworks/CoreWLAN.framework/Versions/A/CoreWLAN
0x00007ff815c05000 	/System/Library/Frameworks/IOBluetooth.framework/Versions/A/IOBluetooth
0x00007ff81b073000 	/System/Library/PrivateFrameworks/CoreWiFi.framework/Versions/A/CoreWiFi
0x00007ff819a3f000 	/System/Library/PrivateFrameworks/FrontBoardServices.framework/Versions/A/FrontBoardServices
0x00007ff819ad0000 	/System/Library/PrivateFrameworks/BoardServices.framework/Versions/A/BoardServices
0x00007ff810fb9000 	/System/Library/PrivateFrameworks/AssertionServices.framework/Versions/A/AssertionServices
0x00007ff81b1f6000 	/System/Library/PrivateFrameworks/BackBoardServices.framework/Versions/A/BackBoardServices
0x00007ff814ff3000 	/System/Library/PrivateFrameworks/CorePhoneNumbers.framework/Versions/A/CorePhoneNumbers
0x00007ff818d3d000 	/System/Library/PrivateFrameworks/DiskManagement.framework/Versions/A/DiskManagement
0x00007ff818c51000 	/System/Library/PrivateFrameworks/AppleIDAuthSupport.framework/Versions/A/AppleIDAuthSupport
0x00007ffa26259000 	/System/Library/PrivateFrameworks/AAAFoundation.framework/Versions/A/AAAFoundation
0x00007ff814fd4000 	/System/Library/PrivateFrameworks/KeychainCircle.framework/Versions/A/KeychainCircle
0x00007ff818d09000 	/System/Library/PrivateFrameworks/MediaKit.framework/Versions/A/MediaKit
0x00007ff818c5d000 	/System/Library/Frameworks/DiscRecording.framework/Versions/A/DiscRecording
0x00007ff8125ad000 	/usr/lib/libCoreStorage.dylib
0x00007ff81b4e4000 	/usr/lib/libcsfde.dylib
0x00007ff815cd2000 	/System/Library/PrivateFrameworks/ProtectedCloudStorage.framework/Versions/A/ProtectedCloudStorage
0x00007ff81b4e0000 	/System/Library/PrivateFrameworks/EFILogin.framework/Versions/A/EFILogin
0x00007ff8193bb000 	/System/Library/PrivateFrameworks/OctagonTrust.framework/Versions/A/OctagonTrust
0x00007ffb0ab46000 	/System/Library/PrivateFrameworks/CoreUtilsExtras.framework/Versions/A/CoreUtilsExtras
0x00007ff818b84000 	/System/Library/Frameworks/CoreBluetooth.framework/Versions/A/CoreBluetooth
0x00007ff81bb69000 	/System/Library/Frameworks/AudioUnit.framework/Versions/A/AudioUnit
0x00007ff8125a5000 	/usr/lib/libMatch.1.dylib
0x00007ff911029000 	/System/Library/Frameworks/Accelerate.framework/Versions/A/Frameworks/vImage.framework/Versions/A/Libraries/libCGInterfaces.dylib
0x000000012631e000 	/usr/lib/libobjc-trampolines.dylib
0x00007ff91a679000 	/System/Library/PrivateFrameworks/AccessibilitySupport.framework/Versions/A/Frameworks/AccessibilityFoundation.framework/Versions/A/AccessibilityFoundation
0x00007ff812cfb000 	/System/Library/PrivateFrameworks/login.framework/Versions/A/login
0x00007ff80e272000 	/System/Library/PrivateFrameworks/ViewBridge.framework/Versions/A/ViewBridge
0x0000000129cc2000 	/Library/Java/JavaVirtualMachines/jdk-17.0.2.jdk/Contents/Home/lib/libawt.dylib
0x0000000129d82000 	/Library/Java/JavaVirtualMachines/jdk-17.0.2.jdk/Contents/Home/lib/libmlib_image.dylib
0x00007ffa23c01000 	/System/Library/Frameworks/JavaRuntimeSupport.framework/Versions/A/JavaRuntimeSupport
0x00007ff90bacb000 	/System/Library/Frameworks/Carbon.framework/Versions/A/Carbon
0x00007ff81f3f5000 	/System/Library/Frameworks/Carbon.framework/Versions/A/Frameworks/CommonPanels.framework/Versions/A/CommonPanels
0x00007ff81b4dc000 	/System/Library/Frameworks/Carbon.framework/Versions/A/Frameworks/Help.framework/Versions/A/Help
0x00007ff81f3f9000 	/System/Library/Frameworks/Carbon.framework/Versions/A/Frameworks/ImageCapture.framework/Versions/A/ImageCapture
0x00007ff81f3c9000 	/System/Library/Frameworks/Carbon.framework/Versions/A/Frameworks/OpenScripting.framework/Versions/A/OpenScripting
0x00007ff81f3f1000 	/System/Library/Frameworks/Carbon.framework/Versions/A/Frameworks/Ink.framework/Versions/A/Ink
0x00007ff90bac7000 	/System/Library/Frameworks/Carbon.framework/Versions/A/Frameworks/Print.framework/Versions/A/Print
0x00007ff81f3ed000 	/System/Library/Frameworks/Carbon.framework/Versions/A/Frameworks/SecurityHI.framework/Versions/A/SecurityHI
0x0000000129f4e000 	/Library/Java/JavaVirtualMachines/jdk-17.0.2.jdk/Contents/Home/lib/libawt_lwawt.dylib
0x0000000129c48000 	/Library/Java/JavaVirtualMachines/jdk-17.0.2.jdk/Contents/Home/lib/libosxapp.dylib
0x00007ff90aeb5000 	/System/Library/Frameworks/ExceptionHandling.framework/Versions/A/ExceptionHandling
0x000000012a210000 	/Library/Java/JavaVirtualMachines/jdk-17.0.2.jdk/Contents/Home/lib/libfontmanager.dylib
0x000000012a082000 	/Library/Java/JavaVirtualMachines/jdk-17.0.2.jdk/Contents/Home/lib/libfreetype.dylib
0x000000012b160000 	/Library/Java/JavaVirtualMachines/jdk-17.0.2.jdk/Contents/Home/lib/libosxui.dylib
0x00007ffb1e332000 	/usr/lib/libRosetta.dylib
0x0000000159348000 	/Users/felix/.openjfx/cache/17.0.1/libjavafx_font.dylib


VM Arguments:
jvm_args: -XX:+ShowCodeDetailsInExceptionMessages --module-path=/Users/felix/Hauptordner/Universität/A1S2/1PP/Project/course-project-by-lucas-felix/target/classes:/Users/felix/.m2/repository/org/openjfx/javafx-controls/17.0.1/javafx-controls-17.0.1-mac.jar:/Users/felix/.m2/repository/org/openjfx/javafx-graphics/17.0.1/javafx-graphics-17.0.1-mac.jar:/Users/felix/.m2/repository/org/openjfx/javafx-base/17.0.1/javafx-base-17.0.1-mac.jar:/Users/felix/.m2/repository/org/openjfx/javafx-fxml/17.0.1/javafx-fxml-17.0.1-mac.jar -Djdk.module.main=projectgrouplf 
java_command: projectgrouplf/projectgrouplf.Launcher
java_class_path (initial): /Users/felix/.m2/repository/org/apache/commons/commons-lang3/3.10/commons-lang3-3.10.jar:/Users/felix/.m2/repository/org/openjfx/javafx-controls/17.0.1/javafx-controls-17.0.1.jar:/Users/felix/.m2/repository/org/openjfx/javafx-graphics/17.0.1/javafx-graphics-17.0.1.jar:/Users/felix/.m2/repository/org/openjfx/javafx-base/17.0.1/javafx-base-17.0.1.jar:/Users/felix/.m2/repository/org/openjfx/javafx-fxml/17.0.1/javafx-fxml-17.0.1.jar
Launcher Type: SUN_STANDARD

[Global flags]
     intx CICompilerCount                          = 3                                         {product} {ergonomic}
     uint ConcGCThreads                            = 1                                         {product} {ergonomic}
     uint G1ConcRefinementThreads                  = 4                                         {product} {ergonomic}
   size_t G1HeapRegionSize                         = 1048576                                   {product} {ergonomic}
    uintx GCDrainStackTargetSize                   = 64                                        {product} {ergonomic}
   size_t InitialHeapSize                          = 134217728                                 {product} {ergonomic}
   size_t MarkStackSize                            = 4194304                                   {product} {ergonomic}
   size_t MaxHeapSize                              = 2147483648                                {product} {ergonomic}
   size_t MaxNewSize                               = 1287651328                                {product} {ergonomic}
   size_t MinHeapDeltaBytes                        = 1048576                                   {product} {ergonomic}
   size_t MinHeapSize                              = 8388608                                   {product} {ergonomic}
    uintx NonNMethodCodeHeapSize                   = 5832780                                {pd product} {ergonomic}
    uintx NonProfiledCodeHeapSize                  = 122912730                              {pd product} {ergonomic}
    uintx ProfiledCodeHeapSize                     = 122912730                              {pd product} {ergonomic}
    uintx ReservedCodeCacheSize                    = 251658240                              {pd product} {ergonomic}
     bool SegmentedCodeCache                       = true                                      {product} {ergonomic}
     bool ShowCodeDetailsInExceptionMessages       = true                                   {manageable} {command line}
   size_t SoftMaxHeapSize                          = 2147483648                             {manageable} {ergonomic}
     bool UseCompressedClassPointers               = true                           {product lp64_product} {ergonomic}
     bool UseCompressedOops                        = true                           {product lp64_product} {ergonomic}
     bool UseG1GC                                  = true                                      {product} {ergonomic}
     bool UseNUMA                                  = false                                     {product} {ergonomic}
     bool UseNUMAInterleaving                      = false                                     {product} {ergonomic}

Logging:
Log output configuration:
 #0: stdout all=warning uptime,level,tags
 #1: stderr all=off uptime,level,tags

Environment Variables:
PATH=/usr/local/bin:/usr/bin:/bin:/usr/sbin:/sbin:/Library/Apple/usr/bin
SHELL=/bin/bash
LANG=de_DE.UTF-8

Signal Handlers:
   SIGSEGV: _ZL13crash_handleriP9__siginfoPv in libjvm.dylib, mask=11100110000111110111111111111111, flags=SA_RESTART|SA_SIGINFO
    SIGBUS: _ZL13crash_handleriP9__siginfoPv in libjvm.dylib, mask=11100110000111110111111111111111, flags=SA_RESTART|SA_SIGINFO
    SIGFPE: _ZL13crash_handleriP9__siginfoPv in libjvm.dylib, mask=11100110000111110111111111111111, flags=SA_RESTART|SA_SIGINFO
   SIGPIPE: _ZL17javaSignalHandleriP9__siginfoPv in libjvm.dylib, mask=11100110000111110111111111111111, flags=SA_RESTART|SA_SIGINFO
   SIGXFSZ: _ZL17javaSignalHandleriP9__siginfoPv in libjvm.dylib, mask=11100110000111110111111111111111, flags=SA_RESTART|SA_SIGINFO
    SIGILL: _ZL13crash_handleriP9__siginfoPv in libjvm.dylib, mask=11100110000111110111111111111111, flags=SA_RESTART|SA_SIGINFO
   SIGUSR2: _ZL10SR_handleriP9__siginfoP17__darwin_ucontext in libjvm.dylib, mask=00000000000000000000000000000000, flags=SA_RESTART|SA_SIGINFO
    SIGHUP: _ZL11UserHandleriPvS_ in libjvm.dylib, mask=11100110000111110111111111111111, flags=SA_RESTART|SA_SIGINFO
    SIGINT: _ZL11UserHandleriPvS_ in libjvm.dylib, mask=11100110000111110111111111111111, flags=SA_RESTART|SA_SIGINFO
   SIGTERM: _ZL11UserHandleriPvS_ in libjvm.dylib, mask=11100110000111110111111111111111, flags=SA_RESTART|SA_SIGINFO
   SIGQUIT: _ZL11UserHandleriPvS_ in libjvm.dylib, mask=11100110000111110111111111111111, flags=SA_RESTART|SA_SIGINFO
   SIGTRAP: _ZL13crash_handleriP9__siginfoPv in libjvm.dylib, mask=11100110000111110111111111111111, flags=SA_RESTART|SA_SIGINFO


---------------  S Y S T E M  ---------------

OS:
uname: Darwin 21.4.0 Darwin Kernel Version 21.4.0: Fri Mar 18 00:45:05 PDT 2022; root:xnu-8020.101.4~15/RELEASE_X86_64 x86_64
OS uptime: 1 days 20:40 hours
rlimit (soft/hard): STACK 8192k/65532k , CORE 0k/infinity , NPROC 1392/2088 , NOFILE 10240/infinity , AS infinity/infinity , CPU infinity/infinity , DATA infinity/infinity , FSIZE infinity/infinity , MEMLOCK infinity/infinity , RSS infinity/infinity
load average: 14,39 10,78 8,47

CPU: total 4 (initial active 4) (2 cores per cpu, 2 threads per core) family 6 model 61 stepping 4 microcode 0x2f, cx8, cmov, fxsr, ht, mmx, 3dnowpref, sse, sse2, sse3, ssse3, sse4.1, sse4.2, popcnt, lzcnt, tsc, tscinvbit, avx, avx2, aes, erms, clmul, bmi1, bmi2, adx, fma, vzeroupper, clflush

Memory: 4k page, physical 8388608k(42612k free), swap 1048576k(696064k free)

vm_info: Java HotSpot(TM) 64-Bit Server VM (17.0.2+8-LTS-86) for bsd-amd64 JRE (17.0.2+8-LTS-86), built on Dec  7 2021 21:56:25 by "mach5one" with clang Apple LLVM 12.0.0 (clang-1200.0.32.29)

END.
